2020-09-06 20:13:00,805 Results for SVR 1 [Kernel: rbf, Degree: 0, Gamma: auto, Coef: 0, C: 1] -> MAE:0.76 | ExpVar:0.41
2020-09-06 20:13:00,808 Results for SVR 2 [Kernel: rbf, Degree: 0, Gamma: auto, Coef: 5, C: 2] -> MAE:0.78 | ExpVar:0.33
2020-09-06 20:13:00,810 Results for SVR 3 [Kernel: rbf, Degree: 0, Gamma: auto, Coef: 10, C: 3] -> MAE:0.77 | ExpVar:0.35
2020-09-06 20:13:00,813 Results for SVR 4 [Kernel: rbf, Degree: 0, Gamma: auto, Coef: 15, C: 4] -> MAE:0.76 | ExpVar:0.38
2020-09-06 20:13:00,815 Results for SVR 5 [Kernel: rbf, Degree: 0, Gamma: auto, Coef: 20, C: 5] -> MAE:0.78 | ExpVar:0.39
2020-09-06 20:13:00,818 Results for SVR 6 [Kernel: poly, Degree: 1, Gamma: auto, Coef: 0, C: 1] -> MAE:0.99 | ExpVar:0.46
2020-09-06 20:13:00,821 Results for SVR 7 [Kernel: poly, Degree: 2, Gamma: auto, Coef: 5, C: 2] -> MAE:0.67 | ExpVar:0.49
2020-09-06 20:13:00,845 Results for SVR 8 [Kernel: poly, Degree: 3, Gamma: auto, Coef: 10, C: 3] -> MAE:1.06 | ExpVar:-1.06
2020-09-06 20:13:01,303 Results for SVR 9 [Kernel: poly, Degree: 4, Gamma: auto, Coef: 15, C: 4] -> MAE:3.56 | ExpVar:-49.56
2020-09-06 20:13:08,699 Results for SVR 10 [Kernel: poly, Degree: 5, Gamma: auto, Coef: 20, C: 5] -> MAE:24.58 | ExpVar:-1433.38
2020-09-06 20:13:08,702 Results for SVR 11 [Kernel: sigmoid, Degree: 0, Gamma: auto, Coef: 0, C: 1] -> MAE:0.97 | ExpVar:0.28
2020-09-06 20:13:08,704 Results for SVR 12 [Kernel: sigmoid, Degree: 0, Gamma: auto, Coef: 5, C: 2] -> MAE:0.79 | ExpVar:0.01
2020-09-06 20:13:08,706 Results for SVR 13 [Kernel: sigmoid, Degree: 0, Gamma: auto, Coef: 10, C: 3] -> MAE:0.8 | ExpVar:0.0
2020-09-06 20:13:08,708 Results for SVR 14 [Kernel: sigmoid, Degree: 0, Gamma: auto, Coef: 15, C: 4] -> MAE:0.8 | ExpVar:0.0
2020-09-06 20:13:08,709 Results for SVR 15 [Kernel: sigmoid, Degree: 0, Gamma: auto, Coef: 20, C: 5] -> MAE:0.8 | ExpVar:0.0
2020-09-06 20:13:08,710 Results for SVR 16 [Kernel: poly, Degree: 12, Gamma: auto, Coef: 0, C: 1] -> MAE:4.16 | ExpVar:-82.4
2020-09-06 20:13:08,710 Best Model:
2020-09-06 20:13:08,710 Kernel:poly
2020-09-06 20:13:08,711 Degree:2
2020-09-06 20:13:08,711 Gamma:auto
2020-09-06 20:13:08,711 Coef:5
2020-09-06 20:13:08,711 C:2
