2020-09-06 21:28:10,212 Results for NN 1 [Capas: 2 Neuronas: 64 Funcion: linear Optimizer: nadam, Dropout: 0] -> MAE: 0.71 | ExpVar: -0.54
2020-09-06 21:28:15,488 Results for NN 2 [Capas: 2 Neuronas: 64 Funcion: linear Optimizer: nadam, Dropout: 0.1] -> MAE: 0.8 | ExpVar: -1.81
2020-09-06 21:28:20,682 Results for NN 3 [Capas: 2 Neuronas: 64 Funcion: linear Optimizer: nadam, Dropout: 0.25] -> MAE: 0.65 | ExpVar: -0.61
2020-09-06 21:28:25,312 Results for NN 4 [Capas: 2 Neuronas: 64 Funcion: linear Optimizer: adadelta, Dropout: 0] -> MAE: 0.52 | ExpVar: 0.0
2020-09-06 21:28:30,044 Results for NN 5 [Capas: 2 Neuronas: 64 Funcion: linear Optimizer: adadelta, Dropout: 0.1] -> MAE: 0.53 | ExpVar: 0.03
2020-09-06 21:28:34,712 Results for NN 6 [Capas: 2 Neuronas: 64 Funcion: linear Optimizer: adadelta, Dropout: 0.25] -> MAE: 0.53 | ExpVar: -0.0
2020-09-06 21:28:39,822 Results for NN 7 [Capas: 2 Neuronas: 64 Funcion: relu Optimizer: nadam, Dropout: 0] -> MAE: 0.66 | ExpVar: 0.58
2020-09-06 21:28:45,003 Results for NN 8 [Capas: 2 Neuronas: 64 Funcion: relu Optimizer: nadam, Dropout: 0.1] -> MAE: 0.68 | ExpVar: -0.06
2020-09-06 21:28:50,216 Results for NN 9 [Capas: 2 Neuronas: 64 Funcion: relu Optimizer: nadam, Dropout: 0.25] -> MAE: 0.45 | ExpVar: 0.95
2020-09-06 21:28:54,782 Results for NN 10 [Capas: 2 Neuronas: 64 Funcion: relu Optimizer: adadelta, Dropout: 0] -> MAE: 0.52 | ExpVar: -0.0
2020-09-06 21:29:00,066 Results for NN 11 [Capas: 2 Neuronas: 64 Funcion: relu Optimizer: adadelta, Dropout: 0.1] -> MAE: 0.53 | ExpVar: 0.0
2020-09-06 21:29:05,063 Results for NN 12 [Capas: 2 Neuronas: 64 Funcion: relu Optimizer: adadelta, Dropout: 0.25] -> MAE: 0.52 | ExpVar: 0.01
2020-09-06 21:29:11,450 Results for NN 13 [Capas: 2 Neuronas: 128 Funcion: linear Optimizer: nadam, Dropout: 0] -> MAE: 0.61 | ExpVar: -0.15
2020-09-06 21:29:19,041 Results for NN 14 [Capas: 2 Neuronas: 128 Funcion: linear Optimizer: nadam, Dropout: 0.1] -> MAE: 0.78 | ExpVar: -1.63
2020-09-06 21:29:24,429 Results for NN 15 [Capas: 2 Neuronas: 128 Funcion: linear Optimizer: nadam, Dropout: 0.25] -> MAE: 0.83 | ExpVar: -2.26
2020-09-06 21:29:29,180 Results for NN 16 [Capas: 2 Neuronas: 128 Funcion: linear Optimizer: adadelta, Dropout: 0] -> MAE: 0.53 | ExpVar: 0.09
2020-09-06 21:29:34,049 Results for NN 17 [Capas: 2 Neuronas: 128 Funcion: linear Optimizer: adadelta, Dropout: 0.1] -> MAE: 0.52 | ExpVar: 0.02
2020-09-06 21:29:38,958 Results for NN 18 [Capas: 2 Neuronas: 128 Funcion: linear Optimizer: adadelta, Dropout: 0.25] -> MAE: 0.53 | ExpVar: 0.09
2020-09-06 21:29:44,253 Results for NN 19 [Capas: 2 Neuronas: 128 Funcion: relu Optimizer: nadam, Dropout: 0] -> MAE: 0.64 | ExpVar: 0.33
2020-09-06 21:29:49,601 Results for NN 20 [Capas: 2 Neuronas: 128 Funcion: relu Optimizer: nadam, Dropout: 0.1] -> MAE: 0.52 | ExpVar: 0.0
2020-09-06 21:29:55,004 Results for NN 21 [Capas: 2 Neuronas: 128 Funcion: relu Optimizer: nadam, Dropout: 0.25] -> MAE: 0.62 | ExpVar: 0.25
2020-09-06 21:29:59,816 Results for NN 22 [Capas: 2 Neuronas: 128 Funcion: relu Optimizer: adadelta, Dropout: 0] -> MAE: 0.53 | ExpVar: 0.08
2020-09-06 21:30:04,729 Results for NN 23 [Capas: 2 Neuronas: 128 Funcion: relu Optimizer: adadelta, Dropout: 0.1] -> MAE: 0.52 | ExpVar: -0.0
2020-09-06 21:30:09,727 Results for NN 24 [Capas: 2 Neuronas: 128 Funcion: relu Optimizer: adadelta, Dropout: 0.25] -> MAE: 0.54 | ExpVar: 0.01
2020-09-06 21:30:16,328 Results for NN 25 [Capas: 6 Neuronas: 64 Funcion: linear Optimizer: nadam, Dropout: 0] -> MAE: 0.52 | ExpVar: 0.0
2020-09-06 21:30:23,480 Results for NN 26 [Capas: 6 Neuronas: 64 Funcion: linear Optimizer: nadam, Dropout: 0.1] -> MAE: 0.52 | ExpVar: 0.0
2020-09-06 21:30:29,810 Results for NN 27 [Capas: 6 Neuronas: 64 Funcion: linear Optimizer: nadam, Dropout: 0.25] -> MAE: 0.52 | ExpVar: 0.0
2020-09-06 21:30:35,347 Results for NN 28 [Capas: 6 Neuronas: 64 Funcion: linear Optimizer: adadelta, Dropout: 0] -> MAE: 0.52 | ExpVar: -0.0
2020-09-06 21:30:40,708 Results for NN 29 [Capas: 6 Neuronas: 64 Funcion: linear Optimizer: adadelta, Dropout: 0.1] -> MAE: 0.52 | ExpVar: 0.0
2020-09-06 21:30:45,865 Results for NN 30 [Capas: 6 Neuronas: 64 Funcion: linear Optimizer: adadelta, Dropout: 0.25] -> MAE: 0.52 | ExpVar: 0.0
2020-09-06 21:30:51,449 Results for NN 31 [Capas: 6 Neuronas: 64 Funcion: relu Optimizer: nadam, Dropout: 0] -> MAE: 0.52 | ExpVar: 0.0
2020-09-06 21:30:58,703 Results for NN 32 [Capas: 6 Neuronas: 64 Funcion: relu Optimizer: nadam, Dropout: 0.1] -> MAE: 0.52 | ExpVar: 0.0
2020-09-06 21:31:04,728 Results for NN 33 [Capas: 6 Neuronas: 64 Funcion: relu Optimizer: nadam, Dropout: 0.25] -> MAE: 0.52 | ExpVar: 0.0
2020-09-06 21:31:09,588 Results for NN 34 [Capas: 6 Neuronas: 64 Funcion: relu Optimizer: adadelta, Dropout: 0] -> MAE: 0.52 | ExpVar: -0.0
2020-09-06 21:31:14,724 Results for NN 35 [Capas: 6 Neuronas: 64 Funcion: relu Optimizer: adadelta, Dropout: 0.1] -> MAE: 0.52 | ExpVar: 0.0
2020-09-06 21:31:19,831 Results for NN 36 [Capas: 6 Neuronas: 64 Funcion: relu Optimizer: adadelta, Dropout: 0.25] -> MAE: 0.52 | ExpVar: 0.0
2020-09-06 21:31:25,853 Results for NN 37 [Capas: 6 Neuronas: 128 Funcion: linear Optimizer: nadam, Dropout: 0] -> MAE: 0.55 | ExpVar: 0.67
2020-09-06 21:31:32,288 Results for NN 38 [Capas: 6 Neuronas: 128 Funcion: linear Optimizer: nadam, Dropout: 0.1] -> MAE: 0.64 | ExpVar: -0.5
2020-09-06 21:31:38,783 Results for NN 39 [Capas: 6 Neuronas: 128 Funcion: linear Optimizer: nadam, Dropout: 0.25] -> MAE: 0.62 | ExpVar: -0.26
2020-09-06 21:31:43,970 Results for NN 40 [Capas: 6 Neuronas: 128 Funcion: linear Optimizer: adadelta, Dropout: 0] -> MAE: 0.52 | ExpVar: -0.0
2020-09-06 21:31:49,632 Results for NN 41 [Capas: 6 Neuronas: 128 Funcion: linear Optimizer: adadelta, Dropout: 0.1] -> MAE: 0.52 | ExpVar: -0.0
2020-09-06 21:31:55,283 Results for NN 42 [Capas: 6 Neuronas: 128 Funcion: linear Optimizer: adadelta, Dropout: 0.25] -> MAE: 0.52 | ExpVar: 0.01
2020-09-06 21:32:01,349 Results for NN 43 [Capas: 6 Neuronas: 128 Funcion: relu Optimizer: nadam, Dropout: 0] -> MAE: 0.52 | ExpVar: 0.0
2020-09-06 21:32:09,362 Results for NN 44 [Capas: 6 Neuronas: 128 Funcion: relu Optimizer: nadam, Dropout: 0.1] -> MAE: 0.52 | ExpVar: 0.0
2020-09-06 21:32:16,021 Results for NN 45 [Capas: 6 Neuronas: 128 Funcion: relu Optimizer: nadam, Dropout: 0.25] -> MAE: 0.52 | ExpVar: 0.0
2020-09-06 21:32:21,344 Results for NN 46 [Capas: 6 Neuronas: 128 Funcion: relu Optimizer: adadelta, Dropout: 0] -> MAE: 0.52 | ExpVar: 0.0
2020-09-06 21:32:27,288 Results for NN 47 [Capas: 6 Neuronas: 128 Funcion: relu Optimizer: adadelta, Dropout: 0.1] -> MAE: 0.52 | ExpVar: 0.0
2020-09-06 21:32:33,077 Results for NN 48 [Capas: 6 Neuronas: 128 Funcion: relu Optimizer: adadelta, Dropout: 0.25] -> MAE: 0.52 | ExpVar: 0.0
2020-09-06 21:32:33,078 Best Model:
2020-09-06 21:32:33,079 Layers:2
2020-09-06 21:32:33,079 Neurons per Layer:64
2020-09-06 21:32:33,080 Activation f(x):relu
2020-09-06 21:32:33,081 Optimizer:nadam
2020-09-06 21:32:33,081 Dropout:0.25
2020-09-06 21:32:40,796 Assets written to: C:\Users\Juani\OneDrive\Juani\Maestria\Tesis Clima\Modelos\G0\Modelo_G0_M08_Y2009-2019\NeuralNetwork\assets
