2020-09-06 20:13:42,999 Results for XGB 1 [Target: reg:linear, MaxDepth: 2, NEstimators: 100, Alpha: 0, Lambda: 0] -> MAE: 26.94 | ExpVar: 0.21
2020-09-06 20:13:43,134 Results for XGB 2 [Target: reg:linear, MaxDepth: 2, NEstimators: 100, Alpha: 0, Lambda: 0.1] -> MAE: 27.59 | ExpVar: 0.18
2020-09-06 20:13:43,268 Results for XGB 3 [Target: reg:linear, MaxDepth: 2, NEstimators: 100, Alpha: 0.1, Lambda: 0] -> MAE: 27.18 | ExpVar: 0.19
2020-09-06 20:13:43,417 Results for XGB 4 [Target: reg:linear, MaxDepth: 2, NEstimators: 100, Alpha: 0.1, Lambda: 0.1] -> MAE: 27.71 | ExpVar: 0.16
2020-09-06 20:13:43,733 Results for XGB 5 [Target: reg:linear, MaxDepth: 2, NEstimators: 250, Alpha: 0, Lambda: 0] -> MAE: 26.86 | ExpVar: 0.21
2020-09-06 20:13:44,095 Results for XGB 6 [Target: reg:linear, MaxDepth: 2, NEstimators: 250, Alpha: 0, Lambda: 0.1] -> MAE: 27.92 | ExpVar: 0.16
2020-09-06 20:13:44,695 Results for XGB 7 [Target: reg:linear, MaxDepth: 2, NEstimators: 250, Alpha: 0.1, Lambda: 0] -> MAE: 26.93 | ExpVar: 0.18
2020-09-06 20:13:44,936 Results for XGB 8 [Target: reg:linear, MaxDepth: 2, NEstimators: 250, Alpha: 0.1, Lambda: 0.1] -> MAE: 27.8 | ExpVar: 0.14
2020-09-06 20:13:45,515 Results for XGB 9 [Target: reg:linear, MaxDepth: 2, NEstimators: 500, Alpha: 0, Lambda: 0] -> MAE: 26.77 | ExpVar: 0.21
2020-09-06 20:13:46,192 Results for XGB 10 [Target: reg:linear, MaxDepth: 2, NEstimators: 500, Alpha: 0, Lambda: 0.1] -> MAE: 27.78 | ExpVar: 0.16
2020-09-06 20:13:46,663 Results for XGB 11 [Target: reg:linear, MaxDepth: 2, NEstimators: 500, Alpha: 0.1, Lambda: 0] -> MAE: 26.86 | ExpVar: 0.19
2020-09-06 20:13:47,139 Results for XGB 12 [Target: reg:linear, MaxDepth: 2, NEstimators: 500, Alpha: 0.1, Lambda: 0.1] -> MAE: 27.63 | ExpVar: 0.15
2020-09-06 20:13:48,120 Results for XGB 13 [Target: reg:linear, MaxDepth: 2, NEstimators: 1000, Alpha: 0, Lambda: 0] -> MAE: 26.76 | ExpVar: 0.22
2020-09-06 20:13:49,154 Results for XGB 14 [Target: reg:linear, MaxDepth: 2, NEstimators: 1000, Alpha: 0, Lambda: 0.1] -> MAE: 27.78 | ExpVar: 0.16
2020-09-06 20:13:49,949 Results for XGB 15 [Target: reg:linear, MaxDepth: 2, NEstimators: 1000, Alpha: 0.1, Lambda: 0] -> MAE: 26.86 | ExpVar: 0.19
2020-09-06 20:13:50,499 Results for XGB 16 [Target: reg:linear, MaxDepth: 2, NEstimators: 1000, Alpha: 0.1, Lambda: 0.1] -> MAE: 27.63 | ExpVar: 0.15
2020-09-06 20:13:50,507 Results for XGB 17 [Target: reg:linear, MaxDepth: 3, NEstimators: 100, Alpha: 0, Lambda: 0] -> MAE: 25.5 | ExpVar: 0.26
2020-09-06 20:13:50,520 Results for XGB 18 [Target: reg:linear, MaxDepth: 3, NEstimators: 100, Alpha: 0, Lambda: 0.1] -> MAE: 22.76 | ExpVar: 0.36
2020-09-06 20:13:50,533 Results for XGB 19 [Target: reg:linear, MaxDepth: 3, NEstimators: 100, Alpha: 0.1, Lambda: 0] -> MAE: 23.88 | ExpVar: 0.28
2020-09-06 20:13:50,542 Results for XGB 20 [Target: reg:linear, MaxDepth: 3, NEstimators: 100, Alpha: 0.1, Lambda: 0.1] -> MAE: 23.24 | ExpVar: 0.34
2020-09-06 20:13:50,562 Results for XGB 21 [Target: reg:linear, MaxDepth: 3, NEstimators: 250, Alpha: 0, Lambda: 0] -> MAE: 25.47 | ExpVar: 0.26
2020-09-06 20:13:50,591 Results for XGB 22 [Target: reg:linear, MaxDepth: 3, NEstimators: 250, Alpha: 0, Lambda: 0.1] -> MAE: 22.68 | ExpVar: 0.37
2020-09-06 20:13:50,613 Results for XGB 23 [Target: reg:linear, MaxDepth: 3, NEstimators: 250, Alpha: 0.1, Lambda: 0] -> MAE: 23.84 | ExpVar: 0.28
2020-09-06 20:13:50,642 Results for XGB 24 [Target: reg:linear, MaxDepth: 3, NEstimators: 250, Alpha: 0.1, Lambda: 0.1] -> MAE: 23.18 | ExpVar: 0.34
2020-09-06 20:13:50,681 Results for XGB 25 [Target: reg:linear, MaxDepth: 3, NEstimators: 500, Alpha: 0, Lambda: 0] -> MAE: 25.47 | ExpVar: 0.26
2020-09-06 20:13:50,723 Results for XGB 26 [Target: reg:linear, MaxDepth: 3, NEstimators: 500, Alpha: 0, Lambda: 0.1] -> MAE: 22.67 | ExpVar: 0.37
2020-09-06 20:13:50,750 Results for XGB 27 [Target: reg:linear, MaxDepth: 3, NEstimators: 500, Alpha: 0.1, Lambda: 0] -> MAE: 23.84 | ExpVar: 0.28
2020-09-06 20:13:50,788 Results for XGB 28 [Target: reg:linear, MaxDepth: 3, NEstimators: 500, Alpha: 0.1, Lambda: 0.1] -> MAE: 23.18 | ExpVar: 0.34
2020-09-06 20:13:50,848 Results for XGB 29 [Target: reg:linear, MaxDepth: 3, NEstimators: 1000, Alpha: 0, Lambda: 0] -> MAE: 25.47 | ExpVar: 0.26
2020-09-06 20:13:50,916 Results for XGB 30 [Target: reg:linear, MaxDepth: 3, NEstimators: 1000, Alpha: 0, Lambda: 0.1] -> MAE: 22.67 | ExpVar: 0.37
2020-09-06 20:13:51,001 Results for XGB 31 [Target: reg:linear, MaxDepth: 3, NEstimators: 1000, Alpha: 0.1, Lambda: 0] -> MAE: 23.84 | ExpVar: 0.28
2020-09-06 20:13:51,064 Results for XGB 32 [Target: reg:linear, MaxDepth: 3, NEstimators: 1000, Alpha: 0.1, Lambda: 0.1] -> MAE: 23.18 | ExpVar: 0.34
2020-09-06 20:13:51,079 Results for XGB 33 [Target: reg:linear, MaxDepth: 6, NEstimators: 100, Alpha: 0, Lambda: 0] -> MAE: 28.98 | ExpVar: 0.18
2020-09-06 20:13:51,095 Results for XGB 34 [Target: reg:linear, MaxDepth: 6, NEstimators: 100, Alpha: 0, Lambda: 0.1] -> MAE: 27.64 | ExpVar: 0.25
2020-09-06 20:13:51,111 Results for XGB 35 [Target: reg:linear, MaxDepth: 6, NEstimators: 100, Alpha: 0.1, Lambda: 0] -> MAE: 28.32 | ExpVar: 0.2
2020-09-06 20:13:51,125 Results for XGB 36 [Target: reg:linear, MaxDepth: 6, NEstimators: 100, Alpha: 0.1, Lambda: 0.1] -> MAE: 27.72 | ExpVar: 0.24
2020-09-06 20:13:51,145 Results for XGB 37 [Target: reg:linear, MaxDepth: 6, NEstimators: 250, Alpha: 0, Lambda: 0] -> MAE: 28.98 | ExpVar: 0.18
2020-09-06 20:13:51,166 Results for XGB 38 [Target: reg:linear, MaxDepth: 6, NEstimators: 250, Alpha: 0, Lambda: 0.1] -> MAE: 27.64 | ExpVar: 0.25
2020-09-06 20:13:51,183 Results for XGB 39 [Target: reg:linear, MaxDepth: 6, NEstimators: 250, Alpha: 0.1, Lambda: 0] -> MAE: 28.32 | ExpVar: 0.2
2020-09-06 20:13:51,209 Results for XGB 40 [Target: reg:linear, MaxDepth: 6, NEstimators: 250, Alpha: 0.1, Lambda: 0.1] -> MAE: 27.72 | ExpVar: 0.24
2020-09-06 20:13:51,251 Results for XGB 41 [Target: reg:linear, MaxDepth: 6, NEstimators: 500, Alpha: 0, Lambda: 0] -> MAE: 28.98 | ExpVar: 0.18
2020-09-06 20:13:51,283 Results for XGB 42 [Target: reg:linear, MaxDepth: 6, NEstimators: 500, Alpha: 0, Lambda: 0.1] -> MAE: 27.64 | ExpVar: 0.25
2020-09-06 20:13:51,326 Results for XGB 43 [Target: reg:linear, MaxDepth: 6, NEstimators: 500, Alpha: 0.1, Lambda: 0] -> MAE: 28.32 | ExpVar: 0.2
2020-09-06 20:13:51,356 Results for XGB 44 [Target: reg:linear, MaxDepth: 6, NEstimators: 500, Alpha: 0.1, Lambda: 0.1] -> MAE: 27.72 | ExpVar: 0.24
2020-09-06 20:13:51,409 Results for XGB 45 [Target: reg:linear, MaxDepth: 6, NEstimators: 1000, Alpha: 0, Lambda: 0] -> MAE: 28.98 | ExpVar: 0.18
2020-09-06 20:13:51,469 Results for XGB 46 [Target: reg:linear, MaxDepth: 6, NEstimators: 1000, Alpha: 0, Lambda: 0.1] -> MAE: 27.64 | ExpVar: 0.25
2020-09-06 20:13:51,534 Results for XGB 47 [Target: reg:linear, MaxDepth: 6, NEstimators: 1000, Alpha: 0.1, Lambda: 0] -> MAE: 28.32 | ExpVar: 0.2
2020-09-06 20:13:51,589 Results for XGB 48 [Target: reg:linear, MaxDepth: 6, NEstimators: 1000, Alpha: 0.1, Lambda: 0.1] -> MAE: 27.72 | ExpVar: 0.24
2020-09-06 20:13:51,599 Results for XGB 49 [Target: reg:gamma, MaxDepth: 2, NEstimators: 100, Alpha: 0, Lambda: 0] -> MAE: 28.82 | ExpVar: 0.05
2020-09-06 20:13:51,606 Results for XGB 50 [Target: reg:gamma, MaxDepth: 2, NEstimators: 100, Alpha: 0, Lambda: 0.1] -> MAE: 28.71 | ExpVar: 0.05
2020-09-06 20:13:51,615 Results for XGB 51 [Target: reg:gamma, MaxDepth: 2, NEstimators: 100, Alpha: 0.1, Lambda: 0] -> MAE: 27.31 | ExpVar: 0.06
2020-09-06 20:13:51,620 Results for XGB 52 [Target: reg:gamma, MaxDepth: 2, NEstimators: 100, Alpha: 0.1, Lambda: 0.1] -> MAE: 27.65 | ExpVar: 0.03
2020-09-06 20:13:51,639 Results for XGB 53 [Target: reg:gamma, MaxDepth: 2, NEstimators: 250, Alpha: 0, Lambda: 0] -> MAE: 31.01 | ExpVar: -0.07
2020-09-06 20:13:51,661 Results for XGB 54 [Target: reg:gamma, MaxDepth: 2, NEstimators: 250, Alpha: 0, Lambda: 0.1] -> MAE: 28.8 | ExpVar: 0.03
2020-09-06 20:13:51,679 Results for XGB 55 [Target: reg:gamma, MaxDepth: 2, NEstimators: 250, Alpha: 0.1, Lambda: 0] -> MAE: 26.55 | ExpVar: 0.09
2020-09-06 20:13:51,700 Results for XGB 56 [Target: reg:gamma, MaxDepth: 2, NEstimators: 250, Alpha: 0.1, Lambda: 0.1] -> MAE: 26.87 | ExpVar: 0.07
2020-09-06 20:13:51,728 Results for XGB 57 [Target: reg:gamma, MaxDepth: 2, NEstimators: 500, Alpha: 0, Lambda: 0] -> MAE: 30.49 | ExpVar: -0.05
2020-09-06 20:13:51,761 Results for XGB 58 [Target: reg:gamma, MaxDepth: 2, NEstimators: 500, Alpha: 0, Lambda: 0.1] -> MAE: 28.66 | ExpVar: 0.03
2020-09-06 20:13:51,794 Results for XGB 59 [Target: reg:gamma, MaxDepth: 2, NEstimators: 500, Alpha: 0.1, Lambda: 0] -> MAE: 26.52 | ExpVar: 0.09
2020-09-06 20:13:51,831 Results for XGB 60 [Target: reg:gamma, MaxDepth: 2, NEstimators: 500, Alpha: 0.1, Lambda: 0.1] -> MAE: 26.81 | ExpVar: 0.07
2020-09-06 20:13:51,904 Results for XGB 61 [Target: reg:gamma, MaxDepth: 2, NEstimators: 1000, Alpha: 0, Lambda: 0] -> MAE: 30.48 | ExpVar: -0.05
2020-09-06 20:13:51,966 Results for XGB 62 [Target: reg:gamma, MaxDepth: 2, NEstimators: 1000, Alpha: 0, Lambda: 0.1] -> MAE: 28.64 | ExpVar: 0.04
2020-09-06 20:13:52,011 Results for XGB 63 [Target: reg:gamma, MaxDepth: 2, NEstimators: 1000, Alpha: 0.1, Lambda: 0] -> MAE: 26.52 | ExpVar: 0.09
2020-09-06 20:13:52,055 Results for XGB 64 [Target: reg:gamma, MaxDepth: 2, NEstimators: 1000, Alpha: 0.1, Lambda: 0.1] -> MAE: 26.81 | ExpVar: 0.07
2020-09-06 20:13:52,062 Results for XGB 65 [Target: reg:gamma, MaxDepth: 3, NEstimators: 100, Alpha: 0, Lambda: 0] -> MAE: 26.85 | ExpVar: 0.15
2020-09-06 20:13:52,075 Results for XGB 66 [Target: reg:gamma, MaxDepth: 3, NEstimators: 100, Alpha: 0, Lambda: 0.1] -> MAE: 25.56 | ExpVar: 0.2
2020-09-06 20:13:52,087 Results for XGB 67 [Target: reg:gamma, MaxDepth: 3, NEstimators: 100, Alpha: 0.1, Lambda: 0] -> MAE: 24.99 | ExpVar: 0.21
2020-09-06 20:13:52,099 Results for XGB 68 [Target: reg:gamma, MaxDepth: 3, NEstimators: 100, Alpha: 0.1, Lambda: 0.1] -> MAE: 25.82 | ExpVar: 0.1
2020-09-06 20:13:52,121 Results for XGB 69 [Target: reg:gamma, MaxDepth: 3, NEstimators: 250, Alpha: 0, Lambda: 0] -> MAE: 25.79 | ExpVar: 0.2
2020-09-06 20:13:52,137 Results for XGB 70 [Target: reg:gamma, MaxDepth: 3, NEstimators: 250, Alpha: 0, Lambda: 0.1] -> MAE: 25.44 | ExpVar: 0.22
2020-09-06 20:13:52,153 Results for XGB 71 [Target: reg:gamma, MaxDepth: 3, NEstimators: 250, Alpha: 0.1, Lambda: 0] -> MAE: 25.52 | ExpVar: 0.21
2020-09-06 20:13:52,168 Results for XGB 72 [Target: reg:gamma, MaxDepth: 3, NEstimators: 250, Alpha: 0.1, Lambda: 0.1] -> MAE: 26.18 | ExpVar: 0.11
2020-09-06 20:13:52,210 Results for XGB 73 [Target: reg:gamma, MaxDepth: 3, NEstimators: 500, Alpha: 0, Lambda: 0] -> MAE: 25.79 | ExpVar: 0.2
2020-09-06 20:13:52,243 Results for XGB 74 [Target: reg:gamma, MaxDepth: 3, NEstimators: 500, Alpha: 0, Lambda: 0.1] -> MAE: 25.43 | ExpVar: 0.23
2020-09-06 20:13:52,265 Results for XGB 75 [Target: reg:gamma, MaxDepth: 3, NEstimators: 500, Alpha: 0.1, Lambda: 0] -> MAE: 25.52 | ExpVar: 0.21
2020-09-06 20:13:52,292 Results for XGB 76 [Target: reg:gamma, MaxDepth: 3, NEstimators: 500, Alpha: 0.1, Lambda: 0.1] -> MAE: 26.18 | ExpVar: 0.11
2020-09-06 20:13:52,354 Results for XGB 77 [Target: reg:gamma, MaxDepth: 3, NEstimators: 1000, Alpha: 0, Lambda: 0] -> MAE: 25.79 | ExpVar: 0.2
2020-09-06 20:13:52,415 Results for XGB 78 [Target: reg:gamma, MaxDepth: 3, NEstimators: 1000, Alpha: 0, Lambda: 0.1] -> MAE: 25.43 | ExpVar: 0.23
2020-09-06 20:13:52,485 Results for XGB 79 [Target: reg:gamma, MaxDepth: 3, NEstimators: 1000, Alpha: 0.1, Lambda: 0] -> MAE: 25.52 | ExpVar: 0.21
2020-09-06 20:13:52,545 Results for XGB 80 [Target: reg:gamma, MaxDepth: 3, NEstimators: 1000, Alpha: 0.1, Lambda: 0.1] -> MAE: 26.18 | ExpVar: 0.11
2020-09-06 20:13:52,560 Results for XGB 81 [Target: reg:gamma, MaxDepth: 6, NEstimators: 100, Alpha: 0, Lambda: 0] -> MAE: 29.63 | ExpVar: 0.12
2020-09-06 20:13:52,573 Results for XGB 82 [Target: reg:gamma, MaxDepth: 6, NEstimators: 100, Alpha: 0, Lambda: 0.1] -> MAE: 24.46 | ExpVar: 0.32
2020-09-06 20:13:52,588 Results for XGB 83 [Target: reg:gamma, MaxDepth: 6, NEstimators: 100, Alpha: 0.1, Lambda: 0] -> MAE: 26.91 | ExpVar: 0.12
2020-09-06 20:13:52,597 Results for XGB 84 [Target: reg:gamma, MaxDepth: 6, NEstimators: 100, Alpha: 0.1, Lambda: 0.1] -> MAE: 26.39 | ExpVar: 0.12
2020-09-06 20:13:52,622 Results for XGB 85 [Target: reg:gamma, MaxDepth: 6, NEstimators: 250, Alpha: 0, Lambda: 0] -> MAE: 29.58 | ExpVar: 0.12
2020-09-06 20:13:52,644 Results for XGB 86 [Target: reg:gamma, MaxDepth: 6, NEstimators: 250, Alpha: 0, Lambda: 0.1] -> MAE: 24.94 | ExpVar: 0.3
2020-09-06 20:13:52,667 Results for XGB 87 [Target: reg:gamma, MaxDepth: 6, NEstimators: 250, Alpha: 0.1, Lambda: 0] -> MAE: 26.92 | ExpVar: 0.11
2020-09-06 20:13:52,687 Results for XGB 88 [Target: reg:gamma, MaxDepth: 6, NEstimators: 250, Alpha: 0.1, Lambda: 0.1] -> MAE: 26.65 | ExpVar: 0.11
2020-09-06 20:13:52,730 Results for XGB 89 [Target: reg:gamma, MaxDepth: 6, NEstimators: 500, Alpha: 0, Lambda: 0] -> MAE: 29.58 | ExpVar: 0.12
2020-09-06 20:13:52,765 Results for XGB 90 [Target: reg:gamma, MaxDepth: 6, NEstimators: 500, Alpha: 0, Lambda: 0.1] -> MAE: 24.94 | ExpVar: 0.3
2020-09-06 20:13:52,791 Results for XGB 91 [Target: reg:gamma, MaxDepth: 6, NEstimators: 500, Alpha: 0.1, Lambda: 0] -> MAE: 26.92 | ExpVar: 0.11
2020-09-06 20:13:52,823 Results for XGB 92 [Target: reg:gamma, MaxDepth: 6, NEstimators: 500, Alpha: 0.1, Lambda: 0.1] -> MAE: 26.65 | ExpVar: 0.11
2020-09-06 20:13:52,884 Results for XGB 93 [Target: reg:gamma, MaxDepth: 6, NEstimators: 1000, Alpha: 0, Lambda: 0] -> MAE: 29.58 | ExpVar: 0.12
2020-09-06 20:13:52,961 Results for XGB 94 [Target: reg:gamma, MaxDepth: 6, NEstimators: 1000, Alpha: 0, Lambda: 0.1] -> MAE: 24.94 | ExpVar: 0.3
2020-09-06 20:13:53,016 Results for XGB 95 [Target: reg:gamma, MaxDepth: 6, NEstimators: 1000, Alpha: 0.1, Lambda: 0] -> MAE: 26.92 | ExpVar: 0.11
2020-09-06 20:13:53,089 Results for XGB 96 [Target: reg:gamma, MaxDepth: 6, NEstimators: 1000, Alpha: 0.1, Lambda: 0.1] -> MAE: 26.65 | ExpVar: 0.11
2020-09-06 20:13:53,089 Best Model:
2020-09-06 20:13:53,089 Target:reg:linear
2020-09-06 20:13:53,089 MaxDepth:3
2020-09-06 20:13:53,090 NEstimators:500
2020-09-06 20:13:53,090 Alpha:0
2020-09-06 20:13:53,090 Gamma:0.1
