2020-09-07 00:50:54,554 Results for NN 1 [Capas: 2 Neuronas: 64 Funcion: linear Optimizer: nadam, Dropout: 0] -> MAE: 1.12 | ExpVar: -0.3
2020-09-07 00:50:59,402 Results for NN 2 [Capas: 2 Neuronas: 64 Funcion: linear Optimizer: nadam, Dropout: 0.1] -> MAE: 1.16 | ExpVar: -0.38
2020-09-07 00:51:04,250 Results for NN 3 [Capas: 2 Neuronas: 64 Funcion: linear Optimizer: nadam, Dropout: 0.25] -> MAE: 1.28 | ExpVar: -0.63
2020-09-07 00:51:08,495 Results for NN 4 [Capas: 2 Neuronas: 64 Funcion: linear Optimizer: adadelta, Dropout: 0] -> MAE: 1.0 | ExpVar: 0.01
2020-09-07 00:51:12,791 Results for NN 5 [Capas: 2 Neuronas: 64 Funcion: linear Optimizer: adadelta, Dropout: 0.1] -> MAE: 1.01 | ExpVar: -0.0
2020-09-07 00:51:17,769 Results for NN 6 [Capas: 2 Neuronas: 64 Funcion: linear Optimizer: adadelta, Dropout: 0.25] -> MAE: 1.01 | ExpVar: 0.0
2020-09-07 00:51:22,398 Results for NN 7 [Capas: 2 Neuronas: 64 Funcion: relu Optimizer: nadam, Dropout: 0] -> MAE: 1.05 | ExpVar: -0.03
2020-09-07 00:51:27,160 Results for NN 8 [Capas: 2 Neuronas: 64 Funcion: relu Optimizer: nadam, Dropout: 0.1] -> MAE: 1.03 | ExpVar: 0.02
2020-09-07 00:51:31,973 Results for NN 9 [Capas: 2 Neuronas: 64 Funcion: relu Optimizer: nadam, Dropout: 0.25] -> MAE: 1.03 | ExpVar: 0.03
2020-09-07 00:51:36,170 Results for NN 10 [Capas: 2 Neuronas: 64 Funcion: relu Optimizer: adadelta, Dropout: 0] -> MAE: 1.01 | ExpVar: 0.0
2020-09-07 00:51:40,462 Results for NN 11 [Capas: 2 Neuronas: 64 Funcion: relu Optimizer: adadelta, Dropout: 0.1] -> MAE: 1.0 | ExpVar: 0.01
2020-09-07 00:51:44,825 Results for NN 12 [Capas: 2 Neuronas: 64 Funcion: relu Optimizer: adadelta, Dropout: 0.25] -> MAE: 1.01 | ExpVar: 0.0
2020-09-07 00:51:49,654 Results for NN 13 [Capas: 2 Neuronas: 128 Funcion: linear Optimizer: nadam, Dropout: 0] -> MAE: 1.16 | ExpVar: -0.35
2020-09-07 00:51:54,619 Results for NN 14 [Capas: 2 Neuronas: 128 Funcion: linear Optimizer: nadam, Dropout: 0.1] -> MAE: 1.3 | ExpVar: -0.66
2020-09-07 00:51:59,526 Results for NN 15 [Capas: 2 Neuronas: 128 Funcion: linear Optimizer: nadam, Dropout: 0.25] -> MAE: 1.33 | ExpVar: -0.61
2020-09-07 00:52:03,917 Results for NN 16 [Capas: 2 Neuronas: 128 Funcion: linear Optimizer: adadelta, Dropout: 0] -> MAE: 1.01 | ExpVar: -0.0
2020-09-07 00:52:08,354 Results for NN 17 [Capas: 2 Neuronas: 128 Funcion: linear Optimizer: adadelta, Dropout: 0.1] -> MAE: 1.01 | ExpVar: -0.0
2020-09-07 00:52:12,751 Results for NN 18 [Capas: 2 Neuronas: 128 Funcion: linear Optimizer: adadelta, Dropout: 0.25] -> MAE: 1.0 | ExpVar: 0.01
2020-09-07 00:52:17,600 Results for NN 19 [Capas: 2 Neuronas: 128 Funcion: relu Optimizer: nadam, Dropout: 0] -> MAE: 1.06 | ExpVar: -0.05
2020-09-07 00:52:22,500 Results for NN 20 [Capas: 2 Neuronas: 128 Funcion: relu Optimizer: nadam, Dropout: 0.1] -> MAE: 1.01 | ExpVar: 0.0
2020-09-07 00:52:27,374 Results for NN 21 [Capas: 2 Neuronas: 128 Funcion: relu Optimizer: nadam, Dropout: 0.25] -> MAE: 1.09 | ExpVar: -0.12
2020-09-07 00:52:31,716 Results for NN 22 [Capas: 2 Neuronas: 128 Funcion: relu Optimizer: adadelta, Dropout: 0] -> MAE: 1.01 | ExpVar: 0.01
2020-09-07 00:52:36,128 Results for NN 23 [Capas: 2 Neuronas: 128 Funcion: relu Optimizer: adadelta, Dropout: 0.1] -> MAE: 0.99 | ExpVar: 0.03
2020-09-07 00:52:40,539 Results for NN 24 [Capas: 2 Neuronas: 128 Funcion: relu Optimizer: adadelta, Dropout: 0.25] -> MAE: 1.0 | ExpVar: 0.02
2020-09-07 00:52:46,898 Results for NN 25 [Capas: 6 Neuronas: 64 Funcion: linear Optimizer: nadam, Dropout: 0] -> MAE: 1.01 | ExpVar: 0.0
2020-09-07 00:52:53,662 Results for NN 26 [Capas: 6 Neuronas: 64 Funcion: linear Optimizer: nadam, Dropout: 0.1] -> MAE: 1.01 | ExpVar: 0.0
2020-09-07 00:53:00,576 Results for NN 27 [Capas: 6 Neuronas: 64 Funcion: linear Optimizer: nadam, Dropout: 0.25] -> MAE: 1.01 | ExpVar: 0.0
2020-09-07 00:53:05,573 Results for NN 28 [Capas: 6 Neuronas: 64 Funcion: linear Optimizer: adadelta, Dropout: 0] -> MAE: 1.01 | ExpVar: -0.0
2020-09-07 00:53:11,280 Results for NN 29 [Capas: 6 Neuronas: 64 Funcion: linear Optimizer: adadelta, Dropout: 0.1] -> MAE: 1.01 | ExpVar: 0.0
2020-09-07 00:53:16,929 Results for NN 30 [Capas: 6 Neuronas: 64 Funcion: linear Optimizer: adadelta, Dropout: 0.25] -> MAE: 1.01 | ExpVar: 0.0
2020-09-07 00:53:23,211 Results for NN 31 [Capas: 6 Neuronas: 64 Funcion: relu Optimizer: nadam, Dropout: 0] -> MAE: 1.01 | ExpVar: 0.0
2020-09-07 00:53:30,187 Results for NN 32 [Capas: 6 Neuronas: 64 Funcion: relu Optimizer: nadam, Dropout: 0.1] -> MAE: 1.01 | ExpVar: 0.0
2020-09-07 00:53:36,963 Results for NN 33 [Capas: 6 Neuronas: 64 Funcion: relu Optimizer: nadam, Dropout: 0.25] -> MAE: 1.01 | ExpVar: 0.0
2020-09-07 00:53:41,966 Results for NN 34 [Capas: 6 Neuronas: 64 Funcion: relu Optimizer: adadelta, Dropout: 0] -> MAE: 1.01 | ExpVar: -0.0
2020-09-07 00:53:47,655 Results for NN 35 [Capas: 6 Neuronas: 64 Funcion: relu Optimizer: adadelta, Dropout: 0.1] -> MAE: 1.01 | ExpVar: 0.0
2020-09-07 00:53:53,214 Results for NN 36 [Capas: 6 Neuronas: 64 Funcion: relu Optimizer: adadelta, Dropout: 0.25] -> MAE: 1.01 | ExpVar: 0.0
2020-09-07 00:56:39,116 Results for NN 37 [Capas: 6 Neuronas: 128 Funcion: linear Optimizer: nadam, Dropout: 0] -> MAE: 1.01 | ExpVar: 0.0
2020-09-07 00:56:54,344 Results for NN 38 [Capas: 6 Neuronas: 128 Funcion: linear Optimizer: nadam, Dropout: 0.1] -> MAE: 1.28 | ExpVar: -0.51
2020-09-07 00:57:06,532 Results for NN 39 [Capas: 6 Neuronas: 128 Funcion: linear Optimizer: nadam, Dropout: 0.25] -> MAE: 1.43 | ExpVar: -0.93
2020-09-07 00:57:14,411 Results for NN 40 [Capas: 6 Neuronas: 128 Funcion: linear Optimizer: adadelta, Dropout: 0] -> MAE: 1.01 | ExpVar: 0.0
2020-09-07 00:57:22,742 Results for NN 41 [Capas: 6 Neuronas: 128 Funcion: linear Optimizer: adadelta, Dropout: 0.1] -> MAE: 1.01 | ExpVar: 0.0
2020-09-07 00:57:31,012 Results for NN 42 [Capas: 6 Neuronas: 128 Funcion: linear Optimizer: adadelta, Dropout: 0.25] -> MAE: 1.01 | ExpVar: 0.0
2020-09-07 00:57:42,234 Results for NN 43 [Capas: 6 Neuronas: 128 Funcion: relu Optimizer: nadam, Dropout: 0] -> MAE: 1.01 | ExpVar: 0.0
2020-09-07 00:57:53,860 Results for NN 44 [Capas: 6 Neuronas: 128 Funcion: relu Optimizer: nadam, Dropout: 0.1] -> MAE: 1.01 | ExpVar: 0.0
2020-09-07 00:58:05,419 Results for NN 45 [Capas: 6 Neuronas: 128 Funcion: relu Optimizer: nadam, Dropout: 0.25] -> MAE: 1.01 | ExpVar: 0.0
2020-09-07 00:58:13,169 Results for NN 46 [Capas: 6 Neuronas: 128 Funcion: relu Optimizer: adadelta, Dropout: 0] -> MAE: 1.01 | ExpVar: -0.0
2020-09-07 00:58:21,576 Results for NN 47 [Capas: 6 Neuronas: 128 Funcion: relu Optimizer: adadelta, Dropout: 0.1] -> MAE: 1.01 | ExpVar: 0.0
2020-09-07 00:58:29,996 Results for NN 48 [Capas: 6 Neuronas: 128 Funcion: relu Optimizer: adadelta, Dropout: 0.25] -> MAE: 1.01 | ExpVar: 0.0
2020-09-07 00:58:29,997 Best Model:
2020-09-07 00:58:29,998 Layers:2
2020-09-07 00:58:29,999 Neurons per Layer:128
2020-09-07 00:58:29,999 Activation f(x):relu
2020-09-07 00:58:30,000 Optimizer:adadelta
2020-09-07 00:58:30,001 Dropout:0.1
2020-09-07 00:58:40,357 Assets written to: C:\Users\Juani\OneDrive\Juani\Maestria\Tesis Clima\Modelos\G3\Modelo_G3_M05_Y2009-2019\NeuralNetwork\assets
