2020-09-06 20:17:22,914 Results for XGB 1 [Target: reg:linear, MaxDepth: 2, NEstimators: 100, Alpha: 0, Lambda: 0] -> MAE: 24.76 | ExpVar: 0.21
2020-09-06 20:17:22,925 Results for XGB 2 [Target: reg:linear, MaxDepth: 2, NEstimators: 100, Alpha: 0, Lambda: 0.1] -> MAE: 27.64 | ExpVar: 0.08
2020-09-06 20:17:22,939 Results for XGB 3 [Target: reg:linear, MaxDepth: 2, NEstimators: 100, Alpha: 0.1, Lambda: 0] -> MAE: 24.63 | ExpVar: 0.23
2020-09-06 20:17:22,953 Results for XGB 4 [Target: reg:linear, MaxDepth: 2, NEstimators: 100, Alpha: 0.1, Lambda: 0.1] -> MAE: 27.82 | ExpVar: 0.08
2020-09-06 20:17:22,979 Results for XGB 5 [Target: reg:linear, MaxDepth: 2, NEstimators: 250, Alpha: 0, Lambda: 0] -> MAE: 24.87 | ExpVar: 0.2
2020-09-06 20:17:23,003 Results for XGB 6 [Target: reg:linear, MaxDepth: 2, NEstimators: 250, Alpha: 0, Lambda: 0.1] -> MAE: 27.61 | ExpVar: 0.08
2020-09-06 20:17:23,026 Results for XGB 7 [Target: reg:linear, MaxDepth: 2, NEstimators: 250, Alpha: 0.1, Lambda: 0] -> MAE: 24.6 | ExpVar: 0.22
2020-09-06 20:17:23,046 Results for XGB 8 [Target: reg:linear, MaxDepth: 2, NEstimators: 250, Alpha: 0.1, Lambda: 0.1] -> MAE: 27.98 | ExpVar: 0.07
2020-09-06 20:17:23,099 Results for XGB 9 [Target: reg:linear, MaxDepth: 2, NEstimators: 500, Alpha: 0, Lambda: 0] -> MAE: 24.87 | ExpVar: 0.2
2020-09-06 20:17:23,143 Results for XGB 10 [Target: reg:linear, MaxDepth: 2, NEstimators: 500, Alpha: 0, Lambda: 0.1] -> MAE: 27.62 | ExpVar: 0.08
2020-09-06 20:17:23,191 Results for XGB 11 [Target: reg:linear, MaxDepth: 2, NEstimators: 500, Alpha: 0.1, Lambda: 0] -> MAE: 24.61 | ExpVar: 0.22
2020-09-06 20:17:23,240 Results for XGB 12 [Target: reg:linear, MaxDepth: 2, NEstimators: 500, Alpha: 0.1, Lambda: 0.1] -> MAE: 27.98 | ExpVar: 0.07
2020-09-06 20:17:23,351 Results for XGB 13 [Target: reg:linear, MaxDepth: 2, NEstimators: 1000, Alpha: 0, Lambda: 0] -> MAE: 24.87 | ExpVar: 0.2
2020-09-06 20:17:23,430 Results for XGB 14 [Target: reg:linear, MaxDepth: 2, NEstimators: 1000, Alpha: 0, Lambda: 0.1] -> MAE: 27.62 | ExpVar: 0.08
2020-09-06 20:17:23,500 Results for XGB 15 [Target: reg:linear, MaxDepth: 2, NEstimators: 1000, Alpha: 0.1, Lambda: 0] -> MAE: 24.61 | ExpVar: 0.22
2020-09-06 20:17:23,553 Results for XGB 16 [Target: reg:linear, MaxDepth: 2, NEstimators: 1000, Alpha: 0.1, Lambda: 0.1] -> MAE: 27.98 | ExpVar: 0.07
2020-09-06 20:17:23,567 Results for XGB 17 [Target: reg:linear, MaxDepth: 3, NEstimators: 100, Alpha: 0, Lambda: 0] -> MAE: 28.74 | ExpVar: -0.03
2020-09-06 20:17:23,579 Results for XGB 18 [Target: reg:linear, MaxDepth: 3, NEstimators: 100, Alpha: 0, Lambda: 0.1] -> MAE: 29.07 | ExpVar: -0.03
2020-09-06 20:17:23,593 Results for XGB 19 [Target: reg:linear, MaxDepth: 3, NEstimators: 100, Alpha: 0.1, Lambda: 0] -> MAE: 28.26 | ExpVar: -0.01
2020-09-06 20:17:23,605 Results for XGB 20 [Target: reg:linear, MaxDepth: 3, NEstimators: 100, Alpha: 0.1, Lambda: 0.1] -> MAE: 28.04 | ExpVar: 0.02
2020-09-06 20:17:23,630 Results for XGB 21 [Target: reg:linear, MaxDepth: 3, NEstimators: 250, Alpha: 0, Lambda: 0] -> MAE: 28.72 | ExpVar: -0.03
2020-09-06 20:17:23,666 Results for XGB 22 [Target: reg:linear, MaxDepth: 3, NEstimators: 250, Alpha: 0, Lambda: 0.1] -> MAE: 29.09 | ExpVar: -0.03
2020-09-06 20:17:23,690 Results for XGB 23 [Target: reg:linear, MaxDepth: 3, NEstimators: 250, Alpha: 0.1, Lambda: 0] -> MAE: 28.27 | ExpVar: -0.01
2020-09-06 20:17:23,718 Results for XGB 24 [Target: reg:linear, MaxDepth: 3, NEstimators: 250, Alpha: 0.1, Lambda: 0.1] -> MAE: 28.07 | ExpVar: 0.02
2020-09-06 20:17:23,756 Results for XGB 25 [Target: reg:linear, MaxDepth: 3, NEstimators: 500, Alpha: 0, Lambda: 0] -> MAE: 28.72 | ExpVar: -0.03
2020-09-06 20:17:23,821 Results for XGB 26 [Target: reg:linear, MaxDepth: 3, NEstimators: 500, Alpha: 0, Lambda: 0.1] -> MAE: 29.09 | ExpVar: -0.03
2020-09-06 20:17:23,862 Results for XGB 27 [Target: reg:linear, MaxDepth: 3, NEstimators: 500, Alpha: 0.1, Lambda: 0] -> MAE: 28.27 | ExpVar: -0.01
2020-09-06 20:17:23,898 Results for XGB 28 [Target: reg:linear, MaxDepth: 3, NEstimators: 500, Alpha: 0.1, Lambda: 0.1] -> MAE: 28.07 | ExpVar: 0.02
2020-09-06 20:17:23,966 Results for XGB 29 [Target: reg:linear, MaxDepth: 3, NEstimators: 1000, Alpha: 0, Lambda: 0] -> MAE: 28.72 | ExpVar: -0.03
2020-09-06 20:17:24,026 Results for XGB 30 [Target: reg:linear, MaxDepth: 3, NEstimators: 1000, Alpha: 0, Lambda: 0.1] -> MAE: 29.09 | ExpVar: -0.03
2020-09-06 20:17:24,084 Results for XGB 31 [Target: reg:linear, MaxDepth: 3, NEstimators: 1000, Alpha: 0.1, Lambda: 0] -> MAE: 28.27 | ExpVar: -0.01
2020-09-06 20:17:24,146 Results for XGB 32 [Target: reg:linear, MaxDepth: 3, NEstimators: 1000, Alpha: 0.1, Lambda: 0.1] -> MAE: 28.07 | ExpVar: 0.02
2020-09-06 20:17:24,175 Results for XGB 33 [Target: reg:linear, MaxDepth: 6, NEstimators: 100, Alpha: 0, Lambda: 0] -> MAE: 40.88 | ExpVar: -1.24
2020-09-06 20:17:24,193 Results for XGB 34 [Target: reg:linear, MaxDepth: 6, NEstimators: 100, Alpha: 0, Lambda: 0.1] -> MAE: 31.86 | ExpVar: -0.38
2020-09-06 20:17:24,209 Results for XGB 35 [Target: reg:linear, MaxDepth: 6, NEstimators: 100, Alpha: 0.1, Lambda: 0] -> MAE: 38.82 | ExpVar: -1.02
2020-09-06 20:17:24,230 Results for XGB 36 [Target: reg:linear, MaxDepth: 6, NEstimators: 100, Alpha: 0.1, Lambda: 0.1] -> MAE: 30.6 | ExpVar: -0.2
2020-09-06 20:17:24,261 Results for XGB 37 [Target: reg:linear, MaxDepth: 6, NEstimators: 250, Alpha: 0, Lambda: 0] -> MAE: 40.88 | ExpVar: -1.24
2020-09-06 20:17:24,288 Results for XGB 38 [Target: reg:linear, MaxDepth: 6, NEstimators: 250, Alpha: 0, Lambda: 0.1] -> MAE: 31.86 | ExpVar: -0.38
2020-09-06 20:17:24,319 Results for XGB 39 [Target: reg:linear, MaxDepth: 6, NEstimators: 250, Alpha: 0.1, Lambda: 0] -> MAE: 38.82 | ExpVar: -1.02
2020-09-06 20:17:24,349 Results for XGB 40 [Target: reg:linear, MaxDepth: 6, NEstimators: 250, Alpha: 0.1, Lambda: 0.1] -> MAE: 30.61 | ExpVar: -0.2
2020-09-06 20:17:24,387 Results for XGB 41 [Target: reg:linear, MaxDepth: 6, NEstimators: 500, Alpha: 0, Lambda: 0] -> MAE: 40.88 | ExpVar: -1.24
2020-09-06 20:17:24,439 Results for XGB 42 [Target: reg:linear, MaxDepth: 6, NEstimators: 500, Alpha: 0, Lambda: 0.1] -> MAE: 31.86 | ExpVar: -0.38
2020-09-06 20:17:24,487 Results for XGB 43 [Target: reg:linear, MaxDepth: 6, NEstimators: 500, Alpha: 0.1, Lambda: 0] -> MAE: 38.82 | ExpVar: -1.02
2020-09-06 20:17:24,523 Results for XGB 44 [Target: reg:linear, MaxDepth: 6, NEstimators: 500, Alpha: 0.1, Lambda: 0.1] -> MAE: 30.61 | ExpVar: -0.2
2020-09-06 20:17:24,583 Results for XGB 45 [Target: reg:linear, MaxDepth: 6, NEstimators: 1000, Alpha: 0, Lambda: 0] -> MAE: 40.88 | ExpVar: -1.24
2020-09-06 20:17:24,653 Results for XGB 46 [Target: reg:linear, MaxDepth: 6, NEstimators: 1000, Alpha: 0, Lambda: 0.1] -> MAE: 31.86 | ExpVar: -0.38
2020-09-06 20:17:24,742 Results for XGB 47 [Target: reg:linear, MaxDepth: 6, NEstimators: 1000, Alpha: 0.1, Lambda: 0] -> MAE: 38.82 | ExpVar: -1.02
2020-09-06 20:17:24,834 Results for XGB 48 [Target: reg:linear, MaxDepth: 6, NEstimators: 1000, Alpha: 0.1, Lambda: 0.1] -> MAE: 30.61 | ExpVar: -0.2
2020-09-06 20:17:24,847 Results for XGB 49 [Target: reg:gamma, MaxDepth: 2, NEstimators: 100, Alpha: 0, Lambda: 0] -> MAE: 31.82 | ExpVar: -0.16
2020-09-06 20:17:24,855 Results for XGB 50 [Target: reg:gamma, MaxDepth: 2, NEstimators: 100, Alpha: 0, Lambda: 0.1] -> MAE: 30.56 | ExpVar: -0.1
2020-09-06 20:17:24,862 Results for XGB 51 [Target: reg:gamma, MaxDepth: 2, NEstimators: 100, Alpha: 0.1, Lambda: 0] -> MAE: 29.1 | ExpVar: -0.0
2020-09-06 20:17:24,874 Results for XGB 52 [Target: reg:gamma, MaxDepth: 2, NEstimators: 100, Alpha: 0.1, Lambda: 0.1] -> MAE: 29.28 | ExpVar: -0.03
2020-09-06 20:17:24,894 Results for XGB 53 [Target: reg:gamma, MaxDepth: 2, NEstimators: 250, Alpha: 0, Lambda: 0] -> MAE: 33.34 | ExpVar: -0.3
2020-09-06 20:17:24,919 Results for XGB 54 [Target: reg:gamma, MaxDepth: 2, NEstimators: 250, Alpha: 0, Lambda: 0.1] -> MAE: 31.86 | ExpVar: -0.22
2020-09-06 20:17:24,941 Results for XGB 55 [Target: reg:gamma, MaxDepth: 2, NEstimators: 250, Alpha: 0.1, Lambda: 0] -> MAE: 30.5 | ExpVar: -0.05
2020-09-06 20:17:24,957 Results for XGB 56 [Target: reg:gamma, MaxDepth: 2, NEstimators: 250, Alpha: 0.1, Lambda: 0.1] -> MAE: 30.5 | ExpVar: -0.05
2020-09-06 20:17:24,993 Results for XGB 57 [Target: reg:gamma, MaxDepth: 2, NEstimators: 500, Alpha: 0, Lambda: 0] -> MAE: 33.34 | ExpVar: -0.3
2020-09-06 20:17:25,034 Results for XGB 58 [Target: reg:gamma, MaxDepth: 2, NEstimators: 500, Alpha: 0, Lambda: 0.1] -> MAE: 31.86 | ExpVar: -0.22
2020-09-06 20:17:25,079 Results for XGB 59 [Target: reg:gamma, MaxDepth: 2, NEstimators: 500, Alpha: 0.1, Lambda: 0] -> MAE: 30.5 | ExpVar: -0.05
2020-09-06 20:17:25,123 Results for XGB 60 [Target: reg:gamma, MaxDepth: 2, NEstimators: 500, Alpha: 0.1, Lambda: 0.1] -> MAE: 30.5 | ExpVar: -0.05
2020-09-06 20:17:25,183 Results for XGB 61 [Target: reg:gamma, MaxDepth: 2, NEstimators: 1000, Alpha: 0, Lambda: 0] -> MAE: 33.34 | ExpVar: -0.3
2020-09-06 20:17:25,254 Results for XGB 62 [Target: reg:gamma, MaxDepth: 2, NEstimators: 1000, Alpha: 0, Lambda: 0.1] -> MAE: 31.86 | ExpVar: -0.22
2020-09-06 20:17:25,311 Results for XGB 63 [Target: reg:gamma, MaxDepth: 2, NEstimators: 1000, Alpha: 0.1, Lambda: 0] -> MAE: 30.5 | ExpVar: -0.05
2020-09-06 20:17:25,371 Results for XGB 64 [Target: reg:gamma, MaxDepth: 2, NEstimators: 1000, Alpha: 0.1, Lambda: 0.1] -> MAE: 30.5 | ExpVar: -0.05
2020-09-06 20:17:25,384 Results for XGB 65 [Target: reg:gamma, MaxDepth: 3, NEstimators: 100, Alpha: 0, Lambda: 0] -> MAE: 29.88 | ExpVar: -0.14
2020-09-06 20:17:25,397 Results for XGB 66 [Target: reg:gamma, MaxDepth: 3, NEstimators: 100, Alpha: 0, Lambda: 0.1] -> MAE: 31.07 | ExpVar: -0.27
2020-09-06 20:17:25,411 Results for XGB 67 [Target: reg:gamma, MaxDepth: 3, NEstimators: 100, Alpha: 0.1, Lambda: 0] -> MAE: 28.4 | ExpVar: -0.13
2020-09-06 20:17:25,423 Results for XGB 68 [Target: reg:gamma, MaxDepth: 3, NEstimators: 100, Alpha: 0.1, Lambda: 0.1] -> MAE: 27.6 | ExpVar: -0.1
2020-09-06 20:17:25,450 Results for XGB 69 [Target: reg:gamma, MaxDepth: 3, NEstimators: 250, Alpha: 0, Lambda: 0] -> MAE: 30.23 | ExpVar: -0.15
2020-09-06 20:17:25,478 Results for XGB 70 [Target: reg:gamma, MaxDepth: 3, NEstimators: 250, Alpha: 0, Lambda: 0.1] -> MAE: 31.76 | ExpVar: -0.29
2020-09-06 20:17:25,495 Results for XGB 71 [Target: reg:gamma, MaxDepth: 3, NEstimators: 250, Alpha: 0.1, Lambda: 0] -> MAE: 28.42 | ExpVar: -0.12
2020-09-06 20:17:25,525 Results for XGB 72 [Target: reg:gamma, MaxDepth: 3, NEstimators: 250, Alpha: 0.1, Lambda: 0.1] -> MAE: 27.23 | ExpVar: -0.09
2020-09-06 20:17:25,573 Results for XGB 73 [Target: reg:gamma, MaxDepth: 3, NEstimators: 500, Alpha: 0, Lambda: 0] -> MAE: 30.23 | ExpVar: -0.15
2020-09-06 20:17:25,608 Results for XGB 74 [Target: reg:gamma, MaxDepth: 3, NEstimators: 500, Alpha: 0, Lambda: 0.1] -> MAE: 31.76 | ExpVar: -0.29
2020-09-06 20:17:25,646 Results for XGB 75 [Target: reg:gamma, MaxDepth: 3, NEstimators: 500, Alpha: 0.1, Lambda: 0] -> MAE: 28.42 | ExpVar: -0.12
2020-09-06 20:17:25,688 Results for XGB 76 [Target: reg:gamma, MaxDepth: 3, NEstimators: 500, Alpha: 0.1, Lambda: 0.1] -> MAE: 27.23 | ExpVar: -0.09
2020-09-06 20:17:25,751 Results for XGB 77 [Target: reg:gamma, MaxDepth: 3, NEstimators: 1000, Alpha: 0, Lambda: 0] -> MAE: 30.23 | ExpVar: -0.15
2020-09-06 20:17:25,812 Results for XGB 78 [Target: reg:gamma, MaxDepth: 3, NEstimators: 1000, Alpha: 0, Lambda: 0.1] -> MAE: 31.76 | ExpVar: -0.29
2020-09-06 20:17:25,894 Results for XGB 79 [Target: reg:gamma, MaxDepth: 3, NEstimators: 1000, Alpha: 0.1, Lambda: 0] -> MAE: 28.42 | ExpVar: -0.12
2020-09-06 20:17:25,958 Results for XGB 80 [Target: reg:gamma, MaxDepth: 3, NEstimators: 1000, Alpha: 0.1, Lambda: 0.1] -> MAE: 27.23 | ExpVar: -0.09
2020-09-06 20:17:25,975 Results for XGB 81 [Target: reg:gamma, MaxDepth: 6, NEstimators: 100, Alpha: 0, Lambda: 0] -> MAE: 27.4 | ExpVar: -0.01
2020-09-06 20:17:25,993 Results for XGB 82 [Target: reg:gamma, MaxDepth: 6, NEstimators: 100, Alpha: 0, Lambda: 0.1] -> MAE: 32.91 | ExpVar: -0.57
2020-09-06 20:17:26,006 Results for XGB 83 [Target: reg:gamma, MaxDepth: 6, NEstimators: 100, Alpha: 0.1, Lambda: 0] -> MAE: 25.36 | ExpVar: -0.01
2020-09-06 20:17:26,019 Results for XGB 84 [Target: reg:gamma, MaxDepth: 6, NEstimators: 100, Alpha: 0.1, Lambda: 0.1] -> MAE: 26.87 | ExpVar: -0.16
2020-09-06 20:17:26,050 Results for XGB 85 [Target: reg:gamma, MaxDepth: 6, NEstimators: 250, Alpha: 0, Lambda: 0] -> MAE: 27.68 | ExpVar: -0.03
2020-09-06 20:17:26,076 Results for XGB 86 [Target: reg:gamma, MaxDepth: 6, NEstimators: 250, Alpha: 0, Lambda: 0.1] -> MAE: 32.92 | ExpVar: -0.55
2020-09-06 20:17:26,106 Results for XGB 87 [Target: reg:gamma, MaxDepth: 6, NEstimators: 250, Alpha: 0.1, Lambda: 0] -> MAE: 25.65 | ExpVar: -0.04
2020-09-06 20:17:26,138 Results for XGB 88 [Target: reg:gamma, MaxDepth: 6, NEstimators: 250, Alpha: 0.1, Lambda: 0.1] -> MAE: 26.88 | ExpVar: -0.18
2020-09-06 20:17:26,179 Results for XGB 89 [Target: reg:gamma, MaxDepth: 6, NEstimators: 500, Alpha: 0, Lambda: 0] -> MAE: 27.68 | ExpVar: -0.03
2020-09-06 20:17:26,209 Results for XGB 90 [Target: reg:gamma, MaxDepth: 6, NEstimators: 500, Alpha: 0, Lambda: 0.1] -> MAE: 32.92 | ExpVar: -0.55
2020-09-06 20:17:26,251 Results for XGB 91 [Target: reg:gamma, MaxDepth: 6, NEstimators: 500, Alpha: 0.1, Lambda: 0] -> MAE: 25.65 | ExpVar: -0.04
2020-09-06 20:17:26,285 Results for XGB 92 [Target: reg:gamma, MaxDepth: 6, NEstimators: 500, Alpha: 0.1, Lambda: 0.1] -> MAE: 26.88 | ExpVar: -0.18
2020-09-06 20:17:26,367 Results for XGB 93 [Target: reg:gamma, MaxDepth: 6, NEstimators: 1000, Alpha: 0, Lambda: 0] -> MAE: 27.68 | ExpVar: -0.03
2020-09-06 20:17:26,444 Results for XGB 94 [Target: reg:gamma, MaxDepth: 6, NEstimators: 1000, Alpha: 0, Lambda: 0.1] -> MAE: 32.92 | ExpVar: -0.55
2020-09-06 20:17:26,509 Results for XGB 95 [Target: reg:gamma, MaxDepth: 6, NEstimators: 1000, Alpha: 0.1, Lambda: 0] -> MAE: 25.65 | ExpVar: -0.04
2020-09-06 20:17:26,582 Results for XGB 96 [Target: reg:gamma, MaxDepth: 6, NEstimators: 1000, Alpha: 0.1, Lambda: 0.1] -> MAE: 26.88 | ExpVar: -0.18
2020-09-06 20:17:26,582 Best Model:
2020-09-06 20:17:26,583 Target:reg:linear
2020-09-06 20:17:26,583 MaxDepth:2
2020-09-06 20:17:26,584 NEstimators:250
2020-09-06 20:17:26,584 Alpha:0.1
2020-09-06 20:17:26,585 Gamma:0
