2020-09-06 20:12:55,881 Results for SVR 1 [Kernel: rbf, Degree: 0, Gamma: auto, Coef: 0, C: 1] -> MAE:0.5 | ExpVar:-0.11
2020-09-06 20:12:55,884 Results for SVR 2 [Kernel: rbf, Degree: 0, Gamma: auto, Coef: 5, C: 2] -> MAE:0.52 | ExpVar:-0.16
2020-09-06 20:12:55,886 Results for SVR 3 [Kernel: rbf, Degree: 0, Gamma: auto, Coef: 10, C: 3] -> MAE:0.52 | ExpVar:-0.16
2020-09-06 20:12:55,889 Results for SVR 4 [Kernel: rbf, Degree: 0, Gamma: auto, Coef: 15, C: 4] -> MAE:0.52 | ExpVar:-0.16
2020-09-06 20:12:55,892 Results for SVR 5 [Kernel: rbf, Degree: 0, Gamma: auto, Coef: 20, C: 5] -> MAE:0.52 | ExpVar:-0.16
2020-09-06 20:12:55,895 Results for SVR 6 [Kernel: poly, Degree: 1, Gamma: auto, Coef: 0, C: 1] -> MAE:0.48 | ExpVar:-0.32
2020-09-06 20:12:55,897 Results for SVR 7 [Kernel: poly, Degree: 2, Gamma: auto, Coef: 5, C: 2] -> MAE:0.51 | ExpVar:-0.2
2020-09-06 20:12:55,899 Results for SVR 8 [Kernel: poly, Degree: 3, Gamma: auto, Coef: 10, C: 3] -> MAE:0.51 | ExpVar:-0.2
2020-09-06 20:12:55,901 Results for SVR 9 [Kernel: poly, Degree: 4, Gamma: auto, Coef: 15, C: 4] -> MAE:0.51 | ExpVar:-0.2
2020-09-06 20:12:55,902 Results for SVR 10 [Kernel: poly, Degree: 5, Gamma: auto, Coef: 20, C: 5] -> MAE:0.51 | ExpVar:-0.2
2020-09-06 20:12:55,904 Results for SVR 11 [Kernel: sigmoid, Degree: 0, Gamma: auto, Coef: 0, C: 1] -> MAE:0.54 | ExpVar:-0.64
2020-09-06 20:12:55,905 Results for SVR 12 [Kernel: sigmoid, Degree: 0, Gamma: auto, Coef: 5, C: 2] -> MAE:0.66 | ExpVar:0.0
2020-09-06 20:12:55,907 Results for SVR 13 [Kernel: sigmoid, Degree: 0, Gamma: auto, Coef: 10, C: 3] -> MAE:0.67 | ExpVar:0.0
2020-09-06 20:12:55,908 Results for SVR 14 [Kernel: sigmoid, Degree: 0, Gamma: auto, Coef: 15, C: 4] -> MAE:0.67 | ExpVar:0.0
2020-09-06 20:12:55,910 Results for SVR 15 [Kernel: sigmoid, Degree: 0, Gamma: auto, Coef: 20, C: 5] -> MAE:0.67 | ExpVar:0.0
2020-09-06 20:12:55,912 Results for SVR 16 [Kernel: poly, Degree: 12, Gamma: auto, Coef: 0, C: 1] -> MAE:0.51 | ExpVar:-0.01
2020-09-06 20:12:55,912 Best Model:
2020-09-06 20:12:55,912 Kernel:poly
2020-09-06 20:12:55,912 Degree:1
2020-09-06 20:12:55,912 Gamma:auto
2020-09-06 20:12:55,913 Coef:0
2020-09-06 20:12:55,913 C:1
