2020-09-06 20:12:48,412 Results for SVR 1 [Kernel: rbf, Degree: 0, Gamma: auto, Coef: 0, C: 1] -> MAE:0.62 | ExpVar:0.3
2020-09-06 20:12:48,414 Results for SVR 2 [Kernel: rbf, Degree: 0, Gamma: auto, Coef: 5, C: 2] -> MAE:0.64 | ExpVar:0.25
2020-09-06 20:12:48,416 Results for SVR 3 [Kernel: rbf, Degree: 0, Gamma: auto, Coef: 10, C: 3] -> MAE:0.65 | ExpVar:0.25
2020-09-06 20:12:48,417 Results for SVR 4 [Kernel: rbf, Degree: 0, Gamma: auto, Coef: 15, C: 4] -> MAE:0.66 | ExpVar:0.24
2020-09-06 20:12:48,419 Results for SVR 5 [Kernel: rbf, Degree: 0, Gamma: auto, Coef: 20, C: 5] -> MAE:0.67 | ExpVar:0.23
2020-09-06 20:12:48,421 Results for SVR 6 [Kernel: poly, Degree: 1, Gamma: auto, Coef: 0, C: 1] -> MAE:0.52 | ExpVar:0.27
2020-09-06 20:12:48,423 Results for SVR 7 [Kernel: poly, Degree: 2, Gamma: auto, Coef: 5, C: 2] -> MAE:0.6 | ExpVar:0.12
2020-09-06 20:12:48,426 Results for SVR 8 [Kernel: poly, Degree: 3, Gamma: auto, Coef: 10, C: 3] -> MAE:0.8 | ExpVar:-0.62
2020-09-06 20:12:48,428 Results for SVR 9 [Kernel: poly, Degree: 4, Gamma: auto, Coef: 15, C: 4] -> MAE:0.78 | ExpVar:-0.57
2020-09-06 20:12:48,431 Results for SVR 10 [Kernel: poly, Degree: 5, Gamma: auto, Coef: 20, C: 5] -> MAE:0.78 | ExpVar:-0.55
2020-09-06 20:12:48,432 Results for SVR 11 [Kernel: sigmoid, Degree: 0, Gamma: auto, Coef: 0, C: 1] -> MAE:0.52 | ExpVar:0.35
2020-09-06 20:12:48,434 Results for SVR 12 [Kernel: sigmoid, Degree: 0, Gamma: auto, Coef: 5, C: 2] -> MAE:0.64 | ExpVar:0.01
2020-09-06 20:12:48,435 Results for SVR 13 [Kernel: sigmoid, Degree: 0, Gamma: auto, Coef: 10, C: 3] -> MAE:0.65 | ExpVar:0.0
2020-09-06 20:12:48,437 Results for SVR 14 [Kernel: sigmoid, Degree: 0, Gamma: auto, Coef: 15, C: 4] -> MAE:0.65 | ExpVar:0.0
2020-09-06 20:12:48,439 Results for SVR 15 [Kernel: sigmoid, Degree: 0, Gamma: auto, Coef: 20, C: 5] -> MAE:0.65 | ExpVar:0.0
2020-09-06 20:12:48,441 Results for SVR 16 [Kernel: poly, Degree: 12, Gamma: auto, Coef: 0, C: 1] -> MAE:1.17 | ExpVar:-7.62
2020-09-06 20:12:48,441 Best Model:
2020-09-06 20:12:48,441 Kernel:sigmoid
2020-09-06 20:12:48,441 Degree:0
2020-09-06 20:12:48,442 Gamma:auto
2020-09-06 20:12:48,442 Coef:0
2020-09-06 20:12:48,442 C:1
