2020-09-06 21:45:28,923 Results for NN 1 [Capas: 2 Neuronas: 64 Funcion: linear Optimizer: nadam, Dropout: 0] -> MAE: 0.82 | ExpVar: -0.32
2020-09-06 21:45:33,303 Results for NN 2 [Capas: 2 Neuronas: 64 Funcion: linear Optimizer: nadam, Dropout: 0.1] -> MAE: 0.73 | ExpVar: -0.13
2020-09-06 21:45:37,828 Results for NN 3 [Capas: 2 Neuronas: 64 Funcion: linear Optimizer: nadam, Dropout: 0.25] -> MAE: 0.81 | ExpVar: -0.34
2020-09-06 21:45:41,896 Results for NN 4 [Capas: 2 Neuronas: 64 Funcion: linear Optimizer: adadelta, Dropout: 0] -> MAE: 0.66 | ExpVar: 0.01
2020-09-06 21:45:46,477 Results for NN 5 [Capas: 2 Neuronas: 64 Funcion: linear Optimizer: adadelta, Dropout: 0.1] -> MAE: 0.66 | ExpVar: 0.02
2020-09-06 21:45:50,501 Results for NN 6 [Capas: 2 Neuronas: 64 Funcion: linear Optimizer: adadelta, Dropout: 0.25] -> MAE: 0.67 | ExpVar: 0.01
2020-09-06 21:45:54,873 Results for NN 7 [Capas: 2 Neuronas: 64 Funcion: relu Optimizer: nadam, Dropout: 0] -> MAE: 0.78 | ExpVar: -0.48
2020-09-06 21:45:59,361 Results for NN 8 [Capas: 2 Neuronas: 64 Funcion: relu Optimizer: nadam, Dropout: 0.1] -> MAE: 0.74 | ExpVar: -0.17
2020-09-06 21:46:05,763 Results for NN 9 [Capas: 2 Neuronas: 64 Funcion: relu Optimizer: nadam, Dropout: 0.25] -> MAE: 0.72 | ExpVar: -0.07
2020-09-06 21:46:09,761 Results for NN 10 [Capas: 2 Neuronas: 64 Funcion: relu Optimizer: adadelta, Dropout: 0] -> MAE: 0.67 | ExpVar: 0.01
2020-09-06 21:46:13,947 Results for NN 11 [Capas: 2 Neuronas: 64 Funcion: relu Optimizer: adadelta, Dropout: 0.1] -> MAE: 0.66 | ExpVar: 0.0
2020-09-06 21:46:18,110 Results for NN 12 [Capas: 2 Neuronas: 64 Funcion: relu Optimizer: adadelta, Dropout: 0.25] -> MAE: 0.67 | ExpVar: -0.0
2020-09-06 21:46:22,749 Results for NN 13 [Capas: 2 Neuronas: 128 Funcion: linear Optimizer: nadam, Dropout: 0] -> MAE: 0.68 | ExpVar: -0.01
2020-09-06 21:46:27,518 Results for NN 14 [Capas: 2 Neuronas: 128 Funcion: linear Optimizer: nadam, Dropout: 0.1] -> MAE: 0.72 | ExpVar: -0.09
2020-09-06 21:46:32,270 Results for NN 15 [Capas: 2 Neuronas: 128 Funcion: linear Optimizer: nadam, Dropout: 0.25] -> MAE: 0.69 | ExpVar: -0.02
2020-09-06 21:46:36,501 Results for NN 16 [Capas: 2 Neuronas: 128 Funcion: linear Optimizer: adadelta, Dropout: 0] -> MAE: 0.66 | ExpVar: 0.03
2020-09-06 21:46:40,842 Results for NN 17 [Capas: 2 Neuronas: 128 Funcion: linear Optimizer: adadelta, Dropout: 0.1] -> MAE: 0.67 | ExpVar: -0.0
2020-09-06 21:46:45,159 Results for NN 18 [Capas: 2 Neuronas: 128 Funcion: linear Optimizer: adadelta, Dropout: 0.25] -> MAE: 0.7 | ExpVar: -0.02
2020-09-06 21:46:49,856 Results for NN 19 [Capas: 2 Neuronas: 128 Funcion: relu Optimizer: nadam, Dropout: 0] -> MAE: 0.72 | ExpVar: 0.02
2020-09-06 21:46:54,600 Results for NN 20 [Capas: 2 Neuronas: 128 Funcion: relu Optimizer: nadam, Dropout: 0.1] -> MAE: 0.67 | ExpVar: 0.0
2020-09-06 21:46:59,330 Results for NN 21 [Capas: 2 Neuronas: 128 Funcion: relu Optimizer: nadam, Dropout: 0.25] -> MAE: 0.77 | ExpVar: -0.31
2020-09-06 21:47:03,615 Results for NN 22 [Capas: 2 Neuronas: 128 Funcion: relu Optimizer: adadelta, Dropout: 0] -> MAE: 0.67 | ExpVar: 0.0
2020-09-06 21:47:07,950 Results for NN 23 [Capas: 2 Neuronas: 128 Funcion: relu Optimizer: adadelta, Dropout: 0.1] -> MAE: 0.66 | ExpVar: 0.01
2020-09-06 21:47:12,293 Results for NN 24 [Capas: 2 Neuronas: 128 Funcion: relu Optimizer: adadelta, Dropout: 0.25] -> MAE: 0.68 | ExpVar: -0.01
2020-09-06 21:47:17,963 Results for NN 25 [Capas: 6 Neuronas: 64 Funcion: linear Optimizer: nadam, Dropout: 0] -> MAE: 0.67 | ExpVar: 0.0
2020-09-06 21:47:24,077 Results for NN 26 [Capas: 6 Neuronas: 64 Funcion: linear Optimizer: nadam, Dropout: 0.1] -> MAE: 0.67 | ExpVar: 0.0
2020-09-06 21:47:30,153 Results for NN 27 [Capas: 6 Neuronas: 64 Funcion: linear Optimizer: nadam, Dropout: 0.25] -> MAE: 0.67 | ExpVar: 0.0
2020-09-06 21:47:34,812 Results for NN 28 [Capas: 6 Neuronas: 64 Funcion: linear Optimizer: adadelta, Dropout: 0] -> MAE: 0.67 | ExpVar: 0.0
2020-09-06 21:47:39,975 Results for NN 29 [Capas: 6 Neuronas: 64 Funcion: linear Optimizer: adadelta, Dropout: 0.1] -> MAE: 0.67 | ExpVar: -0.0
2020-09-06 21:47:45,129 Results for NN 30 [Capas: 6 Neuronas: 64 Funcion: linear Optimizer: adadelta, Dropout: 0.25] -> MAE: 0.67 | ExpVar: 0.0
2020-09-06 21:47:50,844 Results for NN 31 [Capas: 6 Neuronas: 64 Funcion: relu Optimizer: nadam, Dropout: 0] -> MAE: 0.77 | ExpVar: -0.4
2020-09-06 21:47:57,200 Results for NN 32 [Capas: 6 Neuronas: 64 Funcion: relu Optimizer: nadam, Dropout: 0.1] -> MAE: 0.8 | ExpVar: -0.43
2020-09-06 21:48:03,460 Results for NN 33 [Capas: 6 Neuronas: 64 Funcion: relu Optimizer: nadam, Dropout: 0.25] -> MAE: 0.67 | ExpVar: 0.0
2020-09-06 21:48:10,455 Results for NN 34 [Capas: 6 Neuronas: 64 Funcion: relu Optimizer: adadelta, Dropout: 0] -> MAE: 0.67 | ExpVar: 0.0
2020-09-06 21:48:15,724 Results for NN 35 [Capas: 6 Neuronas: 64 Funcion: relu Optimizer: adadelta, Dropout: 0.1] -> MAE: 0.67 | ExpVar: -0.0
2020-09-06 21:48:21,010 Results for NN 36 [Capas: 6 Neuronas: 64 Funcion: relu Optimizer: adadelta, Dropout: 0.25] -> MAE: 0.67 | ExpVar: 0.0
2020-09-06 21:48:27,419 Results for NN 37 [Capas: 6 Neuronas: 128 Funcion: linear Optimizer: nadam, Dropout: 0] -> MAE: 0.67 | ExpVar: 0.0
2020-09-06 21:48:34,210 Results for NN 38 [Capas: 6 Neuronas: 128 Funcion: linear Optimizer: nadam, Dropout: 0.1] -> MAE: 0.67 | ExpVar: -0.0
2020-09-06 21:48:40,938 Results for NN 39 [Capas: 6 Neuronas: 128 Funcion: linear Optimizer: nadam, Dropout: 0.25] -> MAE: 0.68 | ExpVar: -0.01
2020-09-06 21:48:46,298 Results for NN 40 [Capas: 6 Neuronas: 128 Funcion: linear Optimizer: adadelta, Dropout: 0] -> MAE: 0.67 | ExpVar: 0.01
2020-09-06 21:48:52,134 Results for NN 41 [Capas: 6 Neuronas: 128 Funcion: linear Optimizer: adadelta, Dropout: 0.1] -> MAE: 0.66 | ExpVar: 0.01
2020-09-06 21:48:57,960 Results for NN 42 [Capas: 6 Neuronas: 128 Funcion: linear Optimizer: adadelta, Dropout: 0.25] -> MAE: 0.67 | ExpVar: 0.0
2020-09-06 21:49:04,256 Results for NN 43 [Capas: 6 Neuronas: 128 Funcion: relu Optimizer: nadam, Dropout: 0] -> MAE: 0.85 | ExpVar: -0.59
2020-09-06 21:49:10,858 Results for NN 44 [Capas: 6 Neuronas: 128 Funcion: relu Optimizer: nadam, Dropout: 0.1] -> MAE: 0.76 | ExpVar: -0.33
2020-09-06 21:49:17,555 Results for NN 45 [Capas: 6 Neuronas: 128 Funcion: relu Optimizer: nadam, Dropout: 0.25] -> MAE: 0.77 | ExpVar: -0.31
2020-09-06 21:49:22,779 Results for NN 46 [Capas: 6 Neuronas: 128 Funcion: relu Optimizer: adadelta, Dropout: 0] -> MAE: 0.67 | ExpVar: -0.0
2020-09-06 21:49:28,638 Results for NN 47 [Capas: 6 Neuronas: 128 Funcion: relu Optimizer: adadelta, Dropout: 0.1] -> MAE: 0.67 | ExpVar: 0.0
2020-09-06 21:49:34,573 Results for NN 48 [Capas: 6 Neuronas: 128 Funcion: relu Optimizer: adadelta, Dropout: 0.25] -> MAE: 0.67 | ExpVar: 0.0
2020-09-06 21:49:34,573 Best Model:
2020-09-06 21:49:34,574 Layers:2
2020-09-06 21:49:34,574 Neurons per Layer:128
2020-09-06 21:49:34,575 Activation f(x):relu
2020-09-06 21:49:34,576 Optimizer:adadelta
2020-09-06 21:49:34,576 Dropout:0.1
2020-09-06 21:49:44,118 Assets written to: C:\Users\Juani\OneDrive\Juani\Maestria\Tesis Clima\Modelos\G0\Modelo_G0_M12_Y2009-2019\NeuralNetwork\assets
