2020-09-07 01:03:43,580 Results for NN 1 [Capas: 2 Neuronas: 64 Funcion: linear Optimizer: nadam, Dropout: 0] -> MAE: 1.12 | ExpVar: 0.25
2020-09-07 01:03:48,273 Results for NN 2 [Capas: 2 Neuronas: 64 Funcion: linear Optimizer: nadam, Dropout: 0.1] -> MAE: 1.28 | ExpVar: 0.21
2020-09-07 01:03:53,362 Results for NN 3 [Capas: 2 Neuronas: 64 Funcion: linear Optimizer: nadam, Dropout: 0.25] -> MAE: 1.23 | ExpVar: 0.2
2020-09-07 01:03:57,497 Results for NN 4 [Capas: 2 Neuronas: 64 Funcion: linear Optimizer: adadelta, Dropout: 0] -> MAE: 0.87 | ExpVar: -0.0
2020-09-07 01:04:01,834 Results for NN 5 [Capas: 2 Neuronas: 64 Funcion: linear Optimizer: adadelta, Dropout: 0.1] -> MAE: 0.87 | ExpVar: 0.02
2020-09-07 01:04:06,046 Results for NN 6 [Capas: 2 Neuronas: 64 Funcion: linear Optimizer: adadelta, Dropout: 0.25] -> MAE: 0.87 | ExpVar: -0.0
2020-09-07 01:04:10,616 Results for NN 7 [Capas: 2 Neuronas: 64 Funcion: relu Optimizer: nadam, Dropout: 0] -> MAE: 1.08 | ExpVar: 0.0
2020-09-07 01:04:16,946 Results for NN 8 [Capas: 2 Neuronas: 64 Funcion: relu Optimizer: nadam, Dropout: 0.1] -> MAE: 0.97 | ExpVar: 0.01
2020-09-07 01:04:24,629 Results for NN 9 [Capas: 2 Neuronas: 64 Funcion: relu Optimizer: nadam, Dropout: 0.25] -> MAE: 1.09 | ExpVar: -0.05
2020-09-07 01:04:28,888 Results for NN 10 [Capas: 2 Neuronas: 64 Funcion: relu Optimizer: adadelta, Dropout: 0] -> MAE: 0.87 | ExpVar: 0.0
2020-09-07 01:04:33,516 Results for NN 11 [Capas: 2 Neuronas: 64 Funcion: relu Optimizer: adadelta, Dropout: 0.1] -> MAE: 0.87 | ExpVar: -0.0
2020-09-07 01:04:38,698 Results for NN 12 [Capas: 2 Neuronas: 64 Funcion: relu Optimizer: adadelta, Dropout: 0.25] -> MAE: 0.87 | ExpVar: 0.0
2020-09-07 01:04:44,296 Results for NN 13 [Capas: 2 Neuronas: 128 Funcion: linear Optimizer: nadam, Dropout: 0] -> MAE: 1.37 | ExpVar: 0.14
2020-09-07 01:04:49,477 Results for NN 14 [Capas: 2 Neuronas: 128 Funcion: linear Optimizer: nadam, Dropout: 0.1] -> MAE: 1.16 | ExpVar: 0.22
2020-09-07 01:04:54,719 Results for NN 15 [Capas: 2 Neuronas: 128 Funcion: linear Optimizer: nadam, Dropout: 0.25] -> MAE: 1.52 | ExpVar: 0.03
2020-09-07 01:05:00,268 Results for NN 16 [Capas: 2 Neuronas: 128 Funcion: linear Optimizer: adadelta, Dropout: 0] -> MAE: 0.87 | ExpVar: 0.01
2020-09-07 01:05:05,877 Results for NN 17 [Capas: 2 Neuronas: 128 Funcion: linear Optimizer: adadelta, Dropout: 0.1] -> MAE: 0.87 | ExpVar: 0.01
2020-09-07 01:05:16,688 Results for NN 18 [Capas: 2 Neuronas: 128 Funcion: linear Optimizer: adadelta, Dropout: 0.25] -> MAE: 0.87 | ExpVar: 0.02
2020-09-07 01:05:24,292 Results for NN 19 [Capas: 2 Neuronas: 128 Funcion: relu Optimizer: nadam, Dropout: 0] -> MAE: 0.98 | ExpVar: 0.16
2020-09-07 01:05:31,817 Results for NN 20 [Capas: 2 Neuronas: 128 Funcion: relu Optimizer: nadam, Dropout: 0.1] -> MAE: 0.86 | ExpVar: -0.18
2020-09-07 01:05:38,744 Results for NN 21 [Capas: 2 Neuronas: 128 Funcion: relu Optimizer: nadam, Dropout: 0.25] -> MAE: 1.13 | ExpVar: 0.11
2020-09-07 01:05:43,338 Results for NN 22 [Capas: 2 Neuronas: 128 Funcion: relu Optimizer: adadelta, Dropout: 0] -> MAE: 0.87 | ExpVar: -0.0
2020-09-07 01:05:48,034 Results for NN 23 [Capas: 2 Neuronas: 128 Funcion: relu Optimizer: adadelta, Dropout: 0.1] -> MAE: 0.87 | ExpVar: 0.01
2020-09-07 01:05:53,935 Results for NN 24 [Capas: 2 Neuronas: 128 Funcion: relu Optimizer: adadelta, Dropout: 0.25] -> MAE: 0.87 | ExpVar: 0.01
2020-09-07 01:06:02,633 Results for NN 25 [Capas: 6 Neuronas: 64 Funcion: linear Optimizer: nadam, Dropout: 0] -> MAE: 1.23 | ExpVar: 0.14
2020-09-07 01:11:25,799 Results for NN 26 [Capas: 6 Neuronas: 64 Funcion: linear Optimizer: nadam, Dropout: 0.1] -> MAE: 0.87 | ExpVar: 0.0
2020-09-07 01:11:35,296 Results for NN 27 [Capas: 6 Neuronas: 64 Funcion: linear Optimizer: nadam, Dropout: 0.25] -> MAE: 0.87 | ExpVar: 0.0
2020-09-07 01:11:42,074 Results for NN 28 [Capas: 6 Neuronas: 64 Funcion: linear Optimizer: adadelta, Dropout: 0] -> MAE: 0.87 | ExpVar: 0.0
2020-09-07 01:11:49,310 Results for NN 29 [Capas: 6 Neuronas: 64 Funcion: linear Optimizer: adadelta, Dropout: 0.1] -> MAE: 0.87 | ExpVar: 0.0
2020-09-07 01:11:56,150 Results for NN 30 [Capas: 6 Neuronas: 64 Funcion: linear Optimizer: adadelta, Dropout: 0.25] -> MAE: 0.87 | ExpVar: 0.0
2020-09-07 01:12:03,990 Results for NN 31 [Capas: 6 Neuronas: 64 Funcion: relu Optimizer: nadam, Dropout: 0] -> MAE: 0.87 | ExpVar: 0.0
2020-09-07 01:12:12,204 Results for NN 32 [Capas: 6 Neuronas: 64 Funcion: relu Optimizer: nadam, Dropout: 0.1] -> MAE: 0.87 | ExpVar: 0.0
2020-09-07 01:12:20,382 Results for NN 33 [Capas: 6 Neuronas: 64 Funcion: relu Optimizer: nadam, Dropout: 0.25] -> MAE: 0.87 | ExpVar: 0.0
2020-09-07 01:12:26,434 Results for NN 34 [Capas: 6 Neuronas: 64 Funcion: relu Optimizer: adadelta, Dropout: 0] -> MAE: 0.87 | ExpVar: 0.0
2020-09-07 01:12:33,061 Results for NN 35 [Capas: 6 Neuronas: 64 Funcion: relu Optimizer: adadelta, Dropout: 0.1] -> MAE: 0.87 | ExpVar: 0.0
2020-09-07 01:12:39,655 Results for NN 36 [Capas: 6 Neuronas: 64 Funcion: relu Optimizer: adadelta, Dropout: 0.25] -> MAE: 0.87 | ExpVar: 0.0
2020-09-07 01:12:49,907 Results for NN 37 [Capas: 6 Neuronas: 128 Funcion: linear Optimizer: nadam, Dropout: 0] -> MAE: 1.28 | ExpVar: 0.16
2020-09-07 01:13:00,439 Results for NN 38 [Capas: 6 Neuronas: 128 Funcion: linear Optimizer: nadam, Dropout: 0.1] -> MAE: 1.75 | ExpVar: -0.04
2020-09-07 01:13:11,002 Results for NN 39 [Capas: 6 Neuronas: 128 Funcion: linear Optimizer: nadam, Dropout: 0.25] -> MAE: 1.21 | ExpVar: 0.16
2020-09-07 01:13:17,780 Results for NN 40 [Capas: 6 Neuronas: 128 Funcion: linear Optimizer: adadelta, Dropout: 0] -> MAE: 0.87 | ExpVar: 0.0
2020-09-07 01:13:25,046 Results for NN 41 [Capas: 6 Neuronas: 128 Funcion: linear Optimizer: adadelta, Dropout: 0.1] -> MAE: 0.87 | ExpVar: 0.0
2020-09-07 01:13:32,525 Results for NN 42 [Capas: 6 Neuronas: 128 Funcion: linear Optimizer: adadelta, Dropout: 0.25] -> MAE: 0.87 | ExpVar: 0.0
2020-09-07 01:13:41,470 Results for NN 43 [Capas: 6 Neuronas: 128 Funcion: relu Optimizer: nadam, Dropout: 0] -> MAE: 0.87 | ExpVar: 0.0
2020-09-07 01:13:50,964 Results for NN 44 [Capas: 6 Neuronas: 128 Funcion: relu Optimizer: nadam, Dropout: 0.1] -> MAE: 0.87 | ExpVar: 0.0
2020-09-07 01:14:01,369 Results for NN 45 [Capas: 6 Neuronas: 128 Funcion: relu Optimizer: nadam, Dropout: 0.25] -> MAE: 0.87 | ExpVar: 0.0
2020-09-07 01:14:08,174 Results for NN 46 [Capas: 6 Neuronas: 128 Funcion: relu Optimizer: adadelta, Dropout: 0] -> MAE: 0.87 | ExpVar: 0.0
2020-09-07 01:14:15,518 Results for NN 47 [Capas: 6 Neuronas: 128 Funcion: relu Optimizer: adadelta, Dropout: 0.1] -> MAE: 0.87 | ExpVar: 0.0
2020-09-07 01:14:22,957 Results for NN 48 [Capas: 6 Neuronas: 128 Funcion: relu Optimizer: adadelta, Dropout: 0.25] -> MAE: 0.87 | ExpVar: 0.0
2020-09-07 01:14:22,957 Best Model:
2020-09-07 01:14:22,959 Layers:2
2020-09-07 01:14:22,959 Neurons per Layer:128
2020-09-07 01:14:22,959 Activation f(x):relu
2020-09-07 01:14:22,960 Optimizer:nadam
2020-09-07 01:14:22,960 Dropout:0.1
2020-09-07 01:14:34,320 Assets written to: C:\Users\Juani\OneDrive\Juani\Maestria\Tesis Clima\Modelos\G3\Modelo_G3_M07_Y2009-2019\NeuralNetwork\assets
