2020-09-06 20:13:11,033 Results for SVR 1 [Kernel: rbf, Degree: 0, Gamma: auto, Coef: 0, C: 1] -> MAE:0.93 | ExpVar:0.38
2020-09-06 20:13:11,036 Results for SVR 2 [Kernel: rbf, Degree: 0, Gamma: auto, Coef: 5, C: 2] -> MAE:0.87 | ExpVar:0.4
2020-09-06 20:13:11,039 Results for SVR 3 [Kernel: rbf, Degree: 0, Gamma: auto, Coef: 10, C: 3] -> MAE:0.89 | ExpVar:0.39
2020-09-06 20:13:11,040 Results for SVR 4 [Kernel: rbf, Degree: 0, Gamma: auto, Coef: 15, C: 4] -> MAE:0.89 | ExpVar:0.39
2020-09-06 20:13:11,042 Results for SVR 5 [Kernel: rbf, Degree: 0, Gamma: auto, Coef: 20, C: 5] -> MAE:0.89 | ExpVar:0.39
2020-09-06 20:13:11,044 Results for SVR 6 [Kernel: poly, Degree: 1, Gamma: auto, Coef: 0, C: 1] -> MAE:0.93 | ExpVar:0.37
2020-09-06 20:13:11,046 Results for SVR 7 [Kernel: poly, Degree: 2, Gamma: auto, Coef: 5, C: 2] -> MAE:1.0 | ExpVar:-0.02
2020-09-06 20:13:11,048 Results for SVR 8 [Kernel: poly, Degree: 3, Gamma: auto, Coef: 10, C: 3] -> MAE:0.99 | ExpVar:0.01
2020-09-06 20:13:11,050 Results for SVR 9 [Kernel: poly, Degree: 4, Gamma: auto, Coef: 15, C: 4] -> MAE:0.99 | ExpVar:0.02
2020-09-06 20:13:11,052 Results for SVR 10 [Kernel: poly, Degree: 5, Gamma: auto, Coef: 20, C: 5] -> MAE:0.98 | ExpVar:0.03
2020-09-06 20:13:11,053 Results for SVR 11 [Kernel: sigmoid, Degree: 0, Gamma: auto, Coef: 0, C: 1] -> MAE:0.94 | ExpVar:0.36
2020-09-06 20:13:11,055 Results for SVR 12 [Kernel: sigmoid, Degree: 0, Gamma: auto, Coef: 5, C: 2] -> MAE:1.28 | ExpVar:0.0
2020-09-06 20:13:11,056 Results for SVR 13 [Kernel: sigmoid, Degree: 0, Gamma: auto, Coef: 10, C: 3] -> MAE:1.29 | ExpVar:0.0
2020-09-06 20:13:11,058 Results for SVR 14 [Kernel: sigmoid, Degree: 0, Gamma: auto, Coef: 15, C: 4] -> MAE:1.29 | ExpVar:0.0
2020-09-06 20:13:11,060 Results for SVR 15 [Kernel: sigmoid, Degree: 0, Gamma: auto, Coef: 20, C: 5] -> MAE:1.29 | ExpVar:0.0
2020-09-06 20:13:11,061 Results for SVR 16 [Kernel: poly, Degree: 12, Gamma: auto, Coef: 0, C: 1] -> MAE:1.47 | ExpVar:-0.45
2020-09-06 20:13:11,061 Best Model:
2020-09-06 20:13:11,062 Kernel:rbf
2020-09-06 20:13:11,062 Degree:0
2020-09-06 20:13:11,062 Gamma:auto
2020-09-06 20:13:11,062 Coef:5
2020-09-06 20:13:11,062 C:2
