2020-09-06 20:14:11,094 Results for XGB 1 [Target: reg:linear, MaxDepth: 2, NEstimators: 100, Alpha: 0, Lambda: 0] -> MAE: 2.3 | ExpVar: 0.34
2020-09-06 20:14:11,111 Results for XGB 2 [Target: reg:linear, MaxDepth: 2, NEstimators: 100, Alpha: 0, Lambda: 0.1] -> MAE: 2.3 | ExpVar: 0.31
2020-09-06 20:14:11,130 Results for XGB 3 [Target: reg:linear, MaxDepth: 2, NEstimators: 100, Alpha: 0.1, Lambda: 0] -> MAE: 2.39 | ExpVar: 0.32
2020-09-06 20:14:11,150 Results for XGB 4 [Target: reg:linear, MaxDepth: 2, NEstimators: 100, Alpha: 0.1, Lambda: 0.1] -> MAE: 2.24 | ExpVar: 0.38
2020-09-06 20:14:11,190 Results for XGB 5 [Target: reg:linear, MaxDepth: 2, NEstimators: 250, Alpha: 0, Lambda: 0] -> MAE: 2.3 | ExpVar: 0.34
2020-09-06 20:14:11,227 Results for XGB 6 [Target: reg:linear, MaxDepth: 2, NEstimators: 250, Alpha: 0, Lambda: 0.1] -> MAE: 2.31 | ExpVar: 0.31
2020-09-06 20:14:11,260 Results for XGB 7 [Target: reg:linear, MaxDepth: 2, NEstimators: 250, Alpha: 0.1, Lambda: 0] -> MAE: 2.39 | ExpVar: 0.32
2020-09-06 20:14:11,290 Results for XGB 8 [Target: reg:linear, MaxDepth: 2, NEstimators: 250, Alpha: 0.1, Lambda: 0.1] -> MAE: 2.24 | ExpVar: 0.37
2020-09-06 20:14:11,354 Results for XGB 9 [Target: reg:linear, MaxDepth: 2, NEstimators: 500, Alpha: 0, Lambda: 0] -> MAE: 2.3 | ExpVar: 0.34
2020-09-06 20:14:11,409 Results for XGB 10 [Target: reg:linear, MaxDepth: 2, NEstimators: 500, Alpha: 0, Lambda: 0.1] -> MAE: 2.31 | ExpVar: 0.31
2020-09-06 20:14:11,483 Results for XGB 11 [Target: reg:linear, MaxDepth: 2, NEstimators: 500, Alpha: 0.1, Lambda: 0] -> MAE: 2.39 | ExpVar: 0.32
2020-09-06 20:14:11,531 Results for XGB 12 [Target: reg:linear, MaxDepth: 2, NEstimators: 500, Alpha: 0.1, Lambda: 0.1] -> MAE: 2.24 | ExpVar: 0.37
2020-09-06 20:14:11,645 Results for XGB 13 [Target: reg:linear, MaxDepth: 2, NEstimators: 1000, Alpha: 0, Lambda: 0] -> MAE: 2.3 | ExpVar: 0.34
2020-09-06 20:14:11,744 Results for XGB 14 [Target: reg:linear, MaxDepth: 2, NEstimators: 1000, Alpha: 0, Lambda: 0.1] -> MAE: 2.31 | ExpVar: 0.31
2020-09-06 20:14:11,845 Results for XGB 15 [Target: reg:linear, MaxDepth: 2, NEstimators: 1000, Alpha: 0.1, Lambda: 0] -> MAE: 2.39 | ExpVar: 0.32
2020-09-06 20:14:11,966 Results for XGB 16 [Target: reg:linear, MaxDepth: 2, NEstimators: 1000, Alpha: 0.1, Lambda: 0.1] -> MAE: 2.24 | ExpVar: 0.37
2020-09-06 20:14:11,984 Results for XGB 17 [Target: reg:linear, MaxDepth: 3, NEstimators: 100, Alpha: 0, Lambda: 0] -> MAE: 2.3 | ExpVar: 0.25
2020-09-06 20:14:12,004 Results for XGB 18 [Target: reg:linear, MaxDepth: 3, NEstimators: 100, Alpha: 0, Lambda: 0.1] -> MAE: 2.41 | ExpVar: 0.15
2020-09-06 20:14:12,031 Results for XGB 19 [Target: reg:linear, MaxDepth: 3, NEstimators: 100, Alpha: 0.1, Lambda: 0] -> MAE: 2.26 | ExpVar: 0.2
2020-09-06 20:14:12,054 Results for XGB 20 [Target: reg:linear, MaxDepth: 3, NEstimators: 100, Alpha: 0.1, Lambda: 0.1] -> MAE: 2.59 | ExpVar: 0.12
2020-09-06 20:14:12,084 Results for XGB 21 [Target: reg:linear, MaxDepth: 3, NEstimators: 250, Alpha: 0, Lambda: 0] -> MAE: 2.3 | ExpVar: 0.25
2020-09-06 20:14:12,120 Results for XGB 22 [Target: reg:linear, MaxDepth: 3, NEstimators: 250, Alpha: 0, Lambda: 0.1] -> MAE: 2.41 | ExpVar: 0.15
2020-09-06 20:14:12,154 Results for XGB 23 [Target: reg:linear, MaxDepth: 3, NEstimators: 250, Alpha: 0.1, Lambda: 0] -> MAE: 2.26 | ExpVar: 0.2
2020-09-06 20:14:12,192 Results for XGB 24 [Target: reg:linear, MaxDepth: 3, NEstimators: 250, Alpha: 0.1, Lambda: 0.1] -> MAE: 2.59 | ExpVar: 0.12
2020-09-06 20:14:12,256 Results for XGB 25 [Target: reg:linear, MaxDepth: 3, NEstimators: 500, Alpha: 0, Lambda: 0] -> MAE: 2.3 | ExpVar: 0.25
2020-09-06 20:14:12,313 Results for XGB 26 [Target: reg:linear, MaxDepth: 3, NEstimators: 500, Alpha: 0, Lambda: 0.1] -> MAE: 2.41 | ExpVar: 0.15
2020-09-06 20:14:12,375 Results for XGB 27 [Target: reg:linear, MaxDepth: 3, NEstimators: 500, Alpha: 0.1, Lambda: 0] -> MAE: 2.26 | ExpVar: 0.2
2020-09-06 20:14:12,434 Results for XGB 28 [Target: reg:linear, MaxDepth: 3, NEstimators: 500, Alpha: 0.1, Lambda: 0.1] -> MAE: 2.59 | ExpVar: 0.12
2020-09-06 20:14:12,536 Results for XGB 29 [Target: reg:linear, MaxDepth: 3, NEstimators: 1000, Alpha: 0, Lambda: 0] -> MAE: 2.3 | ExpVar: 0.25
2020-09-06 20:14:12,641 Results for XGB 30 [Target: reg:linear, MaxDepth: 3, NEstimators: 1000, Alpha: 0, Lambda: 0.1] -> MAE: 2.41 | ExpVar: 0.15
2020-09-06 20:14:12,744 Results for XGB 31 [Target: reg:linear, MaxDepth: 3, NEstimators: 1000, Alpha: 0.1, Lambda: 0] -> MAE: 2.26 | ExpVar: 0.2
2020-09-06 20:14:12,833 Results for XGB 32 [Target: reg:linear, MaxDepth: 3, NEstimators: 1000, Alpha: 0.1, Lambda: 0.1] -> MAE: 2.59 | ExpVar: 0.12
2020-09-06 20:14:12,864 Results for XGB 33 [Target: reg:linear, MaxDepth: 6, NEstimators: 100, Alpha: 0, Lambda: 0] -> MAE: 2.27 | ExpVar: 0.12
2020-09-06 20:14:12,905 Results for XGB 34 [Target: reg:linear, MaxDepth: 6, NEstimators: 100, Alpha: 0, Lambda: 0.1] -> MAE: 2.41 | ExpVar: 0.12
2020-09-06 20:14:12,932 Results for XGB 35 [Target: reg:linear, MaxDepth: 6, NEstimators: 100, Alpha: 0.1, Lambda: 0] -> MAE: 2.41 | ExpVar: 0.19
2020-09-06 20:14:12,981 Results for XGB 36 [Target: reg:linear, MaxDepth: 6, NEstimators: 100, Alpha: 0.1, Lambda: 0.1] -> MAE: 2.21 | ExpVar: 0.22
2020-09-06 20:14:13,023 Results for XGB 37 [Target: reg:linear, MaxDepth: 6, NEstimators: 250, Alpha: 0, Lambda: 0] -> MAE: 2.27 | ExpVar: 0.12
2020-09-06 20:14:13,072 Results for XGB 38 [Target: reg:linear, MaxDepth: 6, NEstimators: 250, Alpha: 0, Lambda: 0.1] -> MAE: 2.41 | ExpVar: 0.12
2020-09-06 20:14:13,125 Results for XGB 39 [Target: reg:linear, MaxDepth: 6, NEstimators: 250, Alpha: 0.1, Lambda: 0] -> MAE: 2.41 | ExpVar: 0.19
2020-09-06 20:14:13,165 Results for XGB 40 [Target: reg:linear, MaxDepth: 6, NEstimators: 250, Alpha: 0.1, Lambda: 0.1] -> MAE: 2.21 | ExpVar: 0.22
2020-09-06 20:14:13,236 Results for XGB 41 [Target: reg:linear, MaxDepth: 6, NEstimators: 500, Alpha: 0, Lambda: 0] -> MAE: 2.27 | ExpVar: 0.12
2020-09-06 20:14:13,306 Results for XGB 42 [Target: reg:linear, MaxDepth: 6, NEstimators: 500, Alpha: 0, Lambda: 0.1] -> MAE: 2.41 | ExpVar: 0.12
2020-09-06 20:14:13,371 Results for XGB 43 [Target: reg:linear, MaxDepth: 6, NEstimators: 500, Alpha: 0.1, Lambda: 0] -> MAE: 2.41 | ExpVar: 0.19
2020-09-06 20:14:13,439 Results for XGB 44 [Target: reg:linear, MaxDepth: 6, NEstimators: 500, Alpha: 0.1, Lambda: 0.1] -> MAE: 2.21 | ExpVar: 0.22
2020-09-06 20:14:13,559 Results for XGB 45 [Target: reg:linear, MaxDepth: 6, NEstimators: 1000, Alpha: 0, Lambda: 0] -> MAE: 2.27 | ExpVar: 0.12
2020-09-06 20:14:13,684 Results for XGB 46 [Target: reg:linear, MaxDepth: 6, NEstimators: 1000, Alpha: 0, Lambda: 0.1] -> MAE: 2.41 | ExpVar: 0.12
2020-09-06 20:14:13,782 Results for XGB 47 [Target: reg:linear, MaxDepth: 6, NEstimators: 1000, Alpha: 0.1, Lambda: 0] -> MAE: 2.41 | ExpVar: 0.19
2020-09-06 20:14:13,898 Results for XGB 48 [Target: reg:linear, MaxDepth: 6, NEstimators: 1000, Alpha: 0.1, Lambda: 0.1] -> MAE: 2.21 | ExpVar: 0.22
2020-09-06 20:14:13,917 Results for XGB 49 [Target: reg:gamma, MaxDepth: 2, NEstimators: 100, Alpha: 0, Lambda: 0] -> MAE: 3.54 | ExpVar: -0.45
2020-09-06 20:14:13,934 Results for XGB 50 [Target: reg:gamma, MaxDepth: 2, NEstimators: 100, Alpha: 0, Lambda: 0.1] -> MAE: 3.3 | ExpVar: -0.41
2020-09-06 20:14:13,948 Results for XGB 51 [Target: reg:gamma, MaxDepth: 2, NEstimators: 100, Alpha: 0.1, Lambda: 0] -> MAE: 3.48 | ExpVar: -0.3
2020-09-06 20:14:13,962 Results for XGB 52 [Target: reg:gamma, MaxDepth: 2, NEstimators: 100, Alpha: 0.1, Lambda: 0.1] -> MAE: 3.47 | ExpVar: -0.35
2020-09-06 20:14:13,997 Results for XGB 53 [Target: reg:gamma, MaxDepth: 2, NEstimators: 250, Alpha: 0, Lambda: 0] -> MAE: 9.86 | ExpVar: -47.1
2020-09-06 20:14:14,040 Results for XGB 54 [Target: reg:gamma, MaxDepth: 2, NEstimators: 250, Alpha: 0, Lambda: 0.1] -> MAE: 11.2 | ExpVar: -64.17
2020-09-06 20:14:14,076 Results for XGB 55 [Target: reg:gamma, MaxDepth: 2, NEstimators: 250, Alpha: 0.1, Lambda: 0] -> MAE: 8.68 | ExpVar: -34.02
2020-09-06 20:14:14,105 Results for XGB 56 [Target: reg:gamma, MaxDepth: 2, NEstimators: 250, Alpha: 0.1, Lambda: 0.1] -> MAE: 8.88 | ExpVar: -34.48
2020-09-06 20:14:14,172 Results for XGB 57 [Target: reg:gamma, MaxDepth: 2, NEstimators: 500, Alpha: 0, Lambda: 0] -> MAE: 350.44 | ExpVar: -99610.04
2020-09-06 20:14:14,246 Results for XGB 58 [Target: reg:gamma, MaxDepth: 2, NEstimators: 500, Alpha: 0, Lambda: 0.1] -> MAE: 612.64 | ExpVar: -307819.37
2020-09-06 20:14:14,316 Results for XGB 59 [Target: reg:gamma, MaxDepth: 2, NEstimators: 500, Alpha: 0.1, Lambda: 0] -> MAE: 362.52 | ExpVar: -107211.06
2020-09-06 20:14:14,409 Results for XGB 60 [Target: reg:gamma, MaxDepth: 2, NEstimators: 500, Alpha: 0.1, Lambda: 0.1] -> MAE: 341.32 | ExpVar: -94245.04
2020-09-06 20:14:14,541 Results for XGB 61 [Target: reg:gamma, MaxDepth: 2, NEstimators: 1000, Alpha: 0, Lambda: 0] -> MAE: 3.17 | ExpVar: 0.0
2020-09-06 20:14:14,663 Results for XGB 62 [Target: reg:gamma, MaxDepth: 2, NEstimators: 1000, Alpha: 0, Lambda: 0.1] -> MAE: 3.17 | ExpVar: 0.0
2020-09-06 20:14:14,785 Results for XGB 63 [Target: reg:gamma, MaxDepth: 2, NEstimators: 1000, Alpha: 0.1, Lambda: 0] -> MAE: 3.17 | ExpVar: 0.0
2020-09-06 20:14:14,901 Results for XGB 64 [Target: reg:gamma, MaxDepth: 2, NEstimators: 1000, Alpha: 0.1, Lambda: 0.1] -> MAE: 3.17 | ExpVar: 0.0
2020-09-06 20:14:14,919 Results for XGB 65 [Target: reg:gamma, MaxDepth: 3, NEstimators: 100, Alpha: 0, Lambda: 0] -> MAE: 3.87 | ExpVar: -0.66
2020-09-06 20:14:14,941 Results for XGB 66 [Target: reg:gamma, MaxDepth: 3, NEstimators: 100, Alpha: 0, Lambda: 0.1] -> MAE: 3.58 | ExpVar: -0.26
2020-09-06 20:14:14,965 Results for XGB 67 [Target: reg:gamma, MaxDepth: 3, NEstimators: 100, Alpha: 0.1, Lambda: 0] -> MAE: 3.6 | ExpVar: -0.42
2020-09-06 20:14:14,983 Results for XGB 68 [Target: reg:gamma, MaxDepth: 3, NEstimators: 100, Alpha: 0.1, Lambda: 0.1] -> MAE: 3.6 | ExpVar: -0.32
2020-09-06 20:14:15,030 Results for XGB 69 [Target: reg:gamma, MaxDepth: 3, NEstimators: 250, Alpha: 0, Lambda: 0] -> MAE: 26.42 | ExpVar: -439.5
2020-09-06 20:14:15,072 Results for XGB 70 [Target: reg:gamma, MaxDepth: 3, NEstimators: 250, Alpha: 0, Lambda: 0.1] -> MAE: 13.82 | ExpVar: -100.97
2020-09-06 20:14:15,120 Results for XGB 71 [Target: reg:gamma, MaxDepth: 3, NEstimators: 250, Alpha: 0.1, Lambda: 0] -> MAE: 31.42 | ExpVar: -686.47
2020-09-06 20:14:15,161 Results for XGB 72 [Target: reg:gamma, MaxDepth: 3, NEstimators: 250, Alpha: 0.1, Lambda: 0.1] -> MAE: 16.29 | ExpVar: -145.0
2020-09-06 20:14:15,252 Results for XGB 73 [Target: reg:gamma, MaxDepth: 3, NEstimators: 500, Alpha: 0, Lambda: 0] -> MAE: 3878.16 | ExpVar: -12399239.84
2020-09-06 20:14:15,339 Results for XGB 74 [Target: reg:gamma, MaxDepth: 3, NEstimators: 500, Alpha: 0, Lambda: 0.1] -> MAE: 1969.1 | ExpVar: -3199979.61
2020-09-06 20:14:15,438 Results for XGB 75 [Target: reg:gamma, MaxDepth: 3, NEstimators: 500, Alpha: 0.1, Lambda: 0] -> MAE: 6588.37 | ExpVar: -35899603.02
2020-09-06 20:14:15,530 Results for XGB 76 [Target: reg:gamma, MaxDepth: 3, NEstimators: 500, Alpha: 0.1, Lambda: 0.1] -> MAE: 2419.19 | ExpVar: -4830383.69
2020-09-06 20:14:15,669 Results for XGB 77 [Target: reg:gamma, MaxDepth: 3, NEstimators: 1000, Alpha: 0, Lambda: 0] -> MAE: 3.17 | ExpVar: 0.0
2020-09-06 20:14:15,813 Results for XGB 78 [Target: reg:gamma, MaxDepth: 3, NEstimators: 1000, Alpha: 0, Lambda: 0.1] -> MAE: 3.17 | ExpVar: 0.0
2020-09-06 20:14:15,959 Results for XGB 79 [Target: reg:gamma, MaxDepth: 3, NEstimators: 1000, Alpha: 0.1, Lambda: 0] -> MAE: 3.17 | ExpVar: 0.0
2020-09-06 20:14:16,113 Results for XGB 80 [Target: reg:gamma, MaxDepth: 3, NEstimators: 1000, Alpha: 0.1, Lambda: 0.1] -> MAE: 3.17 | ExpVar: 0.0
2020-09-06 20:14:16,152 Results for XGB 81 [Target: reg:gamma, MaxDepth: 6, NEstimators: 100, Alpha: 0, Lambda: 0] -> MAE: 4.27 | ExpVar: -1.35
2020-09-06 20:14:16,189 Results for XGB 82 [Target: reg:gamma, MaxDepth: 6, NEstimators: 100, Alpha: 0, Lambda: 0.1] -> MAE: 3.8 | ExpVar: -0.89
2020-09-06 20:14:16,223 Results for XGB 83 [Target: reg:gamma, MaxDepth: 6, NEstimators: 100, Alpha: 0.1, Lambda: 0] -> MAE: 4.01 | ExpVar: -0.96
2020-09-06 20:14:16,249 Results for XGB 84 [Target: reg:gamma, MaxDepth: 6, NEstimators: 100, Alpha: 0.1, Lambda: 0.1] -> MAE: 4.01 | ExpVar: -0.95
2020-09-06 20:14:16,327 Results for XGB 85 [Target: reg:gamma, MaxDepth: 6, NEstimators: 250, Alpha: 0, Lambda: 0] -> MAE: 73.73 | ExpVar: -2687.09
2020-09-06 20:14:16,415 Results for XGB 86 [Target: reg:gamma, MaxDepth: 6, NEstimators: 250, Alpha: 0, Lambda: 0.1] -> MAE: 36.25 | ExpVar: -466.5
2020-09-06 20:14:16,484 Results for XGB 87 [Target: reg:gamma, MaxDepth: 6, NEstimators: 250, Alpha: 0.1, Lambda: 0] -> MAE: 59.01 | ExpVar: -1574.21
2020-09-06 20:14:16,560 Results for XGB 88 [Target: reg:gamma, MaxDepth: 6, NEstimators: 250, Alpha: 0.1, Lambda: 0.1] -> MAE: 48.2 | ExpVar: -1135.59
2020-09-06 20:14:16,709 Results for XGB 89 [Target: reg:gamma, MaxDepth: 6, NEstimators: 500, Alpha: 0, Lambda: 0] -> MAE: 72824.94 | ExpVar: -4226417667.7
2020-09-06 20:14:16,916 Results for XGB 90 [Target: reg:gamma, MaxDepth: 6, NEstimators: 500, Alpha: 0, Lambda: 0.1] -> MAE: 37315.15 | ExpVar: -1091259742.88
2020-09-06 20:14:18,539 Results for XGB 91 [Target: reg:gamma, MaxDepth: 6, NEstimators: 500, Alpha: 0.1, Lambda: 0] -> MAE: 105940.81 | ExpVar: -9118393501.04
2020-09-06 20:14:20,264 Results for XGB 92 [Target: reg:gamma, MaxDepth: 6, NEstimators: 500, Alpha: 0.1, Lambda: 0.1] -> MAE: 73379.83 | ExpVar: -4382952922.94
2020-09-06 20:14:22,543 Results for XGB 93 [Target: reg:gamma, MaxDepth: 6, NEstimators: 1000, Alpha: 0, Lambda: 0] -> MAE: 3.17 | ExpVar: 0.0
2020-09-06 20:14:24,760 Results for XGB 94 [Target: reg:gamma, MaxDepth: 6, NEstimators: 1000, Alpha: 0, Lambda: 0.1] -> MAE: 3.17 | ExpVar: 0.0
2020-09-06 20:14:25,180 Results for XGB 95 [Target: reg:gamma, MaxDepth: 6, NEstimators: 1000, Alpha: 0.1, Lambda: 0] -> MAE: 3.17 | ExpVar: 0.0
2020-09-06 20:14:25,394 Results for XGB 96 [Target: reg:gamma, MaxDepth: 6, NEstimators: 1000, Alpha: 0.1, Lambda: 0.1] -> MAE: 3.17 | ExpVar: 0.0
2020-09-06 20:14:25,394 Best Model:
2020-09-06 20:14:25,395 Target:reg:linear
2020-09-06 20:14:25,395 MaxDepth:6
2020-09-06 20:14:25,395 NEstimators:250
2020-09-06 20:14:25,396 Alpha:0.1
2020-09-06 20:14:25,396 Gamma:0.1
