2020-09-06 20:45:24,287 Results for NN 1 [Capas: 2 Neuronas: 64 Funcion: linear Optimizer: nadam, Dropout: 0] -> MAE: 0.91 | ExpVar: 0.05
2020-09-06 20:45:28,362 Results for NN 2 [Capas: 2 Neuronas: 64 Funcion: linear Optimizer: nadam, Dropout: 0.1] -> MAE: 0.92 | ExpVar: 0.05
2020-09-06 20:45:39,886 Results for NN 3 [Capas: 2 Neuronas: 64 Funcion: linear Optimizer: nadam, Dropout: 0.25] -> MAE: 0.89 | ExpVar: 0.1
2020-09-06 20:45:43,428 Results for NN 4 [Capas: 2 Neuronas: 64 Funcion: linear Optimizer: adadelta, Dropout: 0] -> MAE: 0.97 | ExpVar: 0.03
2020-09-06 20:45:47,143 Results for NN 5 [Capas: 2 Neuronas: 64 Funcion: linear Optimizer: adadelta, Dropout: 0.1] -> MAE: 0.98 | ExpVar: -0.0
2020-09-06 20:45:58,063 Results for NN 6 [Capas: 2 Neuronas: 64 Funcion: linear Optimizer: adadelta, Dropout: 0.25] -> MAE: 0.98 | ExpVar: -0.0
2020-09-06 20:46:02,105 Results for NN 7 [Capas: 2 Neuronas: 64 Funcion: relu Optimizer: nadam, Dropout: 0] -> MAE: 0.98 | ExpVar: 0.0
2020-09-06 20:46:11,288 Results for NN 8 [Capas: 2 Neuronas: 64 Funcion: relu Optimizer: nadam, Dropout: 0.1] -> MAE: 0.8 | ExpVar: 0.48
2020-09-06 20:46:17,773 Results for NN 9 [Capas: 2 Neuronas: 64 Funcion: relu Optimizer: nadam, Dropout: 0.25] -> MAE: 0.78 | ExpVar: 0.54
2020-09-06 20:46:21,359 Results for NN 10 [Capas: 2 Neuronas: 64 Funcion: relu Optimizer: adadelta, Dropout: 0] -> MAE: 0.98 | ExpVar: 0.01
2020-09-06 20:46:32,246 Results for NN 11 [Capas: 2 Neuronas: 64 Funcion: relu Optimizer: adadelta, Dropout: 0.1] -> MAE: 0.97 | ExpVar: 0.01
2020-09-06 20:46:35,873 Results for NN 12 [Capas: 2 Neuronas: 64 Funcion: relu Optimizer: adadelta, Dropout: 0.25] -> MAE: 0.98 | ExpVar: -0.0
2020-09-06 20:46:40,250 Results for NN 13 [Capas: 2 Neuronas: 128 Funcion: linear Optimizer: nadam, Dropout: 0] -> MAE: 0.92 | ExpVar: 0.05
2020-09-06 20:46:52,521 Results for NN 14 [Capas: 2 Neuronas: 128 Funcion: linear Optimizer: nadam, Dropout: 0.1] -> MAE: 0.78 | ExpVar: 0.51
2020-09-06 20:46:56,744 Results for NN 15 [Capas: 2 Neuronas: 128 Funcion: linear Optimizer: nadam, Dropout: 0.25] -> MAE: 0.91 | ExpVar: 0.08
2020-09-06 20:47:00,570 Results for NN 16 [Capas: 2 Neuronas: 128 Funcion: linear Optimizer: adadelta, Dropout: 0] -> MAE: 0.96 | ExpVar: 0.02
2020-09-06 20:47:11,670 Results for NN 17 [Capas: 2 Neuronas: 128 Funcion: linear Optimizer: adadelta, Dropout: 0.1] -> MAE: 0.97 | ExpVar: 0.03
2020-09-06 20:47:15,835 Results for NN 18 [Capas: 2 Neuronas: 128 Funcion: linear Optimizer: adadelta, Dropout: 0.25] -> MAE: 0.97 | ExpVar: 0.01
2020-09-06 20:47:19,960 Results for NN 19 [Capas: 2 Neuronas: 128 Funcion: relu Optimizer: nadam, Dropout: 0] -> MAE: 0.89 | ExpVar: 0.29
2020-09-06 20:47:33,470 Results for NN 20 [Capas: 2 Neuronas: 128 Funcion: relu Optimizer: nadam, Dropout: 0.1] -> MAE: 0.86 | ExpVar: 0.36
2020-09-06 20:47:37,829 Results for NN 21 [Capas: 2 Neuronas: 128 Funcion: relu Optimizer: nadam, Dropout: 0.25] -> MAE: 0.9 | ExpVar: 0.33
2020-09-06 20:47:49,066 Results for NN 22 [Capas: 2 Neuronas: 128 Funcion: relu Optimizer: adadelta, Dropout: 0] -> MAE: 0.98 | ExpVar: -0.0
2020-09-06 20:47:52,905 Results for NN 23 [Capas: 2 Neuronas: 128 Funcion: relu Optimizer: adadelta, Dropout: 0.1] -> MAE: 0.98 | ExpVar: -0.0
2020-09-06 20:47:56,762 Results for NN 24 [Capas: 2 Neuronas: 128 Funcion: relu Optimizer: adadelta, Dropout: 0.25] -> MAE: 0.98 | ExpVar: -0.0
2020-09-06 20:48:10,053 Results for NN 25 [Capas: 6 Neuronas: 64 Funcion: linear Optimizer: nadam, Dropout: 0] -> MAE: 0.98 | ExpVar: 0.0
2020-09-06 20:48:15,841 Results for NN 26 [Capas: 6 Neuronas: 64 Funcion: linear Optimizer: nadam, Dropout: 0.1] -> MAE: 0.98 | ExpVar: 0.0
2020-09-06 20:48:28,462 Results for NN 27 [Capas: 6 Neuronas: 64 Funcion: linear Optimizer: nadam, Dropout: 0.25] -> MAE: 0.9 | ExpVar: 0.12
2020-09-06 20:48:32,574 Results for NN 28 [Capas: 6 Neuronas: 64 Funcion: linear Optimizer: adadelta, Dropout: 0] -> MAE: 0.98 | ExpVar: 0.0
2020-09-06 20:48:44,741 Results for NN 29 [Capas: 6 Neuronas: 64 Funcion: linear Optimizer: adadelta, Dropout: 0.1] -> MAE: 0.98 | ExpVar: 0.0
2020-09-06 20:48:49,335 Results for NN 30 [Capas: 6 Neuronas: 64 Funcion: linear Optimizer: adadelta, Dropout: 0.25] -> MAE: 0.98 | ExpVar: 0.0
2020-09-06 20:49:02,762 Results for NN 31 [Capas: 6 Neuronas: 64 Funcion: relu Optimizer: nadam, Dropout: 0] -> MAE: 0.98 | ExpVar: 0.0
2020-09-06 20:49:08,528 Results for NN 32 [Capas: 6 Neuronas: 64 Funcion: relu Optimizer: nadam, Dropout: 0.1] -> MAE: 0.78 | ExpVar: 0.58
2020-09-06 20:49:21,144 Results for NN 33 [Capas: 6 Neuronas: 64 Funcion: relu Optimizer: nadam, Dropout: 0.25] -> MAE: 0.98 | ExpVar: 0.0
2020-09-06 20:49:25,334 Results for NN 34 [Capas: 6 Neuronas: 64 Funcion: relu Optimizer: adadelta, Dropout: 0] -> MAE: 0.98 | ExpVar: 0.0
2020-09-06 20:49:30,017 Results for NN 35 [Capas: 6 Neuronas: 64 Funcion: relu Optimizer: adadelta, Dropout: 0.1] -> MAE: 0.98 | ExpVar: 0.0
2020-09-06 20:49:42,780 Results for NN 36 [Capas: 6 Neuronas: 64 Funcion: relu Optimizer: adadelta, Dropout: 0.25] -> MAE: 0.98 | ExpVar: 0.0
2020-09-06 20:49:57,908 Results for NN 37 [Capas: 6 Neuronas: 128 Funcion: linear Optimizer: nadam, Dropout: 0] -> MAE: 0.9 | ExpVar: 0.09
2020-09-06 20:50:04,926 Results for NN 38 [Capas: 6 Neuronas: 128 Funcion: linear Optimizer: nadam, Dropout: 0.1] -> MAE: 0.92 | ExpVar: 0.06
2020-09-06 20:50:22,991 Results for NN 39 [Capas: 6 Neuronas: 128 Funcion: linear Optimizer: nadam, Dropout: 0.25] -> MAE: 0.91 | ExpVar: 0.08
2020-09-06 20:50:37,863 Results for NN 40 [Capas: 6 Neuronas: 128 Funcion: linear Optimizer: adadelta, Dropout: 0] -> MAE: 0.98 | ExpVar: 0.0
2020-09-06 20:50:52,788 Results for NN 41 [Capas: 6 Neuronas: 128 Funcion: linear Optimizer: adadelta, Dropout: 0.1] -> MAE: 0.97 | ExpVar: 0.01
2020-09-06 20:50:59,076 Results for NN 42 [Capas: 6 Neuronas: 128 Funcion: linear Optimizer: adadelta, Dropout: 0.25] -> MAE: 0.98 | ExpVar: 0.0
2020-09-06 20:51:14,319 Results for NN 43 [Capas: 6 Neuronas: 128 Funcion: relu Optimizer: nadam, Dropout: 0] -> MAE: 0.98 | ExpVar: 0.0
2020-09-06 20:51:30,669 Results for NN 44 [Capas: 6 Neuronas: 128 Funcion: relu Optimizer: nadam, Dropout: 0.1] -> MAE: 0.98 | ExpVar: 0.0
2020-09-06 20:51:37,898 Results for NN 45 [Capas: 6 Neuronas: 128 Funcion: relu Optimizer: nadam, Dropout: 0.25] -> MAE: 0.98 | ExpVar: 0.0
2020-09-06 20:51:52,121 Results for NN 46 [Capas: 6 Neuronas: 128 Funcion: relu Optimizer: adadelta, Dropout: 0] -> MAE: 0.98 | ExpVar: -0.0
2020-09-06 20:52:06,960 Results for NN 47 [Capas: 6 Neuronas: 128 Funcion: relu Optimizer: adadelta, Dropout: 0.1] -> MAE: 0.98 | ExpVar: 0.0
2020-09-06 20:52:13,740 Results for NN 48 [Capas: 6 Neuronas: 128 Funcion: relu Optimizer: adadelta, Dropout: 0.25] -> MAE: 0.98 | ExpVar: -0.0
2020-09-06 20:52:13,741 Best Model:
2020-09-06 20:52:13,742 Layers:2
2020-09-06 20:52:13,742 Neurons per Layer:64
2020-09-06 20:52:13,743 Activation f(x):relu
2020-09-06 20:52:13,743 Optimizer:nadam
2020-09-06 20:52:13,744 Dropout:0.25
2020-09-06 20:52:30,987 Assets written to: C:\Users\Juani\OneDrive\Juani\Maestria\Tesis Clima\Modelos\G0\Modelo_G0_M02_Y2009-2019\NeuralNetwork\assets
