2020-09-06 22:25:07,043 Results for NN 1 [Capas: 2 Neuronas: 64 Funcion: linear Optimizer: nadam, Dropout: 0] -> MAE: 0.79 | ExpVar: 0.19
2020-09-06 22:25:19,333 Results for NN 2 [Capas: 2 Neuronas: 64 Funcion: linear Optimizer: nadam, Dropout: 0.1] -> MAE: 0.75 | ExpVar: 0.22
2020-09-06 22:25:23,605 Results for NN 3 [Capas: 2 Neuronas: 64 Funcion: linear Optimizer: nadam, Dropout: 0.25] -> MAE: 0.76 | ExpVar: 0.21
2020-09-06 22:25:27,331 Results for NN 4 [Capas: 2 Neuronas: 64 Funcion: linear Optimizer: adadelta, Dropout: 0] -> MAE: 0.93 | ExpVar: 0.02
2020-09-06 22:25:39,233 Results for NN 5 [Capas: 2 Neuronas: 64 Funcion: linear Optimizer: adadelta, Dropout: 0.1] -> MAE: 0.91 | ExpVar: 0.06
2020-09-06 22:25:43,970 Results for NN 6 [Capas: 2 Neuronas: 64 Funcion: linear Optimizer: adadelta, Dropout: 0.25] -> MAE: 0.93 | ExpVar: 0.01
2020-09-06 22:25:54,535 Results for NN 7 [Capas: 2 Neuronas: 64 Funcion: relu Optimizer: nadam, Dropout: 0] -> MAE: 0.83 | ExpVar: 0.24
2020-09-06 22:26:00,974 Results for NN 8 [Capas: 2 Neuronas: 64 Funcion: relu Optimizer: nadam, Dropout: 0.1] -> MAE: 0.82 | ExpVar: 0.26
2020-09-06 22:26:05,165 Results for NN 9 [Capas: 2 Neuronas: 64 Funcion: relu Optimizer: nadam, Dropout: 0.25] -> MAE: 0.83 | ExpVar: 0.23
2020-09-06 22:26:08,972 Results for NN 10 [Capas: 2 Neuronas: 64 Funcion: relu Optimizer: adadelta, Dropout: 0] -> MAE: 0.94 | ExpVar: -0.0
2020-09-06 22:26:20,916 Results for NN 11 [Capas: 2 Neuronas: 64 Funcion: relu Optimizer: adadelta, Dropout: 0.1] -> MAE: 0.93 | ExpVar: 0.01
2020-09-06 22:26:24,724 Results for NN 12 [Capas: 2 Neuronas: 64 Funcion: relu Optimizer: adadelta, Dropout: 0.25] -> MAE: 0.92 | ExpVar: 0.03
2020-09-06 22:26:29,044 Results for NN 13 [Capas: 2 Neuronas: 128 Funcion: linear Optimizer: nadam, Dropout: 0] -> MAE: 0.76 | ExpVar: 0.23
2020-09-06 22:26:41,538 Results for NN 14 [Capas: 2 Neuronas: 128 Funcion: linear Optimizer: nadam, Dropout: 0.1] -> MAE: 0.8 | ExpVar: 0.18
2020-09-06 22:26:45,984 Results for NN 15 [Capas: 2 Neuronas: 128 Funcion: linear Optimizer: nadam, Dropout: 0.25] -> MAE: 0.78 | ExpVar: 0.2
2020-09-06 22:26:49,859 Results for NN 16 [Capas: 2 Neuronas: 128 Funcion: linear Optimizer: adadelta, Dropout: 0] -> MAE: 0.93 | ExpVar: 0.02
2020-09-06 22:27:01,849 Results for NN 17 [Capas: 2 Neuronas: 128 Funcion: linear Optimizer: adadelta, Dropout: 0.1] -> MAE: 0.92 | ExpVar: 0.04
2020-09-06 22:27:05,824 Results for NN 18 [Capas: 2 Neuronas: 128 Funcion: linear Optimizer: adadelta, Dropout: 0.25] -> MAE: 0.9 | ExpVar: 0.06
2020-09-06 22:27:10,115 Results for NN 19 [Capas: 2 Neuronas: 128 Funcion: relu Optimizer: nadam, Dropout: 0] -> MAE: 0.87 | ExpVar: 0.18
2020-09-06 22:27:22,488 Results for NN 20 [Capas: 2 Neuronas: 128 Funcion: relu Optimizer: nadam, Dropout: 0.1] -> MAE: 0.94 | ExpVar: 0.0
2020-09-06 22:27:26,711 Results for NN 21 [Capas: 2 Neuronas: 128 Funcion: relu Optimizer: nadam, Dropout: 0.25] -> MAE: 0.84 | ExpVar: 0.21
2020-09-06 22:27:30,491 Results for NN 22 [Capas: 2 Neuronas: 128 Funcion: relu Optimizer: adadelta, Dropout: 0] -> MAE: 0.94 | ExpVar: 0.0
2020-09-06 22:27:41,427 Results for NN 23 [Capas: 2 Neuronas: 128 Funcion: relu Optimizer: adadelta, Dropout: 0.1] -> MAE: 0.93 | ExpVar: 0.02
2020-09-06 22:27:45,320 Results for NN 24 [Capas: 2 Neuronas: 128 Funcion: relu Optimizer: adadelta, Dropout: 0.25] -> MAE: 0.93 | ExpVar: 0.0
2020-09-06 22:27:53,584 Results for NN 25 [Capas: 6 Neuronas: 64 Funcion: linear Optimizer: nadam, Dropout: 0] -> MAE: 0.94 | ExpVar: 0.0
2020-09-06 22:28:07,373 Results for NN 26 [Capas: 6 Neuronas: 64 Funcion: linear Optimizer: nadam, Dropout: 0.1] -> MAE: 0.94 | ExpVar: 0.0
2020-09-06 22:28:25,336 Results for NN 27 [Capas: 6 Neuronas: 64 Funcion: linear Optimizer: nadam, Dropout: 0.25] -> MAE: 0.75 | ExpVar: 0.22
2020-09-06 22:28:30,191 Results for NN 28 [Capas: 6 Neuronas: 64 Funcion: linear Optimizer: adadelta, Dropout: 0] -> MAE: 0.94 | ExpVar: -0.0
2020-09-06 22:28:35,401 Results for NN 29 [Capas: 6 Neuronas: 64 Funcion: linear Optimizer: adadelta, Dropout: 0.1] -> MAE: 0.94 | ExpVar: 0.0
2020-09-06 22:28:48,739 Results for NN 30 [Capas: 6 Neuronas: 64 Funcion: linear Optimizer: adadelta, Dropout: 0.25] -> MAE: 0.94 | ExpVar: 0.0
2020-09-06 22:28:54,500 Results for NN 31 [Capas: 6 Neuronas: 64 Funcion: relu Optimizer: nadam, Dropout: 0] -> MAE: 0.94 | ExpVar: 0.0
2020-09-06 22:29:08,588 Results for NN 32 [Capas: 6 Neuronas: 64 Funcion: relu Optimizer: nadam, Dropout: 0.1] -> MAE: 0.94 | ExpVar: 0.0
2020-09-06 22:29:14,599 Results for NN 33 [Capas: 6 Neuronas: 64 Funcion: relu Optimizer: nadam, Dropout: 0.25] -> MAE: 0.94 | ExpVar: 0.0
2020-09-06 22:29:26,325 Results for NN 34 [Capas: 6 Neuronas: 64 Funcion: relu Optimizer: adadelta, Dropout: 0] -> MAE: 0.94 | ExpVar: 0.0
2020-09-06 22:29:31,350 Results for NN 35 [Capas: 6 Neuronas: 64 Funcion: relu Optimizer: adadelta, Dropout: 0.1] -> MAE: 0.94 | ExpVar: 0.0
2020-09-06 22:29:36,330 Results for NN 36 [Capas: 6 Neuronas: 64 Funcion: relu Optimizer: adadelta, Dropout: 0.25] -> MAE: 0.94 | ExpVar: 0.0
2020-09-06 22:29:50,162 Results for NN 37 [Capas: 6 Neuronas: 128 Funcion: linear Optimizer: nadam, Dropout: 0] -> MAE: 0.9 | ExpVar: 0.04
2020-09-06 22:29:56,414 Results for NN 38 [Capas: 6 Neuronas: 128 Funcion: linear Optimizer: nadam, Dropout: 0.1] -> MAE: 0.89 | ExpVar: 0.05
2020-09-06 22:30:10,703 Results for NN 39 [Capas: 6 Neuronas: 128 Funcion: linear Optimizer: nadam, Dropout: 0.25] -> MAE: 0.75 | ExpVar: 0.28
2020-09-06 22:30:15,479 Results for NN 40 [Capas: 6 Neuronas: 128 Funcion: linear Optimizer: adadelta, Dropout: 0] -> MAE: 0.94 | ExpVar: 0.0
2020-09-06 22:30:27,810 Results for NN 41 [Capas: 6 Neuronas: 128 Funcion: linear Optimizer: adadelta, Dropout: 0.1] -> MAE: 0.94 | ExpVar: -0.0
2020-09-06 22:30:33,090 Results for NN 42 [Capas: 6 Neuronas: 128 Funcion: linear Optimizer: adadelta, Dropout: 0.25] -> MAE: 0.94 | ExpVar: 0.0
2020-09-06 22:30:46,897 Results for NN 43 [Capas: 6 Neuronas: 128 Funcion: relu Optimizer: nadam, Dropout: 0] -> MAE: 0.94 | ExpVar: 0.0
2020-09-06 22:30:54,342 Results for NN 44 [Capas: 6 Neuronas: 128 Funcion: relu Optimizer: nadam, Dropout: 0.1] -> MAE: 0.94 | ExpVar: 0.0
2020-09-06 22:31:08,463 Results for NN 45 [Capas: 6 Neuronas: 128 Funcion: relu Optimizer: nadam, Dropout: 0.25] -> MAE: 0.94 | ExpVar: 0.0
2020-09-06 22:31:13,201 Results for NN 46 [Capas: 6 Neuronas: 128 Funcion: relu Optimizer: adadelta, Dropout: 0] -> MAE: 0.94 | ExpVar: 0.0
2020-09-06 22:31:25,705 Results for NN 47 [Capas: 6 Neuronas: 128 Funcion: relu Optimizer: adadelta, Dropout: 0.1] -> MAE: 0.94 | ExpVar: 0.0
2020-09-06 22:31:31,045 Results for NN 48 [Capas: 6 Neuronas: 128 Funcion: relu Optimizer: adadelta, Dropout: 0.25] -> MAE: 0.94 | ExpVar: 0.0
2020-09-06 22:31:31,045 Best Model:
2020-09-06 22:31:31,046 Layers:6
2020-09-06 22:31:31,046 Neurons per Layer:128
2020-09-06 22:31:31,047 Activation f(x):linear
2020-09-06 22:31:31,047 Optimizer:nadam
2020-09-06 22:31:31,048 Dropout:0.25
2020-09-06 22:31:50,267 Assets written to: C:\Users\Juani\OneDrive\Juani\Maestria\Tesis Clima\Modelos\G1\Modelo_G1_M07_Y2009-2019\NeuralNetwork\assets
