2020-09-06 21:32:45,445 Results for NN 1 [Capas: 2 Neuronas: 64 Funcion: linear Optimizer: nadam, Dropout: 0] -> MAE: 0.57 | ExpVar: 0.0
2020-09-06 21:32:49,855 Results for NN 2 [Capas: 2 Neuronas: 64 Funcion: linear Optimizer: nadam, Dropout: 0.1] -> MAE: 0.57 | ExpVar: 0.0
2020-09-06 21:32:54,250 Results for NN 3 [Capas: 2 Neuronas: 64 Funcion: linear Optimizer: nadam, Dropout: 0.25] -> MAE: 0.57 | ExpVar: 0.0
2020-09-06 21:32:58,162 Results for NN 4 [Capas: 2 Neuronas: 64 Funcion: linear Optimizer: adadelta, Dropout: 0] -> MAE: 0.57 | ExpVar: 0.0
2020-09-06 21:33:02,192 Results for NN 5 [Capas: 2 Neuronas: 64 Funcion: linear Optimizer: adadelta, Dropout: 0.1] -> MAE: 0.6 | ExpVar: -0.08
2020-09-06 21:33:06,220 Results for NN 6 [Capas: 2 Neuronas: 64 Funcion: linear Optimizer: adadelta, Dropout: 0.25] -> MAE: 0.57 | ExpVar: -0.01
2020-09-06 21:33:10,559 Results for NN 7 [Capas: 2 Neuronas: 64 Funcion: relu Optimizer: nadam, Dropout: 0] -> MAE: 0.57 | ExpVar: 0.0
2020-09-06 21:33:15,021 Results for NN 8 [Capas: 2 Neuronas: 64 Funcion: relu Optimizer: nadam, Dropout: 0.1] -> MAE: 0.57 | ExpVar: 0.0
2020-09-06 21:33:19,425 Results for NN 9 [Capas: 2 Neuronas: 64 Funcion: relu Optimizer: nadam, Dropout: 0.25] -> MAE: 0.57 | ExpVar: 0.0
2020-09-06 21:33:23,312 Results for NN 10 [Capas: 2 Neuronas: 64 Funcion: relu Optimizer: adadelta, Dropout: 0] -> MAE: 0.57 | ExpVar: 0.01
2020-09-06 21:33:27,266 Results for NN 11 [Capas: 2 Neuronas: 64 Funcion: relu Optimizer: adadelta, Dropout: 0.1] -> MAE: 0.57 | ExpVar: 0.0
2020-09-06 21:33:31,224 Results for NN 12 [Capas: 2 Neuronas: 64 Funcion: relu Optimizer: adadelta, Dropout: 0.25] -> MAE: 0.57 | ExpVar: -0.0
2020-09-06 21:33:35,657 Results for NN 13 [Capas: 2 Neuronas: 128 Funcion: linear Optimizer: nadam, Dropout: 0] -> MAE: 0.57 | ExpVar: 0.0
2020-09-06 21:33:40,262 Results for NN 14 [Capas: 2 Neuronas: 128 Funcion: linear Optimizer: nadam, Dropout: 0.1] -> MAE: 0.57 | ExpVar: 0.0
2020-09-06 21:33:46,286 Results for NN 15 [Capas: 2 Neuronas: 128 Funcion: linear Optimizer: nadam, Dropout: 0.25] -> MAE: 0.57 | ExpVar: 0.0
2020-09-06 21:33:50,434 Results for NN 16 [Capas: 2 Neuronas: 128 Funcion: linear Optimizer: adadelta, Dropout: 0] -> MAE: 0.57 | ExpVar: 0.0
2020-09-06 21:33:54,630 Results for NN 17 [Capas: 2 Neuronas: 128 Funcion: linear Optimizer: adadelta, Dropout: 0.1] -> MAE: 0.57 | ExpVar: 0.02
2020-09-06 21:33:58,855 Results for NN 18 [Capas: 2 Neuronas: 128 Funcion: linear Optimizer: adadelta, Dropout: 0.25] -> MAE: 0.57 | ExpVar: 0.05
2020-09-06 21:34:03,556 Results for NN 19 [Capas: 2 Neuronas: 128 Funcion: relu Optimizer: nadam, Dropout: 0] -> MAE: 0.57 | ExpVar: 0.0
2020-09-06 21:34:08,182 Results for NN 20 [Capas: 2 Neuronas: 128 Funcion: relu Optimizer: nadam, Dropout: 0.1] -> MAE: 0.57 | ExpVar: 0.0
2020-09-06 21:34:12,833 Results for NN 21 [Capas: 2 Neuronas: 128 Funcion: relu Optimizer: nadam, Dropout: 0.25] -> MAE: 0.57 | ExpVar: 0.0
2020-09-06 21:34:17,799 Results for NN 22 [Capas: 2 Neuronas: 128 Funcion: relu Optimizer: adadelta, Dropout: 0] -> MAE: 0.57 | ExpVar: -0.0
2020-09-06 21:34:23,141 Results for NN 23 [Capas: 2 Neuronas: 128 Funcion: relu Optimizer: adadelta, Dropout: 0.1] -> MAE: 0.58 | ExpVar: -0.0
2020-09-06 21:34:27,391 Results for NN 24 [Capas: 2 Neuronas: 128 Funcion: relu Optimizer: adadelta, Dropout: 0.25] -> MAE: 0.57 | ExpVar: 0.0
2020-09-06 21:34:33,007 Results for NN 25 [Capas: 6 Neuronas: 64 Funcion: linear Optimizer: nadam, Dropout: 0] -> MAE: 0.57 | ExpVar: 0.0
2020-09-06 21:34:38,987 Results for NN 26 [Capas: 6 Neuronas: 64 Funcion: linear Optimizer: nadam, Dropout: 0.1] -> MAE: 0.57 | ExpVar: 0.0
2020-09-06 21:34:45,518 Results for NN 27 [Capas: 6 Neuronas: 64 Funcion: linear Optimizer: nadam, Dropout: 0.25] -> MAE: 0.57 | ExpVar: 0.0
2020-09-06 21:34:50,173 Results for NN 28 [Capas: 6 Neuronas: 64 Funcion: linear Optimizer: adadelta, Dropout: 0] -> MAE: 0.57 | ExpVar: 0.0
2020-09-06 21:34:55,204 Results for NN 29 [Capas: 6 Neuronas: 64 Funcion: linear Optimizer: adadelta, Dropout: 0.1] -> MAE: 0.57 | ExpVar: -0.0
2020-09-06 21:35:00,373 Results for NN 30 [Capas: 6 Neuronas: 64 Funcion: linear Optimizer: adadelta, Dropout: 0.25] -> MAE: 0.57 | ExpVar: 0.0
2020-09-06 21:35:06,075 Results for NN 31 [Capas: 6 Neuronas: 64 Funcion: relu Optimizer: nadam, Dropout: 0] -> MAE: 0.57 | ExpVar: 0.0
2020-09-06 21:35:12,583 Results for NN 32 [Capas: 6 Neuronas: 64 Funcion: relu Optimizer: nadam, Dropout: 0.1] -> MAE: 0.57 | ExpVar: 0.0
2020-09-06 21:35:20,075 Results for NN 33 [Capas: 6 Neuronas: 64 Funcion: relu Optimizer: nadam, Dropout: 0.25] -> MAE: 0.57 | ExpVar: 0.0
2020-09-06 21:35:25,032 Results for NN 34 [Capas: 6 Neuronas: 64 Funcion: relu Optimizer: adadelta, Dropout: 0] -> MAE: 0.57 | ExpVar: -0.0
2020-09-06 21:35:30,261 Results for NN 35 [Capas: 6 Neuronas: 64 Funcion: relu Optimizer: adadelta, Dropout: 0.1] -> MAE: 0.57 | ExpVar: -0.0
2020-09-06 21:35:35,513 Results for NN 36 [Capas: 6 Neuronas: 64 Funcion: relu Optimizer: adadelta, Dropout: 0.25] -> MAE: 0.57 | ExpVar: 0.0
2020-09-06 21:35:41,574 Results for NN 37 [Capas: 6 Neuronas: 128 Funcion: linear Optimizer: nadam, Dropout: 0] -> MAE: 0.57 | ExpVar: 0.0
2020-09-06 21:35:48,331 Results for NN 38 [Capas: 6 Neuronas: 128 Funcion: linear Optimizer: nadam, Dropout: 0.1] -> MAE: 0.57 | ExpVar: 0.0
2020-09-06 21:35:54,782 Results for NN 39 [Capas: 6 Neuronas: 128 Funcion: linear Optimizer: nadam, Dropout: 0.25] -> MAE: 0.57 | ExpVar: 0.0
2020-09-06 21:35:59,868 Results for NN 40 [Capas: 6 Neuronas: 128 Funcion: linear Optimizer: adadelta, Dropout: 0] -> MAE: 0.57 | ExpVar: 0.0
2020-09-06 21:36:05,568 Results for NN 41 [Capas: 6 Neuronas: 128 Funcion: linear Optimizer: adadelta, Dropout: 0.1] -> MAE: 0.57 | ExpVar: 0.0
2020-09-06 21:36:11,268 Results for NN 42 [Capas: 6 Neuronas: 128 Funcion: linear Optimizer: adadelta, Dropout: 0.25] -> MAE: 0.57 | ExpVar: 0.0
2020-09-06 21:36:17,307 Results for NN 43 [Capas: 6 Neuronas: 128 Funcion: relu Optimizer: nadam, Dropout: 0] -> MAE: 0.57 | ExpVar: 0.0
2020-09-06 21:36:23,868 Results for NN 44 [Capas: 6 Neuronas: 128 Funcion: relu Optimizer: nadam, Dropout: 0.1] -> MAE: 0.57 | ExpVar: 0.0
2020-09-06 21:36:30,396 Results for NN 45 [Capas: 6 Neuronas: 128 Funcion: relu Optimizer: nadam, Dropout: 0.25] -> MAE: 0.57 | ExpVar: 0.0
2020-09-06 21:36:35,515 Results for NN 46 [Capas: 6 Neuronas: 128 Funcion: relu Optimizer: adadelta, Dropout: 0] -> MAE: 0.57 | ExpVar: -0.0
2020-09-06 21:36:41,226 Results for NN 47 [Capas: 6 Neuronas: 128 Funcion: relu Optimizer: adadelta, Dropout: 0.1] -> MAE: 0.57 | ExpVar: -0.0
2020-09-06 21:36:47,015 Results for NN 48 [Capas: 6 Neuronas: 128 Funcion: relu Optimizer: adadelta, Dropout: 0.25] -> MAE: 0.57 | ExpVar: 0.0
2020-09-06 21:36:47,015 Best Model:
2020-09-06 21:36:47,016 Layers:2
2020-09-06 21:36:47,017 Neurons per Layer:128
2020-09-06 21:36:47,017 Activation f(x):linear
2020-09-06 21:36:47,018 Optimizer:adadelta
2020-09-06 21:36:47,018 Dropout:0.1
2020-09-06 21:36:56,130 Assets written to: C:\Users\Juani\OneDrive\Juani\Maestria\Tesis Clima\Modelos\G0\Modelo_G0_M09_Y2009-2019\NeuralNetwork\assets
