2020-09-07 00:19:00,744 Results for NN 1 [Capas: 2 Neuronas: 64 Funcion: linear Optimizer: nadam, Dropout: 0] -> MAE: 0.84 | ExpVar: -0.03
2020-09-07 00:19:12,991 Results for NN 2 [Capas: 2 Neuronas: 64 Funcion: linear Optimizer: nadam, Dropout: 0.1] -> MAE: 0.77 | ExpVar: -0.02
2020-09-07 00:19:17,295 Results for NN 3 [Capas: 2 Neuronas: 64 Funcion: linear Optimizer: nadam, Dropout: 0.25] -> MAE: 0.72 | ExpVar: 0.04
2020-09-07 00:19:21,157 Results for NN 4 [Capas: 2 Neuronas: 64 Funcion: linear Optimizer: adadelta, Dropout: 0] -> MAE: 0.67 | ExpVar: 0.02
2020-09-07 00:19:34,007 Results for NN 5 [Capas: 2 Neuronas: 64 Funcion: linear Optimizer: adadelta, Dropout: 0.1] -> MAE: 0.66 | ExpVar: 0.01
2020-09-07 00:19:38,962 Results for NN 6 [Capas: 2 Neuronas: 64 Funcion: linear Optimizer: adadelta, Dropout: 0.25] -> MAE: 0.66 | ExpVar: -0.0
2020-09-07 00:19:51,479 Results for NN 7 [Capas: 2 Neuronas: 64 Funcion: relu Optimizer: nadam, Dropout: 0] -> MAE: 0.66 | ExpVar: 0.0
2020-09-07 00:19:55,814 Results for NN 8 [Capas: 2 Neuronas: 64 Funcion: relu Optimizer: nadam, Dropout: 0.1] -> MAE: 0.72 | ExpVar: 0.33
2020-09-07 00:20:02,514 Results for NN 9 [Capas: 2 Neuronas: 64 Funcion: relu Optimizer: nadam, Dropout: 0.25] -> MAE: 0.68 | ExpVar: 0.29
2020-09-07 00:20:12,096 Results for NN 10 [Capas: 2 Neuronas: 64 Funcion: relu Optimizer: adadelta, Dropout: 0] -> MAE: 0.66 | ExpVar: 0.0
2020-09-07 00:20:16,025 Results for NN 11 [Capas: 2 Neuronas: 64 Funcion: relu Optimizer: adadelta, Dropout: 0.1] -> MAE: 0.66 | ExpVar: 0.01
2020-09-07 00:20:19,983 Results for NN 12 [Capas: 2 Neuronas: 64 Funcion: relu Optimizer: adadelta, Dropout: 0.25] -> MAE: 0.66 | ExpVar: 0.02
2020-09-07 00:20:32,503 Results for NN 13 [Capas: 2 Neuronas: 128 Funcion: linear Optimizer: nadam, Dropout: 0] -> MAE: 0.99 | ExpVar: -0.91
2020-09-07 00:20:37,071 Results for NN 14 [Capas: 2 Neuronas: 128 Funcion: linear Optimizer: nadam, Dropout: 0.1] -> MAE: 0.95 | ExpVar: -0.68
2020-09-07 00:20:41,597 Results for NN 15 [Capas: 2 Neuronas: 128 Funcion: linear Optimizer: nadam, Dropout: 0.25] -> MAE: 0.9 | ExpVar: -0.59
2020-09-07 00:20:53,561 Results for NN 16 [Capas: 2 Neuronas: 128 Funcion: linear Optimizer: adadelta, Dropout: 0] -> MAE: 0.69 | ExpVar: -0.0
2020-09-07 00:20:57,578 Results for NN 17 [Capas: 2 Neuronas: 128 Funcion: linear Optimizer: adadelta, Dropout: 0.1] -> MAE: 0.67 | ExpVar: 0.09
2020-09-07 00:21:01,658 Results for NN 18 [Capas: 2 Neuronas: 128 Funcion: linear Optimizer: adadelta, Dropout: 0.25] -> MAE: 0.66 | ExpVar: 0.14
2020-09-07 00:21:14,151 Results for NN 19 [Capas: 2 Neuronas: 128 Funcion: relu Optimizer: nadam, Dropout: 0] -> MAE: 0.73 | ExpVar: 0.33
2020-09-07 00:21:18,596 Results for NN 20 [Capas: 2 Neuronas: 128 Funcion: relu Optimizer: nadam, Dropout: 0.1] -> MAE: 0.73 | ExpVar: 0.42
2020-09-07 00:21:23,045 Results for NN 21 [Capas: 2 Neuronas: 128 Funcion: relu Optimizer: nadam, Dropout: 0.25] -> MAE: 0.72 | ExpVar: 0.27
2020-09-07 00:21:33,098 Results for NN 22 [Capas: 2 Neuronas: 128 Funcion: relu Optimizer: adadelta, Dropout: 0] -> MAE: 0.66 | ExpVar: -0.01
2020-09-07 00:21:39,072 Results for NN 23 [Capas: 2 Neuronas: 128 Funcion: relu Optimizer: adadelta, Dropout: 0.1] -> MAE: 0.68 | ExpVar: 0.02
2020-09-07 00:21:43,163 Results for NN 24 [Capas: 2 Neuronas: 128 Funcion: relu Optimizer: adadelta, Dropout: 0.25] -> MAE: 0.66 | ExpVar: 0.08
2020-09-07 00:21:56,802 Results for NN 25 [Capas: 6 Neuronas: 64 Funcion: linear Optimizer: nadam, Dropout: 0] -> MAE: 0.66 | ExpVar: 0.0
2020-09-07 00:22:02,925 Results for NN 26 [Capas: 6 Neuronas: 64 Funcion: linear Optimizer: nadam, Dropout: 0.1] -> MAE: 0.82 | ExpVar: -0.03
2020-09-07 00:22:10,102 Results for NN 27 [Capas: 6 Neuronas: 64 Funcion: linear Optimizer: nadam, Dropout: 0.25] -> MAE: 0.7 | ExpVar: 0.02
2020-09-07 00:22:21,539 Results for NN 28 [Capas: 6 Neuronas: 64 Funcion: linear Optimizer: adadelta, Dropout: 0] -> MAE: 0.66 | ExpVar: -0.0
2020-09-07 00:22:26,579 Results for NN 29 [Capas: 6 Neuronas: 64 Funcion: linear Optimizer: adadelta, Dropout: 0.1] -> MAE: 0.66 | ExpVar: 0.0
2020-09-07 00:22:39,583 Results for NN 30 [Capas: 6 Neuronas: 64 Funcion: linear Optimizer: adadelta, Dropout: 0.25] -> MAE: 0.66 | ExpVar: 0.0
2020-09-07 00:22:45,010 Results for NN 31 [Capas: 6 Neuronas: 64 Funcion: relu Optimizer: nadam, Dropout: 0] -> MAE: 0.73 | ExpVar: 0.48
2020-09-07 00:22:50,863 Results for NN 32 [Capas: 6 Neuronas: 64 Funcion: relu Optimizer: nadam, Dropout: 0.1] -> MAE: 0.66 | ExpVar: 0.0
2020-09-07 00:23:04,944 Results for NN 33 [Capas: 6 Neuronas: 64 Funcion: relu Optimizer: nadam, Dropout: 0.25] -> MAE: 0.66 | ExpVar: 0.0
2020-09-07 00:23:09,452 Results for NN 34 [Capas: 6 Neuronas: 64 Funcion: relu Optimizer: adadelta, Dropout: 0] -> MAE: 0.66 | ExpVar: 0.0
2020-09-07 00:23:21,577 Results for NN 35 [Capas: 6 Neuronas: 64 Funcion: relu Optimizer: adadelta, Dropout: 0.1] -> MAE: 0.66 | ExpVar: 0.0
2020-09-07 00:23:26,598 Results for NN 36 [Capas: 6 Neuronas: 64 Funcion: relu Optimizer: adadelta, Dropout: 0.25] -> MAE: 0.66 | ExpVar: 0.0
2020-09-07 00:23:32,354 Results for NN 37 [Capas: 6 Neuronas: 128 Funcion: linear Optimizer: nadam, Dropout: 0] -> MAE: 0.75 | ExpVar: -0.05
2020-09-07 00:23:46,755 Results for NN 38 [Capas: 6 Neuronas: 128 Funcion: linear Optimizer: nadam, Dropout: 0.1] -> MAE: 0.67 | ExpVar: 0.25
2020-09-07 00:23:52,930 Results for NN 39 [Capas: 6 Neuronas: 128 Funcion: linear Optimizer: nadam, Dropout: 0.25] -> MAE: 0.77 | ExpVar: -0.01
2020-09-07 00:24:05,695 Results for NN 40 [Capas: 6 Neuronas: 128 Funcion: linear Optimizer: adadelta, Dropout: 0] -> MAE: 0.67 | ExpVar: 0.01
2020-09-07 00:24:17,959 Results for NN 41 [Capas: 6 Neuronas: 128 Funcion: linear Optimizer: adadelta, Dropout: 0.1] -> MAE: 0.66 | ExpVar: 0.01
2020-09-07 00:24:24,019 Results for NN 42 [Capas: 6 Neuronas: 128 Funcion: linear Optimizer: adadelta, Dropout: 0.25] -> MAE: 0.66 | ExpVar: 0.02
2020-09-07 00:24:29,878 Results for NN 43 [Capas: 6 Neuronas: 128 Funcion: relu Optimizer: nadam, Dropout: 0] -> MAE: 0.79 | ExpVar: 0.29
2020-09-07 00:24:44,393 Results for NN 44 [Capas: 6 Neuronas: 128 Funcion: relu Optimizer: nadam, Dropout: 0.1] -> MAE: 0.66 | ExpVar: 0.0
2020-09-07 00:26:26,529 Results for NN 45 [Capas: 6 Neuronas: 128 Funcion: relu Optimizer: nadam, Dropout: 0.25] -> MAE: 0.66 | ExpVar: 0.0
2020-09-07 00:26:34,300 Results for NN 46 [Capas: 6 Neuronas: 128 Funcion: relu Optimizer: adadelta, Dropout: 0] -> MAE: 0.66 | ExpVar: 0.0
2020-09-07 00:26:42,404 Results for NN 47 [Capas: 6 Neuronas: 128 Funcion: relu Optimizer: adadelta, Dropout: 0.1] -> MAE: 0.66 | ExpVar: -0.0
2020-09-07 00:26:50,444 Results for NN 48 [Capas: 6 Neuronas: 128 Funcion: relu Optimizer: adadelta, Dropout: 0.25] -> MAE: 0.66 | ExpVar: 0.0
2020-09-07 00:26:50,445 Best Model:
2020-09-07 00:26:50,446 Layers:2
2020-09-07 00:26:50,447 Neurons per Layer:128
2020-09-07 00:26:50,447 Activation f(x):linear
2020-09-07 00:26:50,447 Optimizer:adadelta
2020-09-07 00:26:50,448 Dropout:0.25
2020-09-07 00:27:02,084 Assets written to: C:\Users\Juani\OneDrive\Juani\Maestria\Tesis Clima\Modelos\G2\Modelo_G2_M12_Y2009-2019\NeuralNetwork\assets
