2020-09-06 22:58:49,503 Results for NN 1 [Capas: 2 Neuronas: 64 Funcion: linear Optimizer: nadam, Dropout: 0] -> MAE: 0.93 | ExpVar: -0.37
2020-09-06 22:59:01,095 Results for NN 2 [Capas: 2 Neuronas: 64 Funcion: linear Optimizer: nadam, Dropout: 0.1] -> MAE: 0.92 | ExpVar: -0.36
2020-09-06 22:59:05,402 Results for NN 3 [Capas: 2 Neuronas: 64 Funcion: linear Optimizer: nadam, Dropout: 0.25] -> MAE: 0.94 | ExpVar: -0.43
2020-09-06 22:59:11,130 Results for NN 4 [Capas: 2 Neuronas: 64 Funcion: linear Optimizer: adadelta, Dropout: 0] -> MAE: 0.62 | ExpVar: 0.01
2020-09-06 22:59:20,521 Results for NN 5 [Capas: 2 Neuronas: 64 Funcion: linear Optimizer: adadelta, Dropout: 0.1] -> MAE: 0.62 | ExpVar: 0.0
2020-09-06 22:59:24,559 Results for NN 6 [Capas: 2 Neuronas: 64 Funcion: linear Optimizer: adadelta, Dropout: 0.25] -> MAE: 0.62 | ExpVar: 0.0
2020-09-06 22:59:28,797 Results for NN 7 [Capas: 2 Neuronas: 64 Funcion: relu Optimizer: nadam, Dropout: 0] -> MAE: 1.06 | ExpVar: -0.92
2020-09-06 22:59:40,260 Results for NN 8 [Capas: 2 Neuronas: 64 Funcion: relu Optimizer: nadam, Dropout: 0.1] -> MAE: 1.1 | ExpVar: -1.09
2020-09-06 22:59:44,507 Results for NN 9 [Capas: 2 Neuronas: 64 Funcion: relu Optimizer: nadam, Dropout: 0.25] -> MAE: 1.14 | ExpVar: -1.1
2020-09-06 22:59:48,408 Results for NN 10 [Capas: 2 Neuronas: 64 Funcion: relu Optimizer: adadelta, Dropout: 0] -> MAE: 0.62 | ExpVar: 0.0
2020-09-06 22:59:59,504 Results for NN 11 [Capas: 2 Neuronas: 64 Funcion: relu Optimizer: adadelta, Dropout: 0.1] -> MAE: 0.62 | ExpVar: 0.0
2020-09-06 23:00:03,514 Results for NN 12 [Capas: 2 Neuronas: 64 Funcion: relu Optimizer: adadelta, Dropout: 0.25] -> MAE: 0.62 | ExpVar: 0.0
2020-09-06 23:00:08,089 Results for NN 13 [Capas: 2 Neuronas: 128 Funcion: linear Optimizer: nadam, Dropout: 0] -> MAE: 0.9 | ExpVar: -0.32
2020-09-06 23:00:17,471 Results for NN 14 [Capas: 2 Neuronas: 128 Funcion: linear Optimizer: nadam, Dropout: 0.1] -> MAE: 0.92 | ExpVar: -0.38
2020-09-06 23:00:24,414 Results for NN 15 [Capas: 2 Neuronas: 128 Funcion: linear Optimizer: nadam, Dropout: 0.25] -> MAE: 0.94 | ExpVar: -0.47
2020-09-06 23:00:28,364 Results for NN 16 [Capas: 2 Neuronas: 128 Funcion: linear Optimizer: adadelta, Dropout: 0] -> MAE: 0.63 | ExpVar: 0.02
2020-09-06 23:00:32,310 Results for NN 17 [Capas: 2 Neuronas: 128 Funcion: linear Optimizer: adadelta, Dropout: 0.1] -> MAE: 0.62 | ExpVar: 0.02
2020-09-06 23:00:43,409 Results for NN 18 [Capas: 2 Neuronas: 128 Funcion: linear Optimizer: adadelta, Dropout: 0.25] -> MAE: 0.62 | ExpVar: 0.01
2020-09-06 23:00:47,923 Results for NN 19 [Capas: 2 Neuronas: 128 Funcion: relu Optimizer: nadam, Dropout: 0] -> MAE: 0.62 | ExpVar: 0.0
2020-09-06 23:00:58,763 Results for NN 20 [Capas: 2 Neuronas: 128 Funcion: relu Optimizer: nadam, Dropout: 0.1] -> MAE: 1.14 | ExpVar: -1.03
2020-09-06 23:01:04,240 Results for NN 21 [Capas: 2 Neuronas: 128 Funcion: relu Optimizer: nadam, Dropout: 0.25] -> MAE: 1.12 | ExpVar: -1.05
2020-09-06 23:01:08,117 Results for NN 22 [Capas: 2 Neuronas: 128 Funcion: relu Optimizer: adadelta, Dropout: 0] -> MAE: 0.62 | ExpVar: -0.01
2020-09-06 23:01:13,296 Results for NN 23 [Capas: 2 Neuronas: 128 Funcion: relu Optimizer: adadelta, Dropout: 0.1] -> MAE: 0.61 | ExpVar: 0.02
2020-09-06 23:01:23,282 Results for NN 24 [Capas: 2 Neuronas: 128 Funcion: relu Optimizer: adadelta, Dropout: 0.25] -> MAE: 0.62 | ExpVar: 0.0
2020-09-06 23:01:29,034 Results for NN 25 [Capas: 6 Neuronas: 64 Funcion: linear Optimizer: nadam, Dropout: 0] -> MAE: 0.62 | ExpVar: 0.0
2020-09-06 23:01:42,371 Results for NN 26 [Capas: 6 Neuronas: 64 Funcion: linear Optimizer: nadam, Dropout: 0.1] -> MAE: 0.92 | ExpVar: -0.4
2020-09-06 23:01:50,151 Results for NN 27 [Capas: 6 Neuronas: 64 Funcion: linear Optimizer: nadam, Dropout: 0.25] -> MAE: 0.62 | ExpVar: 0.0
2020-09-06 23:02:01,236 Results for NN 28 [Capas: 6 Neuronas: 64 Funcion: linear Optimizer: adadelta, Dropout: 0] -> MAE: 0.62 | ExpVar: 0.0
2020-09-06 23:02:06,163 Results for NN 29 [Capas: 6 Neuronas: 64 Funcion: linear Optimizer: adadelta, Dropout: 0.1] -> MAE: 0.62 | ExpVar: 0.0
2020-09-06 23:02:18,198 Results for NN 30 [Capas: 6 Neuronas: 64 Funcion: linear Optimizer: adadelta, Dropout: 0.25] -> MAE: 0.62 | ExpVar: 0.0
2020-09-06 23:02:23,720 Results for NN 31 [Capas: 6 Neuronas: 64 Funcion: relu Optimizer: nadam, Dropout: 0] -> MAE: 0.62 | ExpVar: 0.0
2020-09-06 23:02:33,098 Results for NN 32 [Capas: 6 Neuronas: 64 Funcion: relu Optimizer: nadam, Dropout: 0.1] -> MAE: 0.62 | ExpVar: 0.0
2020-09-06 23:02:42,700 Results for NN 33 [Capas: 6 Neuronas: 64 Funcion: relu Optimizer: nadam, Dropout: 0.25] -> MAE: 0.62 | ExpVar: 0.0
2020-09-06 23:02:47,064 Results for NN 34 [Capas: 6 Neuronas: 64 Funcion: relu Optimizer: adadelta, Dropout: 0] -> MAE: 0.62 | ExpVar: 0.0
2020-09-06 23:02:58,998 Results for NN 35 [Capas: 6 Neuronas: 64 Funcion: relu Optimizer: adadelta, Dropout: 0.1] -> MAE: 0.62 | ExpVar: -0.0
2020-09-06 23:03:03,915 Results for NN 36 [Capas: 6 Neuronas: 64 Funcion: relu Optimizer: adadelta, Dropout: 0.25] -> MAE: 0.62 | ExpVar: 0.0
2020-09-06 23:03:22,409 Results for NN 37 [Capas: 6 Neuronas: 128 Funcion: linear Optimizer: nadam, Dropout: 0] -> MAE: 0.62 | ExpVar: 0.0
2020-09-06 23:03:37,758 Results for NN 38 [Capas: 6 Neuronas: 128 Funcion: linear Optimizer: nadam, Dropout: 0.1] -> MAE: 0.87 | ExpVar: -0.29
2020-09-06 23:03:45,872 Results for NN 39 [Capas: 6 Neuronas: 128 Funcion: linear Optimizer: nadam, Dropout: 0.25] -> MAE: 1.0 | ExpVar: -1.18
2020-09-06 23:03:51,957 Results for NN 40 [Capas: 6 Neuronas: 128 Funcion: linear Optimizer: adadelta, Dropout: 0] -> MAE: 0.62 | ExpVar: 0.0
2020-09-06 23:03:58,740 Results for NN 41 [Capas: 6 Neuronas: 128 Funcion: linear Optimizer: adadelta, Dropout: 0.1] -> MAE: 0.62 | ExpVar: 0.0
2020-09-06 23:04:05,505 Results for NN 42 [Capas: 6 Neuronas: 128 Funcion: linear Optimizer: adadelta, Dropout: 0.25] -> MAE: 0.62 | ExpVar: 0.0
2020-09-06 23:04:14,166 Results for NN 43 [Capas: 6 Neuronas: 128 Funcion: relu Optimizer: nadam, Dropout: 0] -> MAE: 1.03 | ExpVar: -0.95
2020-09-06 23:04:23,210 Results for NN 44 [Capas: 6 Neuronas: 128 Funcion: relu Optimizer: nadam, Dropout: 0.1] -> MAE: 1.05 | ExpVar: -1.39
2020-09-06 23:04:32,253 Results for NN 45 [Capas: 6 Neuronas: 128 Funcion: relu Optimizer: nadam, Dropout: 0.25] -> MAE: 0.62 | ExpVar: 0.0
2020-09-06 23:04:38,660 Results for NN 46 [Capas: 6 Neuronas: 128 Funcion: relu Optimizer: adadelta, Dropout: 0] -> MAE: 0.62 | ExpVar: 0.0
2020-09-06 23:04:45,347 Results for NN 47 [Capas: 6 Neuronas: 128 Funcion: relu Optimizer: adadelta, Dropout: 0.1] -> MAE: 0.62 | ExpVar: -0.0
2020-09-06 23:04:51,972 Results for NN 48 [Capas: 6 Neuronas: 128 Funcion: relu Optimizer: adadelta, Dropout: 0.25] -> MAE: 0.62 | ExpVar: 0.0
2020-09-06 23:04:51,972 Best Model:
2020-09-06 23:04:51,973 Layers:2
2020-09-06 23:04:51,973 Neurons per Layer:128
2020-09-06 23:04:51,974 Activation f(x):relu
2020-09-06 23:04:51,975 Optimizer:adadelta
2020-09-06 23:04:51,976 Dropout:0.1
2020-09-06 23:05:00,160 Assets written to: C:\Users\Juani\OneDrive\Juani\Maestria\Tesis Clima\Modelos\G1\Modelo_G1_M12_Y2009-2019\NeuralNetwork\assets
