2020-09-06 20:11:10,299 Results for SVR 1 [Kernel: rbf, Degree: 0, Gamma: auto, Coef: 0, C: 1] -> MAE:0.54 | ExpVar:0.16
2020-09-06 20:11:10,301 Results for SVR 2 [Kernel: rbf, Degree: 0, Gamma: auto, Coef: 5, C: 2] -> MAE:0.54 | ExpVar:0.18
2020-09-06 20:11:10,302 Results for SVR 3 [Kernel: rbf, Degree: 0, Gamma: auto, Coef: 10, C: 3] -> MAE:0.54 | ExpVar:0.18
2020-09-06 20:11:10,304 Results for SVR 4 [Kernel: rbf, Degree: 0, Gamma: auto, Coef: 15, C: 4] -> MAE:0.53 | ExpVar:0.18
2020-09-06 20:11:10,306 Results for SVR 5 [Kernel: rbf, Degree: 0, Gamma: auto, Coef: 20, C: 5] -> MAE:0.52 | ExpVar:0.18
2020-09-06 20:11:10,308 Results for SVR 6 [Kernel: poly, Degree: 1, Gamma: auto, Coef: 0, C: 1] -> MAE:0.83 | ExpVar:-0.35
2020-09-06 20:11:10,309 Results for SVR 7 [Kernel: poly, Degree: 2, Gamma: auto, Coef: 5, C: 2] -> MAE:0.8 | ExpVar:-1.03
2020-09-06 20:11:10,311 Results for SVR 8 [Kernel: poly, Degree: 3, Gamma: auto, Coef: 10, C: 3] -> MAE:0.88 | ExpVar:-1.25
2020-09-06 20:11:10,314 Results for SVR 9 [Kernel: poly, Degree: 4, Gamma: auto, Coef: 15, C: 4] -> MAE:0.88 | ExpVar:-1.25
2020-09-06 20:11:10,317 Results for SVR 10 [Kernel: poly, Degree: 5, Gamma: auto, Coef: 20, C: 5] -> MAE:0.87 | ExpVar:-1.26
2020-09-06 20:11:10,320 Results for SVR 11 [Kernel: sigmoid, Degree: 0, Gamma: auto, Coef: 0, C: 1] -> MAE:0.79 | ExpVar:-1.02
2020-09-06 20:11:10,321 Results for SVR 12 [Kernel: sigmoid, Degree: 0, Gamma: auto, Coef: 5, C: 2] -> MAE:0.65 | ExpVar:0.0
2020-09-06 20:11:10,322 Results for SVR 13 [Kernel: sigmoid, Degree: 0, Gamma: auto, Coef: 10, C: 3] -> MAE:0.65 | ExpVar:0.0
2020-09-06 20:11:10,324 Results for SVR 14 [Kernel: sigmoid, Degree: 0, Gamma: auto, Coef: 15, C: 4] -> MAE:0.65 | ExpVar:0.0
2020-09-06 20:11:10,325 Results for SVR 15 [Kernel: sigmoid, Degree: 0, Gamma: auto, Coef: 20, C: 5] -> MAE:0.65 | ExpVar:0.0
2020-09-06 20:11:10,326 Results for SVR 16 [Kernel: poly, Degree: 12, Gamma: auto, Coef: 0, C: 1] -> MAE:0.64 | ExpVar:0.01
2020-09-06 20:11:10,326 Best Model:
2020-09-06 20:11:10,327 Kernel:rbf
2020-09-06 20:11:10,327 Degree:0
2020-09-06 20:11:10,327 Gamma:auto
2020-09-06 20:11:10,327 Coef:20
2020-09-06 20:11:10,328 C:5
