2020-09-06 20:11:05,833 Results for SVR 1 [Kernel: rbf, Degree: 0, Gamma: auto, Coef: 0, C: 1] -> MAE:0.47 | ExpVar:0.14
2020-09-06 20:11:05,836 Results for SVR 2 [Kernel: rbf, Degree: 0, Gamma: auto, Coef: 5, C: 2] -> MAE:0.45 | ExpVar:0.21
2020-09-06 20:11:05,839 Results for SVR 3 [Kernel: rbf, Degree: 0, Gamma: auto, Coef: 10, C: 3] -> MAE:0.45 | ExpVar:0.25
2020-09-06 20:11:05,841 Results for SVR 4 [Kernel: rbf, Degree: 0, Gamma: auto, Coef: 15, C: 4] -> MAE:0.46 | ExpVar:0.26
2020-09-06 20:11:05,844 Results for SVR 5 [Kernel: rbf, Degree: 0, Gamma: auto, Coef: 20, C: 5] -> MAE:0.46 | ExpVar:0.26
2020-09-06 20:11:05,847 Results for SVR 6 [Kernel: poly, Degree: 1, Gamma: auto, Coef: 0, C: 1] -> MAE:0.48 | ExpVar:0.2
2020-09-06 20:11:05,848 Results for SVR 7 [Kernel: poly, Degree: 2, Gamma: auto, Coef: 5, C: 2] -> MAE:0.7 | ExpVar:-0.58
2020-09-06 20:11:05,851 Results for SVR 8 [Kernel: poly, Degree: 3, Gamma: auto, Coef: 10, C: 3] -> MAE:0.79 | ExpVar:-0.78
2020-09-06 20:11:05,853 Results for SVR 9 [Kernel: poly, Degree: 4, Gamma: auto, Coef: 15, C: 4] -> MAE:0.78 | ExpVar:-0.75
2020-09-06 20:11:05,855 Results for SVR 10 [Kernel: poly, Degree: 5, Gamma: auto, Coef: 20, C: 5] -> MAE:0.78 | ExpVar:-0.74
2020-09-06 20:11:05,857 Results for SVR 11 [Kernel: sigmoid, Degree: 0, Gamma: auto, Coef: 0, C: 1] -> MAE:0.57 | ExpVar:-0.16
2020-09-06 20:11:05,858 Results for SVR 12 [Kernel: sigmoid, Degree: 0, Gamma: auto, Coef: 5, C: 2] -> MAE:0.52 | ExpVar:0.0
2020-09-06 20:11:05,860 Results for SVR 13 [Kernel: sigmoid, Degree: 0, Gamma: auto, Coef: 10, C: 3] -> MAE:0.52 | ExpVar:0.0
2020-09-06 20:11:05,861 Results for SVR 14 [Kernel: sigmoid, Degree: 0, Gamma: auto, Coef: 15, C: 4] -> MAE:0.52 | ExpVar:0.0
2020-09-06 20:11:05,863 Results for SVR 15 [Kernel: sigmoid, Degree: 0, Gamma: auto, Coef: 20, C: 5] -> MAE:0.52 | ExpVar:-0.0
2020-09-06 20:11:05,864 Results for SVR 16 [Kernel: poly, Degree: 12, Gamma: auto, Coef: 0, C: 1] -> MAE:0.54 | ExpVar:-0.03
2020-09-06 20:11:05,864 Best Model:
2020-09-06 20:11:05,865 Kernel:rbf
2020-09-06 20:11:05,865 Degree:0
2020-09-06 20:11:05,865 Gamma:auto
2020-09-06 20:11:05,865 Coef:5
2020-09-06 20:11:05,866 C:2
