2020-09-06 21:54:07,803 Results for NN 1 [Capas: 2 Neuronas: 64 Funcion: linear Optimizer: nadam, Dropout: 0] -> MAE: 0.63 | ExpVar: 0.46
2020-09-06 21:54:12,246 Results for NN 2 [Capas: 2 Neuronas: 64 Funcion: linear Optimizer: nadam, Dropout: 0.1] -> MAE: 0.63 | ExpVar: 0.49
2020-09-06 21:54:16,770 Results for NN 3 [Capas: 2 Neuronas: 64 Funcion: linear Optimizer: nadam, Dropout: 0.25] -> MAE: 0.63 | ExpVar: 0.48
2020-09-06 21:54:20,769 Results for NN 4 [Capas: 2 Neuronas: 64 Funcion: linear Optimizer: adadelta, Dropout: 0] -> MAE: 0.84 | ExpVar: 0.0
2020-09-06 21:54:24,824 Results for NN 5 [Capas: 2 Neuronas: 64 Funcion: linear Optimizer: adadelta, Dropout: 0.1] -> MAE: 0.83 | ExpVar: 0.02
2020-09-06 21:54:28,846 Results for NN 6 [Capas: 2 Neuronas: 64 Funcion: linear Optimizer: adadelta, Dropout: 0.25] -> MAE: 0.85 | ExpVar: -0.02
2020-09-06 21:54:33,255 Results for NN 7 [Capas: 2 Neuronas: 64 Funcion: relu Optimizer: nadam, Dropout: 0] -> MAE: 0.71 | ExpVar: 0.36
2020-09-06 21:54:37,732 Results for NN 8 [Capas: 2 Neuronas: 64 Funcion: relu Optimizer: nadam, Dropout: 0.1] -> MAE: 0.87 | ExpVar: 0.04
2020-09-06 21:54:42,320 Results for NN 9 [Capas: 2 Neuronas: 64 Funcion: relu Optimizer: nadam, Dropout: 0.25] -> MAE: 0.75 | ExpVar: 0.32
2020-09-06 21:54:47,354 Results for NN 10 [Capas: 2 Neuronas: 64 Funcion: relu Optimizer: adadelta, Dropout: 0] -> MAE: 0.84 | ExpVar: 0.01
2020-09-06 21:54:52,152 Results for NN 11 [Capas: 2 Neuronas: 64 Funcion: relu Optimizer: adadelta, Dropout: 0.1] -> MAE: 0.84 | ExpVar: 0.0
2020-09-06 21:54:56,194 Results for NN 12 [Capas: 2 Neuronas: 64 Funcion: relu Optimizer: adadelta, Dropout: 0.25] -> MAE: 0.84 | ExpVar: 0.0
2020-09-06 21:55:03,007 Results for NN 13 [Capas: 2 Neuronas: 128 Funcion: linear Optimizer: nadam, Dropout: 0] -> MAE: 0.64 | ExpVar: 0.5
2020-09-06 21:55:07,824 Results for NN 14 [Capas: 2 Neuronas: 128 Funcion: linear Optimizer: nadam, Dropout: 0.1] -> MAE: 0.61 | ExpVar: 0.52
2020-09-06 21:55:12,646 Results for NN 15 [Capas: 2 Neuronas: 128 Funcion: linear Optimizer: nadam, Dropout: 0.25] -> MAE: 0.63 | ExpVar: 0.43
2020-09-06 21:55:16,837 Results for NN 16 [Capas: 2 Neuronas: 128 Funcion: linear Optimizer: adadelta, Dropout: 0] -> MAE: 0.84 | ExpVar: -0.0
2020-09-06 21:55:21,170 Results for NN 17 [Capas: 2 Neuronas: 128 Funcion: linear Optimizer: adadelta, Dropout: 0.1] -> MAE: 0.82 | ExpVar: 0.05
2020-09-06 21:55:25,474 Results for NN 18 [Capas: 2 Neuronas: 128 Funcion: linear Optimizer: adadelta, Dropout: 0.25] -> MAE: 0.82 | ExpVar: 0.05
2020-09-06 21:55:30,120 Results for NN 19 [Capas: 2 Neuronas: 128 Funcion: relu Optimizer: nadam, Dropout: 0] -> MAE: 0.82 | ExpVar: 0.15
2020-09-06 21:55:34,857 Results for NN 20 [Capas: 2 Neuronas: 128 Funcion: relu Optimizer: nadam, Dropout: 0.1] -> MAE: 0.82 | ExpVar: 0.17
2020-09-06 21:55:39,645 Results for NN 21 [Capas: 2 Neuronas: 128 Funcion: relu Optimizer: nadam, Dropout: 0.25] -> MAE: 0.9 | ExpVar: -0.02
2020-09-06 21:55:43,913 Results for NN 22 [Capas: 2 Neuronas: 128 Funcion: relu Optimizer: adadelta, Dropout: 0] -> MAE: 0.82 | ExpVar: 0.03
2020-09-06 21:55:48,212 Results for NN 23 [Capas: 2 Neuronas: 128 Funcion: relu Optimizer: adadelta, Dropout: 0.1] -> MAE: 0.84 | ExpVar: 0.0
2020-09-06 21:55:52,507 Results for NN 24 [Capas: 2 Neuronas: 128 Funcion: relu Optimizer: adadelta, Dropout: 0.25] -> MAE: 0.84 | ExpVar: 0.0
2020-09-06 21:55:58,309 Results for NN 25 [Capas: 6 Neuronas: 64 Funcion: linear Optimizer: nadam, Dropout: 0] -> MAE: 0.62 | ExpVar: 0.48
2020-09-06 21:56:04,455 Results for NN 26 [Capas: 6 Neuronas: 64 Funcion: linear Optimizer: nadam, Dropout: 0.1] -> MAE: 0.63 | ExpVar: 0.46
2020-09-06 21:56:10,538 Results for NN 27 [Capas: 6 Neuronas: 64 Funcion: linear Optimizer: nadam, Dropout: 0.25] -> MAE: 0.84 | ExpVar: 0.0
2020-09-06 21:56:15,939 Results for NN 28 [Capas: 6 Neuronas: 64 Funcion: linear Optimizer: adadelta, Dropout: 0] -> MAE: 0.84 | ExpVar: -0.0
2020-09-06 21:56:24,149 Results for NN 29 [Capas: 6 Neuronas: 64 Funcion: linear Optimizer: adadelta, Dropout: 0.1] -> MAE: 0.84 | ExpVar: 0.0
2020-09-06 21:56:29,976 Results for NN 30 [Capas: 6 Neuronas: 64 Funcion: linear Optimizer: adadelta, Dropout: 0.25] -> MAE: 0.84 | ExpVar: 0.0
2020-09-06 21:56:35,634 Results for NN 31 [Capas: 6 Neuronas: 64 Funcion: relu Optimizer: nadam, Dropout: 0] -> MAE: 0.84 | ExpVar: 0.0
2020-09-06 21:56:41,745 Results for NN 32 [Capas: 6 Neuronas: 64 Funcion: relu Optimizer: nadam, Dropout: 0.1] -> MAE: 0.84 | ExpVar: 0.0
2020-09-06 21:56:47,917 Results for NN 33 [Capas: 6 Neuronas: 64 Funcion: relu Optimizer: nadam, Dropout: 0.25] -> MAE: 0.84 | ExpVar: 0.0
2020-09-06 21:56:52,603 Results for NN 34 [Capas: 6 Neuronas: 64 Funcion: relu Optimizer: adadelta, Dropout: 0] -> MAE: 0.84 | ExpVar: 0.0
2020-09-06 21:56:57,741 Results for NN 35 [Capas: 6 Neuronas: 64 Funcion: relu Optimizer: adadelta, Dropout: 0.1] -> MAE: 0.84 | ExpVar: 0.0
2020-09-06 21:57:03,012 Results for NN 36 [Capas: 6 Neuronas: 64 Funcion: relu Optimizer: adadelta, Dropout: 0.25] -> MAE: 0.84 | ExpVar: -0.0
2020-09-06 21:57:09,169 Results for NN 37 [Capas: 6 Neuronas: 128 Funcion: linear Optimizer: nadam, Dropout: 0] -> MAE: 0.63 | ExpVar: 0.52
2020-09-06 21:57:15,714 Results for NN 38 [Capas: 6 Neuronas: 128 Funcion: linear Optimizer: nadam, Dropout: 0.1] -> MAE: 0.62 | ExpVar: 0.54
2020-09-06 21:57:22,366 Results for NN 39 [Capas: 6 Neuronas: 128 Funcion: linear Optimizer: nadam, Dropout: 0.25] -> MAE: 0.61 | ExpVar: 0.44
2020-09-06 21:57:30,260 Results for NN 40 [Capas: 6 Neuronas: 128 Funcion: linear Optimizer: adadelta, Dropout: 0] -> MAE: 0.84 | ExpVar: 0.0
2020-09-06 21:57:36,368 Results for NN 41 [Capas: 6 Neuronas: 128 Funcion: linear Optimizer: adadelta, Dropout: 0.1] -> MAE: 0.84 | ExpVar: -0.0
2020-09-06 21:57:42,389 Results for NN 42 [Capas: 6 Neuronas: 128 Funcion: linear Optimizer: adadelta, Dropout: 0.25] -> MAE: 0.84 | ExpVar: -0.0
2020-09-06 21:57:49,254 Results for NN 43 [Capas: 6 Neuronas: 128 Funcion: relu Optimizer: nadam, Dropout: 0] -> MAE: 0.74 | ExpVar: 0.34
2020-09-06 21:57:56,432 Results for NN 44 [Capas: 6 Neuronas: 128 Funcion: relu Optimizer: nadam, Dropout: 0.1] -> MAE: 0.91 | ExpVar: -0.1
2020-09-06 21:58:03,623 Results for NN 45 [Capas: 6 Neuronas: 128 Funcion: relu Optimizer: nadam, Dropout: 0.25] -> MAE: 0.84 | ExpVar: 0.0
2020-09-06 21:58:09,220 Results for NN 46 [Capas: 6 Neuronas: 128 Funcion: relu Optimizer: adadelta, Dropout: 0] -> MAE: 0.84 | ExpVar: 0.0
2020-09-06 21:58:15,331 Results for NN 47 [Capas: 6 Neuronas: 128 Funcion: relu Optimizer: adadelta, Dropout: 0.1] -> MAE: 0.84 | ExpVar: 0.0
2020-09-06 21:58:21,405 Results for NN 48 [Capas: 6 Neuronas: 128 Funcion: relu Optimizer: adadelta, Dropout: 0.25] -> MAE: 0.84 | ExpVar: 0.0
2020-09-06 21:58:21,406 Best Model:
2020-09-06 21:58:21,407 Layers:6
2020-09-06 21:58:21,408 Neurons per Layer:128
2020-09-06 21:58:21,408 Activation f(x):linear
2020-09-06 21:58:21,409 Optimizer:nadam
2020-09-06 21:58:21,409 Dropout:0.25
2020-09-06 21:58:34,102 Assets written to: C:\Users\Juani\OneDrive\Juani\Maestria\Tesis Clima\Modelos\G1\Modelo_G1_M02_Y2009-2019\NeuralNetwork\assets
