2020-09-06 20:11:11,505 Results for SVR 1 [Kernel: rbf, Degree: 0, Gamma: auto, Coef: 0, C: 1] -> MAE:0.73 | ExpVar:-0.14
2020-09-06 20:11:11,508 Results for SVR 2 [Kernel: rbf, Degree: 0, Gamma: auto, Coef: 5, C: 2] -> MAE:0.74 | ExpVar:-0.25
2020-09-06 20:11:11,510 Results for SVR 3 [Kernel: rbf, Degree: 0, Gamma: auto, Coef: 10, C: 3] -> MAE:0.75 | ExpVar:-0.33
2020-09-06 20:11:11,512 Results for SVR 4 [Kernel: rbf, Degree: 0, Gamma: auto, Coef: 15, C: 4] -> MAE:0.74 | ExpVar:-0.35
2020-09-06 20:11:11,514 Results for SVR 5 [Kernel: rbf, Degree: 0, Gamma: auto, Coef: 20, C: 5] -> MAE:0.73 | ExpVar:-0.35
2020-09-06 20:11:11,517 Results for SVR 6 [Kernel: poly, Degree: 1, Gamma: auto, Coef: 0, C: 1] -> MAE:0.62 | ExpVar:-0.13
2020-09-06 20:11:11,520 Results for SVR 7 [Kernel: poly, Degree: 2, Gamma: auto, Coef: 5, C: 2] -> MAE:1.08 | ExpVar:-2.03
2020-09-06 20:11:11,524 Results for SVR 8 [Kernel: poly, Degree: 3, Gamma: auto, Coef: 10, C: 3] -> MAE:1.3 | ExpVar:-3.05
2020-09-06 20:11:11,528 Results for SVR 9 [Kernel: poly, Degree: 4, Gamma: auto, Coef: 15, C: 4] -> MAE:1.28 | ExpVar:-2.97
2020-09-06 20:11:11,531 Results for SVR 10 [Kernel: poly, Degree: 5, Gamma: auto, Coef: 20, C: 5] -> MAE:1.27 | ExpVar:-2.93
2020-09-06 20:11:11,533 Results for SVR 11 [Kernel: sigmoid, Degree: 0, Gamma: auto, Coef: 0, C: 1] -> MAE:0.61 | ExpVar:0.06
2020-09-06 20:11:11,537 Results for SVR 12 [Kernel: sigmoid, Degree: 0, Gamma: auto, Coef: 5, C: 2] -> MAE:0.69 | ExpVar:0.01
2020-09-06 20:11:11,541 Results for SVR 13 [Kernel: sigmoid, Degree: 0, Gamma: auto, Coef: 10, C: 3] -> MAE:0.69 | ExpVar:0.0
2020-09-06 20:11:11,543 Results for SVR 14 [Kernel: sigmoid, Degree: 0, Gamma: auto, Coef: 15, C: 4] -> MAE:0.69 | ExpVar:0.0
2020-09-06 20:11:11,545 Results for SVR 15 [Kernel: sigmoid, Degree: 0, Gamma: auto, Coef: 20, C: 5] -> MAE:0.69 | ExpVar:0.0
2020-09-06 20:11:11,547 Results for SVR 16 [Kernel: poly, Degree: 12, Gamma: auto, Coef: 0, C: 1] -> MAE:0.73 | ExpVar:-0.68
2020-09-06 20:11:11,547 Best Model:
2020-09-06 20:11:11,547 Kernel:sigmoid
2020-09-06 20:11:11,548 Degree:0
2020-09-06 20:11:11,548 Gamma:auto
2020-09-06 20:11:11,548 Coef:0
2020-09-06 20:11:11,548 C:1
