2020-09-06 20:11:03,544 Results for SVR 1 [Kernel: rbf, Degree: 0, Gamma: auto, Coef: 0, C: 1] -> MAE:0.46 | ExpVar:0.46
2020-09-06 20:11:03,545 Results for SVR 2 [Kernel: rbf, Degree: 0, Gamma: auto, Coef: 5, C: 2] -> MAE:0.53 | ExpVar:0.49
2020-09-06 20:11:03,547 Results for SVR 3 [Kernel: rbf, Degree: 0, Gamma: auto, Coef: 10, C: 3] -> MAE:0.54 | ExpVar:0.46
2020-09-06 20:11:03,548 Results for SVR 4 [Kernel: rbf, Degree: 0, Gamma: auto, Coef: 15, C: 4] -> MAE:0.54 | ExpVar:0.46
2020-09-06 20:11:03,550 Results for SVR 5 [Kernel: rbf, Degree: 0, Gamma: auto, Coef: 20, C: 5] -> MAE:0.54 | ExpVar:0.46
2020-09-06 20:11:03,552 Results for SVR 6 [Kernel: poly, Degree: 1, Gamma: auto, Coef: 0, C: 1] -> MAE:0.5 | ExpVar:0.27
2020-09-06 20:11:03,554 Results for SVR 7 [Kernel: poly, Degree: 2, Gamma: auto, Coef: 5, C: 2] -> MAE:0.67 | ExpVar:-0.26
2020-09-06 20:11:03,556 Results for SVR 8 [Kernel: poly, Degree: 3, Gamma: auto, Coef: 10, C: 3] -> MAE:0.66 | ExpVar:-0.23
2020-09-06 20:11:03,558 Results for SVR 9 [Kernel: poly, Degree: 4, Gamma: auto, Coef: 15, C: 4] -> MAE:0.66 | ExpVar:-0.22
2020-09-06 20:11:03,560 Results for SVR 10 [Kernel: poly, Degree: 5, Gamma: auto, Coef: 20, C: 5] -> MAE:0.65 | ExpVar:-0.22
2020-09-06 20:11:03,562 Results for SVR 11 [Kernel: sigmoid, Degree: 0, Gamma: auto, Coef: 0, C: 1] -> MAE:0.58 | ExpVar:0.03
2020-09-06 20:11:03,563 Results for SVR 12 [Kernel: sigmoid, Degree: 0, Gamma: auto, Coef: 5, C: 2] -> MAE:0.6 | ExpVar:0.0
2020-09-06 20:11:03,565 Results for SVR 13 [Kernel: sigmoid, Degree: 0, Gamma: auto, Coef: 10, C: 3] -> MAE:0.6 | ExpVar:0.0
2020-09-06 20:11:03,566 Results for SVR 14 [Kernel: sigmoid, Degree: 0, Gamma: auto, Coef: 15, C: 4] -> MAE:0.6 | ExpVar:0.0
2020-09-06 20:11:03,568 Results for SVR 15 [Kernel: sigmoid, Degree: 0, Gamma: auto, Coef: 20, C: 5] -> MAE:0.6 | ExpVar:0.0
2020-09-06 20:11:03,569 Results for SVR 16 [Kernel: poly, Degree: 12, Gamma: auto, Coef: 0, C: 1] -> MAE:0.6 | ExpVar:0.0
2020-09-06 20:11:03,570 Best Model:
2020-09-06 20:11:03,570 Kernel:rbf
2020-09-06 20:11:03,570 Degree:0
2020-09-06 20:11:03,570 Gamma:auto
2020-09-06 20:11:03,571 Coef:0
2020-09-06 20:11:03,571 C:1
