2020-09-06 20:12:59,535 Results for SVR 1 [Kernel: rbf, Degree: 0, Gamma: auto, Coef: 0, C: 1] -> MAE:0.86 | ExpVar:-0.04
2020-09-06 20:12:59,539 Results for SVR 2 [Kernel: rbf, Degree: 0, Gamma: auto, Coef: 5, C: 2] -> MAE:0.9 | ExpVar:-0.08
2020-09-06 20:12:59,542 Results for SVR 3 [Kernel: rbf, Degree: 0, Gamma: auto, Coef: 10, C: 3] -> MAE:0.94 | ExpVar:-0.13
2020-09-06 20:12:59,545 Results for SVR 4 [Kernel: rbf, Degree: 0, Gamma: auto, Coef: 15, C: 4] -> MAE:0.94 | ExpVar:-0.15
2020-09-06 20:12:59,548 Results for SVR 5 [Kernel: rbf, Degree: 0, Gamma: auto, Coef: 20, C: 5] -> MAE:0.94 | ExpVar:-0.15
2020-09-06 20:12:59,550 Results for SVR 6 [Kernel: poly, Degree: 1, Gamma: auto, Coef: 0, C: 1] -> MAE:0.63 | ExpVar:0.39
2020-09-06 20:12:59,552 Results for SVR 7 [Kernel: poly, Degree: 2, Gamma: auto, Coef: 5, C: 2] -> MAE:0.83 | ExpVar:-0.04
2020-09-06 20:12:59,554 Results for SVR 8 [Kernel: poly, Degree: 3, Gamma: auto, Coef: 10, C: 3] -> MAE:0.85 | ExpVar:-0.03
2020-09-06 20:12:59,556 Results for SVR 9 [Kernel: poly, Degree: 4, Gamma: auto, Coef: 15, C: 4] -> MAE:0.84 | ExpVar:-0.01
2020-09-06 20:12:59,558 Results for SVR 10 [Kernel: poly, Degree: 5, Gamma: auto, Coef: 20, C: 5] -> MAE:0.83 | ExpVar:0.0
2020-09-06 20:12:59,559 Results for SVR 11 [Kernel: sigmoid, Degree: 0, Gamma: auto, Coef: 0, C: 1] -> MAE:0.7 | ExpVar:0.21
2020-09-06 20:12:59,561 Results for SVR 12 [Kernel: sigmoid, Degree: 0, Gamma: auto, Coef: 5, C: 2] -> MAE:0.89 | ExpVar:0.01
2020-09-06 20:12:59,562 Results for SVR 13 [Kernel: sigmoid, Degree: 0, Gamma: auto, Coef: 10, C: 3] -> MAE:0.89 | ExpVar:0.0
2020-09-06 20:12:59,564 Results for SVR 14 [Kernel: sigmoid, Degree: 0, Gamma: auto, Coef: 15, C: 4] -> MAE:0.89 | ExpVar:0.0
2020-09-06 20:12:59,566 Results for SVR 15 [Kernel: sigmoid, Degree: 0, Gamma: auto, Coef: 20, C: 5] -> MAE:0.89 | ExpVar:0.0
2020-09-06 20:12:59,567 Results for SVR 16 [Kernel: poly, Degree: 12, Gamma: auto, Coef: 0, C: 1] -> MAE:1.56 | ExpVar:-3.9
2020-09-06 20:12:59,567 Best Model:
2020-09-06 20:12:59,568 Kernel:poly
2020-09-06 20:12:59,568 Degree:1
2020-09-06 20:12:59,568 Gamma:auto
2020-09-06 20:12:59,568 Coef:0
2020-09-06 20:12:59,569 C:1
