2020-09-06 20:12:44,597 Results for SVR 1 [Kernel: rbf, Degree: 0, Gamma: auto, Coef: 0, C: 1] -> MAE:0.74 | ExpVar:0.17
2020-09-06 20:12:44,599 Results for SVR 2 [Kernel: rbf, Degree: 0, Gamma: auto, Coef: 5, C: 2] -> MAE:0.8 | ExpVar:0.02
2020-09-06 20:12:44,601 Results for SVR 3 [Kernel: rbf, Degree: 0, Gamma: auto, Coef: 10, C: 3] -> MAE:0.84 | ExpVar:-0.13
2020-09-06 20:12:44,603 Results for SVR 4 [Kernel: rbf, Degree: 0, Gamma: auto, Coef: 15, C: 4] -> MAE:0.86 | ExpVar:-0.21
2020-09-06 20:12:44,605 Results for SVR 5 [Kernel: rbf, Degree: 0, Gamma: auto, Coef: 20, C: 5] -> MAE:0.91 | ExpVar:-0.3
2020-09-06 20:12:44,607 Results for SVR 6 [Kernel: poly, Degree: 1, Gamma: auto, Coef: 0, C: 1] -> MAE:0.76 | ExpVar:0.44
2020-09-06 20:12:44,609 Results for SVR 7 [Kernel: poly, Degree: 2, Gamma: auto, Coef: 5, C: 2] -> MAE:1.1 | ExpVar:-1.02
2020-09-06 20:12:44,612 Results for SVR 8 [Kernel: poly, Degree: 3, Gamma: auto, Coef: 10, C: 3] -> MAE:1.43 | ExpVar:-2.44
2020-09-06 20:12:44,616 Results for SVR 9 [Kernel: poly, Degree: 4, Gamma: auto, Coef: 15, C: 4] -> MAE:1.4 | ExpVar:-2.31
2020-09-06 20:12:44,619 Results for SVR 10 [Kernel: poly, Degree: 5, Gamma: auto, Coef: 20, C: 5] -> MAE:1.39 | ExpVar:-2.24
2020-09-06 20:12:44,621 Results for SVR 11 [Kernel: sigmoid, Degree: 0, Gamma: auto, Coef: 0, C: 1] -> MAE:0.84 | ExpVar:0.21
2020-09-06 20:12:44,622 Results for SVR 12 [Kernel: sigmoid, Degree: 0, Gamma: auto, Coef: 5, C: 2] -> MAE:0.78 | ExpVar:0.01
2020-09-06 20:12:44,624 Results for SVR 13 [Kernel: sigmoid, Degree: 0, Gamma: auto, Coef: 10, C: 3] -> MAE:0.78 | ExpVar:0.0
2020-09-06 20:12:44,626 Results for SVR 14 [Kernel: sigmoid, Degree: 0, Gamma: auto, Coef: 15, C: 4] -> MAE:0.78 | ExpVar:0.0
2020-09-06 20:12:44,627 Results for SVR 15 [Kernel: sigmoid, Degree: 0, Gamma: auto, Coef: 20, C: 5] -> MAE:0.78 | ExpVar:0.0
2020-09-06 20:12:44,629 Results for SVR 16 [Kernel: poly, Degree: 12, Gamma: auto, Coef: 0, C: 1] -> MAE:0.72 | ExpVar:0.14
2020-09-06 20:12:44,629 Best Model:
2020-09-06 20:12:44,629 Kernel:poly
2020-09-06 20:12:44,629 Degree:12
2020-09-06 20:12:44,630 Gamma:auto
2020-09-06 20:12:44,630 Coef:0
2020-09-06 20:12:44,630 C:1
