2020-09-06 21:37:00,719 Results for NN 1 [Capas: 2 Neuronas: 64 Funcion: linear Optimizer: nadam, Dropout: 0] -> MAE: 1.36 | ExpVar: -0.42
2020-09-06 21:37:05,145 Results for NN 2 [Capas: 2 Neuronas: 64 Funcion: linear Optimizer: nadam, Dropout: 0.1] -> MAE: 1.29 | ExpVar: -0.24
2020-09-06 21:37:09,596 Results for NN 3 [Capas: 2 Neuronas: 64 Funcion: linear Optimizer: nadam, Dropout: 0.25] -> MAE: 1.27 | ExpVar: -0.16
2020-09-06 21:37:13,579 Results for NN 4 [Capas: 2 Neuronas: 64 Funcion: linear Optimizer: adadelta, Dropout: 0] -> MAE: 0.67 | ExpVar: 0.05
2020-09-06 21:37:17,624 Results for NN 5 [Capas: 2 Neuronas: 64 Funcion: linear Optimizer: adadelta, Dropout: 0.1] -> MAE: 0.68 | ExpVar: -0.0
2020-09-06 21:37:21,680 Results for NN 6 [Capas: 2 Neuronas: 64 Funcion: linear Optimizer: adadelta, Dropout: 0.25] -> MAE: 0.67 | ExpVar: 0.01
2020-09-06 21:37:26,059 Results for NN 7 [Capas: 2 Neuronas: 64 Funcion: relu Optimizer: nadam, Dropout: 0] -> MAE: 0.8 | ExpVar: 0.59
2020-09-06 21:37:30,536 Results for NN 8 [Capas: 2 Neuronas: 64 Funcion: relu Optimizer: nadam, Dropout: 0.1] -> MAE: 0.68 | ExpVar: 0.0
2020-09-06 21:37:34,909 Results for NN 9 [Capas: 2 Neuronas: 64 Funcion: relu Optimizer: nadam, Dropout: 0.25] -> MAE: 0.82 | ExpVar: 0.64
2020-09-06 21:37:38,818 Results for NN 10 [Capas: 2 Neuronas: 64 Funcion: relu Optimizer: adadelta, Dropout: 0] -> MAE: 0.68 | ExpVar: -0.0
2020-09-06 21:37:42,868 Results for NN 11 [Capas: 2 Neuronas: 64 Funcion: relu Optimizer: adadelta, Dropout: 0.1] -> MAE: 0.68 | ExpVar: 0.0
2020-09-06 21:37:46,878 Results for NN 12 [Capas: 2 Neuronas: 64 Funcion: relu Optimizer: adadelta, Dropout: 0.25] -> MAE: 0.68 | ExpVar: -0.0
2020-09-06 21:37:51,410 Results for NN 13 [Capas: 2 Neuronas: 128 Funcion: linear Optimizer: nadam, Dropout: 0] -> MAE: 1.3 | ExpVar: -1.02
2020-09-06 21:37:55,999 Results for NN 14 [Capas: 2 Neuronas: 128 Funcion: linear Optimizer: nadam, Dropout: 0.1] -> MAE: 1.21 | ExpVar: -0.05
2020-09-06 21:38:00,602 Results for NN 15 [Capas: 2 Neuronas: 128 Funcion: linear Optimizer: nadam, Dropout: 0.25] -> MAE: 1.23 | ExpVar: -0.05
2020-09-06 21:38:04,730 Results for NN 16 [Capas: 2 Neuronas: 128 Funcion: linear Optimizer: adadelta, Dropout: 0] -> MAE: 0.65 | ExpVar: 0.09
2020-09-06 21:38:08,919 Results for NN 17 [Capas: 2 Neuronas: 128 Funcion: linear Optimizer: adadelta, Dropout: 0.1] -> MAE: 0.7 | ExpVar: -0.03
2020-09-06 21:38:13,113 Results for NN 18 [Capas: 2 Neuronas: 128 Funcion: linear Optimizer: adadelta, Dropout: 0.25] -> MAE: 0.66 | ExpVar: 0.07
2020-09-06 21:38:17,628 Results for NN 19 [Capas: 2 Neuronas: 128 Funcion: relu Optimizer: nadam, Dropout: 0] -> MAE: 0.87 | ExpVar: 0.55
2020-09-06 21:38:22,246 Results for NN 20 [Capas: 2 Neuronas: 128 Funcion: relu Optimizer: nadam, Dropout: 0.1] -> MAE: 0.87 | ExpVar: 0.62
2020-09-06 21:38:26,857 Results for NN 21 [Capas: 2 Neuronas: 128 Funcion: relu Optimizer: nadam, Dropout: 0.25] -> MAE: 0.75 | ExpVar: 0.63
2020-09-06 21:38:30,891 Results for NN 22 [Capas: 2 Neuronas: 128 Funcion: relu Optimizer: adadelta, Dropout: 0] -> MAE: 0.67 | ExpVar: 0.02
2020-09-06 21:38:35,015 Results for NN 23 [Capas: 2 Neuronas: 128 Funcion: relu Optimizer: adadelta, Dropout: 0.1] -> MAE: 0.68 | ExpVar: -0.0
2020-09-06 21:38:39,164 Results for NN 24 [Capas: 2 Neuronas: 128 Funcion: relu Optimizer: adadelta, Dropout: 0.25] -> MAE: 0.68 | ExpVar: -0.01
2020-09-06 21:38:46,203 Results for NN 25 [Capas: 6 Neuronas: 64 Funcion: linear Optimizer: nadam, Dropout: 0] -> MAE: 0.68 | ExpVar: 0.0
2020-09-06 21:38:52,187 Results for NN 26 [Capas: 6 Neuronas: 64 Funcion: linear Optimizer: nadam, Dropout: 0.1] -> MAE: 0.68 | ExpVar: 0.0
2020-09-06 21:38:58,045 Results for NN 27 [Capas: 6 Neuronas: 64 Funcion: linear Optimizer: nadam, Dropout: 0.25] -> MAE: 0.68 | ExpVar: 0.0
2020-09-06 21:39:02,774 Results for NN 28 [Capas: 6 Neuronas: 64 Funcion: linear Optimizer: adadelta, Dropout: 0] -> MAE: 0.68 | ExpVar: 0.0
2020-09-06 21:39:08,097 Results for NN 29 [Capas: 6 Neuronas: 64 Funcion: linear Optimizer: adadelta, Dropout: 0.1] -> MAE: 0.68 | ExpVar: -0.0
2020-09-06 21:39:13,158 Results for NN 30 [Capas: 6 Neuronas: 64 Funcion: linear Optimizer: adadelta, Dropout: 0.25] -> MAE: 0.68 | ExpVar: 0.0
2020-09-06 21:39:18,730 Results for NN 31 [Capas: 6 Neuronas: 64 Funcion: relu Optimizer: nadam, Dropout: 0] -> MAE: 0.68 | ExpVar: 0.0
2020-09-06 21:39:25,537 Results for NN 32 [Capas: 6 Neuronas: 64 Funcion: relu Optimizer: nadam, Dropout: 0.1] -> MAE: 0.96 | ExpVar: 0.48
2020-09-06 21:39:32,714 Results for NN 33 [Capas: 6 Neuronas: 64 Funcion: relu Optimizer: nadam, Dropout: 0.25] -> MAE: 0.68 | ExpVar: 0.0
2020-09-06 21:39:37,379 Results for NN 34 [Capas: 6 Neuronas: 64 Funcion: relu Optimizer: adadelta, Dropout: 0] -> MAE: 0.68 | ExpVar: 0.0
2020-09-06 21:39:42,455 Results for NN 35 [Capas: 6 Neuronas: 64 Funcion: relu Optimizer: adadelta, Dropout: 0.1] -> MAE: 0.68 | ExpVar: 0.0
2020-09-06 21:39:47,550 Results for NN 36 [Capas: 6 Neuronas: 64 Funcion: relu Optimizer: adadelta, Dropout: 0.25] -> MAE: 0.68 | ExpVar: 0.0
2020-09-06 21:39:53,647 Results for NN 37 [Capas: 6 Neuronas: 128 Funcion: linear Optimizer: nadam, Dropout: 0] -> MAE: 1.05 | ExpVar: -0.31
2020-09-06 21:40:00,251 Results for NN 38 [Capas: 6 Neuronas: 128 Funcion: linear Optimizer: nadam, Dropout: 0.1] -> MAE: 0.98 | ExpVar: -0.01
2020-09-06 21:40:06,615 Results for NN 39 [Capas: 6 Neuronas: 128 Funcion: linear Optimizer: nadam, Dropout: 0.25] -> MAE: 1.01 | ExpVar: -0.26
2020-09-06 21:40:11,740 Results for NN 40 [Capas: 6 Neuronas: 128 Funcion: linear Optimizer: adadelta, Dropout: 0] -> MAE: 0.68 | ExpVar: 0.01
2020-09-06 21:40:19,182 Results for NN 41 [Capas: 6 Neuronas: 128 Funcion: linear Optimizer: adadelta, Dropout: 0.1] -> MAE: 0.67 | ExpVar: 0.01
2020-09-06 21:40:25,060 Results for NN 42 [Capas: 6 Neuronas: 128 Funcion: linear Optimizer: adadelta, Dropout: 0.25] -> MAE: 0.68 | ExpVar: 0.0
2020-09-06 21:40:31,518 Results for NN 43 [Capas: 6 Neuronas: 128 Funcion: relu Optimizer: nadam, Dropout: 0] -> MAE: 0.68 | ExpVar: 0.0
2020-09-06 21:40:38,379 Results for NN 44 [Capas: 6 Neuronas: 128 Funcion: relu Optimizer: nadam, Dropout: 0.1] -> MAE: 0.68 | ExpVar: 0.0
2020-09-06 21:40:45,269 Results for NN 45 [Capas: 6 Neuronas: 128 Funcion: relu Optimizer: nadam, Dropout: 0.25] -> MAE: 0.68 | ExpVar: 0.0
2020-09-06 21:40:50,640 Results for NN 46 [Capas: 6 Neuronas: 128 Funcion: relu Optimizer: adadelta, Dropout: 0] -> MAE: 0.68 | ExpVar: 0.0
2020-09-06 21:40:56,462 Results for NN 47 [Capas: 6 Neuronas: 128 Funcion: relu Optimizer: adadelta, Dropout: 0.1] -> MAE: 0.68 | ExpVar: 0.0
2020-09-06 21:41:02,328 Results for NN 48 [Capas: 6 Neuronas: 128 Funcion: relu Optimizer: adadelta, Dropout: 0.25] -> MAE: 0.68 | ExpVar: 0.0
2020-09-06 21:41:02,329 Best Model:
2020-09-06 21:41:02,329 Layers:2
2020-09-06 21:41:02,329 Neurons per Layer:128
2020-09-06 21:41:02,329 Activation f(x):linear
2020-09-06 21:41:02,329 Optimizer:adadelta
2020-09-06 21:41:02,330 Dropout:0
2020-09-06 21:41:09,609 Assets written to: C:\Users\Juani\OneDrive\Juani\Maestria\Tesis Clima\Modelos\G0\Modelo_G0_M10_Y2009-2019\NeuralNetwork\assets
