2020-09-06 20:19:35,139 Results for XGB 1 [Target: reg:linear, MaxDepth: 2, NEstimators: 100, Alpha: 0, Lambda: 0] -> MAE: 57.69 | ExpVar: -0.35
2020-09-06 20:19:35,261 Results for XGB 2 [Target: reg:linear, MaxDepth: 2, NEstimators: 100, Alpha: 0, Lambda: 0.1] -> MAE: 61.81 | ExpVar: -0.48
2020-09-06 20:19:35,420 Results for XGB 3 [Target: reg:linear, MaxDepth: 2, NEstimators: 100, Alpha: 0.1, Lambda: 0] -> MAE: 56.86 | ExpVar: -0.3
2020-09-06 20:19:35,663 Results for XGB 4 [Target: reg:linear, MaxDepth: 2, NEstimators: 100, Alpha: 0.1, Lambda: 0.1] -> MAE: 61.31 | ExpVar: -0.46
2020-09-06 20:19:35,972 Results for XGB 5 [Target: reg:linear, MaxDepth: 2, NEstimators: 250, Alpha: 0, Lambda: 0] -> MAE: 57.76 | ExpVar: -0.34
2020-09-06 20:19:36,519 Results for XGB 6 [Target: reg:linear, MaxDepth: 2, NEstimators: 250, Alpha: 0, Lambda: 0.1] -> MAE: 62.05 | ExpVar: -0.49
2020-09-06 20:19:36,621 Results for XGB 7 [Target: reg:linear, MaxDepth: 2, NEstimators: 250, Alpha: 0.1, Lambda: 0] -> MAE: 56.53 | ExpVar: -0.29
2020-09-06 20:19:36,648 Results for XGB 8 [Target: reg:linear, MaxDepth: 2, NEstimators: 250, Alpha: 0.1, Lambda: 0.1] -> MAE: 61.56 | ExpVar: -0.46
2020-09-06 20:19:36,686 Results for XGB 9 [Target: reg:linear, MaxDepth: 2, NEstimators: 500, Alpha: 0, Lambda: 0] -> MAE: 57.76 | ExpVar: -0.33
2020-09-06 20:19:36,730 Results for XGB 10 [Target: reg:linear, MaxDepth: 2, NEstimators: 500, Alpha: 0, Lambda: 0.1] -> MAE: 62.05 | ExpVar: -0.49
2020-09-06 20:19:36,781 Results for XGB 11 [Target: reg:linear, MaxDepth: 2, NEstimators: 500, Alpha: 0.1, Lambda: 0] -> MAE: 56.53 | ExpVar: -0.29
2020-09-06 20:19:36,818 Results for XGB 12 [Target: reg:linear, MaxDepth: 2, NEstimators: 500, Alpha: 0.1, Lambda: 0.1] -> MAE: 61.56 | ExpVar: -0.46
2020-09-06 20:19:36,890 Results for XGB 13 [Target: reg:linear, MaxDepth: 2, NEstimators: 1000, Alpha: 0, Lambda: 0] -> MAE: 57.76 | ExpVar: -0.33
2020-09-06 20:19:36,983 Results for XGB 14 [Target: reg:linear, MaxDepth: 2, NEstimators: 1000, Alpha: 0, Lambda: 0.1] -> MAE: 62.05 | ExpVar: -0.49
2020-09-06 20:19:37,051 Results for XGB 15 [Target: reg:linear, MaxDepth: 2, NEstimators: 1000, Alpha: 0.1, Lambda: 0] -> MAE: 56.53 | ExpVar: -0.29
2020-09-06 20:19:37,165 Results for XGB 16 [Target: reg:linear, MaxDepth: 2, NEstimators: 1000, Alpha: 0.1, Lambda: 0.1] -> MAE: 61.56 | ExpVar: -0.46
2020-09-06 20:19:37,180 Results for XGB 17 [Target: reg:linear, MaxDepth: 3, NEstimators: 100, Alpha: 0, Lambda: 0] -> MAE: 55.21 | ExpVar: -0.13
2020-09-06 20:19:37,199 Results for XGB 18 [Target: reg:linear, MaxDepth: 3, NEstimators: 100, Alpha: 0, Lambda: 0.1] -> MAE: 60.29 | ExpVar: -0.32
2020-09-06 20:19:37,218 Results for XGB 19 [Target: reg:linear, MaxDepth: 3, NEstimators: 100, Alpha: 0.1, Lambda: 0] -> MAE: 55.06 | ExpVar: -0.09
2020-09-06 20:19:37,230 Results for XGB 20 [Target: reg:linear, MaxDepth: 3, NEstimators: 100, Alpha: 0.1, Lambda: 0.1] -> MAE: 59.65 | ExpVar: -0.35
2020-09-06 20:19:37,256 Results for XGB 21 [Target: reg:linear, MaxDepth: 3, NEstimators: 250, Alpha: 0, Lambda: 0] -> MAE: 55.2 | ExpVar: -0.13
2020-09-06 20:19:37,286 Results for XGB 22 [Target: reg:linear, MaxDepth: 3, NEstimators: 250, Alpha: 0, Lambda: 0.1] -> MAE: 60.32 | ExpVar: -0.32
2020-09-06 20:19:37,310 Results for XGB 23 [Target: reg:linear, MaxDepth: 3, NEstimators: 250, Alpha: 0.1, Lambda: 0] -> MAE: 55.08 | ExpVar: -0.09
2020-09-06 20:19:37,334 Results for XGB 24 [Target: reg:linear, MaxDepth: 3, NEstimators: 250, Alpha: 0.1, Lambda: 0.1] -> MAE: 59.68 | ExpVar: -0.35
2020-09-06 20:19:37,378 Results for XGB 25 [Target: reg:linear, MaxDepth: 3, NEstimators: 500, Alpha: 0, Lambda: 0] -> MAE: 55.2 | ExpVar: -0.13
2020-09-06 20:19:37,433 Results for XGB 26 [Target: reg:linear, MaxDepth: 3, NEstimators: 500, Alpha: 0, Lambda: 0.1] -> MAE: 60.32 | ExpVar: -0.32
2020-09-06 20:19:37,472 Results for XGB 27 [Target: reg:linear, MaxDepth: 3, NEstimators: 500, Alpha: 0.1, Lambda: 0] -> MAE: 55.08 | ExpVar: -0.09
2020-09-06 20:19:37,510 Results for XGB 28 [Target: reg:linear, MaxDepth: 3, NEstimators: 500, Alpha: 0.1, Lambda: 0.1] -> MAE: 59.68 | ExpVar: -0.35
2020-09-06 20:19:37,596 Results for XGB 29 [Target: reg:linear, MaxDepth: 3, NEstimators: 1000, Alpha: 0, Lambda: 0] -> MAE: 55.2 | ExpVar: -0.13
2020-09-06 20:19:37,677 Results for XGB 30 [Target: reg:linear, MaxDepth: 3, NEstimators: 1000, Alpha: 0, Lambda: 0.1] -> MAE: 60.32 | ExpVar: -0.32
2020-09-06 20:19:37,748 Results for XGB 31 [Target: reg:linear, MaxDepth: 3, NEstimators: 1000, Alpha: 0.1, Lambda: 0] -> MAE: 55.08 | ExpVar: -0.09
2020-09-06 20:19:37,829 Results for XGB 32 [Target: reg:linear, MaxDepth: 3, NEstimators: 1000, Alpha: 0.1, Lambda: 0.1] -> MAE: 59.68 | ExpVar: -0.35
2020-09-06 20:19:37,861 Results for XGB 33 [Target: reg:linear, MaxDepth: 6, NEstimators: 100, Alpha: 0, Lambda: 0] -> MAE: 57.09 | ExpVar: -0.33
2020-09-06 20:19:37,883 Results for XGB 34 [Target: reg:linear, MaxDepth: 6, NEstimators: 100, Alpha: 0, Lambda: 0.1] -> MAE: 59.16 | ExpVar: -0.44
2020-09-06 20:19:37,901 Results for XGB 35 [Target: reg:linear, MaxDepth: 6, NEstimators: 100, Alpha: 0.1, Lambda: 0] -> MAE: 56.49 | ExpVar: -0.29
2020-09-06 20:19:37,919 Results for XGB 36 [Target: reg:linear, MaxDepth: 6, NEstimators: 100, Alpha: 0.1, Lambda: 0.1] -> MAE: 59.38 | ExpVar: -0.38
2020-09-06 20:19:37,952 Results for XGB 37 [Target: reg:linear, MaxDepth: 6, NEstimators: 250, Alpha: 0, Lambda: 0] -> MAE: 57.09 | ExpVar: -0.33
2020-09-06 20:19:37,984 Results for XGB 38 [Target: reg:linear, MaxDepth: 6, NEstimators: 250, Alpha: 0, Lambda: 0.1] -> MAE: 59.17 | ExpVar: -0.44
2020-09-06 20:19:38,019 Results for XGB 39 [Target: reg:linear, MaxDepth: 6, NEstimators: 250, Alpha: 0.1, Lambda: 0] -> MAE: 56.49 | ExpVar: -0.29
2020-09-06 20:19:38,055 Results for XGB 40 [Target: reg:linear, MaxDepth: 6, NEstimators: 250, Alpha: 0.1, Lambda: 0.1] -> MAE: 59.39 | ExpVar: -0.38
2020-09-06 20:19:38,101 Results for XGB 41 [Target: reg:linear, MaxDepth: 6, NEstimators: 500, Alpha: 0, Lambda: 0] -> MAE: 57.09 | ExpVar: -0.33
2020-09-06 20:19:38,153 Results for XGB 42 [Target: reg:linear, MaxDepth: 6, NEstimators: 500, Alpha: 0, Lambda: 0.1] -> MAE: 59.17 | ExpVar: -0.44
2020-09-06 20:19:38,205 Results for XGB 43 [Target: reg:linear, MaxDepth: 6, NEstimators: 500, Alpha: 0.1, Lambda: 0] -> MAE: 56.49 | ExpVar: -0.29
2020-09-06 20:19:38,254 Results for XGB 44 [Target: reg:linear, MaxDepth: 6, NEstimators: 500, Alpha: 0.1, Lambda: 0.1] -> MAE: 59.39 | ExpVar: -0.38
2020-09-06 20:19:38,375 Results for XGB 45 [Target: reg:linear, MaxDepth: 6, NEstimators: 1000, Alpha: 0, Lambda: 0] -> MAE: 57.09 | ExpVar: -0.33
2020-09-06 20:19:38,456 Results for XGB 46 [Target: reg:linear, MaxDepth: 6, NEstimators: 1000, Alpha: 0, Lambda: 0.1] -> MAE: 59.17 | ExpVar: -0.44
2020-09-06 20:19:38,526 Results for XGB 47 [Target: reg:linear, MaxDepth: 6, NEstimators: 1000, Alpha: 0.1, Lambda: 0] -> MAE: 56.49 | ExpVar: -0.29
2020-09-06 20:19:38,596 Results for XGB 48 [Target: reg:linear, MaxDepth: 6, NEstimators: 1000, Alpha: 0.1, Lambda: 0.1] -> MAE: 59.39 | ExpVar: -0.38
2020-09-06 20:19:38,607 Results for XGB 49 [Target: reg:gamma, MaxDepth: 2, NEstimators: 100, Alpha: 0, Lambda: 0] -> MAE: 57.16 | ExpVar: -0.26
2020-09-06 20:19:38,634 Results for XGB 50 [Target: reg:gamma, MaxDepth: 2, NEstimators: 100, Alpha: 0, Lambda: 0.1] -> MAE: 56.55 | ExpVar: -0.21
2020-09-06 20:19:38,651 Results for XGB 51 [Target: reg:gamma, MaxDepth: 2, NEstimators: 100, Alpha: 0.1, Lambda: 0] -> MAE: 51.63 | ExpVar: -0.06
2020-09-06 20:19:38,664 Results for XGB 52 [Target: reg:gamma, MaxDepth: 2, NEstimators: 100, Alpha: 0.1, Lambda: 0.1] -> MAE: 55.03 | ExpVar: -0.13
2020-09-06 20:19:38,691 Results for XGB 53 [Target: reg:gamma, MaxDepth: 2, NEstimators: 250, Alpha: 0, Lambda: 0] -> MAE: 56.56 | ExpVar: -0.3
2020-09-06 20:19:38,712 Results for XGB 54 [Target: reg:gamma, MaxDepth: 2, NEstimators: 250, Alpha: 0, Lambda: 0.1] -> MAE: 55.61 | ExpVar: -0.23
2020-09-06 20:19:38,737 Results for XGB 55 [Target: reg:gamma, MaxDepth: 2, NEstimators: 250, Alpha: 0.1, Lambda: 0] -> MAE: 53.94 | ExpVar: -0.16
2020-09-06 20:19:38,761 Results for XGB 56 [Target: reg:gamma, MaxDepth: 2, NEstimators: 250, Alpha: 0.1, Lambda: 0.1] -> MAE: 56.05 | ExpVar: -0.21
2020-09-06 20:19:38,801 Results for XGB 57 [Target: reg:gamma, MaxDepth: 2, NEstimators: 500, Alpha: 0, Lambda: 0] -> MAE: 56.51 | ExpVar: -0.3
2020-09-06 20:19:38,846 Results for XGB 58 [Target: reg:gamma, MaxDepth: 2, NEstimators: 500, Alpha: 0, Lambda: 0.1] -> MAE: 55.56 | ExpVar: -0.23
2020-09-06 20:19:38,892 Results for XGB 59 [Target: reg:gamma, MaxDepth: 2, NEstimators: 500, Alpha: 0.1, Lambda: 0] -> MAE: 53.94 | ExpVar: -0.16
2020-09-06 20:19:38,928 Results for XGB 60 [Target: reg:gamma, MaxDepth: 2, NEstimators: 500, Alpha: 0.1, Lambda: 0.1] -> MAE: 56.05 | ExpVar: -0.21
2020-09-06 20:19:39,004 Results for XGB 61 [Target: reg:gamma, MaxDepth: 2, NEstimators: 1000, Alpha: 0, Lambda: 0] -> MAE: 56.51 | ExpVar: -0.3
2020-09-06 20:19:39,081 Results for XGB 62 [Target: reg:gamma, MaxDepth: 2, NEstimators: 1000, Alpha: 0, Lambda: 0.1] -> MAE: 55.56 | ExpVar: -0.23
2020-09-06 20:19:39,142 Results for XGB 63 [Target: reg:gamma, MaxDepth: 2, NEstimators: 1000, Alpha: 0.1, Lambda: 0] -> MAE: 53.94 | ExpVar: -0.16
2020-09-06 20:19:39,211 Results for XGB 64 [Target: reg:gamma, MaxDepth: 2, NEstimators: 1000, Alpha: 0.1, Lambda: 0.1] -> MAE: 56.05 | ExpVar: -0.21
2020-09-06 20:19:39,224 Results for XGB 65 [Target: reg:gamma, MaxDepth: 3, NEstimators: 100, Alpha: 0, Lambda: 0] -> MAE: 60.24 | ExpVar: -0.36
2020-09-06 20:19:39,238 Results for XGB 66 [Target: reg:gamma, MaxDepth: 3, NEstimators: 100, Alpha: 0, Lambda: 0.1] -> MAE: 59.23 | ExpVar: -0.24
2020-09-06 20:19:39,251 Results for XGB 67 [Target: reg:gamma, MaxDepth: 3, NEstimators: 100, Alpha: 0.1, Lambda: 0] -> MAE: 57.12 | ExpVar: -0.19
2020-09-06 20:19:39,261 Results for XGB 68 [Target: reg:gamma, MaxDepth: 3, NEstimators: 100, Alpha: 0.1, Lambda: 0.1] -> MAE: 57.08 | ExpVar: -0.18
2020-09-06 20:19:39,287 Results for XGB 69 [Target: reg:gamma, MaxDepth: 3, NEstimators: 250, Alpha: 0, Lambda: 0] -> MAE: 60.74 | ExpVar: -0.39
2020-09-06 20:19:39,313 Results for XGB 70 [Target: reg:gamma, MaxDepth: 3, NEstimators: 250, Alpha: 0, Lambda: 0.1] -> MAE: 60.57 | ExpVar: -0.3
2020-09-06 20:19:39,332 Results for XGB 71 [Target: reg:gamma, MaxDepth: 3, NEstimators: 250, Alpha: 0.1, Lambda: 0] -> MAE: 59.21 | ExpVar: -0.28
2020-09-06 20:19:39,361 Results for XGB 72 [Target: reg:gamma, MaxDepth: 3, NEstimators: 250, Alpha: 0.1, Lambda: 0.1] -> MAE: 59.58 | ExpVar: -0.27
2020-09-06 20:19:39,412 Results for XGB 73 [Target: reg:gamma, MaxDepth: 3, NEstimators: 500, Alpha: 0, Lambda: 0] -> MAE: 60.74 | ExpVar: -0.39
2020-09-06 20:19:39,452 Results for XGB 74 [Target: reg:gamma, MaxDepth: 3, NEstimators: 500, Alpha: 0, Lambda: 0.1] -> MAE: 60.57 | ExpVar: -0.3
2020-09-06 20:19:39,501 Results for XGB 75 [Target: reg:gamma, MaxDepth: 3, NEstimators: 500, Alpha: 0.1, Lambda: 0] -> MAE: 59.21 | ExpVar: -0.28
2020-09-06 20:19:39,544 Results for XGB 76 [Target: reg:gamma, MaxDepth: 3, NEstimators: 500, Alpha: 0.1, Lambda: 0.1] -> MAE: 59.58 | ExpVar: -0.27
2020-09-06 20:19:39,620 Results for XGB 77 [Target: reg:gamma, MaxDepth: 3, NEstimators: 1000, Alpha: 0, Lambda: 0] -> MAE: 60.74 | ExpVar: -0.39
2020-09-06 20:19:39,710 Results for XGB 78 [Target: reg:gamma, MaxDepth: 3, NEstimators: 1000, Alpha: 0, Lambda: 0.1] -> MAE: 60.57 | ExpVar: -0.3
2020-09-06 20:19:39,785 Results for XGB 79 [Target: reg:gamma, MaxDepth: 3, NEstimators: 1000, Alpha: 0.1, Lambda: 0] -> MAE: 59.21 | ExpVar: -0.28
2020-09-06 20:19:39,850 Results for XGB 80 [Target: reg:gamma, MaxDepth: 3, NEstimators: 1000, Alpha: 0.1, Lambda: 0.1] -> MAE: 59.58 | ExpVar: -0.27
2020-09-06 20:19:39,876 Results for XGB 81 [Target: reg:gamma, MaxDepth: 6, NEstimators: 100, Alpha: 0, Lambda: 0] -> MAE: 52.27 | ExpVar: -0.39
2020-09-06 20:19:39,894 Results for XGB 82 [Target: reg:gamma, MaxDepth: 6, NEstimators: 100, Alpha: 0, Lambda: 0.1] -> MAE: 61.32 | ExpVar: -0.34
2020-09-06 20:19:39,910 Results for XGB 83 [Target: reg:gamma, MaxDepth: 6, NEstimators: 100, Alpha: 0.1, Lambda: 0] -> MAE: 55.81 | ExpVar: -0.06
2020-09-06 20:19:39,921 Results for XGB 84 [Target: reg:gamma, MaxDepth: 6, NEstimators: 100, Alpha: 0.1, Lambda: 0.1] -> MAE: 54.71 | ExpVar: -0.07
2020-09-06 20:19:39,956 Results for XGB 85 [Target: reg:gamma, MaxDepth: 6, NEstimators: 250, Alpha: 0, Lambda: 0] -> MAE: 52.58 | ExpVar: -0.42
2020-09-06 20:19:39,983 Results for XGB 86 [Target: reg:gamma, MaxDepth: 6, NEstimators: 250, Alpha: 0, Lambda: 0.1] -> MAE: 62.8 | ExpVar: -0.38
2020-09-06 20:19:40,012 Results for XGB 87 [Target: reg:gamma, MaxDepth: 6, NEstimators: 250, Alpha: 0.1, Lambda: 0] -> MAE: 57.39 | ExpVar: -0.12
2020-09-06 20:19:40,041 Results for XGB 88 [Target: reg:gamma, MaxDepth: 6, NEstimators: 250, Alpha: 0.1, Lambda: 0.1] -> MAE: 56.57 | ExpVar: -0.13
2020-09-06 20:19:40,083 Results for XGB 89 [Target: reg:gamma, MaxDepth: 6, NEstimators: 500, Alpha: 0, Lambda: 0] -> MAE: 52.58 | ExpVar: -0.42
2020-09-06 20:19:40,129 Results for XGB 90 [Target: reg:gamma, MaxDepth: 6, NEstimators: 500, Alpha: 0, Lambda: 0.1] -> MAE: 62.8 | ExpVar: -0.38
2020-09-06 20:19:40,174 Results for XGB 91 [Target: reg:gamma, MaxDepth: 6, NEstimators: 500, Alpha: 0.1, Lambda: 0] -> MAE: 57.39 | ExpVar: -0.12
2020-09-06 20:19:40,217 Results for XGB 92 [Target: reg:gamma, MaxDepth: 6, NEstimators: 500, Alpha: 0.1, Lambda: 0.1] -> MAE: 56.57 | ExpVar: -0.13
2020-09-06 20:19:40,295 Results for XGB 93 [Target: reg:gamma, MaxDepth: 6, NEstimators: 1000, Alpha: 0, Lambda: 0] -> MAE: 52.58 | ExpVar: -0.42
2020-09-06 20:19:40,363 Results for XGB 94 [Target: reg:gamma, MaxDepth: 6, NEstimators: 1000, Alpha: 0, Lambda: 0.1] -> MAE: 62.8 | ExpVar: -0.38
2020-09-06 20:19:40,435 Results for XGB 95 [Target: reg:gamma, MaxDepth: 6, NEstimators: 1000, Alpha: 0.1, Lambda: 0] -> MAE: 57.39 | ExpVar: -0.12
2020-09-06 20:19:40,520 Results for XGB 96 [Target: reg:gamma, MaxDepth: 6, NEstimators: 1000, Alpha: 0.1, Lambda: 0.1] -> MAE: 56.57 | ExpVar: -0.13
2020-09-06 20:19:40,521 Best Model:
2020-09-06 20:19:40,522 Target:reg:gamma
2020-09-06 20:19:40,522 MaxDepth:2
2020-09-06 20:19:40,523 NEstimators:100
2020-09-06 20:19:40,524 Alpha:0.1
2020-09-06 20:19:40,524 Gamma:0
