2020-09-06 20:11:32,768 Results for SVR 1 [Kernel: rbf, Degree: 0, Gamma: auto, Coef: 0, C: 1] -> MAE:0.56 | ExpVar:-0.42
2020-09-06 20:11:32,771 Results for SVR 2 [Kernel: rbf, Degree: 0, Gamma: auto, Coef: 5, C: 2] -> MAE:0.67 | ExpVar:-0.94
2020-09-06 20:11:32,775 Results for SVR 3 [Kernel: rbf, Degree: 0, Gamma: auto, Coef: 10, C: 3] -> MAE:0.7 | ExpVar:-1.04
2020-09-06 20:11:32,778 Results for SVR 4 [Kernel: rbf, Degree: 0, Gamma: auto, Coef: 15, C: 4] -> MAE:0.7 | ExpVar:-1.05
2020-09-06 20:11:32,780 Results for SVR 5 [Kernel: rbf, Degree: 0, Gamma: auto, Coef: 20, C: 5] -> MAE:0.71 | ExpVar:-1.07
2020-09-06 20:11:32,783 Results for SVR 6 [Kernel: poly, Degree: 1, Gamma: auto, Coef: 0, C: 1] -> MAE:0.62 | ExpVar:-0.71
2020-09-06 20:11:32,785 Results for SVR 7 [Kernel: poly, Degree: 2, Gamma: auto, Coef: 5, C: 2] -> MAE:1.32 | ExpVar:-3.57
2020-09-06 20:11:32,787 Results for SVR 8 [Kernel: poly, Degree: 3, Gamma: auto, Coef: 10, C: 3] -> MAE:1.57 | ExpVar:-5.52
2020-09-06 20:11:32,790 Results for SVR 9 [Kernel: poly, Degree: 4, Gamma: auto, Coef: 15, C: 4] -> MAE:1.56 | ExpVar:-5.36
2020-09-06 20:11:32,793 Results for SVR 10 [Kernel: poly, Degree: 5, Gamma: auto, Coef: 20, C: 5] -> MAE:1.55 | ExpVar:-5.28
2020-09-06 20:11:32,795 Results for SVR 11 [Kernel: sigmoid, Degree: 0, Gamma: auto, Coef: 0, C: 1] -> MAE:0.58 | ExpVar:-0.44
2020-09-06 20:11:32,796 Results for SVR 12 [Kernel: sigmoid, Degree: 0, Gamma: auto, Coef: 5, C: 2] -> MAE:0.48 | ExpVar:0.0
2020-09-06 20:11:32,798 Results for SVR 13 [Kernel: sigmoid, Degree: 0, Gamma: auto, Coef: 10, C: 3] -> MAE:0.48 | ExpVar:0.0
2020-09-06 20:11:32,800 Results for SVR 14 [Kernel: sigmoid, Degree: 0, Gamma: auto, Coef: 15, C: 4] -> MAE:0.48 | ExpVar:0.0
2020-09-06 20:11:32,801 Results for SVR 15 [Kernel: sigmoid, Degree: 0, Gamma: auto, Coef: 20, C: 5] -> MAE:0.48 | ExpVar:0.0
2020-09-06 20:11:32,803 Results for SVR 16 [Kernel: poly, Degree: 12, Gamma: auto, Coef: 0, C: 1] -> MAE:0.65 | ExpVar:-2.39
2020-09-06 20:11:32,804 Best Model:
2020-09-06 20:11:32,804 Kernel:sigmoid
2020-09-06 20:11:32,804 Degree:0
2020-09-06 20:11:32,805 Gamma:auto
2020-09-06 20:11:32,805 Coef:5
2020-09-06 20:11:32,805 C:2
