2020-09-06 21:41:14,233 Results for NN 1 [Capas: 2 Neuronas: 64 Funcion: linear Optimizer: nadam, Dropout: 0] -> MAE: 0.7 | ExpVar: 0.12
2020-09-06 21:41:18,695 Results for NN 2 [Capas: 2 Neuronas: 64 Funcion: linear Optimizer: nadam, Dropout: 0.1] -> MAE: 0.74 | ExpVar: 0.14
2020-09-06 21:41:23,102 Results for NN 3 [Capas: 2 Neuronas: 64 Funcion: linear Optimizer: nadam, Dropout: 0.25] -> MAE: 0.8 | ExpVar: -0.1
2020-09-06 21:41:27,030 Results for NN 4 [Capas: 2 Neuronas: 64 Funcion: linear Optimizer: adadelta, Dropout: 0] -> MAE: 0.68 | ExpVar: 0.02
2020-09-06 21:41:31,093 Results for NN 5 [Capas: 2 Neuronas: 64 Funcion: linear Optimizer: adadelta, Dropout: 0.1] -> MAE: 0.68 | ExpVar: 0.02
2020-09-06 21:41:35,103 Results for NN 6 [Capas: 2 Neuronas: 64 Funcion: linear Optimizer: adadelta, Dropout: 0.25] -> MAE: 0.67 | ExpVar: 0.07
2020-09-06 21:41:39,424 Results for NN 7 [Capas: 2 Neuronas: 64 Funcion: relu Optimizer: nadam, Dropout: 0] -> MAE: 0.69 | ExpVar: 0.02
2020-09-06 21:41:43,829 Results for NN 8 [Capas: 2 Neuronas: 64 Funcion: relu Optimizer: nadam, Dropout: 0.1] -> MAE: 0.74 | ExpVar: 0.03
2020-09-06 21:41:48,279 Results for NN 9 [Capas: 2 Neuronas: 64 Funcion: relu Optimizer: nadam, Dropout: 0.25] -> MAE: 0.77 | ExpVar: -0.05
2020-09-06 21:41:52,200 Results for NN 10 [Capas: 2 Neuronas: 64 Funcion: relu Optimizer: adadelta, Dropout: 0] -> MAE: 0.7 | ExpVar: -0.01
2020-09-06 21:41:56,232 Results for NN 11 [Capas: 2 Neuronas: 64 Funcion: relu Optimizer: adadelta, Dropout: 0.1] -> MAE: 0.69 | ExpVar: 0.0
2020-09-06 21:42:00,268 Results for NN 12 [Capas: 2 Neuronas: 64 Funcion: relu Optimizer: adadelta, Dropout: 0.25] -> MAE: 0.69 | ExpVar: 0.01
2020-09-06 21:42:04,737 Results for NN 13 [Capas: 2 Neuronas: 128 Funcion: linear Optimizer: nadam, Dropout: 0] -> MAE: 0.77 | ExpVar: 0.09
2020-09-06 21:42:10,987 Results for NN 14 [Capas: 2 Neuronas: 128 Funcion: linear Optimizer: nadam, Dropout: 0.1] -> MAE: 0.77 | ExpVar: 0.13
2020-09-06 21:42:15,622 Results for NN 15 [Capas: 2 Neuronas: 128 Funcion: linear Optimizer: nadam, Dropout: 0.25] -> MAE: 0.81 | ExpVar: -0.16
2020-09-06 21:42:19,736 Results for NN 16 [Capas: 2 Neuronas: 128 Funcion: linear Optimizer: adadelta, Dropout: 0] -> MAE: 0.7 | ExpVar: 0.03
2020-09-06 21:42:24,015 Results for NN 17 [Capas: 2 Neuronas: 128 Funcion: linear Optimizer: adadelta, Dropout: 0.1] -> MAE: 0.71 | ExpVar: -0.06
2020-09-06 21:42:28,268 Results for NN 18 [Capas: 2 Neuronas: 128 Funcion: linear Optimizer: adadelta, Dropout: 0.25] -> MAE: 0.7 | ExpVar: 0.01
2020-09-06 21:42:32,782 Results for NN 19 [Capas: 2 Neuronas: 128 Funcion: relu Optimizer: nadam, Dropout: 0] -> MAE: 0.69 | ExpVar: 0.0
2020-09-06 21:42:37,382 Results for NN 20 [Capas: 2 Neuronas: 128 Funcion: relu Optimizer: nadam, Dropout: 0.1] -> MAE: 0.68 | ExpVar: 0.03
2020-09-06 21:42:42,023 Results for NN 21 [Capas: 2 Neuronas: 128 Funcion: relu Optimizer: nadam, Dropout: 0.25] -> MAE: 0.7 | ExpVar: 0.04
2020-09-06 21:42:46,231 Results for NN 22 [Capas: 2 Neuronas: 128 Funcion: relu Optimizer: adadelta, Dropout: 0] -> MAE: 0.69 | ExpVar: 0.01
2020-09-06 21:42:50,604 Results for NN 23 [Capas: 2 Neuronas: 128 Funcion: relu Optimizer: adadelta, Dropout: 0.1] -> MAE: 0.69 | ExpVar: 0.0
2020-09-06 21:42:54,900 Results for NN 24 [Capas: 2 Neuronas: 128 Funcion: relu Optimizer: adadelta, Dropout: 0.25] -> MAE: 0.69 | ExpVar: 0.0
2020-09-06 21:43:00,552 Results for NN 25 [Capas: 6 Neuronas: 64 Funcion: linear Optimizer: nadam, Dropout: 0] -> MAE: 0.69 | ExpVar: 0.0
2020-09-06 21:43:06,553 Results for NN 26 [Capas: 6 Neuronas: 64 Funcion: linear Optimizer: nadam, Dropout: 0.1] -> MAE: 0.69 | ExpVar: 0.0
2020-09-06 21:43:12,653 Results for NN 27 [Capas: 6 Neuronas: 64 Funcion: linear Optimizer: nadam, Dropout: 0.25] -> MAE: 0.77 | ExpVar: 0.07
2020-09-06 21:43:17,293 Results for NN 28 [Capas: 6 Neuronas: 64 Funcion: linear Optimizer: adadelta, Dropout: 0] -> MAE: 0.69 | ExpVar: 0.0
2020-09-06 21:43:22,387 Results for NN 29 [Capas: 6 Neuronas: 64 Funcion: linear Optimizer: adadelta, Dropout: 0.1] -> MAE: 0.69 | ExpVar: -0.0
2020-09-06 21:43:27,488 Results for NN 30 [Capas: 6 Neuronas: 64 Funcion: linear Optimizer: adadelta, Dropout: 0.25] -> MAE: 0.69 | ExpVar: 0.0
2020-09-06 21:43:33,077 Results for NN 31 [Capas: 6 Neuronas: 64 Funcion: relu Optimizer: nadam, Dropout: 0] -> MAE: 0.69 | ExpVar: 0.0
2020-09-06 21:43:39,230 Results for NN 32 [Capas: 6 Neuronas: 64 Funcion: relu Optimizer: nadam, Dropout: 0.1] -> MAE: 0.69 | ExpVar: 0.0
2020-09-06 21:43:45,257 Results for NN 33 [Capas: 6 Neuronas: 64 Funcion: relu Optimizer: nadam, Dropout: 0.25] -> MAE: 0.69 | ExpVar: 0.0
2020-09-06 21:43:49,932 Results for NN 34 [Capas: 6 Neuronas: 64 Funcion: relu Optimizer: adadelta, Dropout: 0] -> MAE: 0.69 | ExpVar: -0.0
2020-09-06 21:43:54,995 Results for NN 35 [Capas: 6 Neuronas: 64 Funcion: relu Optimizer: adadelta, Dropout: 0.1] -> MAE: 0.69 | ExpVar: 0.0
2020-09-06 21:44:01,944 Results for NN 36 [Capas: 6 Neuronas: 64 Funcion: relu Optimizer: adadelta, Dropout: 0.25] -> MAE: 0.69 | ExpVar: 0.0
2020-09-06 21:44:08,392 Results for NN 37 [Capas: 6 Neuronas: 128 Funcion: linear Optimizer: nadam, Dropout: 0] -> MAE: 0.75 | ExpVar: 0.1
2020-09-06 21:44:15,193 Results for NN 38 [Capas: 6 Neuronas: 128 Funcion: linear Optimizer: nadam, Dropout: 0.1] -> MAE: 0.92 | ExpVar: -0.65
2020-09-06 21:44:22,001 Results for NN 39 [Capas: 6 Neuronas: 128 Funcion: linear Optimizer: nadam, Dropout: 0.25] -> MAE: 0.82 | ExpVar: 0.03
2020-09-06 21:44:27,354 Results for NN 40 [Capas: 6 Neuronas: 128 Funcion: linear Optimizer: adadelta, Dropout: 0] -> MAE: 0.69 | ExpVar: -0.0
2020-09-06 21:44:34,362 Results for NN 41 [Capas: 6 Neuronas: 128 Funcion: linear Optimizer: adadelta, Dropout: 0.1] -> MAE: 0.69 | ExpVar: 0.01
2020-09-06 21:44:40,663 Results for NN 42 [Capas: 6 Neuronas: 128 Funcion: linear Optimizer: adadelta, Dropout: 0.25] -> MAE: 0.69 | ExpVar: 0.0
2020-09-06 21:44:46,929 Results for NN 43 [Capas: 6 Neuronas: 128 Funcion: relu Optimizer: nadam, Dropout: 0] -> MAE: 0.69 | ExpVar: 0.0
2020-09-06 21:44:53,611 Results for NN 44 [Capas: 6 Neuronas: 128 Funcion: relu Optimizer: nadam, Dropout: 0.1] -> MAE: 0.69 | ExpVar: 0.0
2020-09-06 21:45:00,270 Results for NN 45 [Capas: 6 Neuronas: 128 Funcion: relu Optimizer: nadam, Dropout: 0.25] -> MAE: 0.69 | ExpVar: 0.0
2020-09-06 21:45:05,502 Results for NN 46 [Capas: 6 Neuronas: 128 Funcion: relu Optimizer: adadelta, Dropout: 0] -> MAE: 0.69 | ExpVar: 0.0
2020-09-06 21:45:11,331 Results for NN 47 [Capas: 6 Neuronas: 128 Funcion: relu Optimizer: adadelta, Dropout: 0.1] -> MAE: 0.69 | ExpVar: 0.0
2020-09-06 21:45:17,124 Results for NN 48 [Capas: 6 Neuronas: 128 Funcion: relu Optimizer: adadelta, Dropout: 0.25] -> MAE: 0.69 | ExpVar: 0.0
2020-09-06 21:45:17,125 Best Model:
2020-09-06 21:45:17,126 Layers:2
2020-09-06 21:45:17,126 Neurons per Layer:64
2020-09-06 21:45:17,127 Activation f(x):linear
2020-09-06 21:45:17,127 Optimizer:adadelta
2020-09-06 21:45:17,128 Dropout:0.25
2020-09-06 21:45:24,352 Assets written to: C:\Users\Juani\OneDrive\Juani\Maestria\Tesis Clima\Modelos\G0\Modelo_G0_M11_Y2009-2019\NeuralNetwork\assets
