2020-09-07 01:14:41,772 Results for NN 1 [Capas: 2 Neuronas: 64 Funcion: linear Optimizer: nadam, Dropout: 0] -> MAE: 0.85 | ExpVar: 0.16
2020-09-07 01:14:48,330 Results for NN 2 [Capas: 2 Neuronas: 64 Funcion: linear Optimizer: nadam, Dropout: 0.1] -> MAE: 0.85 | ExpVar: 0.16
2020-09-07 01:14:53,856 Results for NN 3 [Capas: 2 Neuronas: 64 Funcion: linear Optimizer: nadam, Dropout: 0.25] -> MAE: 0.85 | ExpVar: 0.16
2020-09-07 01:14:58,423 Results for NN 4 [Capas: 2 Neuronas: 64 Funcion: linear Optimizer: adadelta, Dropout: 0] -> MAE: 1.02 | ExpVar: 0.01
2020-09-07 01:15:03,309 Results for NN 5 [Capas: 2 Neuronas: 64 Funcion: linear Optimizer: adadelta, Dropout: 0.1] -> MAE: 1.03 | ExpVar: -0.01
2020-09-07 01:15:08,110 Results for NN 6 [Capas: 2 Neuronas: 64 Funcion: linear Optimizer: adadelta, Dropout: 0.25] -> MAE: 1.02 | ExpVar: 0.01
2020-09-07 01:15:14,683 Results for NN 7 [Capas: 2 Neuronas: 64 Funcion: relu Optimizer: nadam, Dropout: 0] -> MAE: 0.89 | ExpVar: 0.16
2020-09-07 01:15:21,463 Results for NN 8 [Capas: 2 Neuronas: 64 Funcion: relu Optimizer: nadam, Dropout: 0.1] -> MAE: 0.89 | ExpVar: 0.12
2020-09-07 01:15:26,633 Results for NN 9 [Capas: 2 Neuronas: 64 Funcion: relu Optimizer: nadam, Dropout: 0.25] -> MAE: 0.92 | ExpVar: 0.1
2020-09-07 01:15:32,608 Results for NN 10 [Capas: 2 Neuronas: 64 Funcion: relu Optimizer: adadelta, Dropout: 0] -> MAE: 1.02 | ExpVar: 0.0
2020-09-07 01:15:37,338 Results for NN 11 [Capas: 2 Neuronas: 64 Funcion: relu Optimizer: adadelta, Dropout: 0.1] -> MAE: 1.02 | ExpVar: 0.0
2020-09-07 01:15:42,067 Results for NN 12 [Capas: 2 Neuronas: 64 Funcion: relu Optimizer: adadelta, Dropout: 0.25] -> MAE: 1.02 | ExpVar: 0.01
2020-09-07 01:15:47,343 Results for NN 13 [Capas: 2 Neuronas: 128 Funcion: linear Optimizer: nadam, Dropout: 0] -> MAE: 0.82 | ExpVar: 0.18
2020-09-07 01:15:53,331 Results for NN 14 [Capas: 2 Neuronas: 128 Funcion: linear Optimizer: nadam, Dropout: 0.1] -> MAE: 0.84 | ExpVar: 0.17
2020-09-07 01:16:00,424 Results for NN 15 [Capas: 2 Neuronas: 128 Funcion: linear Optimizer: nadam, Dropout: 0.25] -> MAE: 0.85 | ExpVar: 0.18
2020-09-07 01:16:05,485 Results for NN 16 [Capas: 2 Neuronas: 128 Funcion: linear Optimizer: adadelta, Dropout: 0] -> MAE: 1.0 | ExpVar: 0.05
2020-09-07 01:16:10,322 Results for NN 17 [Capas: 2 Neuronas: 128 Funcion: linear Optimizer: adadelta, Dropout: 0.1] -> MAE: 1.0 | ExpVar: 0.04
2020-09-07 01:16:15,259 Results for NN 18 [Capas: 2 Neuronas: 128 Funcion: linear Optimizer: adadelta, Dropout: 0.25] -> MAE: 1.02 | ExpVar: 0.0
2020-09-07 01:16:20,940 Results for NN 19 [Capas: 2 Neuronas: 128 Funcion: relu Optimizer: nadam, Dropout: 0] -> MAE: 0.92 | ExpVar: 0.11
2020-09-07 01:16:26,471 Results for NN 20 [Capas: 2 Neuronas: 128 Funcion: relu Optimizer: nadam, Dropout: 0.1] -> MAE: 0.92 | ExpVar: 0.13
2020-09-07 01:16:32,042 Results for NN 21 [Capas: 2 Neuronas: 128 Funcion: relu Optimizer: nadam, Dropout: 0.25] -> MAE: 0.88 | ExpVar: 0.15
2020-09-07 01:16:36,565 Results for NN 22 [Capas: 2 Neuronas: 128 Funcion: relu Optimizer: adadelta, Dropout: 0] -> MAE: 1.02 | ExpVar: 0.0
2020-09-07 01:16:41,301 Results for NN 23 [Capas: 2 Neuronas: 128 Funcion: relu Optimizer: adadelta, Dropout: 0.1] -> MAE: 1.0 | ExpVar: 0.03
2020-09-07 01:16:46,074 Results for NN 24 [Capas: 2 Neuronas: 128 Funcion: relu Optimizer: adadelta, Dropout: 0.25] -> MAE: 1.01 | ExpVar: 0.01
2020-09-07 01:16:53,624 Results for NN 25 [Capas: 6 Neuronas: 64 Funcion: linear Optimizer: nadam, Dropout: 0] -> MAE: 0.85 | ExpVar: 0.17
2020-09-07 01:17:00,873 Results for NN 26 [Capas: 6 Neuronas: 64 Funcion: linear Optimizer: nadam, Dropout: 0.1] -> MAE: 0.85 | ExpVar: 0.16
2020-09-07 01:17:08,097 Results for NN 27 [Capas: 6 Neuronas: 64 Funcion: linear Optimizer: nadam, Dropout: 0.25] -> MAE: 0.88 | ExpVar: 0.13
2020-09-07 01:17:13,520 Results for NN 28 [Capas: 6 Neuronas: 64 Funcion: linear Optimizer: adadelta, Dropout: 0] -> MAE: 1.02 | ExpVar: -0.0
2020-09-07 01:17:19,558 Results for NN 29 [Capas: 6 Neuronas: 64 Funcion: linear Optimizer: adadelta, Dropout: 0.1] -> MAE: 1.02 | ExpVar: -0.0
2020-09-07 01:17:25,847 Results for NN 30 [Capas: 6 Neuronas: 64 Funcion: linear Optimizer: adadelta, Dropout: 0.25] -> MAE: 1.02 | ExpVar: -0.0
2020-09-07 01:17:32,497 Results for NN 31 [Capas: 6 Neuronas: 64 Funcion: relu Optimizer: nadam, Dropout: 0] -> MAE: 1.02 | ExpVar: 0.0
2020-09-07 01:17:39,904 Results for NN 32 [Capas: 6 Neuronas: 64 Funcion: relu Optimizer: nadam, Dropout: 0.1] -> MAE: 0.94 | ExpVar: 0.05
2020-09-07 01:17:47,544 Results for NN 33 [Capas: 6 Neuronas: 64 Funcion: relu Optimizer: nadam, Dropout: 0.25] -> MAE: 1.02 | ExpVar: 0.0
2020-09-07 01:17:52,921 Results for NN 34 [Capas: 6 Neuronas: 64 Funcion: relu Optimizer: adadelta, Dropout: 0] -> MAE: 1.02 | ExpVar: 0.0
2020-09-07 01:17:58,935 Results for NN 35 [Capas: 6 Neuronas: 64 Funcion: relu Optimizer: adadelta, Dropout: 0.1] -> MAE: 1.02 | ExpVar: 0.0
2020-09-07 01:18:06,130 Results for NN 36 [Capas: 6 Neuronas: 64 Funcion: relu Optimizer: adadelta, Dropout: 0.25] -> MAE: 1.02 | ExpVar: 0.0
2020-09-07 01:18:14,107 Results for NN 37 [Capas: 6 Neuronas: 128 Funcion: linear Optimizer: nadam, Dropout: 0] -> MAE: 0.9 | ExpVar: 0.14
2020-09-07 01:18:21,625 Results for NN 38 [Capas: 6 Neuronas: 128 Funcion: linear Optimizer: nadam, Dropout: 0.1] -> MAE: 0.87 | ExpVar: 0.16
2020-09-07 01:18:28,933 Results for NN 39 [Capas: 6 Neuronas: 128 Funcion: linear Optimizer: nadam, Dropout: 0.25] -> MAE: 0.87 | ExpVar: 0.16
2020-09-07 01:18:34,526 Results for NN 40 [Capas: 6 Neuronas: 128 Funcion: linear Optimizer: adadelta, Dropout: 0] -> MAE: 1.02 | ExpVar: 0.0
2020-09-07 01:18:40,740 Results for NN 41 [Capas: 6 Neuronas: 128 Funcion: linear Optimizer: adadelta, Dropout: 0.1] -> MAE: 1.02 | ExpVar: 0.01
2020-09-07 01:18:47,309 Results for NN 42 [Capas: 6 Neuronas: 128 Funcion: linear Optimizer: adadelta, Dropout: 0.25] -> MAE: 1.02 | ExpVar: 0.01
2020-09-07 01:18:55,031 Results for NN 43 [Capas: 6 Neuronas: 128 Funcion: relu Optimizer: nadam, Dropout: 0] -> MAE: 1.02 | ExpVar: 0.0
2020-09-07 01:19:03,001 Results for NN 44 [Capas: 6 Neuronas: 128 Funcion: relu Optimizer: nadam, Dropout: 0.1] -> MAE: 1.02 | ExpVar: 0.0
2020-09-07 01:19:10,756 Results for NN 45 [Capas: 6 Neuronas: 128 Funcion: relu Optimizer: nadam, Dropout: 0.25] -> MAE: 1.02 | ExpVar: 0.0
2020-09-07 01:19:16,534 Results for NN 46 [Capas: 6 Neuronas: 128 Funcion: relu Optimizer: adadelta, Dropout: 0] -> MAE: 1.02 | ExpVar: 0.0
2020-09-07 01:19:22,956 Results for NN 47 [Capas: 6 Neuronas: 128 Funcion: relu Optimizer: adadelta, Dropout: 0.1] -> MAE: 1.02 | ExpVar: -0.0
2020-09-07 01:19:29,436 Results for NN 48 [Capas: 6 Neuronas: 128 Funcion: relu Optimizer: adadelta, Dropout: 0.25] -> MAE: 1.02 | ExpVar: -0.0
2020-09-07 01:19:29,437 Best Model:
2020-09-07 01:19:29,437 Layers:2
2020-09-07 01:19:29,438 Neurons per Layer:128
2020-09-07 01:19:29,439 Activation f(x):linear
2020-09-07 01:19:29,439 Optimizer:nadam
2020-09-07 01:19:29,440 Dropout:0
2020-09-07 01:19:39,018 Assets written to: C:\Users\Juani\OneDrive\Juani\Maestria\Tesis Clima\Modelos\G3\Modelo_G3_M08_Y2009-2019\NeuralNetwork\assets
