2020-09-06 23:23:23,587 Results for NN 1 [Capas: 2 Neuronas: 64 Funcion: linear Optimizer: nadam, Dropout: 0] -> MAE: 0.84 | ExpVar: 0.4
2020-09-06 23:23:30,468 Results for NN 2 [Capas: 2 Neuronas: 64 Funcion: linear Optimizer: nadam, Dropout: 0.1] -> MAE: 0.76 | ExpVar: 0.45
2020-09-06 23:23:37,260 Results for NN 3 [Capas: 2 Neuronas: 64 Funcion: linear Optimizer: nadam, Dropout: 0.25] -> MAE: 0.86 | ExpVar: 0.37
2020-09-06 23:23:43,300 Results for NN 4 [Capas: 2 Neuronas: 64 Funcion: linear Optimizer: adadelta, Dropout: 0] -> MAE: 0.78 | ExpVar: -0.0
2020-09-06 23:23:49,161 Results for NN 5 [Capas: 2 Neuronas: 64 Funcion: linear Optimizer: adadelta, Dropout: 0.1] -> MAE: 0.77 | ExpVar: -0.0
2020-09-06 23:23:55,173 Results for NN 6 [Capas: 2 Neuronas: 64 Funcion: linear Optimizer: adadelta, Dropout: 0.25] -> MAE: 0.77 | ExpVar: 0.0
2020-09-06 23:24:02,160 Results for NN 7 [Capas: 2 Neuronas: 64 Funcion: relu Optimizer: nadam, Dropout: 0] -> MAE: 1.05 | ExpVar: 0.07
2020-09-06 23:24:09,662 Results for NN 8 [Capas: 2 Neuronas: 64 Funcion: relu Optimizer: nadam, Dropout: 0.1] -> MAE: 1.0 | ExpVar: 0.2
2020-09-06 23:24:16,981 Results for NN 9 [Capas: 2 Neuronas: 64 Funcion: relu Optimizer: nadam, Dropout: 0.25] -> MAE: 1.03 | ExpVar: 0.1
2020-09-06 23:24:22,811 Results for NN 10 [Capas: 2 Neuronas: 64 Funcion: relu Optimizer: adadelta, Dropout: 0] -> MAE: 0.77 | ExpVar: 0.0
2020-09-06 23:24:28,830 Results for NN 11 [Capas: 2 Neuronas: 64 Funcion: relu Optimizer: adadelta, Dropout: 0.1] -> MAE: 0.77 | ExpVar: -0.0
2020-09-06 23:24:34,642 Results for NN 12 [Capas: 2 Neuronas: 64 Funcion: relu Optimizer: adadelta, Dropout: 0.25] -> MAE: 0.77 | ExpVar: 0.0
2020-09-06 23:24:41,558 Results for NN 13 [Capas: 2 Neuronas: 128 Funcion: linear Optimizer: nadam, Dropout: 0] -> MAE: 0.8 | ExpVar: 0.39
2020-09-06 23:24:48,850 Results for NN 14 [Capas: 2 Neuronas: 128 Funcion: linear Optimizer: nadam, Dropout: 0.1] -> MAE: 0.78 | ExpVar: 0.39
2020-09-06 23:24:55,865 Results for NN 15 [Capas: 2 Neuronas: 128 Funcion: linear Optimizer: nadam, Dropout: 0.25] -> MAE: 0.8 | ExpVar: 0.37
2020-09-06 23:25:01,953 Results for NN 16 [Capas: 2 Neuronas: 128 Funcion: linear Optimizer: adadelta, Dropout: 0] -> MAE: 0.76 | ExpVar: 0.03
2020-09-06 23:25:08,191 Results for NN 17 [Capas: 2 Neuronas: 128 Funcion: linear Optimizer: adadelta, Dropout: 0.1] -> MAE: 0.77 | ExpVar: -0.0
2020-09-06 23:25:14,031 Results for NN 18 [Capas: 2 Neuronas: 128 Funcion: linear Optimizer: adadelta, Dropout: 0.25] -> MAE: 0.78 | ExpVar: 0.01
2020-09-06 23:25:20,605 Results for NN 19 [Capas: 2 Neuronas: 128 Funcion: relu Optimizer: nadam, Dropout: 0] -> MAE: 0.77 | ExpVar: 0.0
2020-09-06 23:25:27,297 Results for NN 20 [Capas: 2 Neuronas: 128 Funcion: relu Optimizer: nadam, Dropout: 0.1] -> MAE: 0.94 | ExpVar: 0.21
2020-09-06 23:25:34,035 Results for NN 21 [Capas: 2 Neuronas: 128 Funcion: relu Optimizer: nadam, Dropout: 0.25] -> MAE: 0.98 | ExpVar: 0.15
2020-09-06 23:25:39,640 Results for NN 22 [Capas: 2 Neuronas: 128 Funcion: relu Optimizer: adadelta, Dropout: 0] -> MAE: 0.77 | ExpVar: 0.01
2020-09-06 23:25:45,332 Results for NN 23 [Capas: 2 Neuronas: 128 Funcion: relu Optimizer: adadelta, Dropout: 0.1] -> MAE: 0.77 | ExpVar: 0.02
2020-09-06 23:25:51,146 Results for NN 24 [Capas: 2 Neuronas: 128 Funcion: relu Optimizer: adadelta, Dropout: 0.25] -> MAE: 0.78 | ExpVar: -0.01
2020-09-06 23:25:59,493 Results for NN 25 [Capas: 6 Neuronas: 64 Funcion: linear Optimizer: nadam, Dropout: 0] -> MAE: 0.77 | ExpVar: 0.0
2020-09-06 23:26:08,501 Results for NN 26 [Capas: 6 Neuronas: 64 Funcion: linear Optimizer: nadam, Dropout: 0.1] -> MAE: 0.89 | ExpVar: 0.26
2020-09-06 23:26:18,033 Results for NN 27 [Capas: 6 Neuronas: 64 Funcion: linear Optimizer: nadam, Dropout: 0.25] -> MAE: 0.77 | ExpVar: 0.0
2020-09-06 23:26:24,874 Results for NN 28 [Capas: 6 Neuronas: 64 Funcion: linear Optimizer: adadelta, Dropout: 0] -> MAE: 0.77 | ExpVar: 0.0
2020-09-06 23:26:32,261 Results for NN 29 [Capas: 6 Neuronas: 64 Funcion: linear Optimizer: adadelta, Dropout: 0.1] -> MAE: 0.77 | ExpVar: 0.0
2020-09-06 23:26:39,696 Results for NN 30 [Capas: 6 Neuronas: 64 Funcion: linear Optimizer: adadelta, Dropout: 0.25] -> MAE: 0.77 | ExpVar: 0.0
2020-09-06 23:26:47,727 Results for NN 31 [Capas: 6 Neuronas: 64 Funcion: relu Optimizer: nadam, Dropout: 0] -> MAE: 0.77 | ExpVar: 0.0
2020-09-06 23:26:56,226 Results for NN 32 [Capas: 6 Neuronas: 64 Funcion: relu Optimizer: nadam, Dropout: 0.1] -> MAE: 0.95 | ExpVar: -0.02
2020-09-06 23:27:05,346 Results for NN 33 [Capas: 6 Neuronas: 64 Funcion: relu Optimizer: nadam, Dropout: 0.25] -> MAE: 0.77 | ExpVar: 0.0
2020-09-06 23:27:12,308 Results for NN 34 [Capas: 6 Neuronas: 64 Funcion: relu Optimizer: adadelta, Dropout: 0] -> MAE: 0.77 | ExpVar: 0.0
2020-09-06 23:27:19,517 Results for NN 35 [Capas: 6 Neuronas: 64 Funcion: relu Optimizer: adadelta, Dropout: 0.1] -> MAE: 0.77 | ExpVar: 0.0
2020-09-06 23:27:27,954 Results for NN 36 [Capas: 6 Neuronas: 64 Funcion: relu Optimizer: adadelta, Dropout: 0.25] -> MAE: 0.77 | ExpVar: 0.0
2020-09-06 23:27:37,411 Results for NN 37 [Capas: 6 Neuronas: 128 Funcion: linear Optimizer: nadam, Dropout: 0] -> MAE: 0.77 | ExpVar: 0.4
2020-09-06 23:27:46,415 Results for NN 38 [Capas: 6 Neuronas: 128 Funcion: linear Optimizer: nadam, Dropout: 0.1] -> MAE: 0.84 | ExpVar: 0.35
2020-09-06 23:27:55,784 Results for NN 39 [Capas: 6 Neuronas: 128 Funcion: linear Optimizer: nadam, Dropout: 0.25] -> MAE: 0.79 | ExpVar: 0.34
2020-09-06 23:28:02,888 Results for NN 40 [Capas: 6 Neuronas: 128 Funcion: linear Optimizer: adadelta, Dropout: 0] -> MAE: 0.77 | ExpVar: 0.0
2020-09-06 23:28:10,520 Results for NN 41 [Capas: 6 Neuronas: 128 Funcion: linear Optimizer: adadelta, Dropout: 0.1] -> MAE: 0.77 | ExpVar: 0.0
2020-09-06 23:28:18,057 Results for NN 42 [Capas: 6 Neuronas: 128 Funcion: linear Optimizer: adadelta, Dropout: 0.25] -> MAE: 0.77 | ExpVar: 0.02
2020-09-06 23:28:26,216 Results for NN 43 [Capas: 6 Neuronas: 128 Funcion: relu Optimizer: nadam, Dropout: 0] -> MAE: 0.77 | ExpVar: 0.54
2020-09-06 23:28:35,621 Results for NN 44 [Capas: 6 Neuronas: 128 Funcion: relu Optimizer: nadam, Dropout: 0.1] -> MAE: 0.91 | ExpVar: 0.05
2020-09-06 23:28:44,787 Results for NN 45 [Capas: 6 Neuronas: 128 Funcion: relu Optimizer: nadam, Dropout: 0.25] -> MAE: 0.77 | ExpVar: 0.0
2020-09-06 23:28:51,976 Results for NN 46 [Capas: 6 Neuronas: 128 Funcion: relu Optimizer: adadelta, Dropout: 0] -> MAE: 0.77 | ExpVar: 0.0
2020-09-06 23:29:01,385 Results for NN 47 [Capas: 6 Neuronas: 128 Funcion: relu Optimizer: adadelta, Dropout: 0.1] -> MAE: 0.77 | ExpVar: 0.0
2020-09-06 23:29:11,744 Results for NN 48 [Capas: 6 Neuronas: 128 Funcion: relu Optimizer: adadelta, Dropout: 0.25] -> MAE: 0.77 | ExpVar: 0.0
2020-09-06 23:29:11,744 Best Model:
2020-09-06 23:29:11,745 Layers:2
2020-09-06 23:29:11,746 Neurons per Layer:64
2020-09-06 23:29:11,746 Activation f(x):linear
2020-09-06 23:29:11,747 Optimizer:nadam
2020-09-06 23:29:11,747 Dropout:0.1
2020-09-06 23:29:47,276 Assets written to: C:\Users\Juani\OneDrive\Juani\Maestria\Tesis Clima\Modelos\G2\Modelo_G2_M04_Y2009-2019\NeuralNetwork\assets
