2020-09-06 20:12:52,242 Results for SVR 1 [Kernel: rbf, Degree: 0, Gamma: auto, Coef: 0, C: 1] -> MAE:0.83 | ExpVar:-0.09
2020-09-06 20:12:52,244 Results for SVR 2 [Kernel: rbf, Degree: 0, Gamma: auto, Coef: 5, C: 2] -> MAE:0.94 | ExpVar:-0.26
2020-09-06 20:12:52,246 Results for SVR 3 [Kernel: rbf, Degree: 0, Gamma: auto, Coef: 10, C: 3] -> MAE:0.96 | ExpVar:-0.31
2020-09-06 20:12:52,248 Results for SVR 4 [Kernel: rbf, Degree: 0, Gamma: auto, Coef: 15, C: 4] -> MAE:0.96 | ExpVar:-0.33
2020-09-06 20:12:52,249 Results for SVR 5 [Kernel: rbf, Degree: 0, Gamma: auto, Coef: 20, C: 5] -> MAE:0.95 | ExpVar:-0.32
2020-09-06 20:12:52,251 Results for SVR 6 [Kernel: poly, Degree: 1, Gamma: auto, Coef: 0, C: 1] -> MAE:1.0 | ExpVar:-0.74
2020-09-06 20:12:52,253 Results for SVR 7 [Kernel: poly, Degree: 2, Gamma: auto, Coef: 5, C: 2] -> MAE:1.47 | ExpVar:-2.83
2020-09-06 20:12:52,256 Results for SVR 8 [Kernel: poly, Degree: 3, Gamma: auto, Coef: 10, C: 3] -> MAE:1.59 | ExpVar:-4.31
2020-09-06 20:12:52,259 Results for SVR 9 [Kernel: poly, Degree: 4, Gamma: auto, Coef: 15, C: 4] -> MAE:1.59 | ExpVar:-4.19
2020-09-06 20:12:52,261 Results for SVR 10 [Kernel: poly, Degree: 5, Gamma: auto, Coef: 20, C: 5] -> MAE:1.58 | ExpVar:-4.14
2020-09-06 20:12:52,263 Results for SVR 11 [Kernel: sigmoid, Degree: 0, Gamma: auto, Coef: 0, C: 1] -> MAE:1.04 | ExpVar:-1.02
2020-09-06 20:12:52,265 Results for SVR 12 [Kernel: sigmoid, Degree: 0, Gamma: auto, Coef: 5, C: 2] -> MAE:0.76 | ExpVar:0.02
2020-09-06 20:12:52,266 Results for SVR 13 [Kernel: sigmoid, Degree: 0, Gamma: auto, Coef: 10, C: 3] -> MAE:0.76 | ExpVar:0.0
2020-09-06 20:12:52,268 Results for SVR 14 [Kernel: sigmoid, Degree: 0, Gamma: auto, Coef: 15, C: 4] -> MAE:0.76 | ExpVar:0.0
2020-09-06 20:12:52,269 Results for SVR 15 [Kernel: sigmoid, Degree: 0, Gamma: auto, Coef: 20, C: 5] -> MAE:0.76 | ExpVar:0.0
2020-09-06 20:12:52,271 Results for SVR 16 [Kernel: poly, Degree: 12, Gamma: auto, Coef: 0, C: 1] -> MAE:2.31 | ExpVar:-32.04
2020-09-06 20:12:52,271 Best Model:
2020-09-06 20:12:52,271 Kernel:sigmoid
2020-09-06 20:12:52,272 Degree:0
2020-09-06 20:12:52,272 Gamma:auto
2020-09-06 20:12:52,272 Coef:5
2020-09-06 20:12:52,272 C:2
