2020-09-07 00:03:23,704 Results for NN 1 [Capas: 2 Neuronas: 64 Funcion: linear Optimizer: nadam, Dropout: 0] -> MAE: 0.85 | ExpVar: 0.31
2020-09-07 00:03:30,026 Results for NN 2 [Capas: 2 Neuronas: 64 Funcion: linear Optimizer: nadam, Dropout: 0.1] -> MAE: 0.86 | ExpVar: 0.29
2020-09-07 00:03:37,938 Results for NN 3 [Capas: 2 Neuronas: 64 Funcion: linear Optimizer: nadam, Dropout: 0.25] -> MAE: 0.89 | ExpVar: 0.28
2020-09-07 00:03:43,342 Results for NN 4 [Capas: 2 Neuronas: 64 Funcion: linear Optimizer: adadelta, Dropout: 0] -> MAE: 1.03 | ExpVar: 0.01
2020-09-07 00:05:08,206 Results for NN 5 [Capas: 2 Neuronas: 64 Funcion: linear Optimizer: adadelta, Dropout: 0.1] -> MAE: 1.04 | ExpVar: 0.0
2020-09-07 00:05:15,524 Results for NN 6 [Capas: 2 Neuronas: 64 Funcion: linear Optimizer: adadelta, Dropout: 0.25] -> MAE: 1.04 | ExpVar: 0.01
2020-09-07 00:05:23,359 Results for NN 7 [Capas: 2 Neuronas: 64 Funcion: relu Optimizer: nadam, Dropout: 0] -> MAE: 0.8 | ExpVar: 0.32
2020-09-07 00:05:31,020 Results for NN 8 [Capas: 2 Neuronas: 64 Funcion: relu Optimizer: nadam, Dropout: 0.1] -> MAE: 0.87 | ExpVar: 0.28
2020-09-07 00:05:38,348 Results for NN 9 [Capas: 2 Neuronas: 64 Funcion: relu Optimizer: nadam, Dropout: 0.25] -> MAE: 0.9 | ExpVar: 0.22
2020-09-07 00:05:44,778 Results for NN 10 [Capas: 2 Neuronas: 64 Funcion: relu Optimizer: adadelta, Dropout: 0] -> MAE: 1.04 | ExpVar: -0.0
2020-09-07 00:05:51,472 Results for NN 11 [Capas: 2 Neuronas: 64 Funcion: relu Optimizer: adadelta, Dropout: 0.1] -> MAE: 1.04 | ExpVar: -0.0
2020-09-07 00:05:57,709 Results for NN 12 [Capas: 2 Neuronas: 64 Funcion: relu Optimizer: adadelta, Dropout: 0.25] -> MAE: 1.04 | ExpVar: 0.0
2020-09-07 00:06:05,321 Results for NN 13 [Capas: 2 Neuronas: 128 Funcion: linear Optimizer: nadam, Dropout: 0] -> MAE: 0.85 | ExpVar: 0.3
2020-09-07 00:06:12,875 Results for NN 14 [Capas: 2 Neuronas: 128 Funcion: linear Optimizer: nadam, Dropout: 0.1] -> MAE: 0.86 | ExpVar: 0.3
2020-09-07 00:06:20,420 Results for NN 15 [Capas: 2 Neuronas: 128 Funcion: linear Optimizer: nadam, Dropout: 0.25] -> MAE: 0.83 | ExpVar: 0.31
2020-09-07 00:06:26,771 Results for NN 16 [Capas: 2 Neuronas: 128 Funcion: linear Optimizer: adadelta, Dropout: 0] -> MAE: 1.02 | ExpVar: 0.03
2020-09-07 00:06:33,335 Results for NN 17 [Capas: 2 Neuronas: 128 Funcion: linear Optimizer: adadelta, Dropout: 0.1] -> MAE: 1.01 | ExpVar: 0.05
2020-09-07 00:06:39,986 Results for NN 18 [Capas: 2 Neuronas: 128 Funcion: linear Optimizer: adadelta, Dropout: 0.25] -> MAE: 1.04 | ExpVar: 0.0
2020-09-07 00:06:47,311 Results for NN 19 [Capas: 2 Neuronas: 128 Funcion: relu Optimizer: nadam, Dropout: 0] -> MAE: 0.82 | ExpVar: 0.33
2020-09-07 00:06:54,765 Results for NN 20 [Capas: 2 Neuronas: 128 Funcion: relu Optimizer: nadam, Dropout: 0.1] -> MAE: 0.78 | ExpVar: 0.35
2020-09-07 00:07:01,442 Results for NN 21 [Capas: 2 Neuronas: 128 Funcion: relu Optimizer: nadam, Dropout: 0.25] -> MAE: 1.04 | ExpVar: 0.0
2020-09-07 00:07:06,892 Results for NN 22 [Capas: 2 Neuronas: 128 Funcion: relu Optimizer: adadelta, Dropout: 0] -> MAE: 1.04 | ExpVar: -0.0
2020-09-07 00:07:12,541 Results for NN 23 [Capas: 2 Neuronas: 128 Funcion: relu Optimizer: adadelta, Dropout: 0.1] -> MAE: 1.04 | ExpVar: -0.0
2020-09-07 00:07:18,502 Results for NN 24 [Capas: 2 Neuronas: 128 Funcion: relu Optimizer: adadelta, Dropout: 0.25] -> MAE: 1.04 | ExpVar: 0.01
2020-09-07 00:07:30,077 Results for NN 25 [Capas: 6 Neuronas: 64 Funcion: linear Optimizer: nadam, Dropout: 0] -> MAE: 1.04 | ExpVar: 0.0
2020-09-07 00:07:39,888 Results for NN 26 [Capas: 6 Neuronas: 64 Funcion: linear Optimizer: nadam, Dropout: 0.1] -> MAE: 1.04 | ExpVar: 0.0
2020-09-07 00:07:49,460 Results for NN 27 [Capas: 6 Neuronas: 64 Funcion: linear Optimizer: nadam, Dropout: 0.25] -> MAE: 1.04 | ExpVar: 0.0
2020-09-07 00:07:56,647 Results for NN 28 [Capas: 6 Neuronas: 64 Funcion: linear Optimizer: adadelta, Dropout: 0] -> MAE: 1.04 | ExpVar: 0.0
2020-09-07 00:08:04,244 Results for NN 29 [Capas: 6 Neuronas: 64 Funcion: linear Optimizer: adadelta, Dropout: 0.1] -> MAE: 1.04 | ExpVar: 0.0
2020-09-07 00:08:12,106 Results for NN 30 [Capas: 6 Neuronas: 64 Funcion: linear Optimizer: adadelta, Dropout: 0.25] -> MAE: 1.04 | ExpVar: 0.0
2020-09-07 00:08:21,194 Results for NN 31 [Capas: 6 Neuronas: 64 Funcion: relu Optimizer: nadam, Dropout: 0] -> MAE: 1.04 | ExpVar: 0.0
2020-09-07 00:08:30,527 Results for NN 32 [Capas: 6 Neuronas: 64 Funcion: relu Optimizer: nadam, Dropout: 0.1] -> MAE: 1.04 | ExpVar: 0.0
2020-09-07 00:08:40,530 Results for NN 33 [Capas: 6 Neuronas: 64 Funcion: relu Optimizer: nadam, Dropout: 0.25] -> MAE: 1.04 | ExpVar: 0.0
2020-09-07 00:08:48,701 Results for NN 34 [Capas: 6 Neuronas: 64 Funcion: relu Optimizer: adadelta, Dropout: 0] -> MAE: 1.04 | ExpVar: 0.0
2020-09-07 00:08:56,486 Results for NN 35 [Capas: 6 Neuronas: 64 Funcion: relu Optimizer: adadelta, Dropout: 0.1] -> MAE: 1.04 | ExpVar: 0.0
2020-09-07 00:09:04,899 Results for NN 36 [Capas: 6 Neuronas: 64 Funcion: relu Optimizer: adadelta, Dropout: 0.25] -> MAE: 1.04 | ExpVar: 0.0
2020-09-07 00:09:15,202 Results for NN 37 [Capas: 6 Neuronas: 128 Funcion: linear Optimizer: nadam, Dropout: 0] -> MAE: 0.85 | ExpVar: 0.3
2020-09-07 00:09:26,802 Results for NN 38 [Capas: 6 Neuronas: 128 Funcion: linear Optimizer: nadam, Dropout: 0.1] -> MAE: 0.84 | ExpVar: 0.31
2020-09-07 00:09:38,725 Results for NN 39 [Capas: 6 Neuronas: 128 Funcion: linear Optimizer: nadam, Dropout: 0.25] -> MAE: 0.82 | ExpVar: 0.32
2020-09-07 00:09:45,756 Results for NN 40 [Capas: 6 Neuronas: 128 Funcion: linear Optimizer: adadelta, Dropout: 0] -> MAE: 1.04 | ExpVar: -0.0
2020-09-07 00:09:52,834 Results for NN 41 [Capas: 6 Neuronas: 128 Funcion: linear Optimizer: adadelta, Dropout: 0.1] -> MAE: 1.04 | ExpVar: 0.0
2020-09-07 00:09:59,909 Results for NN 42 [Capas: 6 Neuronas: 128 Funcion: linear Optimizer: adadelta, Dropout: 0.25] -> MAE: 1.04 | ExpVar: 0.0
2020-09-07 00:10:07,753 Results for NN 43 [Capas: 6 Neuronas: 128 Funcion: relu Optimizer: nadam, Dropout: 0] -> MAE: 1.04 | ExpVar: 0.0
2020-09-07 00:10:17,167 Results for NN 44 [Capas: 6 Neuronas: 128 Funcion: relu Optimizer: nadam, Dropout: 0.1] -> MAE: 1.04 | ExpVar: 0.0
2020-09-07 00:10:25,208 Results for NN 45 [Capas: 6 Neuronas: 128 Funcion: relu Optimizer: nadam, Dropout: 0.25] -> MAE: 1.04 | ExpVar: 0.0
2020-09-07 00:10:31,351 Results for NN 46 [Capas: 6 Neuronas: 128 Funcion: relu Optimizer: adadelta, Dropout: 0] -> MAE: 1.04 | ExpVar: 0.0
2020-09-07 00:10:38,132 Results for NN 47 [Capas: 6 Neuronas: 128 Funcion: relu Optimizer: adadelta, Dropout: 0.1] -> MAE: 1.04 | ExpVar: 0.0
2020-09-07 00:10:44,792 Results for NN 48 [Capas: 6 Neuronas: 128 Funcion: relu Optimizer: adadelta, Dropout: 0.25] -> MAE: 1.04 | ExpVar: 0.0
2020-09-07 00:10:44,793 Best Model:
2020-09-07 00:10:44,794 Layers:2
2020-09-07 00:10:44,794 Neurons per Layer:128
2020-09-07 00:10:44,795 Activation f(x):relu
2020-09-07 00:10:44,796 Optimizer:nadam
2020-09-07 00:10:44,796 Dropout:0.1
2020-09-07 00:10:54,655 Assets written to: C:\Users\Juani\OneDrive\Juani\Maestria\Tesis Clima\Modelos\G2\Modelo_G2_M10_Y2009-2019\NeuralNetwork\assets
