2020-09-06 20:16:44,939 Results for XGB 1 [Target: reg:linear, MaxDepth: 2, NEstimators: 100, Alpha: 0, Lambda: 0] -> MAE: 4.64 | ExpVar: -0.78
2020-09-06 20:16:44,953 Results for XGB 2 [Target: reg:linear, MaxDepth: 2, NEstimators: 100, Alpha: 0, Lambda: 0.1] -> MAE: 4.4 | ExpVar: -0.58
2020-09-06 20:16:44,969 Results for XGB 3 [Target: reg:linear, MaxDepth: 2, NEstimators: 100, Alpha: 0.1, Lambda: 0] -> MAE: 4.7 | ExpVar: -0.8
2020-09-06 20:16:44,984 Results for XGB 4 [Target: reg:linear, MaxDepth: 2, NEstimators: 100, Alpha: 0.1, Lambda: 0.1] -> MAE: 4.49 | ExpVar: -0.63
2020-09-06 20:16:45,020 Results for XGB 5 [Target: reg:linear, MaxDepth: 2, NEstimators: 250, Alpha: 0, Lambda: 0] -> MAE: 4.67 | ExpVar: -0.81
2020-09-06 20:16:45,055 Results for XGB 6 [Target: reg:linear, MaxDepth: 2, NEstimators: 250, Alpha: 0, Lambda: 0.1] -> MAE: 4.4 | ExpVar: -0.6
2020-09-06 20:16:45,092 Results for XGB 7 [Target: reg:linear, MaxDepth: 2, NEstimators: 250, Alpha: 0.1, Lambda: 0] -> MAE: 4.72 | ExpVar: -0.82
2020-09-06 20:16:45,146 Results for XGB 8 [Target: reg:linear, MaxDepth: 2, NEstimators: 250, Alpha: 0.1, Lambda: 0.1] -> MAE: 4.5 | ExpVar: -0.66
2020-09-06 20:16:45,230 Results for XGB 9 [Target: reg:linear, MaxDepth: 2, NEstimators: 500, Alpha: 0, Lambda: 0] -> MAE: 4.67 | ExpVar: -0.81
2020-09-06 20:16:45,296 Results for XGB 10 [Target: reg:linear, MaxDepth: 2, NEstimators: 500, Alpha: 0, Lambda: 0.1] -> MAE: 4.4 | ExpVar: -0.6
2020-09-06 20:16:45,354 Results for XGB 11 [Target: reg:linear, MaxDepth: 2, NEstimators: 500, Alpha: 0.1, Lambda: 0] -> MAE: 4.72 | ExpVar: -0.82
2020-09-06 20:16:45,408 Results for XGB 12 [Target: reg:linear, MaxDepth: 2, NEstimators: 500, Alpha: 0.1, Lambda: 0.1] -> MAE: 4.5 | ExpVar: -0.66
2020-09-06 20:16:45,516 Results for XGB 13 [Target: reg:linear, MaxDepth: 2, NEstimators: 1000, Alpha: 0, Lambda: 0] -> MAE: 4.67 | ExpVar: -0.81
2020-09-06 20:16:45,659 Results for XGB 14 [Target: reg:linear, MaxDepth: 2, NEstimators: 1000, Alpha: 0, Lambda: 0.1] -> MAE: 4.4 | ExpVar: -0.6
2020-09-06 20:16:45,770 Results for XGB 15 [Target: reg:linear, MaxDepth: 2, NEstimators: 1000, Alpha: 0.1, Lambda: 0] -> MAE: 4.72 | ExpVar: -0.82
2020-09-06 20:16:45,871 Results for XGB 16 [Target: reg:linear, MaxDepth: 2, NEstimators: 1000, Alpha: 0.1, Lambda: 0.1] -> MAE: 4.5 | ExpVar: -0.66
2020-09-06 20:16:45,892 Results for XGB 17 [Target: reg:linear, MaxDepth: 3, NEstimators: 100, Alpha: 0, Lambda: 0] -> MAE: 4.84 | ExpVar: -1.18
2020-09-06 20:16:45,911 Results for XGB 18 [Target: reg:linear, MaxDepth: 3, NEstimators: 100, Alpha: 0, Lambda: 0.1] -> MAE: 5.14 | ExpVar: -1.38
2020-09-06 20:16:45,929 Results for XGB 19 [Target: reg:linear, MaxDepth: 3, NEstimators: 100, Alpha: 0.1, Lambda: 0] -> MAE: 4.79 | ExpVar: -1.1
2020-09-06 20:16:45,948 Results for XGB 20 [Target: reg:linear, MaxDepth: 3, NEstimators: 100, Alpha: 0.1, Lambda: 0.1] -> MAE: 5.52 | ExpVar: -1.71
2020-09-06 20:16:45,988 Results for XGB 21 [Target: reg:linear, MaxDepth: 3, NEstimators: 250, Alpha: 0, Lambda: 0] -> MAE: 4.84 | ExpVar: -1.18
2020-09-06 20:16:46,027 Results for XGB 22 [Target: reg:linear, MaxDepth: 3, NEstimators: 250, Alpha: 0, Lambda: 0.1] -> MAE: 5.14 | ExpVar: -1.39
2020-09-06 20:16:46,058 Results for XGB 23 [Target: reg:linear, MaxDepth: 3, NEstimators: 250, Alpha: 0.1, Lambda: 0] -> MAE: 4.79 | ExpVar: -1.1
2020-09-06 20:16:46,097 Results for XGB 24 [Target: reg:linear, MaxDepth: 3, NEstimators: 250, Alpha: 0.1, Lambda: 0.1] -> MAE: 5.52 | ExpVar: -1.71
2020-09-06 20:16:46,157 Results for XGB 25 [Target: reg:linear, MaxDepth: 3, NEstimators: 500, Alpha: 0, Lambda: 0] -> MAE: 4.84 | ExpVar: -1.18
2020-09-06 20:16:46,219 Results for XGB 26 [Target: reg:linear, MaxDepth: 3, NEstimators: 500, Alpha: 0, Lambda: 0.1] -> MAE: 5.14 | ExpVar: -1.39
2020-09-06 20:16:46,273 Results for XGB 27 [Target: reg:linear, MaxDepth: 3, NEstimators: 500, Alpha: 0.1, Lambda: 0] -> MAE: 4.79 | ExpVar: -1.1
2020-09-06 20:16:46,336 Results for XGB 28 [Target: reg:linear, MaxDepth: 3, NEstimators: 500, Alpha: 0.1, Lambda: 0.1] -> MAE: 5.52 | ExpVar: -1.71
2020-09-06 20:16:46,439 Results for XGB 29 [Target: reg:linear, MaxDepth: 3, NEstimators: 1000, Alpha: 0, Lambda: 0] -> MAE: 4.84 | ExpVar: -1.18
2020-09-06 20:16:46,539 Results for XGB 30 [Target: reg:linear, MaxDepth: 3, NEstimators: 1000, Alpha: 0, Lambda: 0.1] -> MAE: 5.14 | ExpVar: -1.39
2020-09-06 20:16:46,675 Results for XGB 31 [Target: reg:linear, MaxDepth: 3, NEstimators: 1000, Alpha: 0.1, Lambda: 0] -> MAE: 4.79 | ExpVar: -1.1
2020-09-06 20:16:46,778 Results for XGB 32 [Target: reg:linear, MaxDepth: 3, NEstimators: 1000, Alpha: 0.1, Lambda: 0.1] -> MAE: 5.52 | ExpVar: -1.71
2020-09-06 20:16:46,808 Results for XGB 33 [Target: reg:linear, MaxDepth: 6, NEstimators: 100, Alpha: 0, Lambda: 0] -> MAE: 9.38 | ExpVar: -8.36
2020-09-06 20:16:46,836 Results for XGB 34 [Target: reg:linear, MaxDepth: 6, NEstimators: 100, Alpha: 0, Lambda: 0.1] -> MAE: 6.71 | ExpVar: -3.42
2020-09-06 20:16:46,864 Results for XGB 35 [Target: reg:linear, MaxDepth: 6, NEstimators: 100, Alpha: 0.1, Lambda: 0] -> MAE: 9.03 | ExpVar: -7.58
2020-09-06 20:16:46,892 Results for XGB 36 [Target: reg:linear, MaxDepth: 6, NEstimators: 100, Alpha: 0.1, Lambda: 0.1] -> MAE: 7.06 | ExpVar: -4.03
2020-09-06 20:16:46,933 Results for XGB 37 [Target: reg:linear, MaxDepth: 6, NEstimators: 250, Alpha: 0, Lambda: 0] -> MAE: 9.38 | ExpVar: -8.36
2020-09-06 20:16:46,980 Results for XGB 38 [Target: reg:linear, MaxDepth: 6, NEstimators: 250, Alpha: 0, Lambda: 0.1] -> MAE: 6.71 | ExpVar: -3.42
2020-09-06 20:16:47,021 Results for XGB 39 [Target: reg:linear, MaxDepth: 6, NEstimators: 250, Alpha: 0.1, Lambda: 0] -> MAE: 9.03 | ExpVar: -7.58
2020-09-06 20:16:47,063 Results for XGB 40 [Target: reg:linear, MaxDepth: 6, NEstimators: 250, Alpha: 0.1, Lambda: 0.1] -> MAE: 7.06 | ExpVar: -4.03
2020-09-06 20:16:47,133 Results for XGB 41 [Target: reg:linear, MaxDepth: 6, NEstimators: 500, Alpha: 0, Lambda: 0] -> MAE: 9.38 | ExpVar: -8.36
2020-09-06 20:16:47,197 Results for XGB 42 [Target: reg:linear, MaxDepth: 6, NEstimators: 500, Alpha: 0, Lambda: 0.1] -> MAE: 6.71 | ExpVar: -3.42
2020-09-06 20:16:47,263 Results for XGB 43 [Target: reg:linear, MaxDepth: 6, NEstimators: 500, Alpha: 0.1, Lambda: 0] -> MAE: 9.03 | ExpVar: -7.58
2020-09-06 20:16:47,336 Results for XGB 44 [Target: reg:linear, MaxDepth: 6, NEstimators: 500, Alpha: 0.1, Lambda: 0.1] -> MAE: 7.06 | ExpVar: -4.03
2020-09-06 20:16:47,442 Results for XGB 45 [Target: reg:linear, MaxDepth: 6, NEstimators: 1000, Alpha: 0, Lambda: 0] -> MAE: 9.38 | ExpVar: -8.36
2020-09-06 20:16:47,553 Results for XGB 46 [Target: reg:linear, MaxDepth: 6, NEstimators: 1000, Alpha: 0, Lambda: 0.1] -> MAE: 6.71 | ExpVar: -3.42
2020-09-06 20:16:47,666 Results for XGB 47 [Target: reg:linear, MaxDepth: 6, NEstimators: 1000, Alpha: 0.1, Lambda: 0] -> MAE: 9.03 | ExpVar: -7.58
2020-09-06 20:16:47,780 Results for XGB 48 [Target: reg:linear, MaxDepth: 6, NEstimators: 1000, Alpha: 0.1, Lambda: 0.1] -> MAE: 7.06 | ExpVar: -4.03
2020-09-06 20:16:47,797 Results for XGB 49 [Target: reg:gamma, MaxDepth: 2, NEstimators: 100, Alpha: 0, Lambda: 0] -> MAE: 4.89 | ExpVar: -0.97
2020-09-06 20:16:47,812 Results for XGB 50 [Target: reg:gamma, MaxDepth: 2, NEstimators: 100, Alpha: 0, Lambda: 0.1] -> MAE: 4.59 | ExpVar: -0.8
2020-09-06 20:16:47,827 Results for XGB 51 [Target: reg:gamma, MaxDepth: 2, NEstimators: 100, Alpha: 0.1, Lambda: 0] -> MAE: 4.51 | ExpVar: -0.64
2020-09-06 20:16:47,846 Results for XGB 52 [Target: reg:gamma, MaxDepth: 2, NEstimators: 100, Alpha: 0.1, Lambda: 0.1] -> MAE: 4.5 | ExpVar: -0.71
2020-09-06 20:16:47,883 Results for XGB 53 [Target: reg:gamma, MaxDepth: 2, NEstimators: 250, Alpha: 0, Lambda: 0] -> MAE: 13.81 | ExpVar: -58.31
2020-09-06 20:16:47,916 Results for XGB 54 [Target: reg:gamma, MaxDepth: 2, NEstimators: 250, Alpha: 0, Lambda: 0.1] -> MAE: 8.33 | ExpVar: -13.76
2020-09-06 20:16:47,949 Results for XGB 55 [Target: reg:gamma, MaxDepth: 2, NEstimators: 250, Alpha: 0.1, Lambda: 0] -> MAE: 5.57 | ExpVar: -3.17
2020-09-06 20:16:47,988 Results for XGB 56 [Target: reg:gamma, MaxDepth: 2, NEstimators: 250, Alpha: 0.1, Lambda: 0.1] -> MAE: 7.92 | ExpVar: -13.94
2020-09-06 20:16:48,054 Results for XGB 57 [Target: reg:gamma, MaxDepth: 2, NEstimators: 500, Alpha: 0, Lambda: 0] -> MAE: 503.22 | ExpVar: -82684.88
2020-09-06 20:16:48,122 Results for XGB 58 [Target: reg:gamma, MaxDepth: 2, NEstimators: 500, Alpha: 0, Lambda: 0.1] -> MAE: 26.05 | ExpVar: -233.43
2020-09-06 20:16:48,187 Results for XGB 59 [Target: reg:gamma, MaxDepth: 2, NEstimators: 500, Alpha: 0.1, Lambda: 0] -> MAE: 197.19 | ExpVar: -16610.73
2020-09-06 20:16:48,256 Results for XGB 60 [Target: reg:gamma, MaxDepth: 2, NEstimators: 500, Alpha: 0.1, Lambda: 0.1] -> MAE: 190.25 | ExpVar: -8133.82
2020-09-06 20:16:48,385 Results for XGB 61 [Target: reg:gamma, MaxDepth: 2, NEstimators: 1000, Alpha: 0, Lambda: 0] -> MAE: 4.74 | ExpVar: 0.0
2020-09-06 20:16:48,518 Results for XGB 62 [Target: reg:gamma, MaxDepth: 2, NEstimators: 1000, Alpha: 0, Lambda: 0.1] -> MAE: 4.74 | ExpVar: 0.0
2020-09-06 20:16:48,657 Results for XGB 63 [Target: reg:gamma, MaxDepth: 2, NEstimators: 1000, Alpha: 0.1, Lambda: 0] -> MAE: 4.74 | ExpVar: 0.0
2020-09-06 20:16:48,785 Results for XGB 64 [Target: reg:gamma, MaxDepth: 2, NEstimators: 1000, Alpha: 0.1, Lambda: 0.1] -> MAE: 4.74 | ExpVar: 0.0
2020-09-06 20:16:48,803 Results for XGB 65 [Target: reg:gamma, MaxDepth: 3, NEstimators: 100, Alpha: 0, Lambda: 0] -> MAE: 4.54 | ExpVar: -0.82
2020-09-06 20:16:48,822 Results for XGB 66 [Target: reg:gamma, MaxDepth: 3, NEstimators: 100, Alpha: 0, Lambda: 0.1] -> MAE: 4.65 | ExpVar: -0.7
2020-09-06 20:16:48,841 Results for XGB 67 [Target: reg:gamma, MaxDepth: 3, NEstimators: 100, Alpha: 0.1, Lambda: 0] -> MAE: 4.5 | ExpVar: -0.8
2020-09-06 20:16:48,862 Results for XGB 68 [Target: reg:gamma, MaxDepth: 3, NEstimators: 100, Alpha: 0.1, Lambda: 0.1] -> MAE: 4.61 | ExpVar: -0.61
2020-09-06 20:16:48,908 Results for XGB 69 [Target: reg:gamma, MaxDepth: 3, NEstimators: 250, Alpha: 0, Lambda: 0] -> MAE: 5.28 | ExpVar: -2.16
2020-09-06 20:16:48,954 Results for XGB 70 [Target: reg:gamma, MaxDepth: 3, NEstimators: 250, Alpha: 0, Lambda: 0.1] -> MAE: 5.26 | ExpVar: -1.61
2020-09-06 20:16:48,999 Results for XGB 71 [Target: reg:gamma, MaxDepth: 3, NEstimators: 250, Alpha: 0.1, Lambda: 0] -> MAE: 6.45 | ExpVar: -3.35
2020-09-06 20:16:49,040 Results for XGB 72 [Target: reg:gamma, MaxDepth: 3, NEstimators: 250, Alpha: 0.1, Lambda: 0.1] -> MAE: 6.29 | ExpVar: -2.49
2020-09-06 20:16:49,126 Results for XGB 73 [Target: reg:gamma, MaxDepth: 3, NEstimators: 500, Alpha: 0, Lambda: 0] -> MAE: 14.37 | ExpVar: -45.36
2020-09-06 20:16:49,214 Results for XGB 74 [Target: reg:gamma, MaxDepth: 3, NEstimators: 500, Alpha: 0, Lambda: 0.1] -> MAE: 5.23 | ExpVar: -1.98
2020-09-06 20:16:49,297 Results for XGB 75 [Target: reg:gamma, MaxDepth: 3, NEstimators: 500, Alpha: 0.1, Lambda: 0] -> MAE: 16.4 | ExpVar: -30.51
2020-09-06 20:16:49,390 Results for XGB 76 [Target: reg:gamma, MaxDepth: 3, NEstimators: 500, Alpha: 0.1, Lambda: 0.1] -> MAE: 10.98 | ExpVar: -16.71
2020-09-06 20:16:49,542 Results for XGB 77 [Target: reg:gamma, MaxDepth: 3, NEstimators: 1000, Alpha: 0, Lambda: 0] -> MAE: 4.74 | ExpVar: 0.0
2020-09-06 20:16:49,708 Results for XGB 78 [Target: reg:gamma, MaxDepth: 3, NEstimators: 1000, Alpha: 0, Lambda: 0.1] -> MAE: 4.74 | ExpVar: 0.0
2020-09-06 20:16:49,864 Results for XGB 79 [Target: reg:gamma, MaxDepth: 3, NEstimators: 1000, Alpha: 0.1, Lambda: 0] -> MAE: 4.74 | ExpVar: 0.0
2020-09-06 20:16:50,033 Results for XGB 80 [Target: reg:gamma, MaxDepth: 3, NEstimators: 1000, Alpha: 0.1, Lambda: 0.1] -> MAE: 4.74 | ExpVar: 0.0
2020-09-06 20:16:50,062 Results for XGB 81 [Target: reg:gamma, MaxDepth: 6, NEstimators: 100, Alpha: 0, Lambda: 0] -> MAE: 4.76 | ExpVar: -0.54
2020-09-06 20:16:50,089 Results for XGB 82 [Target: reg:gamma, MaxDepth: 6, NEstimators: 100, Alpha: 0, Lambda: 0.1] -> MAE: 4.75 | ExpVar: -0.54
2020-09-06 20:16:50,116 Results for XGB 83 [Target: reg:gamma, MaxDepth: 6, NEstimators: 100, Alpha: 0.1, Lambda: 0] -> MAE: 4.71 | ExpVar: -0.47
2020-09-06 20:16:50,144 Results for XGB 84 [Target: reg:gamma, MaxDepth: 6, NEstimators: 100, Alpha: 0.1, Lambda: 0.1] -> MAE: 4.64 | ExpVar: -0.43
2020-09-06 20:16:50,208 Results for XGB 85 [Target: reg:gamma, MaxDepth: 6, NEstimators: 250, Alpha: 0, Lambda: 0] -> MAE: 4.99 | ExpVar: -0.82
2020-09-06 20:16:50,275 Results for XGB 86 [Target: reg:gamma, MaxDepth: 6, NEstimators: 250, Alpha: 0, Lambda: 0.1] -> MAE: 4.94 | ExpVar: -0.74
2020-09-06 20:16:50,340 Results for XGB 87 [Target: reg:gamma, MaxDepth: 6, NEstimators: 250, Alpha: 0.1, Lambda: 0] -> MAE: 4.8 | ExpVar: -0.68
2020-09-06 20:16:50,409 Results for XGB 88 [Target: reg:gamma, MaxDepth: 6, NEstimators: 250, Alpha: 0.1, Lambda: 0.1] -> MAE: 4.59 | ExpVar: -0.51
2020-09-06 20:16:50,542 Results for XGB 89 [Target: reg:gamma, MaxDepth: 6, NEstimators: 500, Alpha: 0, Lambda: 0] -> MAE: 5.28 | ExpVar: -1.21
2020-09-06 20:16:50,672 Results for XGB 90 [Target: reg:gamma, MaxDepth: 6, NEstimators: 500, Alpha: 0, Lambda: 0.1] -> MAE: 5.34 | ExpVar: -1.31
2020-09-06 20:16:50,802 Results for XGB 91 [Target: reg:gamma, MaxDepth: 6, NEstimators: 500, Alpha: 0.1, Lambda: 0] -> MAE: 4.8 | ExpVar: -0.87
2020-09-06 20:16:50,907 Results for XGB 92 [Target: reg:gamma, MaxDepth: 6, NEstimators: 500, Alpha: 0.1, Lambda: 0.1] -> MAE: 5.23 | ExpVar: -1.72
2020-09-06 20:16:51,086 Results for XGB 93 [Target: reg:gamma, MaxDepth: 6, NEstimators: 1000, Alpha: 0, Lambda: 0] -> MAE: 4.74 | ExpVar: 0.0
2020-09-06 20:16:51,254 Results for XGB 94 [Target: reg:gamma, MaxDepth: 6, NEstimators: 1000, Alpha: 0, Lambda: 0.1] -> MAE: 4.74 | ExpVar: 0.0
2020-09-06 20:16:51,440 Results for XGB 95 [Target: reg:gamma, MaxDepth: 6, NEstimators: 1000, Alpha: 0.1, Lambda: 0] -> MAE: 4.74 | ExpVar: 0.0
2020-09-06 20:16:51,615 Results for XGB 96 [Target: reg:gamma, MaxDepth: 6, NEstimators: 1000, Alpha: 0.1, Lambda: 0.1] -> MAE: 4.74 | ExpVar: 0.0
2020-09-06 20:16:51,616 Best Model:
2020-09-06 20:16:51,616 Target:reg:linear
2020-09-06 20:16:51,617 MaxDepth:2
2020-09-06 20:16:51,617 NEstimators:100
2020-09-06 20:16:51,618 Alpha:0
2020-09-06 20:16:51,618 Gamma:0.1
