2020-09-06 20:59:57,698 Results for NN 1 [Capas: 2 Neuronas: 64 Funcion: linear Optimizer: nadam, Dropout: 0] -> MAE: 0.66 | ExpVar: 0.04
2020-09-06 21:00:02,717 Results for NN 2 [Capas: 2 Neuronas: 64 Funcion: linear Optimizer: nadam, Dropout: 0.1] -> MAE: 0.65 | ExpVar: 0.12
2020-09-06 21:00:14,567 Results for NN 3 [Capas: 2 Neuronas: 64 Funcion: linear Optimizer: nadam, Dropout: 0.25] -> MAE: 0.74 | ExpVar: -0.46
2020-09-06 21:00:18,236 Results for NN 4 [Capas: 2 Neuronas: 64 Funcion: linear Optimizer: adadelta, Dropout: 0] -> MAE: 0.58 | ExpVar: 0.01
2020-09-06 21:00:21,889 Results for NN 5 [Capas: 2 Neuronas: 64 Funcion: linear Optimizer: adadelta, Dropout: 0.1] -> MAE: 0.58 | ExpVar: 0.0
2020-09-06 21:00:33,785 Results for NN 6 [Capas: 2 Neuronas: 64 Funcion: linear Optimizer: adadelta, Dropout: 0.25] -> MAE: 0.58 | ExpVar: 0.02
2020-09-06 21:00:37,825 Results for NN 7 [Capas: 2 Neuronas: 64 Funcion: relu Optimizer: nadam, Dropout: 0] -> MAE: 0.71 | ExpVar: -0.17
2020-09-06 21:00:47,091 Results for NN 8 [Capas: 2 Neuronas: 64 Funcion: relu Optimizer: nadam, Dropout: 0.1] -> MAE: 0.68 | ExpVar: -0.17
2020-09-06 21:00:54,249 Results for NN 9 [Capas: 2 Neuronas: 64 Funcion: relu Optimizer: nadam, Dropout: 0.25] -> MAE: 0.7 | ExpVar: -0.13
2020-09-06 21:00:57,894 Results for NN 10 [Capas: 2 Neuronas: 64 Funcion: relu Optimizer: adadelta, Dropout: 0] -> MAE: 0.58 | ExpVar: 0.0
2020-09-06 21:01:09,827 Results for NN 11 [Capas: 2 Neuronas: 64 Funcion: relu Optimizer: adadelta, Dropout: 0.1] -> MAE: 0.58 | ExpVar: -0.0
2020-09-06 21:01:13,555 Results for NN 12 [Capas: 2 Neuronas: 64 Funcion: relu Optimizer: adadelta, Dropout: 0.25] -> MAE: 0.58 | ExpVar: -0.0
2020-09-06 21:01:18,551 Results for NN 13 [Capas: 2 Neuronas: 128 Funcion: linear Optimizer: nadam, Dropout: 0] -> MAE: 0.69 | ExpVar: -0.03
2020-09-06 21:01:30,948 Results for NN 14 [Capas: 2 Neuronas: 128 Funcion: linear Optimizer: nadam, Dropout: 0.1] -> MAE: 0.64 | ExpVar: -0.24
2020-09-06 21:01:35,175 Results for NN 15 [Capas: 2 Neuronas: 128 Funcion: linear Optimizer: nadam, Dropout: 0.25] -> MAE: 0.67 | ExpVar: 0.07
2020-09-06 21:01:39,022 Results for NN 16 [Capas: 2 Neuronas: 128 Funcion: linear Optimizer: adadelta, Dropout: 0] -> MAE: 0.58 | ExpVar: 0.0
2020-09-06 21:01:51,054 Results for NN 17 [Capas: 2 Neuronas: 128 Funcion: linear Optimizer: adadelta, Dropout: 0.1] -> MAE: 0.58 | ExpVar: 0.01
2020-09-06 21:01:54,973 Results for NN 18 [Capas: 2 Neuronas: 128 Funcion: linear Optimizer: adadelta, Dropout: 0.25] -> MAE: 0.58 | ExpVar: 0.03
2020-09-06 21:01:59,130 Results for NN 19 [Capas: 2 Neuronas: 128 Funcion: relu Optimizer: nadam, Dropout: 0] -> MAE: 0.7 | ExpVar: -0.06
2020-09-06 21:02:10,714 Results for NN 20 [Capas: 2 Neuronas: 128 Funcion: relu Optimizer: nadam, Dropout: 0.1] -> MAE: 0.69 | ExpVar: -0.09
2020-09-06 21:02:14,923 Results for NN 21 [Capas: 2 Neuronas: 128 Funcion: relu Optimizer: nadam, Dropout: 0.25] -> MAE: 0.68 | ExpVar: -0.03
2020-09-06 21:02:25,928 Results for NN 22 [Capas: 2 Neuronas: 128 Funcion: relu Optimizer: adadelta, Dropout: 0] -> MAE: 0.58 | ExpVar: -0.0
2020-09-06 21:02:29,774 Results for NN 23 [Capas: 2 Neuronas: 128 Funcion: relu Optimizer: adadelta, Dropout: 0.1] -> MAE: 0.58 | ExpVar: -0.0
2020-09-06 21:02:34,268 Results for NN 24 [Capas: 2 Neuronas: 128 Funcion: relu Optimizer: adadelta, Dropout: 0.25] -> MAE: 0.58 | ExpVar: -0.0
2020-09-06 21:02:47,654 Results for NN 25 [Capas: 6 Neuronas: 64 Funcion: linear Optimizer: nadam, Dropout: 0] -> MAE: 0.64 | ExpVar: 0.06
2020-09-06 21:02:53,161 Results for NN 26 [Capas: 6 Neuronas: 64 Funcion: linear Optimizer: nadam, Dropout: 0.1] -> MAE: 0.58 | ExpVar: 0.0
2020-09-06 21:03:08,020 Results for NN 27 [Capas: 6 Neuronas: 64 Funcion: linear Optimizer: nadam, Dropout: 0.25] -> MAE: 0.7 | ExpVar: -0.18
2020-09-06 21:03:12,691 Results for NN 28 [Capas: 6 Neuronas: 64 Funcion: linear Optimizer: adadelta, Dropout: 0] -> MAE: 0.58 | ExpVar: 0.0
2020-09-06 21:03:25,650 Results for NN 29 [Capas: 6 Neuronas: 64 Funcion: linear Optimizer: adadelta, Dropout: 0.1] -> MAE: 0.58 | ExpVar: 0.0
2020-09-06 21:03:30,862 Results for NN 30 [Capas: 6 Neuronas: 64 Funcion: linear Optimizer: adadelta, Dropout: 0.25] -> MAE: 0.58 | ExpVar: 0.0
2020-09-06 21:03:43,316 Results for NN 31 [Capas: 6 Neuronas: 64 Funcion: relu Optimizer: nadam, Dropout: 0] -> MAE: 0.69 | ExpVar: -0.13
2020-09-06 21:03:48,908 Results for NN 32 [Capas: 6 Neuronas: 64 Funcion: relu Optimizer: nadam, Dropout: 0.1] -> MAE: 0.58 | ExpVar: 0.0
2020-09-06 21:04:01,893 Results for NN 33 [Capas: 6 Neuronas: 64 Funcion: relu Optimizer: nadam, Dropout: 0.25] -> MAE: 0.58 | ExpVar: 0.0
2020-09-06 21:04:06,136 Results for NN 34 [Capas: 6 Neuronas: 64 Funcion: relu Optimizer: adadelta, Dropout: 0] -> MAE: 0.58 | ExpVar: 0.0
2020-09-06 21:04:18,998 Results for NN 35 [Capas: 6 Neuronas: 64 Funcion: relu Optimizer: adadelta, Dropout: 0.1] -> MAE: 0.58 | ExpVar: 0.0
2020-09-06 21:04:23,697 Results for NN 36 [Capas: 6 Neuronas: 64 Funcion: relu Optimizer: adadelta, Dropout: 0.25] -> MAE: 0.58 | ExpVar: 0.0
2020-09-06 21:04:37,288 Results for NN 37 [Capas: 6 Neuronas: 128 Funcion: linear Optimizer: nadam, Dropout: 0] -> MAE: 0.68 | ExpVar: -0.1
2020-09-06 21:04:43,376 Results for NN 38 [Capas: 6 Neuronas: 128 Funcion: linear Optimizer: nadam, Dropout: 0.1] -> MAE: 0.66 | ExpVar: -0.09
2020-09-06 21:04:57,602 Results for NN 39 [Capas: 6 Neuronas: 128 Funcion: linear Optimizer: nadam, Dropout: 0.25] -> MAE: 0.66 | ExpVar: 0.04
2020-09-06 21:05:02,359 Results for NN 40 [Capas: 6 Neuronas: 128 Funcion: linear Optimizer: adadelta, Dropout: 0] -> MAE: 0.58 | ExpVar: 0.0
2020-09-06 21:05:15,880 Results for NN 41 [Capas: 6 Neuronas: 128 Funcion: linear Optimizer: adadelta, Dropout: 0.1] -> MAE: 0.58 | ExpVar: 0.0
2020-09-06 21:05:21,157 Results for NN 42 [Capas: 6 Neuronas: 128 Funcion: linear Optimizer: adadelta, Dropout: 0.25] -> MAE: 0.58 | ExpVar: 0.0
2020-09-06 21:05:34,909 Results for NN 43 [Capas: 6 Neuronas: 128 Funcion: relu Optimizer: nadam, Dropout: 0] -> MAE: 0.58 | ExpVar: 0.0
2020-09-06 21:05:41,701 Results for NN 44 [Capas: 6 Neuronas: 128 Funcion: relu Optimizer: nadam, Dropout: 0.1] -> MAE: 0.58 | ExpVar: 0.0
2020-09-06 21:05:55,942 Results for NN 45 [Capas: 6 Neuronas: 128 Funcion: relu Optimizer: nadam, Dropout: 0.25] -> MAE: 0.58 | ExpVar: 0.0
2020-09-06 21:06:00,837 Results for NN 46 [Capas: 6 Neuronas: 128 Funcion: relu Optimizer: adadelta, Dropout: 0] -> MAE: 0.58 | ExpVar: -0.0
2020-09-06 21:06:16,690 Results for NN 47 [Capas: 6 Neuronas: 128 Funcion: relu Optimizer: adadelta, Dropout: 0.1] -> MAE: 0.58 | ExpVar: 0.0
2020-09-06 21:06:30,232 Results for NN 48 [Capas: 6 Neuronas: 128 Funcion: relu Optimizer: adadelta, Dropout: 0.25] -> MAE: 0.58 | ExpVar: 0.0
2020-09-06 21:06:30,232 Best Model:
2020-09-06 21:06:30,233 Layers:2
2020-09-06 21:06:30,234 Neurons per Layer:128
2020-09-06 21:06:30,235 Activation f(x):linear
2020-09-06 21:06:30,235 Optimizer:adadelta
2020-09-06 21:06:30,236 Dropout:0.1
2020-09-06 21:06:51,036 Assets written to: C:\Users\Juani\OneDrive\Juani\Maestria\Tesis Clima\Modelos\G0\Modelo_G0_M04_Y2009-2019\NeuralNetwork\assets
