2020-09-06 20:12:54,666 Results for SVR 1 [Kernel: rbf, Degree: 0, Gamma: auto, Coef: 0, C: 1] -> MAE:1.03 | ExpVar:0.03
2020-09-06 20:12:54,669 Results for SVR 2 [Kernel: rbf, Degree: 0, Gamma: auto, Coef: 5, C: 2] -> MAE:1.03 | ExpVar:0.01
2020-09-06 20:12:54,672 Results for SVR 3 [Kernel: rbf, Degree: 0, Gamma: auto, Coef: 10, C: 3] -> MAE:1.04 | ExpVar:0.01
2020-09-06 20:12:54,675 Results for SVR 4 [Kernel: rbf, Degree: 0, Gamma: auto, Coef: 15, C: 4] -> MAE:1.07 | ExpVar:0.01
2020-09-06 20:12:54,677 Results for SVR 5 [Kernel: rbf, Degree: 0, Gamma: auto, Coef: 20, C: 5] -> MAE:1.08 | ExpVar:0.0
2020-09-06 20:12:54,678 Results for SVR 6 [Kernel: poly, Degree: 1, Gamma: auto, Coef: 0, C: 1] -> MAE:0.87 | ExpVar:0.25
2020-09-06 20:12:54,680 Results for SVR 7 [Kernel: poly, Degree: 2, Gamma: auto, Coef: 5, C: 2] -> MAE:1.46 | ExpVar:-0.96
2020-09-06 20:12:54,685 Results for SVR 8 [Kernel: poly, Degree: 3, Gamma: auto, Coef: 10, C: 3] -> MAE:2.1 | ExpVar:-3.97
2020-09-06 20:12:54,689 Results for SVR 9 [Kernel: poly, Degree: 4, Gamma: auto, Coef: 15, C: 4] -> MAE:2.08 | ExpVar:-3.69
2020-09-06 20:12:54,693 Results for SVR 10 [Kernel: poly, Degree: 5, Gamma: auto, Coef: 20, C: 5] -> MAE:2.07 | ExpVar:-3.58
2020-09-06 20:12:54,695 Results for SVR 11 [Kernel: sigmoid, Degree: 0, Gamma: auto, Coef: 0, C: 1] -> MAE:1.0 | ExpVar:0.02
2020-09-06 20:12:54,697 Results for SVR 12 [Kernel: sigmoid, Degree: 0, Gamma: auto, Coef: 5, C: 2] -> MAE:0.99 | ExpVar:0.01
2020-09-06 20:12:54,699 Results for SVR 13 [Kernel: sigmoid, Degree: 0, Gamma: auto, Coef: 10, C: 3] -> MAE:1.0 | ExpVar:0.0
2020-09-06 20:12:54,700 Results for SVR 14 [Kernel: sigmoid, Degree: 0, Gamma: auto, Coef: 15, C: 4] -> MAE:1.0 | ExpVar:0.0
2020-09-06 20:12:54,702 Results for SVR 15 [Kernel: sigmoid, Degree: 0, Gamma: auto, Coef: 20, C: 5] -> MAE:1.0 | ExpVar:0.0
2020-09-06 20:12:54,704 Results for SVR 16 [Kernel: poly, Degree: 12, Gamma: auto, Coef: 0, C: 1] -> MAE:1.44 | ExpVar:-1.76
2020-09-06 20:12:54,704 Best Model:
2020-09-06 20:12:54,704 Kernel:poly
2020-09-06 20:12:54,704 Degree:1
2020-09-06 20:12:54,704 Gamma:auto
2020-09-06 20:12:54,704 Coef:0
2020-09-06 20:12:54,705 C:1
