2020-09-06 20:12:38,784 Results for SVR 1 [Kernel: rbf, Degree: 0, Gamma: auto, Coef: 0, C: 1] -> MAE:0.78 | ExpVar:0.18
2020-09-06 20:12:38,787 Results for SVR 2 [Kernel: rbf, Degree: 0, Gamma: auto, Coef: 5, C: 2] -> MAE:0.94 | ExpVar:-0.06
2020-09-06 20:12:38,789 Results for SVR 3 [Kernel: rbf, Degree: 0, Gamma: auto, Coef: 10, C: 3] -> MAE:0.98 | ExpVar:-0.11
2020-09-06 20:12:38,790 Results for SVR 4 [Kernel: rbf, Degree: 0, Gamma: auto, Coef: 15, C: 4] -> MAE:0.99 | ExpVar:-0.14
2020-09-06 20:12:38,792 Results for SVR 5 [Kernel: rbf, Degree: 0, Gamma: auto, Coef: 20, C: 5] -> MAE:1.01 | ExpVar:-0.17
2020-09-06 20:12:38,794 Results for SVR 6 [Kernel: poly, Degree: 1, Gamma: auto, Coef: 0, C: 1] -> MAE:0.5 | ExpVar:0.75
2020-09-06 20:12:38,796 Results for SVR 7 [Kernel: poly, Degree: 2, Gamma: auto, Coef: 5, C: 2] -> MAE:0.91 | ExpVar:0.11
2020-09-06 20:12:38,803 Results for SVR 8 [Kernel: poly, Degree: 3, Gamma: auto, Coef: 10, C: 3] -> MAE:1.89 | ExpVar:-1.45
2020-09-06 20:12:38,808 Results for SVR 9 [Kernel: poly, Degree: 4, Gamma: auto, Coef: 15, C: 4] -> MAE:1.84 | ExpVar:-1.4
2020-09-06 20:12:38,812 Results for SVR 10 [Kernel: poly, Degree: 5, Gamma: auto, Coef: 20, C: 5] -> MAE:1.83 | ExpVar:-1.38
2020-09-06 20:12:38,813 Results for SVR 11 [Kernel: sigmoid, Degree: 0, Gamma: auto, Coef: 0, C: 1] -> MAE:0.62 | ExpVar:0.54
2020-09-06 20:12:38,815 Results for SVR 12 [Kernel: sigmoid, Degree: 0, Gamma: auto, Coef: 5, C: 2] -> MAE:0.76 | ExpVar:0.01
2020-09-06 20:12:38,816 Results for SVR 13 [Kernel: sigmoid, Degree: 0, Gamma: auto, Coef: 10, C: 3] -> MAE:0.76 | ExpVar:0.0
2020-09-06 20:12:38,818 Results for SVR 14 [Kernel: sigmoid, Degree: 0, Gamma: auto, Coef: 15, C: 4] -> MAE:0.76 | ExpVar:0.0
2020-09-06 20:12:38,820 Results for SVR 15 [Kernel: sigmoid, Degree: 0, Gamma: auto, Coef: 20, C: 5] -> MAE:0.76 | ExpVar:0.0
2020-09-06 20:12:38,821 Results for SVR 16 [Kernel: poly, Degree: 12, Gamma: auto, Coef: 0, C: 1] -> MAE:0.9 | ExpVar:-1.11
2020-09-06 20:12:38,821 Best Model:
2020-09-06 20:12:38,822 Kernel:poly
2020-09-06 20:12:38,822 Degree:1
2020-09-06 20:12:38,822 Gamma:auto
2020-09-06 20:12:38,822 Coef:0
2020-09-06 20:12:38,822 C:1
