2020-09-06 22:31:54,773 Results for NN 1 [Capas: 2 Neuronas: 64 Funcion: linear Optimizer: nadam, Dropout: 0] -> MAE: 0.61 | ExpVar: 0.8
2020-09-06 22:32:06,057 Results for NN 2 [Capas: 2 Neuronas: 64 Funcion: linear Optimizer: nadam, Dropout: 0.1] -> MAE: 0.7 | ExpVar: 0.75
2020-09-06 22:32:10,100 Results for NN 3 [Capas: 2 Neuronas: 64 Funcion: linear Optimizer: nadam, Dropout: 0.25] -> MAE: 0.66 | ExpVar: 0.69
2020-09-06 22:32:13,714 Results for NN 4 [Capas: 2 Neuronas: 64 Funcion: linear Optimizer: adadelta, Dropout: 0] -> MAE: 0.82 | ExpVar: 0.05
2020-09-06 22:32:25,554 Results for NN 5 [Capas: 2 Neuronas: 64 Funcion: linear Optimizer: adadelta, Dropout: 0.1] -> MAE: 0.81 | ExpVar: 0.01
2020-09-06 22:32:29,173 Results for NN 6 [Capas: 2 Neuronas: 64 Funcion: linear Optimizer: adadelta, Dropout: 0.25] -> MAE: 0.81 | ExpVar: 0.02
2020-09-06 22:32:33,189 Results for NN 7 [Capas: 2 Neuronas: 64 Funcion: relu Optimizer: nadam, Dropout: 0] -> MAE: 0.82 | ExpVar: 0.0
2020-09-06 22:32:45,260 Results for NN 8 [Capas: 2 Neuronas: 64 Funcion: relu Optimizer: nadam, Dropout: 0.1] -> MAE: 0.82 | ExpVar: 0.0
2020-09-06 22:32:49,563 Results for NN 9 [Capas: 2 Neuronas: 64 Funcion: relu Optimizer: nadam, Dropout: 0.25] -> MAE: 0.61 | ExpVar: 0.76
2020-09-06 22:32:53,102 Results for NN 10 [Capas: 2 Neuronas: 64 Funcion: relu Optimizer: adadelta, Dropout: 0] -> MAE: 0.82 | ExpVar: 0.01
2020-09-06 22:33:04,979 Results for NN 11 [Capas: 2 Neuronas: 64 Funcion: relu Optimizer: adadelta, Dropout: 0.1] -> MAE: 0.82 | ExpVar: 0.01
2020-09-06 22:33:08,619 Results for NN 12 [Capas: 2 Neuronas: 64 Funcion: relu Optimizer: adadelta, Dropout: 0.25] -> MAE: 0.81 | ExpVar: 0.01
2020-09-06 22:33:12,826 Results for NN 13 [Capas: 2 Neuronas: 128 Funcion: linear Optimizer: nadam, Dropout: 0] -> MAE: 0.62 | ExpVar: 0.77
2020-09-06 22:33:29,209 Results for NN 14 [Capas: 2 Neuronas: 128 Funcion: linear Optimizer: nadam, Dropout: 0.1] -> MAE: 0.58 | ExpVar: 0.79
2020-09-06 22:33:34,167 Results for NN 15 [Capas: 2 Neuronas: 128 Funcion: linear Optimizer: nadam, Dropout: 0.25] -> MAE: 0.63 | ExpVar: 0.75
2020-09-06 22:33:46,323 Results for NN 16 [Capas: 2 Neuronas: 128 Funcion: linear Optimizer: adadelta, Dropout: 0] -> MAE: 0.81 | ExpVar: 0.09
2020-09-06 22:33:50,432 Results for NN 17 [Capas: 2 Neuronas: 128 Funcion: linear Optimizer: adadelta, Dropout: 0.1] -> MAE: 0.84 | ExpVar: -0.02
2020-09-06 22:33:54,518 Results for NN 18 [Capas: 2 Neuronas: 128 Funcion: linear Optimizer: adadelta, Dropout: 0.25] -> MAE: 0.82 | ExpVar: -0.0
2020-09-06 22:34:07,291 Results for NN 19 [Capas: 2 Neuronas: 128 Funcion: relu Optimizer: nadam, Dropout: 0] -> MAE: 0.58 | ExpVar: 0.81
2020-09-06 22:34:12,100 Results for NN 20 [Capas: 2 Neuronas: 128 Funcion: relu Optimizer: nadam, Dropout: 0.1] -> MAE: 0.62 | ExpVar: 0.73
2020-09-06 22:34:16,929 Results for NN 21 [Capas: 2 Neuronas: 128 Funcion: relu Optimizer: nadam, Dropout: 0.25] -> MAE: 0.62 | ExpVar: 0.74
2020-09-06 22:34:28,874 Results for NN 22 [Capas: 2 Neuronas: 128 Funcion: relu Optimizer: adadelta, Dropout: 0] -> MAE: 0.82 | ExpVar: -0.0
2020-09-06 22:34:32,927 Results for NN 23 [Capas: 2 Neuronas: 128 Funcion: relu Optimizer: adadelta, Dropout: 0.1] -> MAE: 0.82 | ExpVar: 0.0
2020-09-06 22:34:36,955 Results for NN 24 [Capas: 2 Neuronas: 128 Funcion: relu Optimizer: adadelta, Dropout: 0.25] -> MAE: 0.81 | ExpVar: 0.04
2020-09-06 22:34:51,312 Results for NN 25 [Capas: 6 Neuronas: 64 Funcion: linear Optimizer: nadam, Dropout: 0] -> MAE: 0.82 | ExpVar: 0.0
2020-09-06 22:34:57,813 Results for NN 26 [Capas: 6 Neuronas: 64 Funcion: linear Optimizer: nadam, Dropout: 0.1] -> MAE: 0.74 | ExpVar: 0.53
2020-09-06 22:35:12,035 Results for NN 27 [Capas: 6 Neuronas: 64 Funcion: linear Optimizer: nadam, Dropout: 0.25] -> MAE: 0.82 | ExpVar: 0.0
2020-09-06 22:35:16,727 Results for NN 28 [Capas: 6 Neuronas: 64 Funcion: linear Optimizer: adadelta, Dropout: 0] -> MAE: 0.82 | ExpVar: -0.0
2020-09-06 22:35:24,135 Results for NN 29 [Capas: 6 Neuronas: 64 Funcion: linear Optimizer: adadelta, Dropout: 0.1] -> MAE: 0.82 | ExpVar: -0.0
2020-09-06 22:35:34,421 Results for NN 30 [Capas: 6 Neuronas: 64 Funcion: linear Optimizer: adadelta, Dropout: 0.25] -> MAE: 0.82 | ExpVar: 0.0
2020-09-06 22:35:40,668 Results for NN 31 [Capas: 6 Neuronas: 64 Funcion: relu Optimizer: nadam, Dropout: 0] -> MAE: 0.82 | ExpVar: 0.0
2020-09-06 22:35:53,225 Results for NN 32 [Capas: 6 Neuronas: 64 Funcion: relu Optimizer: nadam, Dropout: 0.1] -> MAE: 0.82 | ExpVar: 0.0
2020-09-06 22:36:08,381 Results for NN 33 [Capas: 6 Neuronas: 64 Funcion: relu Optimizer: nadam, Dropout: 0.25] -> MAE: 0.82 | ExpVar: 0.0
2020-09-06 22:36:12,848 Results for NN 34 [Capas: 6 Neuronas: 64 Funcion: relu Optimizer: adadelta, Dropout: 0] -> MAE: 0.82 | ExpVar: 0.0
2020-09-06 22:36:17,793 Results for NN 35 [Capas: 6 Neuronas: 64 Funcion: relu Optimizer: adadelta, Dropout: 0.1] -> MAE: 0.82 | ExpVar: 0.0
2020-09-06 22:36:30,711 Results for NN 36 [Capas: 6 Neuronas: 64 Funcion: relu Optimizer: adadelta, Dropout: 0.25] -> MAE: 0.82 | ExpVar: 0.0
2020-09-06 22:36:36,393 Results for NN 37 [Capas: 6 Neuronas: 128 Funcion: linear Optimizer: nadam, Dropout: 0] -> MAE: 0.63 | ExpVar: 0.74
2020-09-06 22:36:49,662 Results for NN 38 [Capas: 6 Neuronas: 128 Funcion: linear Optimizer: nadam, Dropout: 0.1] -> MAE: 0.75 | ExpVar: 0.53
2020-09-06 22:36:55,751 Results for NN 39 [Capas: 6 Neuronas: 128 Funcion: linear Optimizer: nadam, Dropout: 0.25] -> MAE: 0.71 | ExpVar: 0.63
2020-09-06 22:37:08,548 Results for NN 40 [Capas: 6 Neuronas: 128 Funcion: linear Optimizer: adadelta, Dropout: 0] -> MAE: 0.82 | ExpVar: 0.0
2020-09-06 22:37:13,744 Results for NN 41 [Capas: 6 Neuronas: 128 Funcion: linear Optimizer: adadelta, Dropout: 0.1] -> MAE: 0.81 | ExpVar: 0.02
2020-09-06 22:37:19,046 Results for NN 42 [Capas: 6 Neuronas: 128 Funcion: linear Optimizer: adadelta, Dropout: 0.25] -> MAE: 0.82 | ExpVar: 0.0
2020-09-06 22:37:32,730 Results for NN 43 [Capas: 6 Neuronas: 128 Funcion: relu Optimizer: nadam, Dropout: 0] -> MAE: 0.82 | ExpVar: 0.0
2020-09-06 22:37:38,841 Results for NN 44 [Capas: 6 Neuronas: 128 Funcion: relu Optimizer: nadam, Dropout: 0.1] -> MAE: 0.82 | ExpVar: 0.0
2020-09-06 22:37:52,946 Results for NN 45 [Capas: 6 Neuronas: 128 Funcion: relu Optimizer: nadam, Dropout: 0.25] -> MAE: 0.66 | ExpVar: 0.66
2020-09-06 22:37:57,689 Results for NN 46 [Capas: 6 Neuronas: 128 Funcion: relu Optimizer: adadelta, Dropout: 0] -> MAE: 0.82 | ExpVar: 0.0
2020-09-06 22:38:10,171 Results for NN 47 [Capas: 6 Neuronas: 128 Funcion: relu Optimizer: adadelta, Dropout: 0.1] -> MAE: 0.82 | ExpVar: 0.0
2020-09-06 22:38:15,567 Results for NN 48 [Capas: 6 Neuronas: 128 Funcion: relu Optimizer: adadelta, Dropout: 0.25] -> MAE: 0.82 | ExpVar: 0.0
2020-09-06 22:38:15,568 Best Model:
2020-09-06 22:38:15,568 Layers:2
2020-09-06 22:38:15,569 Neurons per Layer:128
2020-09-06 22:38:15,569 Activation f(x):linear
2020-09-06 22:38:15,570 Optimizer:nadam
2020-09-06 22:38:15,570 Dropout:0.1
2020-09-06 22:38:31,348 Assets written to: C:\Users\Juani\OneDrive\Juani\Maestria\Tesis Clima\Modelos\G1\Modelo_G1_M08_Y2009-2019\NeuralNetwork\assets
