2020-09-06 23:35:28,410 Results for NN 1 [Capas: 2 Neuronas: 64 Funcion: linear Optimizer: nadam, Dropout: 0] -> MAE: 0.56 | ExpVar: 0.74
2020-09-06 23:35:33,659 Results for NN 2 [Capas: 2 Neuronas: 64 Funcion: linear Optimizer: nadam, Dropout: 0.1] -> MAE: 0.94 | ExpVar: 0.26
2020-09-06 23:35:39,096 Results for NN 3 [Capas: 2 Neuronas: 64 Funcion: linear Optimizer: nadam, Dropout: 0.25] -> MAE: 1.09 | ExpVar: 0.16
2020-09-06 23:35:44,015 Results for NN 4 [Capas: 2 Neuronas: 64 Funcion: linear Optimizer: adadelta, Dropout: 0] -> MAE: 0.77 | ExpVar: 0.0
2020-09-06 23:35:49,100 Results for NN 5 [Capas: 2 Neuronas: 64 Funcion: linear Optimizer: adadelta, Dropout: 0.1] -> MAE: 0.76 | ExpVar: 0.06
2020-09-06 23:35:54,220 Results for NN 6 [Capas: 2 Neuronas: 64 Funcion: linear Optimizer: adadelta, Dropout: 0.25] -> MAE: 0.77 | ExpVar: 0.02
2020-09-06 23:35:59,812 Results for NN 7 [Capas: 2 Neuronas: 64 Funcion: relu Optimizer: nadam, Dropout: 0] -> MAE: 0.62 | ExpVar: 0.71
2020-09-06 23:36:05,533 Results for NN 8 [Capas: 2 Neuronas: 64 Funcion: relu Optimizer: nadam, Dropout: 0.1] -> MAE: 0.59 | ExpVar: 0.73
2020-09-06 23:36:11,439 Results for NN 9 [Capas: 2 Neuronas: 64 Funcion: relu Optimizer: nadam, Dropout: 0.25] -> MAE: 0.68 | ExpVar: 0.54
2020-09-06 23:36:16,441 Results for NN 10 [Capas: 2 Neuronas: 64 Funcion: relu Optimizer: adadelta, Dropout: 0] -> MAE: 0.77 | ExpVar: 0.01
2020-09-06 23:36:21,643 Results for NN 11 [Capas: 2 Neuronas: 64 Funcion: relu Optimizer: adadelta, Dropout: 0.1] -> MAE: 0.76 | ExpVar: 0.02
2020-09-06 23:36:26,742 Results for NN 12 [Capas: 2 Neuronas: 64 Funcion: relu Optimizer: adadelta, Dropout: 0.25] -> MAE: 0.77 | ExpVar: 0.0
2020-09-06 23:36:52,158 Results for NN 13 [Capas: 2 Neuronas: 128 Funcion: linear Optimizer: nadam, Dropout: 0] -> MAE: 0.62 | ExpVar: 0.71
2020-09-06 23:36:59,483 Results for NN 14 [Capas: 2 Neuronas: 128 Funcion: linear Optimizer: nadam, Dropout: 0.1] -> MAE: 0.97 | ExpVar: 0.44
2020-09-06 23:37:10,687 Results for NN 15 [Capas: 2 Neuronas: 128 Funcion: linear Optimizer: nadam, Dropout: 0.25] -> MAE: 0.78 | ExpVar: 0.23
2020-09-06 23:37:18,122 Results for NN 16 [Capas: 2 Neuronas: 128 Funcion: linear Optimizer: adadelta, Dropout: 0] -> MAE: 0.75 | ExpVar: 0.14
2020-09-06 23:37:25,534 Results for NN 17 [Capas: 2 Neuronas: 128 Funcion: linear Optimizer: adadelta, Dropout: 0.1] -> MAE: 0.77 | ExpVar: 0.03
2020-09-06 23:37:32,144 Results for NN 18 [Capas: 2 Neuronas: 128 Funcion: linear Optimizer: adadelta, Dropout: 0.25] -> MAE: 0.79 | ExpVar: -0.01
2020-09-06 23:37:39,792 Results for NN 19 [Capas: 2 Neuronas: 128 Funcion: relu Optimizer: nadam, Dropout: 0] -> MAE: 0.77 | ExpVar: 0.0
2020-09-06 23:37:49,710 Results for NN 20 [Capas: 2 Neuronas: 128 Funcion: relu Optimizer: nadam, Dropout: 0.1] -> MAE: 0.61 | ExpVar: 0.61
2020-09-06 23:37:58,363 Results for NN 21 [Capas: 2 Neuronas: 128 Funcion: relu Optimizer: nadam, Dropout: 0.25] -> MAE: 0.69 | ExpVar: 0.57
2020-09-06 23:38:05,167 Results for NN 22 [Capas: 2 Neuronas: 128 Funcion: relu Optimizer: adadelta, Dropout: 0] -> MAE: 0.76 | ExpVar: 0.02
2020-09-06 23:38:11,806 Results for NN 23 [Capas: 2 Neuronas: 128 Funcion: relu Optimizer: adadelta, Dropout: 0.1] -> MAE: 0.76 | ExpVar: 0.07
2020-09-06 23:38:18,123 Results for NN 24 [Capas: 2 Neuronas: 128 Funcion: relu Optimizer: adadelta, Dropout: 0.25] -> MAE: 0.76 | ExpVar: 0.04
2020-09-06 23:38:27,589 Results for NN 25 [Capas: 6 Neuronas: 64 Funcion: linear Optimizer: nadam, Dropout: 0] -> MAE: 0.57 | ExpVar: 0.75
2020-09-06 23:38:43,895 Results for NN 26 [Capas: 6 Neuronas: 64 Funcion: linear Optimizer: nadam, Dropout: 0.1] -> MAE: 0.7 | ExpVar: 0.54
2020-09-06 23:38:53,897 Results for NN 27 [Capas: 6 Neuronas: 64 Funcion: linear Optimizer: nadam, Dropout: 0.25] -> MAE: 0.77 | ExpVar: 0.0
2020-09-06 23:39:01,403 Results for NN 28 [Capas: 6 Neuronas: 64 Funcion: linear Optimizer: adadelta, Dropout: 0] -> MAE: 0.77 | ExpVar: 0.0
2020-09-06 23:39:09,560 Results for NN 29 [Capas: 6 Neuronas: 64 Funcion: linear Optimizer: adadelta, Dropout: 0.1] -> MAE: 0.77 | ExpVar: 0.0
2020-09-06 23:39:18,120 Results for NN 30 [Capas: 6 Neuronas: 64 Funcion: linear Optimizer: adadelta, Dropout: 0.25] -> MAE: 0.77 | ExpVar: 0.0
2020-09-06 23:39:28,976 Results for NN 31 [Capas: 6 Neuronas: 64 Funcion: relu Optimizer: nadam, Dropout: 0] -> MAE: 0.77 | ExpVar: 0.0
2020-09-06 23:39:39,122 Results for NN 32 [Capas: 6 Neuronas: 64 Funcion: relu Optimizer: nadam, Dropout: 0.1] -> MAE: 0.77 | ExpVar: 0.0
2020-09-06 23:39:48,216 Results for NN 33 [Capas: 6 Neuronas: 64 Funcion: relu Optimizer: nadam, Dropout: 0.25] -> MAE: 0.77 | ExpVar: 0.0
2020-09-06 23:39:55,561 Results for NN 34 [Capas: 6 Neuronas: 64 Funcion: relu Optimizer: adadelta, Dropout: 0] -> MAE: 0.77 | ExpVar: -0.0
2020-09-06 23:40:03,420 Results for NN 35 [Capas: 6 Neuronas: 64 Funcion: relu Optimizer: adadelta, Dropout: 0.1] -> MAE: 0.77 | ExpVar: 0.0
2020-09-06 23:40:11,354 Results for NN 36 [Capas: 6 Neuronas: 64 Funcion: relu Optimizer: adadelta, Dropout: 0.25] -> MAE: 0.77 | ExpVar: 0.0
2020-09-06 23:40:21,103 Results for NN 37 [Capas: 6 Neuronas: 128 Funcion: linear Optimizer: nadam, Dropout: 0] -> MAE: 0.77 | ExpVar: 0.0
2020-09-06 23:40:31,274 Results for NN 38 [Capas: 6 Neuronas: 128 Funcion: linear Optimizer: nadam, Dropout: 0.1] -> MAE: 0.59 | ExpVar: 0.74
2020-09-06 23:40:41,736 Results for NN 39 [Capas: 6 Neuronas: 128 Funcion: linear Optimizer: nadam, Dropout: 0.25] -> MAE: 1.02 | ExpVar: 0.04
2020-09-06 23:40:49,242 Results for NN 40 [Capas: 6 Neuronas: 128 Funcion: linear Optimizer: adadelta, Dropout: 0] -> MAE: 0.77 | ExpVar: 0.0
2020-09-06 23:40:57,156 Results for NN 41 [Capas: 6 Neuronas: 128 Funcion: linear Optimizer: adadelta, Dropout: 0.1] -> MAE: 0.77 | ExpVar: 0.0
2020-09-06 23:41:04,407 Results for NN 42 [Capas: 6 Neuronas: 128 Funcion: linear Optimizer: adadelta, Dropout: 0.25] -> MAE: 0.77 | ExpVar: 0.0
2020-09-06 23:41:12,979 Results for NN 43 [Capas: 6 Neuronas: 128 Funcion: relu Optimizer: nadam, Dropout: 0] -> MAE: 0.77 | ExpVar: 0.0
2020-09-06 23:41:22,155 Results for NN 44 [Capas: 6 Neuronas: 128 Funcion: relu Optimizer: nadam, Dropout: 0.1] -> MAE: 0.77 | ExpVar: 0.0
2020-09-06 23:41:31,602 Results for NN 45 [Capas: 6 Neuronas: 128 Funcion: relu Optimizer: nadam, Dropout: 0.25] -> MAE: 0.77 | ExpVar: 0.0
2020-09-06 23:41:38,669 Results for NN 46 [Capas: 6 Neuronas: 128 Funcion: relu Optimizer: adadelta, Dropout: 0] -> MAE: 0.77 | ExpVar: 0.0
2020-09-06 23:41:47,295 Results for NN 47 [Capas: 6 Neuronas: 128 Funcion: relu Optimizer: adadelta, Dropout: 0.1] -> MAE: 0.77 | ExpVar: 0.0
2020-09-06 23:41:55,146 Results for NN 48 [Capas: 6 Neuronas: 128 Funcion: relu Optimizer: adadelta, Dropout: 0.25] -> MAE: 0.77 | ExpVar: 0.0
2020-09-06 23:41:55,146 Best Model:
2020-09-06 23:41:55,147 Layers:2
2020-09-06 23:41:55,148 Neurons per Layer:64
2020-09-06 23:41:55,149 Activation f(x):linear
2020-09-06 23:41:55,149 Optimizer:nadam
2020-09-06 23:41:55,150 Dropout:0
2020-09-06 23:42:06,059 Assets written to: C:\Users\Juani\OneDrive\Juani\Maestria\Tesis Clima\Modelos\G2\Modelo_G2_M06_Y2009-2019\NeuralNetwork\assets
