2020-09-06 20:11:02,393 Results for SVR 1 [Kernel: rbf, Degree: 0, Gamma: auto, Coef: 0, C: 1] -> MAE:0.76 | ExpVar:-0.4
2020-09-06 20:11:02,396 Results for SVR 2 [Kernel: rbf, Degree: 0, Gamma: auto, Coef: 5, C: 2] -> MAE:0.76 | ExpVar:-0.38
2020-09-06 20:11:02,398 Results for SVR 3 [Kernel: rbf, Degree: 0, Gamma: auto, Coef: 10, C: 3] -> MAE:0.74 | ExpVar:-0.36
2020-09-06 20:11:02,401 Results for SVR 4 [Kernel: rbf, Degree: 0, Gamma: auto, Coef: 15, C: 4] -> MAE:0.76 | ExpVar:-0.44
2020-09-06 20:11:02,402 Results for SVR 5 [Kernel: rbf, Degree: 0, Gamma: auto, Coef: 20, C: 5] -> MAE:0.8 | ExpVar:-0.59
2020-09-06 20:11:02,404 Results for SVR 6 [Kernel: poly, Degree: 1, Gamma: auto, Coef: 0, C: 1] -> MAE:0.62 | ExpVar:0.08
2020-09-06 20:11:02,407 Results for SVR 7 [Kernel: poly, Degree: 2, Gamma: auto, Coef: 5, C: 2] -> MAE:0.87 | ExpVar:-0.46
2020-09-06 20:11:02,415 Results for SVR 8 [Kernel: poly, Degree: 3, Gamma: auto, Coef: 10, C: 3] -> MAE:1.41 | ExpVar:-9.63
2020-09-06 20:11:02,430 Results for SVR 9 [Kernel: poly, Degree: 4, Gamma: auto, Coef: 15, C: 4] -> MAE:1.52 | ExpVar:-10.76
2020-09-06 20:11:02,440 Results for SVR 10 [Kernel: poly, Degree: 5, Gamma: auto, Coef: 20, C: 5] -> MAE:1.5 | ExpVar:-10.58
2020-09-06 20:11:02,443 Results for SVR 11 [Kernel: sigmoid, Degree: 0, Gamma: auto, Coef: 0, C: 1] -> MAE:0.72 | ExpVar:-0.28
2020-09-06 20:11:02,445 Results for SVR 12 [Kernel: sigmoid, Degree: 0, Gamma: auto, Coef: 5, C: 2] -> MAE:0.64 | ExpVar:0.01
2020-09-06 20:11:02,446 Results for SVR 13 [Kernel: sigmoid, Degree: 0, Gamma: auto, Coef: 10, C: 3] -> MAE:0.64 | ExpVar:0.0
2020-09-06 20:11:02,447 Results for SVR 14 [Kernel: sigmoid, Degree: 0, Gamma: auto, Coef: 15, C: 4] -> MAE:0.64 | ExpVar:0.0
2020-09-06 20:11:02,449 Results for SVR 15 [Kernel: sigmoid, Degree: 0, Gamma: auto, Coef: 20, C: 5] -> MAE:0.64 | ExpVar:0.0
2020-09-06 20:11:02,450 Results for SVR 16 [Kernel: poly, Degree: 12, Gamma: auto, Coef: 0, C: 1] -> MAE:0.91 | ExpVar:-3.22
2020-09-06 20:11:02,451 Best Model:
2020-09-06 20:11:02,451 Kernel:poly
2020-09-06 20:11:02,451 Degree:1
2020-09-06 20:11:02,451 Gamma:auto
2020-09-06 20:11:02,451 Coef:0
2020-09-06 20:11:02,452 C:1
