2020-09-06 20:14:49,911 Results for XGB 1 [Target: reg:linear, MaxDepth: 2, NEstimators: 100, Alpha: 0, Lambda: 0] -> MAE: 1.87 | ExpVar: -0.25
2020-09-06 20:14:49,920 Results for XGB 2 [Target: reg:linear, MaxDepth: 2, NEstimators: 100, Alpha: 0, Lambda: 0.1] -> MAE: 1.85 | ExpVar: -0.22
2020-09-06 20:14:49,931 Results for XGB 3 [Target: reg:linear, MaxDepth: 2, NEstimators: 100, Alpha: 0.1, Lambda: 0] -> MAE: 1.98 | ExpVar: -0.42
2020-09-06 20:14:49,948 Results for XGB 4 [Target: reg:linear, MaxDepth: 2, NEstimators: 100, Alpha: 0.1, Lambda: 0.1] -> MAE: 1.87 | ExpVar: -0.28
2020-09-06 20:14:49,973 Results for XGB 5 [Target: reg:linear, MaxDepth: 2, NEstimators: 250, Alpha: 0, Lambda: 0] -> MAE: 1.88 | ExpVar: -0.29
2020-09-06 20:14:49,999 Results for XGB 6 [Target: reg:linear, MaxDepth: 2, NEstimators: 250, Alpha: 0, Lambda: 0.1] -> MAE: 1.86 | ExpVar: -0.25
2020-09-06 20:14:50,029 Results for XGB 7 [Target: reg:linear, MaxDepth: 2, NEstimators: 250, Alpha: 0.1, Lambda: 0] -> MAE: 2.0 | ExpVar: -0.44
2020-09-06 20:14:50,052 Results for XGB 8 [Target: reg:linear, MaxDepth: 2, NEstimators: 250, Alpha: 0.1, Lambda: 0.1] -> MAE: 1.89 | ExpVar: -0.3
2020-09-06 20:14:50,100 Results for XGB 9 [Target: reg:linear, MaxDepth: 2, NEstimators: 500, Alpha: 0, Lambda: 0] -> MAE: 1.88 | ExpVar: -0.29
2020-09-06 20:14:50,139 Results for XGB 10 [Target: reg:linear, MaxDepth: 2, NEstimators: 500, Alpha: 0, Lambda: 0.1] -> MAE: 1.86 | ExpVar: -0.25
2020-09-06 20:14:50,174 Results for XGB 11 [Target: reg:linear, MaxDepth: 2, NEstimators: 500, Alpha: 0.1, Lambda: 0] -> MAE: 2.0 | ExpVar: -0.44
2020-09-06 20:14:50,221 Results for XGB 12 [Target: reg:linear, MaxDepth: 2, NEstimators: 500, Alpha: 0.1, Lambda: 0.1] -> MAE: 1.89 | ExpVar: -0.3
2020-09-06 20:14:50,312 Results for XGB 13 [Target: reg:linear, MaxDepth: 2, NEstimators: 1000, Alpha: 0, Lambda: 0] -> MAE: 1.88 | ExpVar: -0.29
2020-09-06 20:14:50,387 Results for XGB 14 [Target: reg:linear, MaxDepth: 2, NEstimators: 1000, Alpha: 0, Lambda: 0.1] -> MAE: 1.86 | ExpVar: -0.25
2020-09-06 20:14:50,461 Results for XGB 15 [Target: reg:linear, MaxDepth: 2, NEstimators: 1000, Alpha: 0.1, Lambda: 0] -> MAE: 2.0 | ExpVar: -0.44
2020-09-06 20:14:50,536 Results for XGB 16 [Target: reg:linear, MaxDepth: 2, NEstimators: 1000, Alpha: 0.1, Lambda: 0.1] -> MAE: 1.89 | ExpVar: -0.3
2020-09-06 20:14:50,548 Results for XGB 17 [Target: reg:linear, MaxDepth: 3, NEstimators: 100, Alpha: 0, Lambda: 0] -> MAE: 1.94 | ExpVar: -0.44
2020-09-06 20:14:50,560 Results for XGB 18 [Target: reg:linear, MaxDepth: 3, NEstimators: 100, Alpha: 0, Lambda: 0.1] -> MAE: 1.89 | ExpVar: -0.34
2020-09-06 20:14:50,580 Results for XGB 19 [Target: reg:linear, MaxDepth: 3, NEstimators: 100, Alpha: 0.1, Lambda: 0] -> MAE: 1.77 | ExpVar: -0.3
2020-09-06 20:14:50,595 Results for XGB 20 [Target: reg:linear, MaxDepth: 3, NEstimators: 100, Alpha: 0.1, Lambda: 0.1] -> MAE: 1.74 | ExpVar: -0.22
2020-09-06 20:14:50,623 Results for XGB 21 [Target: reg:linear, MaxDepth: 3, NEstimators: 250, Alpha: 0, Lambda: 0] -> MAE: 1.94 | ExpVar: -0.44
2020-09-06 20:14:50,652 Results for XGB 22 [Target: reg:linear, MaxDepth: 3, NEstimators: 250, Alpha: 0, Lambda: 0.1] -> MAE: 1.89 | ExpVar: -0.34
2020-09-06 20:14:50,681 Results for XGB 23 [Target: reg:linear, MaxDepth: 3, NEstimators: 250, Alpha: 0.1, Lambda: 0] -> MAE: 1.77 | ExpVar: -0.3
2020-09-06 20:14:50,713 Results for XGB 24 [Target: reg:linear, MaxDepth: 3, NEstimators: 250, Alpha: 0.1, Lambda: 0.1] -> MAE: 1.74 | ExpVar: -0.22
2020-09-06 20:14:50,761 Results for XGB 25 [Target: reg:linear, MaxDepth: 3, NEstimators: 500, Alpha: 0, Lambda: 0] -> MAE: 1.94 | ExpVar: -0.44
2020-09-06 20:14:50,818 Results for XGB 26 [Target: reg:linear, MaxDepth: 3, NEstimators: 500, Alpha: 0, Lambda: 0.1] -> MAE: 1.89 | ExpVar: -0.34
2020-09-06 20:14:50,860 Results for XGB 27 [Target: reg:linear, MaxDepth: 3, NEstimators: 500, Alpha: 0.1, Lambda: 0] -> MAE: 1.77 | ExpVar: -0.3
2020-09-06 20:14:50,893 Results for XGB 28 [Target: reg:linear, MaxDepth: 3, NEstimators: 500, Alpha: 0.1, Lambda: 0.1] -> MAE: 1.74 | ExpVar: -0.22
2020-09-06 20:14:50,959 Results for XGB 29 [Target: reg:linear, MaxDepth: 3, NEstimators: 1000, Alpha: 0, Lambda: 0] -> MAE: 1.94 | ExpVar: -0.44
2020-09-06 20:14:51,035 Results for XGB 30 [Target: reg:linear, MaxDepth: 3, NEstimators: 1000, Alpha: 0, Lambda: 0.1] -> MAE: 1.89 | ExpVar: -0.34
2020-09-06 20:14:51,103 Results for XGB 31 [Target: reg:linear, MaxDepth: 3, NEstimators: 1000, Alpha: 0.1, Lambda: 0] -> MAE: 1.77 | ExpVar: -0.3
2020-09-06 20:14:51,170 Results for XGB 32 [Target: reg:linear, MaxDepth: 3, NEstimators: 1000, Alpha: 0.1, Lambda: 0.1] -> MAE: 1.74 | ExpVar: -0.22
2020-09-06 20:14:51,192 Results for XGB 33 [Target: reg:linear, MaxDepth: 6, NEstimators: 100, Alpha: 0, Lambda: 0] -> MAE: 2.72 | ExpVar: -1.4
2020-09-06 20:14:51,212 Results for XGB 34 [Target: reg:linear, MaxDepth: 6, NEstimators: 100, Alpha: 0, Lambda: 0.1] -> MAE: 2.38 | ExpVar: -0.55
2020-09-06 20:14:51,231 Results for XGB 35 [Target: reg:linear, MaxDepth: 6, NEstimators: 100, Alpha: 0.1, Lambda: 0] -> MAE: 2.46 | ExpVar: -0.69
2020-09-06 20:14:51,254 Results for XGB 36 [Target: reg:linear, MaxDepth: 6, NEstimators: 100, Alpha: 0.1, Lambda: 0.1] -> MAE: 2.43 | ExpVar: -0.78
2020-09-06 20:14:51,284 Results for XGB 37 [Target: reg:linear, MaxDepth: 6, NEstimators: 250, Alpha: 0, Lambda: 0] -> MAE: 2.72 | ExpVar: -1.4
2020-09-06 20:14:51,313 Results for XGB 38 [Target: reg:linear, MaxDepth: 6, NEstimators: 250, Alpha: 0, Lambda: 0.1] -> MAE: 2.38 | ExpVar: -0.55
2020-09-06 20:14:51,341 Results for XGB 39 [Target: reg:linear, MaxDepth: 6, NEstimators: 250, Alpha: 0.1, Lambda: 0] -> MAE: 2.46 | ExpVar: -0.69
2020-09-06 20:14:51,373 Results for XGB 40 [Target: reg:linear, MaxDepth: 6, NEstimators: 250, Alpha: 0.1, Lambda: 0.1] -> MAE: 2.43 | ExpVar: -0.78
2020-09-06 20:14:52,198 Results for XGB 41 [Target: reg:linear, MaxDepth: 6, NEstimators: 500, Alpha: 0, Lambda: 0] -> MAE: 2.72 | ExpVar: -1.4
2020-09-06 20:14:52,727 Results for XGB 42 [Target: reg:linear, MaxDepth: 6, NEstimators: 500, Alpha: 0, Lambda: 0.1] -> MAE: 2.38 | ExpVar: -0.55
2020-09-06 20:14:53,517 Results for XGB 43 [Target: reg:linear, MaxDepth: 6, NEstimators: 500, Alpha: 0.1, Lambda: 0] -> MAE: 2.46 | ExpVar: -0.69
2020-09-06 20:14:54,068 Results for XGB 44 [Target: reg:linear, MaxDepth: 6, NEstimators: 500, Alpha: 0.1, Lambda: 0.1] -> MAE: 2.43 | ExpVar: -0.78
2020-09-06 20:14:54,913 Results for XGB 45 [Target: reg:linear, MaxDepth: 6, NEstimators: 1000, Alpha: 0, Lambda: 0] -> MAE: 2.72 | ExpVar: -1.4
2020-09-06 20:14:55,778 Results for XGB 46 [Target: reg:linear, MaxDepth: 6, NEstimators: 1000, Alpha: 0, Lambda: 0.1] -> MAE: 2.38 | ExpVar: -0.55
2020-09-06 20:14:56,604 Results for XGB 47 [Target: reg:linear, MaxDepth: 6, NEstimators: 1000, Alpha: 0.1, Lambda: 0] -> MAE: 2.46 | ExpVar: -0.69
2020-09-06 20:14:57,458 Results for XGB 48 [Target: reg:linear, MaxDepth: 6, NEstimators: 1000, Alpha: 0.1, Lambda: 0.1] -> MAE: 2.43 | ExpVar: -0.78
2020-09-06 20:14:57,574 Results for XGB 49 [Target: reg:gamma, MaxDepth: 2, NEstimators: 100, Alpha: 0, Lambda: 0] -> MAE: 1.53 | ExpVar: -0.02
2020-09-06 20:14:57,714 Results for XGB 50 [Target: reg:gamma, MaxDepth: 2, NEstimators: 100, Alpha: 0, Lambda: 0.1] -> MAE: 1.52 | ExpVar: -0.02
2020-09-06 20:14:57,869 Results for XGB 51 [Target: reg:gamma, MaxDepth: 2, NEstimators: 100, Alpha: 0.1, Lambda: 0] -> MAE: 1.51 | ExpVar: -0.03
2020-09-06 20:14:58,023 Results for XGB 52 [Target: reg:gamma, MaxDepth: 2, NEstimators: 100, Alpha: 0.1, Lambda: 0.1] -> MAE: 1.52 | ExpVar: -0.02
2020-09-06 20:14:58,309 Results for XGB 53 [Target: reg:gamma, MaxDepth: 2, NEstimators: 250, Alpha: 0, Lambda: 0] -> MAE: 1.55 | ExpVar: -0.0
2020-09-06 20:14:58,640 Results for XGB 54 [Target: reg:gamma, MaxDepth: 2, NEstimators: 250, Alpha: 0, Lambda: 0.1] -> MAE: 1.55 | ExpVar: -0.0
2020-09-06 20:14:58,945 Results for XGB 55 [Target: reg:gamma, MaxDepth: 2, NEstimators: 250, Alpha: 0.1, Lambda: 0] -> MAE: 1.54 | ExpVar: -0.01
2020-09-06 20:14:59,248 Results for XGB 56 [Target: reg:gamma, MaxDepth: 2, NEstimators: 250, Alpha: 0.1, Lambda: 0.1] -> MAE: 1.54 | ExpVar: -0.01
2020-09-06 20:14:59,525 Results for XGB 57 [Target: reg:gamma, MaxDepth: 2, NEstimators: 500, Alpha: 0, Lambda: 0] -> MAE: 1.55 | ExpVar: -0.0
2020-09-06 20:14:59,571 Results for XGB 58 [Target: reg:gamma, MaxDepth: 2, NEstimators: 500, Alpha: 0, Lambda: 0.1] -> MAE: 1.55 | ExpVar: -0.0
2020-09-06 20:14:59,617 Results for XGB 59 [Target: reg:gamma, MaxDepth: 2, NEstimators: 500, Alpha: 0.1, Lambda: 0] -> MAE: 1.55 | ExpVar: -0.0
2020-09-06 20:14:59,658 Results for XGB 60 [Target: reg:gamma, MaxDepth: 2, NEstimators: 500, Alpha: 0.1, Lambda: 0.1] -> MAE: 1.55 | ExpVar: -0.0
2020-09-06 20:14:59,758 Results for XGB 61 [Target: reg:gamma, MaxDepth: 2, NEstimators: 1000, Alpha: 0, Lambda: 0] -> MAE: 1.56 | ExpVar: 0.0
2020-09-06 20:14:59,836 Results for XGB 62 [Target: reg:gamma, MaxDepth: 2, NEstimators: 1000, Alpha: 0, Lambda: 0.1] -> MAE: 1.56 | ExpVar: 0.0
2020-09-06 20:14:59,923 Results for XGB 63 [Target: reg:gamma, MaxDepth: 2, NEstimators: 1000, Alpha: 0.1, Lambda: 0] -> MAE: 1.56 | ExpVar: 0.0
2020-09-06 20:15:00,027 Results for XGB 64 [Target: reg:gamma, MaxDepth: 2, NEstimators: 1000, Alpha: 0.1, Lambda: 0.1] -> MAE: 1.56 | ExpVar: 0.0
2020-09-06 20:15:00,045 Results for XGB 65 [Target: reg:gamma, MaxDepth: 3, NEstimators: 100, Alpha: 0, Lambda: 0] -> MAE: 1.54 | ExpVar: -0.0
2020-09-06 20:15:00,066 Results for XGB 66 [Target: reg:gamma, MaxDepth: 3, NEstimators: 100, Alpha: 0, Lambda: 0.1] -> MAE: 1.54 | ExpVar: -0.0
2020-09-06 20:15:00,085 Results for XGB 67 [Target: reg:gamma, MaxDepth: 3, NEstimators: 100, Alpha: 0.1, Lambda: 0] -> MAE: 1.54 | ExpVar: -0.01
2020-09-06 20:15:00,102 Results for XGB 68 [Target: reg:gamma, MaxDepth: 3, NEstimators: 100, Alpha: 0.1, Lambda: 0.1] -> MAE: 1.54 | ExpVar: -0.0
2020-09-06 20:15:00,144 Results for XGB 69 [Target: reg:gamma, MaxDepth: 3, NEstimators: 250, Alpha: 0, Lambda: 0] -> MAE: 1.55 | ExpVar: -0.0
2020-09-06 20:15:00,179 Results for XGB 70 [Target: reg:gamma, MaxDepth: 3, NEstimators: 250, Alpha: 0, Lambda: 0.1] -> MAE: 1.55 | ExpVar: -0.0
2020-09-06 20:15:00,206 Results for XGB 71 [Target: reg:gamma, MaxDepth: 3, NEstimators: 250, Alpha: 0.1, Lambda: 0] -> MAE: 1.55 | ExpVar: -0.0
2020-09-06 20:15:00,239 Results for XGB 72 [Target: reg:gamma, MaxDepth: 3, NEstimators: 250, Alpha: 0.1, Lambda: 0.1] -> MAE: 1.55 | ExpVar: -0.0
2020-09-06 20:15:00,303 Results for XGB 73 [Target: reg:gamma, MaxDepth: 3, NEstimators: 500, Alpha: 0, Lambda: 0] -> MAE: 1.55 | ExpVar: -0.0
2020-09-06 20:15:00,362 Results for XGB 74 [Target: reg:gamma, MaxDepth: 3, NEstimators: 500, Alpha: 0, Lambda: 0.1] -> MAE: 1.56 | ExpVar: -0.0
2020-09-06 20:15:00,435 Results for XGB 75 [Target: reg:gamma, MaxDepth: 3, NEstimators: 500, Alpha: 0.1, Lambda: 0] -> MAE: 1.55 | ExpVar: -0.0
2020-09-06 20:15:00,503 Results for XGB 76 [Target: reg:gamma, MaxDepth: 3, NEstimators: 500, Alpha: 0.1, Lambda: 0.1] -> MAE: 1.55 | ExpVar: -0.0
2020-09-06 20:15:00,600 Results for XGB 77 [Target: reg:gamma, MaxDepth: 3, NEstimators: 1000, Alpha: 0, Lambda: 0] -> MAE: 1.56 | ExpVar: 0.0
2020-09-06 20:15:00,698 Results for XGB 78 [Target: reg:gamma, MaxDepth: 3, NEstimators: 1000, Alpha: 0, Lambda: 0.1] -> MAE: 1.56 | ExpVar: 0.0
2020-09-06 20:15:00,805 Results for XGB 79 [Target: reg:gamma, MaxDepth: 3, NEstimators: 1000, Alpha: 0.1, Lambda: 0] -> MAE: 1.56 | ExpVar: 0.0
2020-09-06 20:15:00,896 Results for XGB 80 [Target: reg:gamma, MaxDepth: 3, NEstimators: 1000, Alpha: 0.1, Lambda: 0.1] -> MAE: 1.56 | ExpVar: 0.0
2020-09-06 20:15:00,920 Results for XGB 81 [Target: reg:gamma, MaxDepth: 6, NEstimators: 100, Alpha: 0, Lambda: 0] -> MAE: 1.55 | ExpVar: -0.0
2020-09-06 20:15:00,944 Results for XGB 82 [Target: reg:gamma, MaxDepth: 6, NEstimators: 100, Alpha: 0, Lambda: 0.1] -> MAE: 1.54 | ExpVar: -0.0
2020-09-06 20:15:00,972 Results for XGB 83 [Target: reg:gamma, MaxDepth: 6, NEstimators: 100, Alpha: 0.1, Lambda: 0] -> MAE: 1.55 | ExpVar: -0.01
2020-09-06 20:15:00,992 Results for XGB 84 [Target: reg:gamma, MaxDepth: 6, NEstimators: 100, Alpha: 0.1, Lambda: 0.1] -> MAE: 1.54 | ExpVar: -0.02
2020-09-06 20:15:01,041 Results for XGB 85 [Target: reg:gamma, MaxDepth: 6, NEstimators: 250, Alpha: 0, Lambda: 0] -> MAE: 1.55 | ExpVar: -0.0
2020-09-06 20:15:01,090 Results for XGB 86 [Target: reg:gamma, MaxDepth: 6, NEstimators: 250, Alpha: 0, Lambda: 0.1] -> MAE: 1.53 | ExpVar: -0.01
2020-09-06 20:15:01,147 Results for XGB 87 [Target: reg:gamma, MaxDepth: 6, NEstimators: 250, Alpha: 0.1, Lambda: 0] -> MAE: 1.55 | ExpVar: -0.0
2020-09-06 20:15:01,193 Results for XGB 88 [Target: reg:gamma, MaxDepth: 6, NEstimators: 250, Alpha: 0.1, Lambda: 0.1] -> MAE: 1.51 | ExpVar: -0.02
2020-09-06 20:15:01,285 Results for XGB 89 [Target: reg:gamma, MaxDepth: 6, NEstimators: 500, Alpha: 0, Lambda: 0] -> MAE: 1.55 | ExpVar: -0.0
2020-09-06 20:15:01,386 Results for XGB 90 [Target: reg:gamma, MaxDepth: 6, NEstimators: 500, Alpha: 0, Lambda: 0.1] -> MAE: 1.54 | ExpVar: -0.0
2020-09-06 20:15:01,493 Results for XGB 91 [Target: reg:gamma, MaxDepth: 6, NEstimators: 500, Alpha: 0.1, Lambda: 0] -> MAE: 1.55 | ExpVar: -0.0
2020-09-06 20:15:01,592 Results for XGB 92 [Target: reg:gamma, MaxDepth: 6, NEstimators: 500, Alpha: 0.1, Lambda: 0.1] -> MAE: 1.47 | ExpVar: -0.05
2020-09-06 20:15:01,733 Results for XGB 93 [Target: reg:gamma, MaxDepth: 6, NEstimators: 1000, Alpha: 0, Lambda: 0] -> MAE: 1.56 | ExpVar: 0.0
2020-09-06 20:15:01,868 Results for XGB 94 [Target: reg:gamma, MaxDepth: 6, NEstimators: 1000, Alpha: 0, Lambda: 0.1] -> MAE: 1.56 | ExpVar: 0.0
2020-09-06 20:15:02,007 Results for XGB 95 [Target: reg:gamma, MaxDepth: 6, NEstimators: 1000, Alpha: 0.1, Lambda: 0] -> MAE: 1.56 | ExpVar: 0.0
2020-09-06 20:15:02,150 Results for XGB 96 [Target: reg:gamma, MaxDepth: 6, NEstimators: 1000, Alpha: 0.1, Lambda: 0.1] -> MAE: 1.56 | ExpVar: 0.0
2020-09-06 20:15:02,150 Best Model:
2020-09-06 20:15:02,151 Target:reg:gamma
2020-09-06 20:15:02,151 MaxDepth:6
2020-09-06 20:15:02,152 NEstimators:500
2020-09-06 20:15:02,152 Alpha:0.1
2020-09-06 20:15:02,153 Gamma:0.1
