2020-09-06 20:17:40,736 Results for XGB 1 [Target: reg:linear, MaxDepth: 2, NEstimators: 100, Alpha: 0, Lambda: 0] -> MAE: 34.28 | ExpVar: -0.74
2020-09-06 20:17:40,742 Results for XGB 2 [Target: reg:linear, MaxDepth: 2, NEstimators: 100, Alpha: 0, Lambda: 0.1] -> MAE: 33.59 | ExpVar: -0.66
2020-09-06 20:17:40,748 Results for XGB 3 [Target: reg:linear, MaxDepth: 2, NEstimators: 100, Alpha: 0.1, Lambda: 0] -> MAE: 34.31 | ExpVar: -0.76
2020-09-06 20:17:40,757 Results for XGB 4 [Target: reg:linear, MaxDepth: 2, NEstimators: 100, Alpha: 0.1, Lambda: 0.1] -> MAE: 33.07 | ExpVar: -0.63
2020-09-06 20:17:40,773 Results for XGB 5 [Target: reg:linear, MaxDepth: 2, NEstimators: 250, Alpha: 0, Lambda: 0] -> MAE: 34.22 | ExpVar: -0.85
2020-09-06 20:17:40,787 Results for XGB 6 [Target: reg:linear, MaxDepth: 2, NEstimators: 250, Alpha: 0, Lambda: 0.1] -> MAE: 34.73 | ExpVar: -0.87
2020-09-06 20:17:40,803 Results for XGB 7 [Target: reg:linear, MaxDepth: 2, NEstimators: 250, Alpha: 0.1, Lambda: 0] -> MAE: 34.91 | ExpVar: -0.86
2020-09-06 20:17:40,816 Results for XGB 8 [Target: reg:linear, MaxDepth: 2, NEstimators: 250, Alpha: 0.1, Lambda: 0.1] -> MAE: 34.89 | ExpVar: -0.82
2020-09-06 20:17:40,840 Results for XGB 9 [Target: reg:linear, MaxDepth: 2, NEstimators: 500, Alpha: 0, Lambda: 0] -> MAE: 34.33 | ExpVar: -0.86
2020-09-06 20:17:40,873 Results for XGB 10 [Target: reg:linear, MaxDepth: 2, NEstimators: 500, Alpha: 0, Lambda: 0.1] -> MAE: 34.97 | ExpVar: -0.89
2020-09-06 20:17:40,909 Results for XGB 11 [Target: reg:linear, MaxDepth: 2, NEstimators: 500, Alpha: 0.1, Lambda: 0] -> MAE: 35.07 | ExpVar: -0.88
2020-09-06 20:17:40,940 Results for XGB 12 [Target: reg:linear, MaxDepth: 2, NEstimators: 500, Alpha: 0.1, Lambda: 0.1] -> MAE: 35.01 | ExpVar: -0.85
2020-09-06 20:17:41,002 Results for XGB 13 [Target: reg:linear, MaxDepth: 2, NEstimators: 1000, Alpha: 0, Lambda: 0] -> MAE: 34.35 | ExpVar: -0.87
2020-09-06 20:17:41,070 Results for XGB 14 [Target: reg:linear, MaxDepth: 2, NEstimators: 1000, Alpha: 0, Lambda: 0.1] -> MAE: 34.99 | ExpVar: -0.9
2020-09-06 20:17:41,145 Results for XGB 15 [Target: reg:linear, MaxDepth: 2, NEstimators: 1000, Alpha: 0.1, Lambda: 0] -> MAE: 35.06 | ExpVar: -0.88
2020-09-06 20:17:41,213 Results for XGB 16 [Target: reg:linear, MaxDepth: 2, NEstimators: 1000, Alpha: 0.1, Lambda: 0.1] -> MAE: 35.02 | ExpVar: -0.85
2020-09-06 20:17:41,224 Results for XGB 17 [Target: reg:linear, MaxDepth: 3, NEstimators: 100, Alpha: 0, Lambda: 0] -> MAE: 37.66 | ExpVar: -1.13
2020-09-06 20:17:41,236 Results for XGB 18 [Target: reg:linear, MaxDepth: 3, NEstimators: 100, Alpha: 0, Lambda: 0.1] -> MAE: 37.18 | ExpVar: -1.15
2020-09-06 20:17:41,246 Results for XGB 19 [Target: reg:linear, MaxDepth: 3, NEstimators: 100, Alpha: 0.1, Lambda: 0] -> MAE: 37.42 | ExpVar: -1.12
2020-09-06 20:17:41,260 Results for XGB 20 [Target: reg:linear, MaxDepth: 3, NEstimators: 100, Alpha: 0.1, Lambda: 0.1] -> MAE: 37.19 | ExpVar: -1.18
2020-09-06 20:17:41,277 Results for XGB 21 [Target: reg:linear, MaxDepth: 3, NEstimators: 250, Alpha: 0, Lambda: 0] -> MAE: 38.21 | ExpVar: -1.2
2020-09-06 20:17:41,298 Results for XGB 22 [Target: reg:linear, MaxDepth: 3, NEstimators: 250, Alpha: 0, Lambda: 0.1] -> MAE: 37.71 | ExpVar: -1.21
2020-09-06 20:17:41,317 Results for XGB 23 [Target: reg:linear, MaxDepth: 3, NEstimators: 250, Alpha: 0.1, Lambda: 0] -> MAE: 38.22 | ExpVar: -1.2
2020-09-06 20:17:41,342 Results for XGB 24 [Target: reg:linear, MaxDepth: 3, NEstimators: 250, Alpha: 0.1, Lambda: 0.1] -> MAE: 37.78 | ExpVar: -1.26
2020-09-06 20:17:41,380 Results for XGB 25 [Target: reg:linear, MaxDepth: 3, NEstimators: 500, Alpha: 0, Lambda: 0] -> MAE: 38.24 | ExpVar: -1.2
2020-09-06 20:17:41,418 Results for XGB 26 [Target: reg:linear, MaxDepth: 3, NEstimators: 500, Alpha: 0, Lambda: 0.1] -> MAE: 37.75 | ExpVar: -1.21
2020-09-06 20:17:41,454 Results for XGB 27 [Target: reg:linear, MaxDepth: 3, NEstimators: 500, Alpha: 0.1, Lambda: 0] -> MAE: 38.23 | ExpVar: -1.2
2020-09-06 20:17:41,491 Results for XGB 28 [Target: reg:linear, MaxDepth: 3, NEstimators: 500, Alpha: 0.1, Lambda: 0.1] -> MAE: 37.81 | ExpVar: -1.26
2020-09-06 20:17:41,577 Results for XGB 29 [Target: reg:linear, MaxDepth: 3, NEstimators: 1000, Alpha: 0, Lambda: 0] -> MAE: 38.24 | ExpVar: -1.2
2020-09-06 20:17:41,635 Results for XGB 30 [Target: reg:linear, MaxDepth: 3, NEstimators: 1000, Alpha: 0, Lambda: 0.1] -> MAE: 37.75 | ExpVar: -1.21
2020-09-06 20:17:41,691 Results for XGB 31 [Target: reg:linear, MaxDepth: 3, NEstimators: 1000, Alpha: 0.1, Lambda: 0] -> MAE: 38.23 | ExpVar: -1.2
2020-09-06 20:17:41,741 Results for XGB 32 [Target: reg:linear, MaxDepth: 3, NEstimators: 1000, Alpha: 0.1, Lambda: 0.1] -> MAE: 37.81 | ExpVar: -1.26
2020-09-06 20:17:41,753 Results for XGB 33 [Target: reg:linear, MaxDepth: 6, NEstimators: 100, Alpha: 0, Lambda: 0] -> MAE: 38.14 | ExpVar: -1.51
2020-09-06 20:17:41,766 Results for XGB 34 [Target: reg:linear, MaxDepth: 6, NEstimators: 100, Alpha: 0, Lambda: 0.1] -> MAE: 39.32 | ExpVar: -1.5
2020-09-06 20:17:41,781 Results for XGB 35 [Target: reg:linear, MaxDepth: 6, NEstimators: 100, Alpha: 0.1, Lambda: 0] -> MAE: 38.63 | ExpVar: -1.55
2020-09-06 20:17:41,794 Results for XGB 36 [Target: reg:linear, MaxDepth: 6, NEstimators: 100, Alpha: 0.1, Lambda: 0.1] -> MAE: 39.22 | ExpVar: -1.46
2020-09-06 20:17:41,811 Results for XGB 37 [Target: reg:linear, MaxDepth: 6, NEstimators: 250, Alpha: 0, Lambda: 0] -> MAE: 38.14 | ExpVar: -1.51
2020-09-06 20:17:41,836 Results for XGB 38 [Target: reg:linear, MaxDepth: 6, NEstimators: 250, Alpha: 0, Lambda: 0.1] -> MAE: 39.31 | ExpVar: -1.5
2020-09-06 20:17:41,860 Results for XGB 39 [Target: reg:linear, MaxDepth: 6, NEstimators: 250, Alpha: 0.1, Lambda: 0] -> MAE: 38.63 | ExpVar: -1.55
2020-09-06 20:17:41,886 Results for XGB 40 [Target: reg:linear, MaxDepth: 6, NEstimators: 250, Alpha: 0.1, Lambda: 0.1] -> MAE: 39.23 | ExpVar: -1.46
2020-09-06 20:17:41,913 Results for XGB 41 [Target: reg:linear, MaxDepth: 6, NEstimators: 500, Alpha: 0, Lambda: 0] -> MAE: 38.14 | ExpVar: -1.51
2020-09-06 20:17:41,951 Results for XGB 42 [Target: reg:linear, MaxDepth: 6, NEstimators: 500, Alpha: 0, Lambda: 0.1] -> MAE: 39.31 | ExpVar: -1.5
2020-09-06 20:17:41,995 Results for XGB 43 [Target: reg:linear, MaxDepth: 6, NEstimators: 500, Alpha: 0.1, Lambda: 0] -> MAE: 38.63 | ExpVar: -1.55
2020-09-06 20:17:42,030 Results for XGB 44 [Target: reg:linear, MaxDepth: 6, NEstimators: 500, Alpha: 0.1, Lambda: 0.1] -> MAE: 39.23 | ExpVar: -1.46
2020-09-06 20:17:42,077 Results for XGB 45 [Target: reg:linear, MaxDepth: 6, NEstimators: 1000, Alpha: 0, Lambda: 0] -> MAE: 38.14 | ExpVar: -1.51
2020-09-06 20:17:42,138 Results for XGB 46 [Target: reg:linear, MaxDepth: 6, NEstimators: 1000, Alpha: 0, Lambda: 0.1] -> MAE: 39.31 | ExpVar: -1.5
2020-09-06 20:17:42,183 Results for XGB 47 [Target: reg:linear, MaxDepth: 6, NEstimators: 1000, Alpha: 0.1, Lambda: 0] -> MAE: 38.63 | ExpVar: -1.55
2020-09-06 20:17:42,242 Results for XGB 48 [Target: reg:linear, MaxDepth: 6, NEstimators: 1000, Alpha: 0.1, Lambda: 0.1] -> MAE: 39.23 | ExpVar: -1.46
2020-09-06 20:17:42,253 Results for XGB 49 [Target: reg:gamma, MaxDepth: 2, NEstimators: 100, Alpha: 0, Lambda: 0] -> MAE: 32.34 | ExpVar: -0.34
2020-09-06 20:17:42,262 Results for XGB 50 [Target: reg:gamma, MaxDepth: 2, NEstimators: 100, Alpha: 0, Lambda: 0.1] -> MAE: 31.65 | ExpVar: -0.27
2020-09-06 20:17:42,270 Results for XGB 51 [Target: reg:gamma, MaxDepth: 2, NEstimators: 100, Alpha: 0.1, Lambda: 0] -> MAE: 30.62 | ExpVar: -0.24
2020-09-06 20:17:42,275 Results for XGB 52 [Target: reg:gamma, MaxDepth: 2, NEstimators: 100, Alpha: 0.1, Lambda: 0.1] -> MAE: 30.81 | ExpVar: -0.28
2020-09-06 20:17:42,289 Results for XGB 53 [Target: reg:gamma, MaxDepth: 2, NEstimators: 250, Alpha: 0, Lambda: 0] -> MAE: 34.44 | ExpVar: -0.71
2020-09-06 20:17:42,306 Results for XGB 54 [Target: reg:gamma, MaxDepth: 2, NEstimators: 250, Alpha: 0, Lambda: 0.1] -> MAE: 33.1 | ExpVar: -0.44
2020-09-06 20:17:42,326 Results for XGB 55 [Target: reg:gamma, MaxDepth: 2, NEstimators: 250, Alpha: 0.1, Lambda: 0] -> MAE: 34.88 | ExpVar: -0.68
2020-09-06 20:17:42,340 Results for XGB 56 [Target: reg:gamma, MaxDepth: 2, NEstimators: 250, Alpha: 0.1, Lambda: 0.1] -> MAE: 35.22 | ExpVar: -0.72
2020-09-06 20:17:42,381 Results for XGB 57 [Target: reg:gamma, MaxDepth: 2, NEstimators: 500, Alpha: 0, Lambda: 0] -> MAE: 34.15 | ExpVar: -0.76
2020-09-06 20:17:42,424 Results for XGB 58 [Target: reg:gamma, MaxDepth: 2, NEstimators: 500, Alpha: 0, Lambda: 0.1] -> MAE: 32.3 | ExpVar: -0.41
2020-09-06 20:17:42,456 Results for XGB 59 [Target: reg:gamma, MaxDepth: 2, NEstimators: 500, Alpha: 0.1, Lambda: 0] -> MAE: 34.88 | ExpVar: -0.68
2020-09-06 20:17:42,493 Results for XGB 60 [Target: reg:gamma, MaxDepth: 2, NEstimators: 500, Alpha: 0.1, Lambda: 0.1] -> MAE: 35.23 | ExpVar: -0.72
2020-09-06 20:17:42,551 Results for XGB 61 [Target: reg:gamma, MaxDepth: 2, NEstimators: 1000, Alpha: 0, Lambda: 0] -> MAE: 34.15 | ExpVar: -0.76
2020-09-06 20:17:42,635 Results for XGB 62 [Target: reg:gamma, MaxDepth: 2, NEstimators: 1000, Alpha: 0, Lambda: 0.1] -> MAE: 32.28 | ExpVar: -0.42
2020-09-06 20:17:42,688 Results for XGB 63 [Target: reg:gamma, MaxDepth: 2, NEstimators: 1000, Alpha: 0.1, Lambda: 0] -> MAE: 34.88 | ExpVar: -0.68
2020-09-06 20:17:42,732 Results for XGB 64 [Target: reg:gamma, MaxDepth: 2, NEstimators: 1000, Alpha: 0.1, Lambda: 0.1] -> MAE: 35.23 | ExpVar: -0.72
2020-09-06 20:17:42,739 Results for XGB 65 [Target: reg:gamma, MaxDepth: 3, NEstimators: 100, Alpha: 0, Lambda: 0] -> MAE: 38.55 | ExpVar: -1.34
2020-09-06 20:17:42,749 Results for XGB 66 [Target: reg:gamma, MaxDepth: 3, NEstimators: 100, Alpha: 0, Lambda: 0.1] -> MAE: 38.43 | ExpVar: -1.39
2020-09-06 20:17:42,760 Results for XGB 67 [Target: reg:gamma, MaxDepth: 3, NEstimators: 100, Alpha: 0.1, Lambda: 0] -> MAE: 34.65 | ExpVar: -0.74
2020-09-06 20:17:42,770 Results for XGB 68 [Target: reg:gamma, MaxDepth: 3, NEstimators: 100, Alpha: 0.1, Lambda: 0.1] -> MAE: 33.79 | ExpVar: -0.51
2020-09-06 20:17:42,789 Results for XGB 69 [Target: reg:gamma, MaxDepth: 3, NEstimators: 250, Alpha: 0, Lambda: 0] -> MAE: 40.34 | ExpVar: -1.63
2020-09-06 20:17:42,806 Results for XGB 70 [Target: reg:gamma, MaxDepth: 3, NEstimators: 250, Alpha: 0, Lambda: 0.1] -> MAE: 40.35 | ExpVar: -1.76
2020-09-06 20:17:42,822 Results for XGB 71 [Target: reg:gamma, MaxDepth: 3, NEstimators: 250, Alpha: 0.1, Lambda: 0] -> MAE: 37.22 | ExpVar: -0.99
2020-09-06 20:17:42,843 Results for XGB 72 [Target: reg:gamma, MaxDepth: 3, NEstimators: 250, Alpha: 0.1, Lambda: 0.1] -> MAE: 37.34 | ExpVar: -0.8
2020-09-06 20:17:42,880 Results for XGB 73 [Target: reg:gamma, MaxDepth: 3, NEstimators: 500, Alpha: 0, Lambda: 0] -> MAE: 40.34 | ExpVar: -1.63
2020-09-06 20:17:42,919 Results for XGB 74 [Target: reg:gamma, MaxDepth: 3, NEstimators: 500, Alpha: 0, Lambda: 0.1] -> MAE: 40.32 | ExpVar: -1.75
2020-09-06 20:17:42,944 Results for XGB 75 [Target: reg:gamma, MaxDepth: 3, NEstimators: 500, Alpha: 0.1, Lambda: 0] -> MAE: 37.22 | ExpVar: -0.99
2020-09-06 20:17:42,974 Results for XGB 76 [Target: reg:gamma, MaxDepth: 3, NEstimators: 500, Alpha: 0.1, Lambda: 0.1] -> MAE: 37.34 | ExpVar: -0.8
2020-09-06 20:17:43,035 Results for XGB 77 [Target: reg:gamma, MaxDepth: 3, NEstimators: 1000, Alpha: 0, Lambda: 0] -> MAE: 40.34 | ExpVar: -1.63
2020-09-06 20:17:43,083 Results for XGB 78 [Target: reg:gamma, MaxDepth: 3, NEstimators: 1000, Alpha: 0, Lambda: 0.1] -> MAE: 40.32 | ExpVar: -1.75
2020-09-06 20:17:43,136 Results for XGB 79 [Target: reg:gamma, MaxDepth: 3, NEstimators: 1000, Alpha: 0.1, Lambda: 0] -> MAE: 37.22 | ExpVar: -0.99
2020-09-06 20:17:43,195 Results for XGB 80 [Target: reg:gamma, MaxDepth: 3, NEstimators: 1000, Alpha: 0.1, Lambda: 0.1] -> MAE: 37.34 | ExpVar: -0.8
2020-09-06 20:17:43,211 Results for XGB 81 [Target: reg:gamma, MaxDepth: 6, NEstimators: 100, Alpha: 0, Lambda: 0] -> MAE: 35.09 | ExpVar: -1.34
2020-09-06 20:17:43,222 Results for XGB 82 [Target: reg:gamma, MaxDepth: 6, NEstimators: 100, Alpha: 0, Lambda: 0.1] -> MAE: 37.35 | ExpVar: -1.48
2020-09-06 20:17:43,233 Results for XGB 83 [Target: reg:gamma, MaxDepth: 6, NEstimators: 100, Alpha: 0.1, Lambda: 0] -> MAE: 33.6 | ExpVar: -0.59
2020-09-06 20:17:43,244 Results for XGB 84 [Target: reg:gamma, MaxDepth: 6, NEstimators: 100, Alpha: 0.1, Lambda: 0.1] -> MAE: 32.1 | ExpVar: -0.43
2020-09-06 20:17:43,267 Results for XGB 85 [Target: reg:gamma, MaxDepth: 6, NEstimators: 250, Alpha: 0, Lambda: 0] -> MAE: 35.57 | ExpVar: -1.39
2020-09-06 20:17:43,287 Results for XGB 86 [Target: reg:gamma, MaxDepth: 6, NEstimators: 250, Alpha: 0, Lambda: 0.1] -> MAE: 38.24 | ExpVar: -1.61
2020-09-06 20:17:43,305 Results for XGB 87 [Target: reg:gamma, MaxDepth: 6, NEstimators: 250, Alpha: 0.1, Lambda: 0] -> MAE: 36.04 | ExpVar: -0.79
2020-09-06 20:17:43,326 Results for XGB 88 [Target: reg:gamma, MaxDepth: 6, NEstimators: 250, Alpha: 0.1, Lambda: 0.1] -> MAE: 34.79 | ExpVar: -0.7
2020-09-06 20:17:43,353 Results for XGB 89 [Target: reg:gamma, MaxDepth: 6, NEstimators: 500, Alpha: 0, Lambda: 0] -> MAE: 35.57 | ExpVar: -1.39
2020-09-06 20:17:43,384 Results for XGB 90 [Target: reg:gamma, MaxDepth: 6, NEstimators: 500, Alpha: 0, Lambda: 0.1] -> MAE: 38.24 | ExpVar: -1.61
2020-09-06 20:17:43,413 Results for XGB 91 [Target: reg:gamma, MaxDepth: 6, NEstimators: 500, Alpha: 0.1, Lambda: 0] -> MAE: 36.04 | ExpVar: -0.79
2020-09-06 20:17:43,447 Results for XGB 92 [Target: reg:gamma, MaxDepth: 6, NEstimators: 500, Alpha: 0.1, Lambda: 0.1] -> MAE: 34.79 | ExpVar: -0.7
2020-09-06 20:17:43,497 Results for XGB 93 [Target: reg:gamma, MaxDepth: 6, NEstimators: 1000, Alpha: 0, Lambda: 0] -> MAE: 35.57 | ExpVar: -1.39
2020-09-06 20:17:43,544 Results for XGB 94 [Target: reg:gamma, MaxDepth: 6, NEstimators: 1000, Alpha: 0, Lambda: 0.1] -> MAE: 38.24 | ExpVar: -1.61
2020-09-06 20:17:43,598 Results for XGB 95 [Target: reg:gamma, MaxDepth: 6, NEstimators: 1000, Alpha: 0.1, Lambda: 0] -> MAE: 36.04 | ExpVar: -0.79
2020-09-06 20:17:43,646 Results for XGB 96 [Target: reg:gamma, MaxDepth: 6, NEstimators: 1000, Alpha: 0.1, Lambda: 0.1] -> MAE: 34.79 | ExpVar: -0.7
2020-09-06 20:17:43,647 Best Model:
2020-09-06 20:17:43,647 Target:reg:gamma
2020-09-06 20:17:43,648 MaxDepth:2
2020-09-06 20:17:43,648 NEstimators:100
2020-09-06 20:17:43,649 Alpha:0.1
2020-09-06 20:17:43,649 Gamma:0
