2020-09-07 01:32:47,445 Results for NN 1 [Capas: 2 Neuronas: 64 Funcion: linear Optimizer: nadam, Dropout: 0] -> MAE: 1.05 | ExpVar: 0.51
2020-09-07 01:32:52,401 Results for NN 2 [Capas: 2 Neuronas: 64 Funcion: linear Optimizer: nadam, Dropout: 0.1] -> MAE: 1.05 | ExpVar: 0.52
2020-09-07 01:32:57,387 Results for NN 3 [Capas: 2 Neuronas: 64 Funcion: linear Optimizer: nadam, Dropout: 0.25] -> MAE: 1.06 | ExpVar: 0.51
2020-09-07 01:33:01,875 Results for NN 4 [Capas: 2 Neuronas: 64 Funcion: linear Optimizer: adadelta, Dropout: 0] -> MAE: 0.77 | ExpVar: -0.01
2020-09-07 01:33:06,429 Results for NN 5 [Capas: 2 Neuronas: 64 Funcion: linear Optimizer: adadelta, Dropout: 0.1] -> MAE: 0.77 | ExpVar: -0.0
2020-09-07 01:33:11,032 Results for NN 6 [Capas: 2 Neuronas: 64 Funcion: linear Optimizer: adadelta, Dropout: 0.25] -> MAE: 0.77 | ExpVar: 0.0
2020-09-07 01:33:16,120 Results for NN 7 [Capas: 2 Neuronas: 64 Funcion: relu Optimizer: nadam, Dropout: 0] -> MAE: 0.91 | ExpVar: 0.62
2020-09-07 01:33:21,069 Results for NN 8 [Capas: 2 Neuronas: 64 Funcion: relu Optimizer: nadam, Dropout: 0.1] -> MAE: 0.97 | ExpVar: 0.49
2020-09-07 01:33:26,006 Results for NN 9 [Capas: 2 Neuronas: 64 Funcion: relu Optimizer: nadam, Dropout: 0.25] -> MAE: 0.87 | ExpVar: 0.5
2020-09-07 01:33:30,432 Results for NN 10 [Capas: 2 Neuronas: 64 Funcion: relu Optimizer: adadelta, Dropout: 0] -> MAE: 0.76 | ExpVar: 0.01
2020-09-07 01:33:34,950 Results for NN 11 [Capas: 2 Neuronas: 64 Funcion: relu Optimizer: adadelta, Dropout: 0.1] -> MAE: 0.77 | ExpVar: 0.0
2020-09-07 01:33:39,507 Results for NN 12 [Capas: 2 Neuronas: 64 Funcion: relu Optimizer: adadelta, Dropout: 0.25] -> MAE: 0.77 | ExpVar: 0.0
2020-09-07 01:33:44,750 Results for NN 13 [Capas: 2 Neuronas: 128 Funcion: linear Optimizer: nadam, Dropout: 0] -> MAE: 1.07 | ExpVar: 0.5
2020-09-07 01:33:50,085 Results for NN 14 [Capas: 2 Neuronas: 128 Funcion: linear Optimizer: nadam, Dropout: 0.1] -> MAE: 1.05 | ExpVar: 0.51
2020-09-07 01:33:55,424 Results for NN 15 [Capas: 2 Neuronas: 128 Funcion: linear Optimizer: nadam, Dropout: 0.25] -> MAE: 1.07 | ExpVar: 0.5
2020-09-07 01:33:59,812 Results for NN 16 [Capas: 2 Neuronas: 128 Funcion: linear Optimizer: adadelta, Dropout: 0] -> MAE: 0.76 | ExpVar: 0.04
2020-09-07 01:34:05,364 Results for NN 17 [Capas: 2 Neuronas: 128 Funcion: linear Optimizer: adadelta, Dropout: 0.1] -> MAE: 0.77 | ExpVar: -0.02
2020-09-07 01:34:10,094 Results for NN 18 [Capas: 2 Neuronas: 128 Funcion: linear Optimizer: adadelta, Dropout: 0.25] -> MAE: 0.77 | ExpVar: 0.01
2020-09-07 01:34:15,383 Results for NN 19 [Capas: 2 Neuronas: 128 Funcion: relu Optimizer: nadam, Dropout: 0] -> MAE: 0.91 | ExpVar: 0.33
2020-09-07 01:34:20,763 Results for NN 20 [Capas: 2 Neuronas: 128 Funcion: relu Optimizer: nadam, Dropout: 0.1] -> MAE: 0.92 | ExpVar: 0.22
2020-09-07 01:34:26,037 Results for NN 21 [Capas: 2 Neuronas: 128 Funcion: relu Optimizer: nadam, Dropout: 0.25] -> MAE: 0.91 | ExpVar: 0.36
2020-09-07 01:34:30,473 Results for NN 22 [Capas: 2 Neuronas: 128 Funcion: relu Optimizer: adadelta, Dropout: 0] -> MAE: 0.77 | ExpVar: -0.01
2020-09-07 01:34:35,002 Results for NN 23 [Capas: 2 Neuronas: 128 Funcion: relu Optimizer: adadelta, Dropout: 0.1] -> MAE: 0.77 | ExpVar: -0.0
2020-09-07 01:34:39,565 Results for NN 24 [Capas: 2 Neuronas: 128 Funcion: relu Optimizer: adadelta, Dropout: 0.25] -> MAE: 0.77 | ExpVar: 0.0
2020-09-07 01:34:46,976 Results for NN 25 [Capas: 6 Neuronas: 64 Funcion: linear Optimizer: nadam, Dropout: 0] -> MAE: 0.77 | ExpVar: 0.0
2020-09-07 01:34:54,184 Results for NN 26 [Capas: 6 Neuronas: 64 Funcion: linear Optimizer: nadam, Dropout: 0.1] -> MAE: 0.77 | ExpVar: 0.0
2020-09-07 01:35:01,314 Results for NN 27 [Capas: 6 Neuronas: 64 Funcion: linear Optimizer: nadam, Dropout: 0.25] -> MAE: 0.77 | ExpVar: 0.0
2020-09-07 01:35:07,135 Results for NN 28 [Capas: 6 Neuronas: 64 Funcion: linear Optimizer: adadelta, Dropout: 0] -> MAE: 0.77 | ExpVar: 0.0
2020-09-07 01:35:13,323 Results for NN 29 [Capas: 6 Neuronas: 64 Funcion: linear Optimizer: adadelta, Dropout: 0.1] -> MAE: 0.77 | ExpVar: 0.0
2020-09-07 01:35:19,444 Results for NN 30 [Capas: 6 Neuronas: 64 Funcion: linear Optimizer: adadelta, Dropout: 0.25] -> MAE: 0.77 | ExpVar: 0.0
2020-09-07 01:35:26,856 Results for NN 31 [Capas: 6 Neuronas: 64 Funcion: relu Optimizer: nadam, Dropout: 0] -> MAE: 0.77 | ExpVar: 0.0
2020-09-07 01:35:33,764 Results for NN 32 [Capas: 6 Neuronas: 64 Funcion: relu Optimizer: nadam, Dropout: 0.1] -> MAE: 0.87 | ExpVar: 0.5
2020-09-07 01:35:40,673 Results for NN 33 [Capas: 6 Neuronas: 64 Funcion: relu Optimizer: nadam, Dropout: 0.25] -> MAE: 0.77 | ExpVar: 0.0
2020-09-07 01:35:47,356 Results for NN 34 [Capas: 6 Neuronas: 64 Funcion: relu Optimizer: adadelta, Dropout: 0] -> MAE: 0.77 | ExpVar: 0.0
2020-09-07 01:35:53,771 Results for NN 35 [Capas: 6 Neuronas: 64 Funcion: relu Optimizer: adadelta, Dropout: 0.1] -> MAE: 0.77 | ExpVar: 0.0
2020-09-07 01:35:59,732 Results for NN 36 [Capas: 6 Neuronas: 64 Funcion: relu Optimizer: adadelta, Dropout: 0.25] -> MAE: 0.77 | ExpVar: -0.0
2020-09-07 01:36:06,670 Results for NN 37 [Capas: 6 Neuronas: 128 Funcion: linear Optimizer: nadam, Dropout: 0] -> MAE: 1.07 | ExpVar: 0.52
2020-09-07 01:36:14,307 Results for NN 38 [Capas: 6 Neuronas: 128 Funcion: linear Optimizer: nadam, Dropout: 0.1] -> MAE: 1.03 | ExpVar: 0.48
2020-09-07 01:36:21,744 Results for NN 39 [Capas: 6 Neuronas: 128 Funcion: linear Optimizer: nadam, Dropout: 0.25] -> MAE: 1.06 | ExpVar: 0.57
2020-09-07 01:36:27,989 Results for NN 40 [Capas: 6 Neuronas: 128 Funcion: linear Optimizer: adadelta, Dropout: 0] -> MAE: 0.77 | ExpVar: -0.0
2020-09-07 01:36:35,576 Results for NN 41 [Capas: 6 Neuronas: 128 Funcion: linear Optimizer: adadelta, Dropout: 0.1] -> MAE: 0.77 | ExpVar: 0.0
2020-09-07 01:36:42,834 Results for NN 42 [Capas: 6 Neuronas: 128 Funcion: linear Optimizer: adadelta, Dropout: 0.25] -> MAE: 0.77 | ExpVar: 0.0
2020-09-07 01:36:50,704 Results for NN 43 [Capas: 6 Neuronas: 128 Funcion: relu Optimizer: nadam, Dropout: 0] -> MAE: 0.95 | ExpVar: 0.22
2020-09-07 01:36:59,445 Results for NN 44 [Capas: 6 Neuronas: 128 Funcion: relu Optimizer: nadam, Dropout: 0.1] -> MAE: 0.77 | ExpVar: 0.0
2020-09-07 01:37:08,494 Results for NN 45 [Capas: 6 Neuronas: 128 Funcion: relu Optimizer: nadam, Dropout: 0.25] -> MAE: 0.87 | ExpVar: 0.26
2020-09-07 01:37:14,193 Results for NN 46 [Capas: 6 Neuronas: 128 Funcion: relu Optimizer: adadelta, Dropout: 0] -> MAE: 0.77 | ExpVar: 0.0
2020-09-07 01:37:20,989 Results for NN 47 [Capas: 6 Neuronas: 128 Funcion: relu Optimizer: adadelta, Dropout: 0.1] -> MAE: 0.77 | ExpVar: 0.0
2020-09-07 01:37:28,233 Results for NN 48 [Capas: 6 Neuronas: 128 Funcion: relu Optimizer: adadelta, Dropout: 0.25] -> MAE: 0.77 | ExpVar: -0.0
2020-09-07 01:37:28,233 Best Model:
2020-09-07 01:37:28,233 Layers:2
2020-09-07 01:37:28,233 Neurons per Layer:128
2020-09-07 01:37:28,234 Activation f(x):linear
2020-09-07 01:37:28,234 Optimizer:adadelta
2020-09-07 01:37:28,234 Dropout:0
2020-09-07 01:37:36,571 Assets written to: C:\Users\Juani\OneDrive\Juani\Maestria\Tesis Clima\Modelos\G3\Modelo_G3_M10_Y2009-2019\NeuralNetwork\assets
