2020-09-06 20:13:58,769 Results for XGB 1 [Target: reg:linear, MaxDepth: 2, NEstimators: 100, Alpha: 0, Lambda: 0] -> MAE: 7.33 | ExpVar: 0.18
2020-09-06 20:13:58,778 Results for XGB 2 [Target: reg:linear, MaxDepth: 2, NEstimators: 100, Alpha: 0, Lambda: 0.1] -> MAE: 7.43 | ExpVar: 0.2
2020-09-06 20:13:58,788 Results for XGB 3 [Target: reg:linear, MaxDepth: 2, NEstimators: 100, Alpha: 0.1, Lambda: 0] -> MAE: 7.6 | ExpVar: 0.12
2020-09-06 20:13:58,799 Results for XGB 4 [Target: reg:linear, MaxDepth: 2, NEstimators: 100, Alpha: 0.1, Lambda: 0.1] -> MAE: 7.59 | ExpVar: 0.18
2020-09-06 20:13:58,819 Results for XGB 5 [Target: reg:linear, MaxDepth: 2, NEstimators: 250, Alpha: 0, Lambda: 0] -> MAE: 7.39 | ExpVar: 0.15
2020-09-06 20:13:58,842 Results for XGB 6 [Target: reg:linear, MaxDepth: 2, NEstimators: 250, Alpha: 0, Lambda: 0.1] -> MAE: 7.47 | ExpVar: 0.17
2020-09-06 20:13:58,856 Results for XGB 7 [Target: reg:linear, MaxDepth: 2, NEstimators: 250, Alpha: 0.1, Lambda: 0] -> MAE: 7.67 | ExpVar: 0.09
2020-09-06 20:13:58,875 Results for XGB 8 [Target: reg:linear, MaxDepth: 2, NEstimators: 250, Alpha: 0.1, Lambda: 0.1] -> MAE: 7.77 | ExpVar: 0.14
2020-09-06 20:13:58,921 Results for XGB 9 [Target: reg:linear, MaxDepth: 2, NEstimators: 500, Alpha: 0, Lambda: 0] -> MAE: 7.39 | ExpVar: 0.15
2020-09-06 20:13:58,960 Results for XGB 10 [Target: reg:linear, MaxDepth: 2, NEstimators: 500, Alpha: 0, Lambda: 0.1] -> MAE: 7.47 | ExpVar: 0.17
2020-09-06 20:13:58,989 Results for XGB 11 [Target: reg:linear, MaxDepth: 2, NEstimators: 500, Alpha: 0.1, Lambda: 0] -> MAE: 7.67 | ExpVar: 0.09
2020-09-06 20:13:59,029 Results for XGB 12 [Target: reg:linear, MaxDepth: 2, NEstimators: 500, Alpha: 0.1, Lambda: 0.1] -> MAE: 7.78 | ExpVar: 0.14
2020-09-06 20:13:59,078 Results for XGB 13 [Target: reg:linear, MaxDepth: 2, NEstimators: 1000, Alpha: 0, Lambda: 0] -> MAE: 7.39 | ExpVar: 0.15
2020-09-06 20:13:59,158 Results for XGB 14 [Target: reg:linear, MaxDepth: 2, NEstimators: 1000, Alpha: 0, Lambda: 0.1] -> MAE: 7.47 | ExpVar: 0.17
2020-09-06 20:13:59,228 Results for XGB 15 [Target: reg:linear, MaxDepth: 2, NEstimators: 1000, Alpha: 0.1, Lambda: 0] -> MAE: 7.67 | ExpVar: 0.09
2020-09-06 20:13:59,279 Results for XGB 16 [Target: reg:linear, MaxDepth: 2, NEstimators: 1000, Alpha: 0.1, Lambda: 0.1] -> MAE: 7.78 | ExpVar: 0.14
2020-09-06 20:13:59,290 Results for XGB 17 [Target: reg:linear, MaxDepth: 3, NEstimators: 100, Alpha: 0, Lambda: 0] -> MAE: 8.71 | ExpVar: -0.04
2020-09-06 20:13:59,302 Results for XGB 18 [Target: reg:linear, MaxDepth: 3, NEstimators: 100, Alpha: 0, Lambda: 0.1] -> MAE: 8.03 | ExpVar: 0.12
2020-09-06 20:13:59,312 Results for XGB 19 [Target: reg:linear, MaxDepth: 3, NEstimators: 100, Alpha: 0.1, Lambda: 0] -> MAE: 8.64 | ExpVar: -0.01
2020-09-06 20:13:59,326 Results for XGB 20 [Target: reg:linear, MaxDepth: 3, NEstimators: 100, Alpha: 0.1, Lambda: 0.1] -> MAE: 7.92 | ExpVar: 0.13
2020-09-06 20:13:59,346 Results for XGB 21 [Target: reg:linear, MaxDepth: 3, NEstimators: 250, Alpha: 0, Lambda: 0] -> MAE: 8.72 | ExpVar: -0.05
2020-09-06 20:13:59,375 Results for XGB 22 [Target: reg:linear, MaxDepth: 3, NEstimators: 250, Alpha: 0, Lambda: 0.1] -> MAE: 8.04 | ExpVar: 0.11
2020-09-06 20:13:59,398 Results for XGB 23 [Target: reg:linear, MaxDepth: 3, NEstimators: 250, Alpha: 0.1, Lambda: 0] -> MAE: 8.67 | ExpVar: -0.02
2020-09-06 20:13:59,420 Results for XGB 24 [Target: reg:linear, MaxDepth: 3, NEstimators: 250, Alpha: 0.1, Lambda: 0.1] -> MAE: 7.95 | ExpVar: 0.12
2020-09-06 20:13:59,463 Results for XGB 25 [Target: reg:linear, MaxDepth: 3, NEstimators: 500, Alpha: 0, Lambda: 0] -> MAE: 8.72 | ExpVar: -0.05
2020-09-06 20:13:59,499 Results for XGB 26 [Target: reg:linear, MaxDepth: 3, NEstimators: 500, Alpha: 0, Lambda: 0.1] -> MAE: 8.04 | ExpVar: 0.11
2020-09-06 20:13:59,525 Results for XGB 27 [Target: reg:linear, MaxDepth: 3, NEstimators: 500, Alpha: 0.1, Lambda: 0] -> MAE: 8.67 | ExpVar: -0.02
2020-09-06 20:13:59,551 Results for XGB 28 [Target: reg:linear, MaxDepth: 3, NEstimators: 500, Alpha: 0.1, Lambda: 0.1] -> MAE: 7.95 | ExpVar: 0.12
2020-09-06 20:14:00,006 Results for XGB 29 [Target: reg:linear, MaxDepth: 3, NEstimators: 1000, Alpha: 0, Lambda: 0] -> MAE: 8.72 | ExpVar: -0.05
2020-09-06 20:14:01,383 Results for XGB 30 [Target: reg:linear, MaxDepth: 3, NEstimators: 1000, Alpha: 0, Lambda: 0.1] -> MAE: 8.04 | ExpVar: 0.11
2020-09-06 20:14:02,121 Results for XGB 31 [Target: reg:linear, MaxDepth: 3, NEstimators: 1000, Alpha: 0.1, Lambda: 0] -> MAE: 8.67 | ExpVar: -0.02
2020-09-06 20:14:02,773 Results for XGB 32 [Target: reg:linear, MaxDepth: 3, NEstimators: 1000, Alpha: 0.1, Lambda: 0.1] -> MAE: 7.95 | ExpVar: 0.12
2020-09-06 20:14:02,958 Results for XGB 33 [Target: reg:linear, MaxDepth: 6, NEstimators: 100, Alpha: 0, Lambda: 0] -> MAE: 10.58 | ExpVar: -1.16
2020-09-06 20:14:03,165 Results for XGB 34 [Target: reg:linear, MaxDepth: 6, NEstimators: 100, Alpha: 0, Lambda: 0.1] -> MAE: 9.55 | ExpVar: -0.61
2020-09-06 20:14:03,365 Results for XGB 35 [Target: reg:linear, MaxDepth: 6, NEstimators: 100, Alpha: 0.1, Lambda: 0] -> MAE: 9.31 | ExpVar: -0.81
2020-09-06 20:14:03,609 Results for XGB 36 [Target: reg:linear, MaxDepth: 6, NEstimators: 100, Alpha: 0.1, Lambda: 0.1] -> MAE: 9.21 | ExpVar: -0.49
2020-09-06 20:14:03,922 Results for XGB 37 [Target: reg:linear, MaxDepth: 6, NEstimators: 250, Alpha: 0, Lambda: 0] -> MAE: 10.58 | ExpVar: -1.16
2020-09-06 20:14:04,238 Results for XGB 38 [Target: reg:linear, MaxDepth: 6, NEstimators: 250, Alpha: 0, Lambda: 0.1] -> MAE: 9.55 | ExpVar: -0.61
2020-09-06 20:14:04,524 Results for XGB 39 [Target: reg:linear, MaxDepth: 6, NEstimators: 250, Alpha: 0.1, Lambda: 0] -> MAE: 9.31 | ExpVar: -0.81
2020-09-06 20:14:04,837 Results for XGB 40 [Target: reg:linear, MaxDepth: 6, NEstimators: 250, Alpha: 0.1, Lambda: 0.1] -> MAE: 9.21 | ExpVar: -0.49
2020-09-06 20:14:05,281 Results for XGB 41 [Target: reg:linear, MaxDepth: 6, NEstimators: 500, Alpha: 0, Lambda: 0] -> MAE: 10.58 | ExpVar: -1.16
2020-09-06 20:14:05,697 Results for XGB 42 [Target: reg:linear, MaxDepth: 6, NEstimators: 500, Alpha: 0, Lambda: 0.1] -> MAE: 9.55 | ExpVar: -0.61
2020-09-06 20:14:06,111 Results for XGB 43 [Target: reg:linear, MaxDepth: 6, NEstimators: 500, Alpha: 0.1, Lambda: 0] -> MAE: 9.31 | ExpVar: -0.81
2020-09-06 20:14:06,510 Results for XGB 44 [Target: reg:linear, MaxDepth: 6, NEstimators: 500, Alpha: 0.1, Lambda: 0.1] -> MAE: 9.21 | ExpVar: -0.49
2020-09-06 20:14:07,259 Results for XGB 45 [Target: reg:linear, MaxDepth: 6, NEstimators: 1000, Alpha: 0, Lambda: 0] -> MAE: 10.58 | ExpVar: -1.16
2020-09-06 20:14:07,757 Results for XGB 46 [Target: reg:linear, MaxDepth: 6, NEstimators: 1000, Alpha: 0, Lambda: 0.1] -> MAE: 9.55 | ExpVar: -0.61
2020-09-06 20:14:07,821 Results for XGB 47 [Target: reg:linear, MaxDepth: 6, NEstimators: 1000, Alpha: 0.1, Lambda: 0] -> MAE: 9.31 | ExpVar: -0.81
2020-09-06 20:14:07,866 Results for XGB 48 [Target: reg:linear, MaxDepth: 6, NEstimators: 1000, Alpha: 0.1, Lambda: 0.1] -> MAE: 9.21 | ExpVar: -0.49
2020-09-06 20:14:07,874 Results for XGB 49 [Target: reg:gamma, MaxDepth: 2, NEstimators: 100, Alpha: 0, Lambda: 0] -> MAE: 8.49 | ExpVar: -0.36
2020-09-06 20:14:07,883 Results for XGB 50 [Target: reg:gamma, MaxDepth: 2, NEstimators: 100, Alpha: 0, Lambda: 0.1] -> MAE: 8.93 | ExpVar: -0.5
2020-09-06 20:14:07,895 Results for XGB 51 [Target: reg:gamma, MaxDepth: 2, NEstimators: 100, Alpha: 0.1, Lambda: 0] -> MAE: 8.52 | ExpVar: -0.46
2020-09-06 20:14:07,905 Results for XGB 52 [Target: reg:gamma, MaxDepth: 2, NEstimators: 100, Alpha: 0.1, Lambda: 0.1] -> MAE: 9.2 | ExpVar: -0.59
2020-09-06 20:14:07,933 Results for XGB 53 [Target: reg:gamma, MaxDepth: 2, NEstimators: 250, Alpha: 0, Lambda: 0] -> MAE: 14.73 | ExpVar: -3.52
2020-09-06 20:14:07,947 Results for XGB 54 [Target: reg:gamma, MaxDepth: 2, NEstimators: 250, Alpha: 0, Lambda: 0.1] -> MAE: 12.94 | ExpVar: -1.88
2020-09-06 20:14:07,970 Results for XGB 55 [Target: reg:gamma, MaxDepth: 2, NEstimators: 250, Alpha: 0.1, Lambda: 0] -> MAE: 10.18 | ExpVar: -0.66
2020-09-06 20:14:07,994 Results for XGB 56 [Target: reg:gamma, MaxDepth: 2, NEstimators: 250, Alpha: 0.1, Lambda: 0.1] -> MAE: 11.07 | ExpVar: -0.94
2020-09-06 20:14:08,029 Results for XGB 57 [Target: reg:gamma, MaxDepth: 2, NEstimators: 500, Alpha: 0, Lambda: 0] -> MAE: 1517.68 | ExpVar: -293564.65
2020-09-06 20:14:08,073 Results for XGB 58 [Target: reg:gamma, MaxDepth: 2, NEstimators: 500, Alpha: 0, Lambda: 0.1] -> MAE: 818.5 | ExpVar: -84121.67
2020-09-06 20:14:08,109 Results for XGB 59 [Target: reg:gamma, MaxDepth: 2, NEstimators: 500, Alpha: 0.1, Lambda: 0] -> MAE: 201.82 | ExpVar: -4521.69
2020-09-06 20:14:08,139 Results for XGB 60 [Target: reg:gamma, MaxDepth: 2, NEstimators: 500, Alpha: 0.1, Lambda: 0.1] -> MAE: 135.07 | ExpVar: -1322.79
2020-09-06 20:14:08,223 Results for XGB 61 [Target: reg:gamma, MaxDepth: 2, NEstimators: 1000, Alpha: 0, Lambda: 0] -> MAE: 174736383.45 | ExpVar: -3945782954220321.5
2020-09-06 20:14:08,290 Results for XGB 62 [Target: reg:gamma, MaxDepth: 2, NEstimators: 1000, Alpha: 0, Lambda: 0.1] -> MAE: 31777299.01 | ExpVar: -130496818295090.55
2020-09-06 20:14:08,368 Results for XGB 63 [Target: reg:gamma, MaxDepth: 2, NEstimators: 1000, Alpha: 0.1, Lambda: 0] -> MAE: 40081852.22 | ExpVar: -207616563436488.88
2020-09-06 20:14:08,430 Results for XGB 64 [Target: reg:gamma, MaxDepth: 2, NEstimators: 1000, Alpha: 0.1, Lambda: 0.1] -> MAE: 139469004.86 | ExpVar: -2513742954837829.0
2020-09-06 20:14:08,446 Results for XGB 65 [Target: reg:gamma, MaxDepth: 3, NEstimators: 100, Alpha: 0, Lambda: 0] -> MAE: 8.44 | ExpVar: -0.38
2020-09-06 20:14:08,457 Results for XGB 66 [Target: reg:gamma, MaxDepth: 3, NEstimators: 100, Alpha: 0, Lambda: 0.1] -> MAE: 8.12 | ExpVar: -0.25
2020-09-06 20:14:08,464 Results for XGB 67 [Target: reg:gamma, MaxDepth: 3, NEstimators: 100, Alpha: 0.1, Lambda: 0] -> MAE: 9.07 | ExpVar: -0.52
2020-09-06 20:14:08,476 Results for XGB 68 [Target: reg:gamma, MaxDepth: 3, NEstimators: 100, Alpha: 0.1, Lambda: 0.1] -> MAE: 9.12 | ExpVar: -0.55
2020-09-06 20:14:08,499 Results for XGB 69 [Target: reg:gamma, MaxDepth: 3, NEstimators: 250, Alpha: 0, Lambda: 0] -> MAE: 28.27 | ExpVar: -46.93
2020-09-06 20:14:08,520 Results for XGB 70 [Target: reg:gamma, MaxDepth: 3, NEstimators: 250, Alpha: 0, Lambda: 0.1] -> MAE: 15.25 | ExpVar: -5.21
2020-09-06 20:14:08,544 Results for XGB 71 [Target: reg:gamma, MaxDepth: 3, NEstimators: 250, Alpha: 0.1, Lambda: 0] -> MAE: 14.29 | ExpVar: -3.82
2020-09-06 20:14:08,569 Results for XGB 72 [Target: reg:gamma, MaxDepth: 3, NEstimators: 250, Alpha: 0.1, Lambda: 0.1] -> MAE: 15.84 | ExpVar: -5.53
2020-09-06 20:14:08,615 Results for XGB 73 [Target: reg:gamma, MaxDepth: 3, NEstimators: 500, Alpha: 0, Lambda: 0] -> MAE: 7997.42 | ExpVar: -8240193.08
2020-09-06 20:14:08,654 Results for XGB 74 [Target: reg:gamma, MaxDepth: 3, NEstimators: 500, Alpha: 0, Lambda: 0.1] -> MAE: 2431.44 | ExpVar: -756399.47
2020-09-06 20:14:08,705 Results for XGB 75 [Target: reg:gamma, MaxDepth: 3, NEstimators: 500, Alpha: 0.1, Lambda: 0] -> MAE: 1683.66 | ExpVar: -360262.02
2020-09-06 20:14:08,753 Results for XGB 76 [Target: reg:gamma, MaxDepth: 3, NEstimators: 500, Alpha: 0.1, Lambda: 0.1] -> MAE: 1480.31 | ExpVar: -277795.81
2020-09-06 20:14:08,842 Results for XGB 77 [Target: reg:gamma, MaxDepth: 3, NEstimators: 1000, Alpha: 0, Lambda: 0] -> MAE: 2860352067.65 | ExpVar: -1.0573179673706437e+18
2020-09-06 20:14:08,930 Results for XGB 78 [Target: reg:gamma, MaxDepth: 3, NEstimators: 1000, Alpha: 0, Lambda: 0.1] -> MAE: 366518414.52 | ExpVar: -1.7360337514247504e+16
2020-09-06 20:14:09,012 Results for XGB 79 [Target: reg:gamma, MaxDepth: 3, NEstimators: 1000, Alpha: 0.1, Lambda: 0] -> MAE: 178826248.12 | ExpVar: -4132653504338784.5
2020-09-06 20:14:09,113 Results for XGB 80 [Target: reg:gamma, MaxDepth: 3, NEstimators: 1000, Alpha: 0.1, Lambda: 0.1] -> MAE: 54671111.32 | ExpVar: -386261917832553.5
2020-09-06 20:14:09,133 Results for XGB 81 [Target: reg:gamma, MaxDepth: 6, NEstimators: 100, Alpha: 0, Lambda: 0] -> MAE: 8.52 | ExpVar: -0.29
2020-09-06 20:14:09,145 Results for XGB 82 [Target: reg:gamma, MaxDepth: 6, NEstimators: 100, Alpha: 0, Lambda: 0.1] -> MAE: 9.74 | ExpVar: -0.67
2020-09-06 20:14:09,161 Results for XGB 83 [Target: reg:gamma, MaxDepth: 6, NEstimators: 100, Alpha: 0.1, Lambda: 0] -> MAE: 9.54 | ExpVar: -0.72
2020-09-06 20:14:09,176 Results for XGB 84 [Target: reg:gamma, MaxDepth: 6, NEstimators: 100, Alpha: 0.1, Lambda: 0.1] -> MAE: 9.71 | ExpVar: -0.67
2020-09-06 20:14:09,214 Results for XGB 85 [Target: reg:gamma, MaxDepth: 6, NEstimators: 250, Alpha: 0, Lambda: 0] -> MAE: 19.97 | ExpVar: -9.48
2020-09-06 20:14:09,246 Results for XGB 86 [Target: reg:gamma, MaxDepth: 6, NEstimators: 250, Alpha: 0, Lambda: 0.1] -> MAE: 23.41 | ExpVar: -15.09
2020-09-06 20:14:09,278 Results for XGB 87 [Target: reg:gamma, MaxDepth: 6, NEstimators: 250, Alpha: 0.1, Lambda: 0] -> MAE: 23.22 | ExpVar: -14.36
2020-09-06 20:14:09,317 Results for XGB 88 [Target: reg:gamma, MaxDepth: 6, NEstimators: 250, Alpha: 0.1, Lambda: 0.1] -> MAE: 24.31 | ExpVar: -12.81
2020-09-06 20:14:09,385 Results for XGB 89 [Target: reg:gamma, MaxDepth: 6, NEstimators: 500, Alpha: 0, Lambda: 0] -> MAE: 809.52 | ExpVar: -76365.29
2020-09-06 20:14:09,456 Results for XGB 90 [Target: reg:gamma, MaxDepth: 6, NEstimators: 500, Alpha: 0, Lambda: 0.1] -> MAE: 979.39 | ExpVar: -111099.15
2020-09-06 20:14:09,518 Results for XGB 91 [Target: reg:gamma, MaxDepth: 6, NEstimators: 500, Alpha: 0.1, Lambda: 0] -> MAE: 1217.54 | ExpVar: -175074.58
2020-09-06 20:14:09,582 Results for XGB 92 [Target: reg:gamma, MaxDepth: 6, NEstimators: 500, Alpha: 0.1, Lambda: 0.1] -> MAE: 638.21 | ExpVar: -43426.72
2020-09-06 20:14:09,706 Results for XGB 93 [Target: reg:gamma, MaxDepth: 6, NEstimators: 1000, Alpha: 0, Lambda: 0] -> MAE: 3883243.58 | ExpVar: -1948385341825.42
2020-09-06 20:14:09,841 Results for XGB 94 [Target: reg:gamma, MaxDepth: 6, NEstimators: 1000, Alpha: 0, Lambda: 0.1] -> MAE: 7124694.9 | ExpVar: -6558449693766.66
2020-09-06 20:14:09,968 Results for XGB 95 [Target: reg:gamma, MaxDepth: 6, NEstimators: 1000, Alpha: 0.1, Lambda: 0] -> MAE: 7823306.52 | ExpVar: -7906388890878.65
2020-09-06 20:14:10,094 Results for XGB 96 [Target: reg:gamma, MaxDepth: 6, NEstimators: 1000, Alpha: 0.1, Lambda: 0.1] -> MAE: 3293194.81 | ExpVar: -1400409414865.81
2020-09-06 20:14:10,095 Best Model:
2020-09-06 20:14:10,095 Target:reg:linear
2020-09-06 20:14:10,096 MaxDepth:2
2020-09-06 20:14:10,096 NEstimators:100
2020-09-06 20:14:10,097 Alpha:0
2020-09-06 20:14:10,097 Gamma:0
