2020-09-06 20:11:01,331 Results for SVR 1 [Kernel: rbf, Degree: 0, Gamma: auto, Coef: 0, C: 1] -> MAE:0.86 | ExpVar:-0.22
2020-09-06 20:11:01,333 Results for SVR 2 [Kernel: rbf, Degree: 0, Gamma: auto, Coef: 5, C: 2] -> MAE:0.91 | ExpVar:-0.36
2020-09-06 20:11:01,334 Results for SVR 3 [Kernel: rbf, Degree: 0, Gamma: auto, Coef: 10, C: 3] -> MAE:0.93 | ExpVar:-0.39
2020-09-06 20:11:01,336 Results for SVR 4 [Kernel: rbf, Degree: 0, Gamma: auto, Coef: 15, C: 4] -> MAE:0.93 | ExpVar:-0.41
2020-09-06 20:11:01,337 Results for SVR 5 [Kernel: rbf, Degree: 0, Gamma: auto, Coef: 20, C: 5] -> MAE:0.96 | ExpVar:-0.43
2020-09-06 20:11:01,338 Results for SVR 6 [Kernel: poly, Degree: 1, Gamma: auto, Coef: 0, C: 1] -> MAE:0.84 | ExpVar:0.07
2020-09-06 20:11:01,341 Results for SVR 7 [Kernel: poly, Degree: 2, Gamma: auto, Coef: 5, C: 2] -> MAE:1.06 | ExpVar:-0.6
2020-09-06 20:11:01,343 Results for SVR 8 [Kernel: poly, Degree: 3, Gamma: auto, Coef: 10, C: 3] -> MAE:0.98 | ExpVar:-0.25
2020-09-06 20:11:01,346 Results for SVR 9 [Kernel: poly, Degree: 4, Gamma: auto, Coef: 15, C: 4] -> MAE:0.98 | ExpVar:-0.25
2020-09-06 20:11:01,349 Results for SVR 10 [Kernel: poly, Degree: 5, Gamma: auto, Coef: 20, C: 5] -> MAE:0.98 | ExpVar:-0.25
2020-09-06 20:11:01,350 Results for SVR 11 [Kernel: sigmoid, Degree: 0, Gamma: auto, Coef: 0, C: 1] -> MAE:0.66 | ExpVar:0.42
2020-09-06 20:11:01,352 Results for SVR 12 [Kernel: sigmoid, Degree: 0, Gamma: auto, Coef: 5, C: 2] -> MAE:0.87 | ExpVar:0.0
2020-09-06 20:11:01,353 Results for SVR 13 [Kernel: sigmoid, Degree: 0, Gamma: auto, Coef: 10, C: 3] -> MAE:0.86 | ExpVar:0.0
2020-09-06 20:11:01,354 Results for SVR 14 [Kernel: sigmoid, Degree: 0, Gamma: auto, Coef: 15, C: 4] -> MAE:0.86 | ExpVar:0.0
2020-09-06 20:11:01,355 Results for SVR 15 [Kernel: sigmoid, Degree: 0, Gamma: auto, Coef: 20, C: 5] -> MAE:0.86 | ExpVar:0.0
2020-09-06 20:11:01,356 Results for SVR 16 [Kernel: poly, Degree: 12, Gamma: auto, Coef: 0, C: 1] -> MAE:3.62 | ExpVar:-45.28
2020-09-06 20:11:01,356 Best Model:
2020-09-06 20:11:01,357 Kernel:sigmoid
2020-09-06 20:11:01,357 Degree:0
2020-09-06 20:11:01,357 Gamma:auto
2020-09-06 20:11:01,357 Coef:0
2020-09-06 20:11:01,357 C:1
