2020-09-06 20:15:03,205 Results for XGB 1 [Target: reg:linear, MaxDepth: 2, NEstimators: 100, Alpha: 0, Lambda: 0] -> MAE: 6.09 | ExpVar: 0.33
2020-09-06 20:15:03,213 Results for XGB 2 [Target: reg:linear, MaxDepth: 2, NEstimators: 100, Alpha: 0, Lambda: 0.1] -> MAE: 5.95 | ExpVar: 0.38
2020-09-06 20:15:03,223 Results for XGB 3 [Target: reg:linear, MaxDepth: 2, NEstimators: 100, Alpha: 0.1, Lambda: 0] -> MAE: 6.13 | ExpVar: 0.32
2020-09-06 20:15:03,237 Results for XGB 4 [Target: reg:linear, MaxDepth: 2, NEstimators: 100, Alpha: 0.1, Lambda: 0.1] -> MAE: 5.96 | ExpVar: 0.36
2020-09-06 20:15:03,268 Results for XGB 5 [Target: reg:linear, MaxDepth: 2, NEstimators: 250, Alpha: 0, Lambda: 0] -> MAE: 6.09 | ExpVar: 0.33
2020-09-06 20:15:03,300 Results for XGB 6 [Target: reg:linear, MaxDepth: 2, NEstimators: 250, Alpha: 0, Lambda: 0.1] -> MAE: 5.89 | ExpVar: 0.37
2020-09-06 20:15:03,321 Results for XGB 7 [Target: reg:linear, MaxDepth: 2, NEstimators: 250, Alpha: 0.1, Lambda: 0] -> MAE: 6.17 | ExpVar: 0.32
2020-09-06 20:15:03,343 Results for XGB 8 [Target: reg:linear, MaxDepth: 2, NEstimators: 250, Alpha: 0.1, Lambda: 0.1] -> MAE: 5.91 | ExpVar: 0.37
2020-09-06 20:15:03,392 Results for XGB 9 [Target: reg:linear, MaxDepth: 2, NEstimators: 500, Alpha: 0, Lambda: 0] -> MAE: 6.08 | ExpVar: 0.33
2020-09-06 20:15:03,426 Results for XGB 10 [Target: reg:linear, MaxDepth: 2, NEstimators: 500, Alpha: 0, Lambda: 0.1] -> MAE: 5.89 | ExpVar: 0.38
2020-09-06 20:15:03,465 Results for XGB 11 [Target: reg:linear, MaxDepth: 2, NEstimators: 500, Alpha: 0.1, Lambda: 0] -> MAE: 6.17 | ExpVar: 0.32
2020-09-06 20:15:03,504 Results for XGB 12 [Target: reg:linear, MaxDepth: 2, NEstimators: 500, Alpha: 0.1, Lambda: 0.1] -> MAE: 5.91 | ExpVar: 0.37
2020-09-06 20:15:03,585 Results for XGB 13 [Target: reg:linear, MaxDepth: 2, NEstimators: 1000, Alpha: 0, Lambda: 0] -> MAE: 6.08 | ExpVar: 0.33
2020-09-06 20:15:03,645 Results for XGB 14 [Target: reg:linear, MaxDepth: 2, NEstimators: 1000, Alpha: 0, Lambda: 0.1] -> MAE: 5.89 | ExpVar: 0.38
2020-09-06 20:15:03,720 Results for XGB 15 [Target: reg:linear, MaxDepth: 2, NEstimators: 1000, Alpha: 0.1, Lambda: 0] -> MAE: 6.17 | ExpVar: 0.32
2020-09-06 20:15:03,786 Results for XGB 16 [Target: reg:linear, MaxDepth: 2, NEstimators: 1000, Alpha: 0.1, Lambda: 0.1] -> MAE: 5.91 | ExpVar: 0.37
2020-09-06 20:15:03,803 Results for XGB 17 [Target: reg:linear, MaxDepth: 3, NEstimators: 100, Alpha: 0, Lambda: 0] -> MAE: 6.75 | ExpVar: 0.14
2020-09-06 20:15:03,819 Results for XGB 18 [Target: reg:linear, MaxDepth: 3, NEstimators: 100, Alpha: 0, Lambda: 0.1] -> MAE: 6.5 | ExpVar: 0.16
2020-09-06 20:15:03,834 Results for XGB 19 [Target: reg:linear, MaxDepth: 3, NEstimators: 100, Alpha: 0.1, Lambda: 0] -> MAE: 6.36 | ExpVar: 0.2
2020-09-06 20:15:03,843 Results for XGB 20 [Target: reg:linear, MaxDepth: 3, NEstimators: 100, Alpha: 0.1, Lambda: 0.1] -> MAE: 6.77 | ExpVar: 0.14
2020-09-06 20:15:03,870 Results for XGB 21 [Target: reg:linear, MaxDepth: 3, NEstimators: 250, Alpha: 0, Lambda: 0] -> MAE: 6.75 | ExpVar: 0.15
2020-09-06 20:15:03,900 Results for XGB 22 [Target: reg:linear, MaxDepth: 3, NEstimators: 250, Alpha: 0, Lambda: 0.1] -> MAE: 6.49 | ExpVar: 0.16
2020-09-06 20:15:03,927 Results for XGB 23 [Target: reg:linear, MaxDepth: 3, NEstimators: 250, Alpha: 0.1, Lambda: 0] -> MAE: 6.37 | ExpVar: 0.2
2020-09-06 20:15:03,950 Results for XGB 24 [Target: reg:linear, MaxDepth: 3, NEstimators: 250, Alpha: 0.1, Lambda: 0.1] -> MAE: 6.77 | ExpVar: 0.14
2020-09-06 20:15:03,982 Results for XGB 25 [Target: reg:linear, MaxDepth: 3, NEstimators: 500, Alpha: 0, Lambda: 0] -> MAE: 6.75 | ExpVar: 0.15
2020-09-06 20:15:04,033 Results for XGB 26 [Target: reg:linear, MaxDepth: 3, NEstimators: 500, Alpha: 0, Lambda: 0.1] -> MAE: 6.49 | ExpVar: 0.16
2020-09-06 20:15:04,068 Results for XGB 27 [Target: reg:linear, MaxDepth: 3, NEstimators: 500, Alpha: 0.1, Lambda: 0] -> MAE: 6.37 | ExpVar: 0.2
2020-09-06 20:15:04,097 Results for XGB 28 [Target: reg:linear, MaxDepth: 3, NEstimators: 500, Alpha: 0.1, Lambda: 0.1] -> MAE: 6.77 | ExpVar: 0.14
2020-09-06 20:15:04,169 Results for XGB 29 [Target: reg:linear, MaxDepth: 3, NEstimators: 1000, Alpha: 0, Lambda: 0] -> MAE: 6.75 | ExpVar: 0.15
2020-09-06 20:15:04,254 Results for XGB 30 [Target: reg:linear, MaxDepth: 3, NEstimators: 1000, Alpha: 0, Lambda: 0.1] -> MAE: 6.49 | ExpVar: 0.16
2020-09-06 20:15:04,332 Results for XGB 31 [Target: reg:linear, MaxDepth: 3, NEstimators: 1000, Alpha: 0.1, Lambda: 0] -> MAE: 6.37 | ExpVar: 0.2
2020-09-06 20:15:04,390 Results for XGB 32 [Target: reg:linear, MaxDepth: 3, NEstimators: 1000, Alpha: 0.1, Lambda: 0.1] -> MAE: 6.77 | ExpVar: 0.14
2020-09-06 20:15:04,410 Results for XGB 33 [Target: reg:linear, MaxDepth: 6, NEstimators: 100, Alpha: 0, Lambda: 0] -> MAE: 7.7 | ExpVar: -0.02
2020-09-06 20:15:04,431 Results for XGB 34 [Target: reg:linear, MaxDepth: 6, NEstimators: 100, Alpha: 0, Lambda: 0.1] -> MAE: 7.51 | ExpVar: 0.08
2020-09-06 20:15:04,448 Results for XGB 35 [Target: reg:linear, MaxDepth: 6, NEstimators: 100, Alpha: 0.1, Lambda: 0] -> MAE: 7.44 | ExpVar: 0.04
2020-09-06 20:15:04,462 Results for XGB 36 [Target: reg:linear, MaxDepth: 6, NEstimators: 100, Alpha: 0.1, Lambda: 0.1] -> MAE: 7.24 | ExpVar: 0.07
2020-09-06 20:15:04,494 Results for XGB 37 [Target: reg:linear, MaxDepth: 6, NEstimators: 250, Alpha: 0, Lambda: 0] -> MAE: 7.7 | ExpVar: -0.02
2020-09-06 20:15:04,527 Results for XGB 38 [Target: reg:linear, MaxDepth: 6, NEstimators: 250, Alpha: 0, Lambda: 0.1] -> MAE: 7.51 | ExpVar: 0.08
2020-09-06 20:15:04,553 Results for XGB 39 [Target: reg:linear, MaxDepth: 6, NEstimators: 250, Alpha: 0.1, Lambda: 0] -> MAE: 7.44 | ExpVar: 0.04
2020-09-06 20:15:04,581 Results for XGB 40 [Target: reg:linear, MaxDepth: 6, NEstimators: 250, Alpha: 0.1, Lambda: 0.1] -> MAE: 7.24 | ExpVar: 0.07
2020-09-06 20:15:04,624 Results for XGB 41 [Target: reg:linear, MaxDepth: 6, NEstimators: 500, Alpha: 0, Lambda: 0] -> MAE: 7.7 | ExpVar: -0.02
2020-09-06 20:15:04,667 Results for XGB 42 [Target: reg:linear, MaxDepth: 6, NEstimators: 500, Alpha: 0, Lambda: 0.1] -> MAE: 7.51 | ExpVar: 0.08
2020-09-06 20:15:04,709 Results for XGB 43 [Target: reg:linear, MaxDepth: 6, NEstimators: 500, Alpha: 0.1, Lambda: 0] -> MAE: 7.44 | ExpVar: 0.04
2020-09-06 20:15:04,745 Results for XGB 44 [Target: reg:linear, MaxDepth: 6, NEstimators: 500, Alpha: 0.1, Lambda: 0.1] -> MAE: 7.24 | ExpVar: 0.07
2020-09-06 20:15:04,852 Results for XGB 45 [Target: reg:linear, MaxDepth: 6, NEstimators: 1000, Alpha: 0, Lambda: 0] -> MAE: 7.7 | ExpVar: -0.02
2020-09-06 20:15:04,921 Results for XGB 46 [Target: reg:linear, MaxDepth: 6, NEstimators: 1000, Alpha: 0, Lambda: 0.1] -> MAE: 7.51 | ExpVar: 0.08
2020-09-06 20:15:04,987 Results for XGB 47 [Target: reg:linear, MaxDepth: 6, NEstimators: 1000, Alpha: 0.1, Lambda: 0] -> MAE: 7.44 | ExpVar: 0.04
2020-09-06 20:15:05,045 Results for XGB 48 [Target: reg:linear, MaxDepth: 6, NEstimators: 1000, Alpha: 0.1, Lambda: 0.1] -> MAE: 7.24 | ExpVar: 0.07
2020-09-06 20:15:05,057 Results for XGB 49 [Target: reg:gamma, MaxDepth: 2, NEstimators: 100, Alpha: 0, Lambda: 0] -> MAE: 6.53 | ExpVar: 0.18
2020-09-06 20:15:05,069 Results for XGB 50 [Target: reg:gamma, MaxDepth: 2, NEstimators: 100, Alpha: 0, Lambda: 0.1] -> MAE: 6.9 | ExpVar: 0.03
2020-09-06 20:15:05,080 Results for XGB 51 [Target: reg:gamma, MaxDepth: 2, NEstimators: 100, Alpha: 0.1, Lambda: 0] -> MAE: 6.62 | ExpVar: 0.0
2020-09-06 20:15:05,088 Results for XGB 52 [Target: reg:gamma, MaxDepth: 2, NEstimators: 100, Alpha: 0.1, Lambda: 0.1] -> MAE: 6.26 | ExpVar: 0.2
2020-09-06 20:15:05,110 Results for XGB 53 [Target: reg:gamma, MaxDepth: 2, NEstimators: 250, Alpha: 0, Lambda: 0] -> MAE: 8.35 | ExpVar: -0.68
2020-09-06 20:15:05,136 Results for XGB 54 [Target: reg:gamma, MaxDepth: 2, NEstimators: 250, Alpha: 0, Lambda: 0.1] -> MAE: 15.28 | ExpVar: -8.62
2020-09-06 20:15:05,160 Results for XGB 55 [Target: reg:gamma, MaxDepth: 2, NEstimators: 250, Alpha: 0.1, Lambda: 0] -> MAE: 7.03 | ExpVar: -0.01
2020-09-06 20:15:05,182 Results for XGB 56 [Target: reg:gamma, MaxDepth: 2, NEstimators: 250, Alpha: 0.1, Lambda: 0.1] -> MAE: 5.2 | ExpVar: 0.4
2020-09-06 20:15:05,227 Results for XGB 57 [Target: reg:gamma, MaxDepth: 2, NEstimators: 500, Alpha: 0, Lambda: 0] -> MAE: 16.4 | ExpVar: -8.76
2020-09-06 20:15:05,275 Results for XGB 58 [Target: reg:gamma, MaxDepth: 2, NEstimators: 500, Alpha: 0, Lambda: 0.1] -> MAE: 68.34 | ExpVar: -246.38
2020-09-06 20:15:05,317 Results for XGB 59 [Target: reg:gamma, MaxDepth: 2, NEstimators: 500, Alpha: 0.1, Lambda: 0] -> MAE: 34.79 | ExpVar: -69.78
2020-09-06 20:15:05,355 Results for XGB 60 [Target: reg:gamma, MaxDepth: 2, NEstimators: 500, Alpha: 0.1, Lambda: 0.1] -> MAE: 9.15 | ExpVar: -1.93
2020-09-06 20:15:05,440 Results for XGB 61 [Target: reg:gamma, MaxDepth: 2, NEstimators: 1000, Alpha: 0, Lambda: 0] -> MAE: 41.07 | ExpVar: -83.64
2020-09-06 20:15:05,521 Results for XGB 62 [Target: reg:gamma, MaxDepth: 2, NEstimators: 1000, Alpha: 0, Lambda: 0.1] -> MAE: 289.09 | ExpVar: -4861.57
2020-09-06 20:15:05,602 Results for XGB 63 [Target: reg:gamma, MaxDepth: 2, NEstimators: 1000, Alpha: 0.1, Lambda: 0] -> MAE: 292.35 | ExpVar: -8076.09
2020-09-06 20:15:05,683 Results for XGB 64 [Target: reg:gamma, MaxDepth: 2, NEstimators: 1000, Alpha: 0.1, Lambda: 0.1] -> MAE: 97.01 | ExpVar: -794.16
2020-09-06 20:15:05,695 Results for XGB 65 [Target: reg:gamma, MaxDepth: 3, NEstimators: 100, Alpha: 0, Lambda: 0] -> MAE: 7.51 | ExpVar: -0.2
2020-09-06 20:15:05,712 Results for XGB 66 [Target: reg:gamma, MaxDepth: 3, NEstimators: 100, Alpha: 0, Lambda: 0.1] -> MAE: 7.48 | ExpVar: -0.25
2020-09-06 20:15:05,727 Results for XGB 67 [Target: reg:gamma, MaxDepth: 3, NEstimators: 100, Alpha: 0.1, Lambda: 0] -> MAE: 7.74 | ExpVar: -0.27
2020-09-06 20:15:05,738 Results for XGB 68 [Target: reg:gamma, MaxDepth: 3, NEstimators: 100, Alpha: 0.1, Lambda: 0.1] -> MAE: 7.62 | ExpVar: -0.28
2020-09-06 20:15:05,789 Results for XGB 69 [Target: reg:gamma, MaxDepth: 3, NEstimators: 250, Alpha: 0, Lambda: 0] -> MAE: 10.74 | ExpVar: -2.34
2020-09-06 20:15:05,814 Results for XGB 70 [Target: reg:gamma, MaxDepth: 3, NEstimators: 250, Alpha: 0, Lambda: 0.1] -> MAE: 12.5 | ExpVar: -5.2
2020-09-06 20:15:05,839 Results for XGB 71 [Target: reg:gamma, MaxDepth: 3, NEstimators: 250, Alpha: 0.1, Lambda: 0] -> MAE: 10.49 | ExpVar: -3.35
2020-09-06 20:15:05,869 Results for XGB 72 [Target: reg:gamma, MaxDepth: 3, NEstimators: 250, Alpha: 0.1, Lambda: 0.1] -> MAE: 9.59 | ExpVar: -1.74
2020-09-06 20:15:05,926 Results for XGB 73 [Target: reg:gamma, MaxDepth: 3, NEstimators: 500, Alpha: 0, Lambda: 0] -> MAE: 17.56 | ExpVar: -18.01
2020-09-06 20:15:05,974 Results for XGB 74 [Target: reg:gamma, MaxDepth: 3, NEstimators: 500, Alpha: 0, Lambda: 0.1] -> MAE: 21.81 | ExpVar: -35.01
2020-09-06 20:15:06,032 Results for XGB 75 [Target: reg:gamma, MaxDepth: 3, NEstimators: 500, Alpha: 0.1, Lambda: 0] -> MAE: 15.22 | ExpVar: -11.53
2020-09-06 20:15:06,078 Results for XGB 76 [Target: reg:gamma, MaxDepth: 3, NEstimators: 500, Alpha: 0.1, Lambda: 0.1] -> MAE: 14.96 | ExpVar: -11.74
2020-09-06 20:15:06,175 Results for XGB 77 [Target: reg:gamma, MaxDepth: 3, NEstimators: 1000, Alpha: 0, Lambda: 0] -> MAE: 9.22 | ExpVar: 0.0
2020-09-06 20:15:06,273 Results for XGB 78 [Target: reg:gamma, MaxDepth: 3, NEstimators: 1000, Alpha: 0, Lambda: 0.1] -> MAE: 9.22 | ExpVar: 0.0
2020-09-06 20:15:06,353 Results for XGB 79 [Target: reg:gamma, MaxDepth: 3, NEstimators: 1000, Alpha: 0.1, Lambda: 0] -> MAE: 9.22 | ExpVar: 0.0
2020-09-06 20:15:06,453 Results for XGB 80 [Target: reg:gamma, MaxDepth: 3, NEstimators: 1000, Alpha: 0.1, Lambda: 0.1] -> MAE: 9.22 | ExpVar: 0.0
2020-09-06 20:15:06,472 Results for XGB 81 [Target: reg:gamma, MaxDepth: 6, NEstimators: 100, Alpha: 0, Lambda: 0] -> MAE: 8.29 | ExpVar: -0.43
2020-09-06 20:15:06,490 Results for XGB 82 [Target: reg:gamma, MaxDepth: 6, NEstimators: 100, Alpha: 0, Lambda: 0.1] -> MAE: 7.7 | ExpVar: -0.19
2020-09-06 20:15:06,504 Results for XGB 83 [Target: reg:gamma, MaxDepth: 6, NEstimators: 100, Alpha: 0.1, Lambda: 0] -> MAE: 7.37 | ExpVar: -0.13
2020-09-06 20:15:06,519 Results for XGB 84 [Target: reg:gamma, MaxDepth: 6, NEstimators: 100, Alpha: 0.1, Lambda: 0.1] -> MAE: 8.06 | ExpVar: -0.35
2020-09-06 20:15:06,559 Results for XGB 85 [Target: reg:gamma, MaxDepth: 6, NEstimators: 250, Alpha: 0, Lambda: 0] -> MAE: 38.6 | ExpVar: -109.3
2020-09-06 20:15:06,605 Results for XGB 86 [Target: reg:gamma, MaxDepth: 6, NEstimators: 250, Alpha: 0, Lambda: 0.1] -> MAE: 21.77 | ExpVar: -33.88
2020-09-06 20:15:06,646 Results for XGB 87 [Target: reg:gamma, MaxDepth: 6, NEstimators: 250, Alpha: 0.1, Lambda: 0] -> MAE: 20.13 | ExpVar: -28.12
2020-09-06 20:15:06,685 Results for XGB 88 [Target: reg:gamma, MaxDepth: 6, NEstimators: 250, Alpha: 0.1, Lambda: 0.1] -> MAE: 25.24 | ExpVar: -50.95
2020-09-06 20:15:06,770 Results for XGB 89 [Target: reg:gamma, MaxDepth: 6, NEstimators: 500, Alpha: 0, Lambda: 0] -> MAE: 750.82 | ExpVar: -68941.48
2020-09-06 20:15:06,862 Results for XGB 90 [Target: reg:gamma, MaxDepth: 6, NEstimators: 500, Alpha: 0, Lambda: 0.1] -> MAE: 395.49 | ExpVar: -19401.29
2020-09-06 20:15:06,944 Results for XGB 91 [Target: reg:gamma, MaxDepth: 6, NEstimators: 500, Alpha: 0.1, Lambda: 0] -> MAE: 581.12 | ExpVar: -41313.59
2020-09-06 20:15:07,012 Results for XGB 92 [Target: reg:gamma, MaxDepth: 6, NEstimators: 500, Alpha: 0.1, Lambda: 0.1] -> MAE: 434.42 | ExpVar: -23333.37
2020-09-06 20:15:07,151 Results for XGB 93 [Target: reg:gamma, MaxDepth: 6, NEstimators: 1000, Alpha: 0, Lambda: 0] -> MAE: 9.22 | ExpVar: 0.0
2020-09-06 20:15:07,268 Results for XGB 94 [Target: reg:gamma, MaxDepth: 6, NEstimators: 1000, Alpha: 0, Lambda: 0.1] -> MAE: 9.22 | ExpVar: 0.0
2020-09-06 20:15:07,385 Results for XGB 95 [Target: reg:gamma, MaxDepth: 6, NEstimators: 1000, Alpha: 0.1, Lambda: 0] -> MAE: 9.22 | ExpVar: 0.0
2020-09-06 20:15:07,499 Results for XGB 96 [Target: reg:gamma, MaxDepth: 6, NEstimators: 1000, Alpha: 0.1, Lambda: 0.1] -> MAE: 9.22 | ExpVar: 0.0
2020-09-06 20:15:07,500 Best Model:
2020-09-06 20:15:07,500 Target:reg:gamma
2020-09-06 20:15:07,500 MaxDepth:2
2020-09-06 20:15:07,500 NEstimators:250
2020-09-06 20:15:07,500 Alpha:0.1
2020-09-06 20:15:07,501 Gamma:0.1
