2020-09-06 22:05:24,836 Results for NN 1 [Capas: 2 Neuronas: 64 Funcion: linear Optimizer: nadam, Dropout: 0] -> MAE: 1.03 | ExpVar: -0.22
2020-09-06 22:05:35,102 Results for NN 2 [Capas: 2 Neuronas: 64 Funcion: linear Optimizer: nadam, Dropout: 0.1] -> MAE: 1.0 | ExpVar: -0.18
2020-09-06 22:05:40,073 Results for NN 3 [Capas: 2 Neuronas: 64 Funcion: linear Optimizer: nadam, Dropout: 0.25] -> MAE: 1.02 | ExpVar: -0.22
2020-09-06 22:05:43,716 Results for NN 4 [Capas: 2 Neuronas: 64 Funcion: linear Optimizer: adadelta, Dropout: 0] -> MAE: 0.88 | ExpVar: 0.0
2020-09-06 22:05:55,490 Results for NN 5 [Capas: 2 Neuronas: 64 Funcion: linear Optimizer: adadelta, Dropout: 0.1] -> MAE: 0.88 | ExpVar: 0.01
2020-09-06 22:05:59,248 Results for NN 6 [Capas: 2 Neuronas: 64 Funcion: linear Optimizer: adadelta, Dropout: 0.25] -> MAE: 0.88 | ExpVar: 0.0
2020-09-06 22:06:03,322 Results for NN 7 [Capas: 2 Neuronas: 64 Funcion: relu Optimizer: nadam, Dropout: 0] -> MAE: 0.95 | ExpVar: -0.17
2020-09-06 22:06:14,668 Results for NN 8 [Capas: 2 Neuronas: 64 Funcion: relu Optimizer: nadam, Dropout: 0.1] -> MAE: 0.99 | ExpVar: -0.36
2020-09-06 22:06:18,815 Results for NN 9 [Capas: 2 Neuronas: 64 Funcion: relu Optimizer: nadam, Dropout: 0.25] -> MAE: 0.97 | ExpVar: -0.2
2020-09-06 22:06:22,448 Results for NN 10 [Capas: 2 Neuronas: 64 Funcion: relu Optimizer: adadelta, Dropout: 0] -> MAE: 0.88 | ExpVar: -0.0
2020-09-06 22:06:34,170 Results for NN 11 [Capas: 2 Neuronas: 64 Funcion: relu Optimizer: adadelta, Dropout: 0.1] -> MAE: 0.88 | ExpVar: 0.0
2020-09-06 22:06:37,870 Results for NN 12 [Capas: 2 Neuronas: 64 Funcion: relu Optimizer: adadelta, Dropout: 0.25] -> MAE: 0.88 | ExpVar: -0.0
2020-09-06 22:06:42,038 Results for NN 13 [Capas: 2 Neuronas: 128 Funcion: linear Optimizer: nadam, Dropout: 0] -> MAE: 1.0 | ExpVar: -0.17
2020-09-06 22:06:53,351 Results for NN 14 [Capas: 2 Neuronas: 128 Funcion: linear Optimizer: nadam, Dropout: 0.1] -> MAE: 0.96 | ExpVar: -0.11
2020-09-06 22:06:57,552 Results for NN 15 [Capas: 2 Neuronas: 128 Funcion: linear Optimizer: nadam, Dropout: 0.25] -> MAE: 1.0 | ExpVar: -0.21
2020-09-06 22:07:01,394 Results for NN 16 [Capas: 2 Neuronas: 128 Funcion: linear Optimizer: adadelta, Dropout: 0] -> MAE: 0.88 | ExpVar: 0.03
2020-09-06 22:07:12,413 Results for NN 17 [Capas: 2 Neuronas: 128 Funcion: linear Optimizer: adadelta, Dropout: 0.1] -> MAE: 0.9 | ExpVar: -0.0
2020-09-06 22:07:16,276 Results for NN 18 [Capas: 2 Neuronas: 128 Funcion: linear Optimizer: adadelta, Dropout: 0.25] -> MAE: 0.89 | ExpVar: 0.01
2020-09-06 22:07:25,382 Results for NN 19 [Capas: 2 Neuronas: 128 Funcion: relu Optimizer: nadam, Dropout: 0] -> MAE: 0.88 | ExpVar: 0.0
2020-09-06 22:07:31,785 Results for NN 20 [Capas: 2 Neuronas: 128 Funcion: relu Optimizer: nadam, Dropout: 0.1] -> MAE: 0.88 | ExpVar: 0.0
2020-09-06 22:07:35,974 Results for NN 21 [Capas: 2 Neuronas: 128 Funcion: relu Optimizer: nadam, Dropout: 0.25] -> MAE: 0.98 | ExpVar: -0.3
2020-09-06 22:07:47,741 Results for NN 22 [Capas: 2 Neuronas: 128 Funcion: relu Optimizer: adadelta, Dropout: 0] -> MAE: 0.89 | ExpVar: 0.01
2020-09-06 22:07:51,601 Results for NN 23 [Capas: 2 Neuronas: 128 Funcion: relu Optimizer: adadelta, Dropout: 0.1] -> MAE: 0.88 | ExpVar: 0.0
2020-09-06 22:07:55,444 Results for NN 24 [Capas: 2 Neuronas: 128 Funcion: relu Optimizer: adadelta, Dropout: 0.25] -> MAE: 0.89 | ExpVar: -0.0
2020-09-06 22:08:08,651 Results for NN 25 [Capas: 6 Neuronas: 64 Funcion: linear Optimizer: nadam, Dropout: 0] -> MAE: 0.88 | ExpVar: 0.0
2020-09-06 22:08:14,127 Results for NN 26 [Capas: 6 Neuronas: 64 Funcion: linear Optimizer: nadam, Dropout: 0.1] -> MAE: 0.88 | ExpVar: 0.0
2020-09-06 22:08:26,780 Results for NN 27 [Capas: 6 Neuronas: 64 Funcion: linear Optimizer: nadam, Dropout: 0.25] -> MAE: 0.98 | ExpVar: -0.12
2020-09-06 22:08:30,923 Results for NN 28 [Capas: 6 Neuronas: 64 Funcion: linear Optimizer: adadelta, Dropout: 0] -> MAE: 0.88 | ExpVar: 0.0
2020-09-06 22:08:40,918 Results for NN 29 [Capas: 6 Neuronas: 64 Funcion: linear Optimizer: adadelta, Dropout: 0.1] -> MAE: 0.88 | ExpVar: -0.0
2020-09-06 22:08:47,468 Results for NN 30 [Capas: 6 Neuronas: 64 Funcion: linear Optimizer: adadelta, Dropout: 0.25] -> MAE: 0.88 | ExpVar: 0.0
2020-09-06 22:08:52,529 Results for NN 31 [Capas: 6 Neuronas: 64 Funcion: relu Optimizer: nadam, Dropout: 0] -> MAE: 0.88 | ExpVar: 0.0
2020-09-06 22:09:05,238 Results for NN 32 [Capas: 6 Neuronas: 64 Funcion: relu Optimizer: nadam, Dropout: 0.1] -> MAE: 0.88 | ExpVar: 0.0
2020-09-06 22:09:19,185 Results for NN 33 [Capas: 6 Neuronas: 64 Funcion: relu Optimizer: nadam, Dropout: 0.25] -> MAE: 0.88 | ExpVar: 0.0
2020-09-06 22:09:25,054 Results for NN 34 [Capas: 6 Neuronas: 64 Funcion: relu Optimizer: adadelta, Dropout: 0] -> MAE: 0.88 | ExpVar: 0.0
2020-09-06 22:09:29,782 Results for NN 35 [Capas: 6 Neuronas: 64 Funcion: relu Optimizer: adadelta, Dropout: 0.1] -> MAE: 0.88 | ExpVar: 0.0
2020-09-06 22:09:42,560 Results for NN 36 [Capas: 6 Neuronas: 64 Funcion: relu Optimizer: adadelta, Dropout: 0.25] -> MAE: 0.88 | ExpVar: 0.0
2020-09-06 22:09:48,306 Results for NN 37 [Capas: 6 Neuronas: 128 Funcion: linear Optimizer: nadam, Dropout: 0] -> MAE: 0.96 | ExpVar: -0.13
2020-09-06 22:10:02,525 Results for NN 38 [Capas: 6 Neuronas: 128 Funcion: linear Optimizer: nadam, Dropout: 0.1] -> MAE: 0.88 | ExpVar: 0.0
2020-09-06 22:10:09,329 Results for NN 39 [Capas: 6 Neuronas: 128 Funcion: linear Optimizer: nadam, Dropout: 0.25] -> MAE: 1.06 | ExpVar: -0.32
2020-09-06 22:10:22,761 Results for NN 40 [Capas: 6 Neuronas: 128 Funcion: linear Optimizer: adadelta, Dropout: 0] -> MAE: 0.88 | ExpVar: -0.0
2020-09-06 22:10:28,090 Results for NN 41 [Capas: 6 Neuronas: 128 Funcion: linear Optimizer: adadelta, Dropout: 0.1] -> MAE: 0.88 | ExpVar: -0.0
2020-09-06 22:10:41,359 Results for NN 42 [Capas: 6 Neuronas: 128 Funcion: linear Optimizer: adadelta, Dropout: 0.25] -> MAE: 0.88 | ExpVar: 0.0
2020-09-06 22:10:47,020 Results for NN 43 [Capas: 6 Neuronas: 128 Funcion: relu Optimizer: nadam, Dropout: 0] -> MAE: 0.88 | ExpVar: 0.0
2020-09-06 22:11:01,094 Results for NN 44 [Capas: 6 Neuronas: 128 Funcion: relu Optimizer: nadam, Dropout: 0.1] -> MAE: 0.88 | ExpVar: 0.0
2020-09-06 22:11:07,225 Results for NN 45 [Capas: 6 Neuronas: 128 Funcion: relu Optimizer: nadam, Dropout: 0.25] -> MAE: 0.88 | ExpVar: 0.0
2020-09-06 22:11:16,316 Results for NN 46 [Capas: 6 Neuronas: 128 Funcion: relu Optimizer: adadelta, Dropout: 0] -> MAE: 0.88 | ExpVar: 0.0
2020-09-06 22:11:25,312 Results for NN 47 [Capas: 6 Neuronas: 128 Funcion: relu Optimizer: adadelta, Dropout: 0.1] -> MAE: 0.88 | ExpVar: 0.0
2020-09-06 22:11:30,675 Results for NN 48 [Capas: 6 Neuronas: 128 Funcion: relu Optimizer: adadelta, Dropout: 0.25] -> MAE: 0.88 | ExpVar: 0.0
2020-09-06 22:11:30,675 Best Model:
2020-09-06 22:11:30,676 Layers:2
2020-09-06 22:11:30,676 Neurons per Layer:128
2020-09-06 22:11:30,677 Activation f(x):linear
2020-09-06 22:11:30,677 Optimizer:adadelta
2020-09-06 22:11:30,678 Dropout:0
2020-09-06 22:11:45,449 Assets written to: C:\Users\Juani\OneDrive\Juani\Maestria\Tesis Clima\Modelos\G1\Modelo_G1_M04_Y2009-2019\NeuralNetwork\assets
