2020-09-06 20:20:12,881 Results for XGB 1 [Target: reg:linear, MaxDepth: 2, NEstimators: 100, Alpha: 0, Lambda: 0] -> MAE: 23.72 | ExpVar: 0.09
2020-09-06 20:20:12,895 Results for XGB 2 [Target: reg:linear, MaxDepth: 2, NEstimators: 100, Alpha: 0, Lambda: 0.1] -> MAE: 22.5 | ExpVar: 0.16
2020-09-06 20:20:12,908 Results for XGB 3 [Target: reg:linear, MaxDepth: 2, NEstimators: 100, Alpha: 0.1, Lambda: 0] -> MAE: 23.59 | ExpVar: 0.09
2020-09-06 20:20:12,922 Results for XGB 4 [Target: reg:linear, MaxDepth: 2, NEstimators: 100, Alpha: 0.1, Lambda: 0.1] -> MAE: 22.17 | ExpVar: 0.18
2020-09-06 20:20:12,943 Results for XGB 5 [Target: reg:linear, MaxDepth: 2, NEstimators: 250, Alpha: 0, Lambda: 0] -> MAE: 23.3 | ExpVar: 0.1
2020-09-06 20:20:12,964 Results for XGB 6 [Target: reg:linear, MaxDepth: 2, NEstimators: 250, Alpha: 0, Lambda: 0.1] -> MAE: 22.31 | ExpVar: 0.18
2020-09-06 20:20:12,990 Results for XGB 7 [Target: reg:linear, MaxDepth: 2, NEstimators: 250, Alpha: 0.1, Lambda: 0] -> MAE: 22.89 | ExpVar: 0.1
2020-09-06 20:20:13,021 Results for XGB 8 [Target: reg:linear, MaxDepth: 2, NEstimators: 250, Alpha: 0.1, Lambda: 0.1] -> MAE: 21.91 | ExpVar: 0.19
2020-09-06 20:20:13,071 Results for XGB 9 [Target: reg:linear, MaxDepth: 2, NEstimators: 500, Alpha: 0, Lambda: 0] -> MAE: 23.26 | ExpVar: 0.1
2020-09-06 20:20:13,121 Results for XGB 10 [Target: reg:linear, MaxDepth: 2, NEstimators: 500, Alpha: 0, Lambda: 0.1] -> MAE: 22.32 | ExpVar: 0.17
2020-09-06 20:20:13,211 Results for XGB 11 [Target: reg:linear, MaxDepth: 2, NEstimators: 500, Alpha: 0.1, Lambda: 0] -> MAE: 22.86 | ExpVar: 0.1
2020-09-06 20:20:13,284 Results for XGB 12 [Target: reg:linear, MaxDepth: 2, NEstimators: 500, Alpha: 0.1, Lambda: 0.1] -> MAE: 21.88 | ExpVar: 0.19
2020-09-06 20:20:13,430 Results for XGB 13 [Target: reg:linear, MaxDepth: 2, NEstimators: 1000, Alpha: 0, Lambda: 0] -> MAE: 23.26 | ExpVar: 0.1
2020-09-06 20:20:13,549 Results for XGB 14 [Target: reg:linear, MaxDepth: 2, NEstimators: 1000, Alpha: 0, Lambda: 0.1] -> MAE: 22.32 | ExpVar: 0.17
2020-09-06 20:20:13,644 Results for XGB 15 [Target: reg:linear, MaxDepth: 2, NEstimators: 1000, Alpha: 0.1, Lambda: 0] -> MAE: 22.86 | ExpVar: 0.1
2020-09-06 20:20:13,740 Results for XGB 16 [Target: reg:linear, MaxDepth: 2, NEstimators: 1000, Alpha: 0.1, Lambda: 0.1] -> MAE: 21.88 | ExpVar: 0.19
2020-09-06 20:20:13,758 Results for XGB 17 [Target: reg:linear, MaxDepth: 3, NEstimators: 100, Alpha: 0, Lambda: 0] -> MAE: 32.01 | ExpVar: -0.52
2020-09-06 20:20:13,774 Results for XGB 18 [Target: reg:linear, MaxDepth: 3, NEstimators: 100, Alpha: 0, Lambda: 0.1] -> MAE: 30.44 | ExpVar: -0.38
2020-09-06 20:20:13,791 Results for XGB 19 [Target: reg:linear, MaxDepth: 3, NEstimators: 100, Alpha: 0.1, Lambda: 0] -> MAE: 31.99 | ExpVar: -0.54
2020-09-06 20:20:13,807 Results for XGB 20 [Target: reg:linear, MaxDepth: 3, NEstimators: 100, Alpha: 0.1, Lambda: 0.1] -> MAE: 31.08 | ExpVar: -0.44
2020-09-06 20:20:13,842 Results for XGB 21 [Target: reg:linear, MaxDepth: 3, NEstimators: 250, Alpha: 0, Lambda: 0] -> MAE: 32.02 | ExpVar: -0.52
2020-09-06 20:20:13,884 Results for XGB 22 [Target: reg:linear, MaxDepth: 3, NEstimators: 250, Alpha: 0, Lambda: 0.1] -> MAE: 30.42 | ExpVar: -0.38
2020-09-06 20:20:13,915 Results for XGB 23 [Target: reg:linear, MaxDepth: 3, NEstimators: 250, Alpha: 0.1, Lambda: 0] -> MAE: 32.04 | ExpVar: -0.55
2020-09-06 20:20:13,951 Results for XGB 24 [Target: reg:linear, MaxDepth: 3, NEstimators: 250, Alpha: 0.1, Lambda: 0.1] -> MAE: 31.07 | ExpVar: -0.44
2020-09-06 20:20:14,012 Results for XGB 25 [Target: reg:linear, MaxDepth: 3, NEstimators: 500, Alpha: 0, Lambda: 0] -> MAE: 32.02 | ExpVar: -0.52
2020-09-06 20:20:14,078 Results for XGB 26 [Target: reg:linear, MaxDepth: 3, NEstimators: 500, Alpha: 0, Lambda: 0.1] -> MAE: 30.42 | ExpVar: -0.38
2020-09-06 20:20:14,115 Results for XGB 27 [Target: reg:linear, MaxDepth: 3, NEstimators: 500, Alpha: 0.1, Lambda: 0] -> MAE: 32.04 | ExpVar: -0.55
2020-09-06 20:20:14,155 Results for XGB 28 [Target: reg:linear, MaxDepth: 3, NEstimators: 500, Alpha: 0.1, Lambda: 0.1] -> MAE: 31.07 | ExpVar: -0.44
2020-09-06 20:20:14,217 Results for XGB 29 [Target: reg:linear, MaxDepth: 3, NEstimators: 1000, Alpha: 0, Lambda: 0] -> MAE: 32.02 | ExpVar: -0.52
2020-09-06 20:20:14,272 Results for XGB 30 [Target: reg:linear, MaxDepth: 3, NEstimators: 1000, Alpha: 0, Lambda: 0.1] -> MAE: 30.42 | ExpVar: -0.38
2020-09-06 20:20:14,336 Results for XGB 31 [Target: reg:linear, MaxDepth: 3, NEstimators: 1000, Alpha: 0.1, Lambda: 0] -> MAE: 32.04 | ExpVar: -0.55
2020-09-06 20:20:14,425 Results for XGB 32 [Target: reg:linear, MaxDepth: 3, NEstimators: 1000, Alpha: 0.1, Lambda: 0.1] -> MAE: 31.07 | ExpVar: -0.44
2020-09-06 20:20:14,442 Results for XGB 33 [Target: reg:linear, MaxDepth: 6, NEstimators: 100, Alpha: 0, Lambda: 0] -> MAE: 41.15 | ExpVar: -1.3
2020-09-06 20:20:14,458 Results for XGB 34 [Target: reg:linear, MaxDepth: 6, NEstimators: 100, Alpha: 0, Lambda: 0.1] -> MAE: 34.55 | ExpVar: -0.98
2020-09-06 20:20:14,478 Results for XGB 35 [Target: reg:linear, MaxDepth: 6, NEstimators: 100, Alpha: 0.1, Lambda: 0] -> MAE: 41.43 | ExpVar: -1.35
2020-09-06 20:20:14,499 Results for XGB 36 [Target: reg:linear, MaxDepth: 6, NEstimators: 100, Alpha: 0.1, Lambda: 0.1] -> MAE: 33.98 | ExpVar: -0.86
2020-09-06 20:20:14,524 Results for XGB 37 [Target: reg:linear, MaxDepth: 6, NEstimators: 250, Alpha: 0, Lambda: 0] -> MAE: 41.15 | ExpVar: -1.3
2020-09-06 20:20:14,549 Results for XGB 38 [Target: reg:linear, MaxDepth: 6, NEstimators: 250, Alpha: 0, Lambda: 0.1] -> MAE: 34.55 | ExpVar: -0.98
2020-09-06 20:20:14,574 Results for XGB 39 [Target: reg:linear, MaxDepth: 6, NEstimators: 250, Alpha: 0.1, Lambda: 0] -> MAE: 41.43 | ExpVar: -1.35
2020-09-06 20:20:14,601 Results for XGB 40 [Target: reg:linear, MaxDepth: 6, NEstimators: 250, Alpha: 0.1, Lambda: 0.1] -> MAE: 33.98 | ExpVar: -0.86
2020-09-06 20:20:14,638 Results for XGB 41 [Target: reg:linear, MaxDepth: 6, NEstimators: 500, Alpha: 0, Lambda: 0] -> MAE: 41.15 | ExpVar: -1.3
2020-09-06 20:20:14,678 Results for XGB 42 [Target: reg:linear, MaxDepth: 6, NEstimators: 500, Alpha: 0, Lambda: 0.1] -> MAE: 34.55 | ExpVar: -0.98
2020-09-06 20:20:14,730 Results for XGB 43 [Target: reg:linear, MaxDepth: 6, NEstimators: 500, Alpha: 0.1, Lambda: 0] -> MAE: 41.43 | ExpVar: -1.35
2020-09-06 20:20:14,771 Results for XGB 44 [Target: reg:linear, MaxDepth: 6, NEstimators: 500, Alpha: 0.1, Lambda: 0.1] -> MAE: 33.98 | ExpVar: -0.86
2020-09-06 20:20:14,834 Results for XGB 45 [Target: reg:linear, MaxDepth: 6, NEstimators: 1000, Alpha: 0, Lambda: 0] -> MAE: 41.15 | ExpVar: -1.3
2020-09-06 20:20:14,906 Results for XGB 46 [Target: reg:linear, MaxDepth: 6, NEstimators: 1000, Alpha: 0, Lambda: 0.1] -> MAE: 34.55 | ExpVar: -0.98
2020-09-06 20:20:14,975 Results for XGB 47 [Target: reg:linear, MaxDepth: 6, NEstimators: 1000, Alpha: 0.1, Lambda: 0] -> MAE: 41.43 | ExpVar: -1.35
2020-09-06 20:20:15,045 Results for XGB 48 [Target: reg:linear, MaxDepth: 6, NEstimators: 1000, Alpha: 0.1, Lambda: 0.1] -> MAE: 33.98 | ExpVar: -0.86
2020-09-06 20:20:15,056 Results for XGB 49 [Target: reg:gamma, MaxDepth: 2, NEstimators: 100, Alpha: 0, Lambda: 0] -> MAE: 20.82 | ExpVar: 0.3
2020-09-06 20:20:15,069 Results for XGB 50 [Target: reg:gamma, MaxDepth: 2, NEstimators: 100, Alpha: 0, Lambda: 0.1] -> MAE: 20.33 | ExpVar: 0.33
2020-09-06 20:20:15,080 Results for XGB 51 [Target: reg:gamma, MaxDepth: 2, NEstimators: 100, Alpha: 0.1, Lambda: 0] -> MAE: 20.08 | ExpVar: 0.37
2020-09-06 20:20:15,091 Results for XGB 52 [Target: reg:gamma, MaxDepth: 2, NEstimators: 100, Alpha: 0.1, Lambda: 0.1] -> MAE: 20.24 | ExpVar: 0.39
2020-09-06 20:20:15,112 Results for XGB 53 [Target: reg:gamma, MaxDepth: 2, NEstimators: 250, Alpha: 0, Lambda: 0] -> MAE: 19.05 | ExpVar: 0.44
2020-09-06 20:20:15,131 Results for XGB 54 [Target: reg:gamma, MaxDepth: 2, NEstimators: 250, Alpha: 0, Lambda: 0.1] -> MAE: 19.1 | ExpVar: 0.47
2020-09-06 20:20:15,156 Results for XGB 55 [Target: reg:gamma, MaxDepth: 2, NEstimators: 250, Alpha: 0.1, Lambda: 0] -> MAE: 19.22 | ExpVar: 0.44
2020-09-06 20:20:15,177 Results for XGB 56 [Target: reg:gamma, MaxDepth: 2, NEstimators: 250, Alpha: 0.1, Lambda: 0.1] -> MAE: 19.33 | ExpVar: 0.47
2020-09-06 20:20:15,222 Results for XGB 57 [Target: reg:gamma, MaxDepth: 2, NEstimators: 500, Alpha: 0, Lambda: 0] -> MAE: 18.96 | ExpVar: 0.45
2020-09-06 20:20:15,253 Results for XGB 58 [Target: reg:gamma, MaxDepth: 2, NEstimators: 500, Alpha: 0, Lambda: 0.1] -> MAE: 18.86 | ExpVar: 0.48
2020-09-06 20:20:15,282 Results for XGB 59 [Target: reg:gamma, MaxDepth: 2, NEstimators: 500, Alpha: 0.1, Lambda: 0] -> MAE: 19.22 | ExpVar: 0.44
2020-09-06 20:20:15,313 Results for XGB 60 [Target: reg:gamma, MaxDepth: 2, NEstimators: 500, Alpha: 0.1, Lambda: 0.1] -> MAE: 19.33 | ExpVar: 0.47
2020-09-06 20:20:15,384 Results for XGB 61 [Target: reg:gamma, MaxDepth: 2, NEstimators: 1000, Alpha: 0, Lambda: 0] -> MAE: 18.96 | ExpVar: 0.45
2020-09-06 20:20:15,448 Results for XGB 62 [Target: reg:gamma, MaxDepth: 2, NEstimators: 1000, Alpha: 0, Lambda: 0.1] -> MAE: 18.86 | ExpVar: 0.48
2020-09-06 20:20:15,507 Results for XGB 63 [Target: reg:gamma, MaxDepth: 2, NEstimators: 1000, Alpha: 0.1, Lambda: 0] -> MAE: 19.22 | ExpVar: 0.44
2020-09-06 20:20:15,639 Results for XGB 64 [Target: reg:gamma, MaxDepth: 2, NEstimators: 1000, Alpha: 0.1, Lambda: 0.1] -> MAE: 19.33 | ExpVar: 0.47
2020-09-06 20:20:15,651 Results for XGB 65 [Target: reg:gamma, MaxDepth: 3, NEstimators: 100, Alpha: 0, Lambda: 0] -> MAE: 22.44 | ExpVar: 0.04
2020-09-06 20:20:15,660 Results for XGB 66 [Target: reg:gamma, MaxDepth: 3, NEstimators: 100, Alpha: 0, Lambda: 0.1] -> MAE: 24.8 | ExpVar: -0.08
2020-09-06 20:20:15,669 Results for XGB 67 [Target: reg:gamma, MaxDepth: 3, NEstimators: 100, Alpha: 0.1, Lambda: 0] -> MAE: 22.69 | ExpVar: 0.07
2020-09-06 20:20:15,680 Results for XGB 68 [Target: reg:gamma, MaxDepth: 3, NEstimators: 100, Alpha: 0.1, Lambda: 0.1] -> MAE: 22.88 | ExpVar: 0.1
2020-09-06 20:20:15,703 Results for XGB 69 [Target: reg:gamma, MaxDepth: 3, NEstimators: 250, Alpha: 0, Lambda: 0] -> MAE: 22.34 | ExpVar: 0.08
2020-09-06 20:20:15,734 Results for XGB 70 [Target: reg:gamma, MaxDepth: 3, NEstimators: 250, Alpha: 0, Lambda: 0.1] -> MAE: 24.79 | ExpVar: -0.08
2020-09-06 20:20:15,760 Results for XGB 71 [Target: reg:gamma, MaxDepth: 3, NEstimators: 250, Alpha: 0.1, Lambda: 0] -> MAE: 23.28 | ExpVar: 0.02
2020-09-06 20:20:15,787 Results for XGB 72 [Target: reg:gamma, MaxDepth: 3, NEstimators: 250, Alpha: 0.1, Lambda: 0.1] -> MAE: 23.29 | ExpVar: 0.05
2020-09-06 20:20:15,828 Results for XGB 73 [Target: reg:gamma, MaxDepth: 3, NEstimators: 500, Alpha: 0, Lambda: 0] -> MAE: 22.34 | ExpVar: 0.08
2020-09-06 20:20:15,870 Results for XGB 74 [Target: reg:gamma, MaxDepth: 3, NEstimators: 500, Alpha: 0, Lambda: 0.1] -> MAE: 24.79 | ExpVar: -0.08
2020-09-06 20:20:15,907 Results for XGB 75 [Target: reg:gamma, MaxDepth: 3, NEstimators: 500, Alpha: 0.1, Lambda: 0] -> MAE: 23.28 | ExpVar: 0.02
2020-09-06 20:20:15,943 Results for XGB 76 [Target: reg:gamma, MaxDepth: 3, NEstimators: 500, Alpha: 0.1, Lambda: 0.1] -> MAE: 23.29 | ExpVar: 0.05
2020-09-06 20:20:16,012 Results for XGB 77 [Target: reg:gamma, MaxDepth: 3, NEstimators: 1000, Alpha: 0, Lambda: 0] -> MAE: 22.34 | ExpVar: 0.08
2020-09-06 20:20:16,076 Results for XGB 78 [Target: reg:gamma, MaxDepth: 3, NEstimators: 1000, Alpha: 0, Lambda: 0.1] -> MAE: 24.79 | ExpVar: -0.08
2020-09-06 20:20:16,167 Results for XGB 79 [Target: reg:gamma, MaxDepth: 3, NEstimators: 1000, Alpha: 0.1, Lambda: 0] -> MAE: 23.28 | ExpVar: 0.02
2020-09-06 20:20:16,244 Results for XGB 80 [Target: reg:gamma, MaxDepth: 3, NEstimators: 1000, Alpha: 0.1, Lambda: 0.1] -> MAE: 23.29 | ExpVar: 0.05
2020-09-06 20:20:16,260 Results for XGB 81 [Target: reg:gamma, MaxDepth: 6, NEstimators: 100, Alpha: 0, Lambda: 0] -> MAE: 26.64 | ExpVar: -0.14
2020-09-06 20:20:16,278 Results for XGB 82 [Target: reg:gamma, MaxDepth: 6, NEstimators: 100, Alpha: 0, Lambda: 0.1] -> MAE: 26.84 | ExpVar: -0.18
2020-09-06 20:20:16,296 Results for XGB 83 [Target: reg:gamma, MaxDepth: 6, NEstimators: 100, Alpha: 0.1, Lambda: 0] -> MAE: 24.92 | ExpVar: -0.12
2020-09-06 20:20:16,309 Results for XGB 84 [Target: reg:gamma, MaxDepth: 6, NEstimators: 100, Alpha: 0.1, Lambda: 0.1] -> MAE: 25.43 | ExpVar: -0.16
2020-09-06 20:20:16,329 Results for XGB 85 [Target: reg:gamma, MaxDepth: 6, NEstimators: 250, Alpha: 0, Lambda: 0] -> MAE: 26.77 | ExpVar: -0.15
2020-09-06 20:20:16,355 Results for XGB 86 [Target: reg:gamma, MaxDepth: 6, NEstimators: 250, Alpha: 0, Lambda: 0.1] -> MAE: 27.09 | ExpVar: -0.2
2020-09-06 20:20:16,388 Results for XGB 87 [Target: reg:gamma, MaxDepth: 6, NEstimators: 250, Alpha: 0.1, Lambda: 0] -> MAE: 25.31 | ExpVar: -0.16
2020-09-06 20:20:16,409 Results for XGB 88 [Target: reg:gamma, MaxDepth: 6, NEstimators: 250, Alpha: 0.1, Lambda: 0.1] -> MAE: 25.83 | ExpVar: -0.2
2020-09-06 20:20:16,444 Results for XGB 89 [Target: reg:gamma, MaxDepth: 6, NEstimators: 500, Alpha: 0, Lambda: 0] -> MAE: 26.77 | ExpVar: -0.15
2020-09-06 20:20:16,484 Results for XGB 90 [Target: reg:gamma, MaxDepth: 6, NEstimators: 500, Alpha: 0, Lambda: 0.1] -> MAE: 27.09 | ExpVar: -0.2
2020-09-06 20:20:16,516 Results for XGB 91 [Target: reg:gamma, MaxDepth: 6, NEstimators: 500, Alpha: 0.1, Lambda: 0] -> MAE: 25.31 | ExpVar: -0.16
2020-09-06 20:20:16,557 Results for XGB 92 [Target: reg:gamma, MaxDepth: 6, NEstimators: 500, Alpha: 0.1, Lambda: 0.1] -> MAE: 25.83 | ExpVar: -0.2
2020-09-06 20:20:16,634 Results for XGB 93 [Target: reg:gamma, MaxDepth: 6, NEstimators: 1000, Alpha: 0, Lambda: 0] -> MAE: 26.77 | ExpVar: -0.15
2020-09-06 20:20:16,711 Results for XGB 94 [Target: reg:gamma, MaxDepth: 6, NEstimators: 1000, Alpha: 0, Lambda: 0.1] -> MAE: 27.09 | ExpVar: -0.2
2020-09-06 20:20:16,800 Results for XGB 95 [Target: reg:gamma, MaxDepth: 6, NEstimators: 1000, Alpha: 0.1, Lambda: 0] -> MAE: 25.31 | ExpVar: -0.16
2020-09-06 20:20:16,893 Results for XGB 96 [Target: reg:gamma, MaxDepth: 6, NEstimators: 1000, Alpha: 0.1, Lambda: 0.1] -> MAE: 25.83 | ExpVar: -0.2
2020-09-06 20:20:16,893 Best Model:
2020-09-06 20:20:16,894 Target:reg:gamma
2020-09-06 20:20:16,895 MaxDepth:2
2020-09-06 20:20:16,895 NEstimators:500
2020-09-06 20:20:16,896 Alpha:0
2020-09-06 20:20:16,897 Gamma:0.1
