2020-09-06 20:12:58,370 Results for SVR 1 [Kernel: rbf, Degree: 0, Gamma: auto, Coef: 0, C: 1] -> MAE:0.88 | ExpVar:0.21
2020-09-06 20:12:58,372 Results for SVR 2 [Kernel: rbf, Degree: 0, Gamma: auto, Coef: 5, C: 2] -> MAE:0.91 | ExpVar:0.12
2020-09-06 20:12:58,375 Results for SVR 3 [Kernel: rbf, Degree: 0, Gamma: auto, Coef: 10, C: 3] -> MAE:0.9 | ExpVar:0.1
2020-09-06 20:12:58,377 Results for SVR 4 [Kernel: rbf, Degree: 0, Gamma: auto, Coef: 15, C: 4] -> MAE:0.88 | ExpVar:0.09
2020-09-06 20:12:58,380 Results for SVR 5 [Kernel: rbf, Degree: 0, Gamma: auto, Coef: 20, C: 5] -> MAE:0.88 | ExpVar:0.11
2020-09-06 20:12:58,383 Results for SVR 6 [Kernel: poly, Degree: 1, Gamma: auto, Coef: 0, C: 1] -> MAE:0.76 | ExpVar:0.31
2020-09-06 20:12:58,385 Results for SVR 7 [Kernel: poly, Degree: 2, Gamma: auto, Coef: 5, C: 2] -> MAE:1.01 | ExpVar:-0.56
2020-09-06 20:12:58,389 Results for SVR 8 [Kernel: poly, Degree: 3, Gamma: auto, Coef: 10, C: 3] -> MAE:1.1 | ExpVar:-0.56
2020-09-06 20:12:58,392 Results for SVR 9 [Kernel: poly, Degree: 4, Gamma: auto, Coef: 15, C: 4] -> MAE:1.09 | ExpVar:-0.51
2020-09-06 20:12:58,395 Results for SVR 10 [Kernel: poly, Degree: 5, Gamma: auto, Coef: 20, C: 5] -> MAE:1.08 | ExpVar:-0.48
2020-09-06 20:12:58,399 Results for SVR 11 [Kernel: sigmoid, Degree: 0, Gamma: auto, Coef: 0, C: 1] -> MAE:1.04 | ExpVar:-0.13
2020-09-06 20:12:58,400 Results for SVR 12 [Kernel: sigmoid, Degree: 0, Gamma: auto, Coef: 5, C: 2] -> MAE:1.03 | ExpVar:0.01
2020-09-06 20:12:58,401 Results for SVR 13 [Kernel: sigmoid, Degree: 0, Gamma: auto, Coef: 10, C: 3] -> MAE:1.03 | ExpVar:0.0
2020-09-06 20:12:58,403 Results for SVR 14 [Kernel: sigmoid, Degree: 0, Gamma: auto, Coef: 15, C: 4] -> MAE:1.03 | ExpVar:0.0
2020-09-06 20:12:58,404 Results for SVR 15 [Kernel: sigmoid, Degree: 0, Gamma: auto, Coef: 20, C: 5] -> MAE:1.03 | ExpVar:0.0
2020-09-06 20:12:58,406 Results for SVR 16 [Kernel: poly, Degree: 12, Gamma: auto, Coef: 0, C: 1] -> MAE:1.29 | ExpVar:-0.99
2020-09-06 20:12:58,406 Best Model:
2020-09-06 20:12:58,406 Kernel:poly
2020-09-06 20:12:58,406 Degree:1
2020-09-06 20:12:58,406 Gamma:auto
2020-09-06 20:12:58,407 Coef:0
2020-09-06 20:12:58,407 C:1
