2020-09-06 21:49:48,753 Results for NN 1 [Capas: 2 Neuronas: 64 Funcion: linear Optimizer: nadam, Dropout: 0] -> MAE: 1.01 | ExpVar: -0.05
2020-09-06 21:49:53,235 Results for NN 2 [Capas: 2 Neuronas: 64 Funcion: linear Optimizer: nadam, Dropout: 0.1] -> MAE: 1.03 | ExpVar: -0.12
2020-09-06 21:49:57,675 Results for NN 3 [Capas: 2 Neuronas: 64 Funcion: linear Optimizer: nadam, Dropout: 0.25] -> MAE: 0.84 | ExpVar: 0.0
2020-09-06 21:50:01,698 Results for NN 4 [Capas: 2 Neuronas: 64 Funcion: linear Optimizer: adadelta, Dropout: 0] -> MAE: 0.84 | ExpVar: 0.01
2020-09-06 21:50:05,745 Results for NN 5 [Capas: 2 Neuronas: 64 Funcion: linear Optimizer: adadelta, Dropout: 0.1] -> MAE: 0.84 | ExpVar: 0.01
2020-09-06 21:50:09,769 Results for NN 6 [Capas: 2 Neuronas: 64 Funcion: linear Optimizer: adadelta, Dropout: 0.25] -> MAE: 0.83 | ExpVar: 0.02
2020-09-06 21:50:14,480 Results for NN 7 [Capas: 2 Neuronas: 64 Funcion: relu Optimizer: nadam, Dropout: 0] -> MAE: 0.99 | ExpVar: 0.07
2020-09-06 21:50:20,958 Results for NN 8 [Capas: 2 Neuronas: 64 Funcion: relu Optimizer: nadam, Dropout: 0.1] -> MAE: 0.84 | ExpVar: 0.0
2020-09-06 21:50:25,501 Results for NN 9 [Capas: 2 Neuronas: 64 Funcion: relu Optimizer: nadam, Dropout: 0.25] -> MAE: 0.95 | ExpVar: 0.07
2020-09-06 21:50:29,546 Results for NN 10 [Capas: 2 Neuronas: 64 Funcion: relu Optimizer: adadelta, Dropout: 0] -> MAE: 0.85 | ExpVar: -0.01
2020-09-06 21:50:33,681 Results for NN 11 [Capas: 2 Neuronas: 64 Funcion: relu Optimizer: adadelta, Dropout: 0.1] -> MAE: 0.85 | ExpVar: 0.01
2020-09-06 21:50:37,836 Results for NN 12 [Capas: 2 Neuronas: 64 Funcion: relu Optimizer: adadelta, Dropout: 0.25] -> MAE: 0.84 | ExpVar: -0.0
2020-09-06 21:50:42,456 Results for NN 13 [Capas: 2 Neuronas: 128 Funcion: linear Optimizer: nadam, Dropout: 0] -> MAE: 0.84 | ExpVar: 0.0
2020-09-06 21:50:47,213 Results for NN 14 [Capas: 2 Neuronas: 128 Funcion: linear Optimizer: nadam, Dropout: 0.1] -> MAE: 1.02 | ExpVar: -0.09
2020-09-06 21:50:51,961 Results for NN 15 [Capas: 2 Neuronas: 128 Funcion: linear Optimizer: nadam, Dropout: 0.25] -> MAE: 1.05 | ExpVar: -0.1
2020-09-06 21:50:56,170 Results for NN 16 [Capas: 2 Neuronas: 128 Funcion: linear Optimizer: adadelta, Dropout: 0] -> MAE: 0.86 | ExpVar: -0.03
2020-09-06 21:51:00,508 Results for NN 17 [Capas: 2 Neuronas: 128 Funcion: linear Optimizer: adadelta, Dropout: 0.1] -> MAE: 0.83 | ExpVar: 0.06
2020-09-06 21:51:04,774 Results for NN 18 [Capas: 2 Neuronas: 128 Funcion: linear Optimizer: adadelta, Dropout: 0.25] -> MAE: 0.84 | ExpVar: 0.02
2020-09-06 21:51:09,402 Results for NN 19 [Capas: 2 Neuronas: 128 Funcion: relu Optimizer: nadam, Dropout: 0] -> MAE: 0.84 | ExpVar: 0.0
2020-09-06 21:51:14,237 Results for NN 20 [Capas: 2 Neuronas: 128 Funcion: relu Optimizer: nadam, Dropout: 0.1] -> MAE: 0.84 | ExpVar: 0.0
2020-09-06 21:51:19,244 Results for NN 21 [Capas: 2 Neuronas: 128 Funcion: relu Optimizer: nadam, Dropout: 0.25] -> MAE: 1.02 | ExpVar: 0.06
2020-09-06 21:51:23,422 Results for NN 22 [Capas: 2 Neuronas: 128 Funcion: relu Optimizer: adadelta, Dropout: 0] -> MAE: 0.86 | ExpVar: -0.02
2020-09-06 21:51:27,731 Results for NN 23 [Capas: 2 Neuronas: 128 Funcion: relu Optimizer: adadelta, Dropout: 0.1] -> MAE: 0.84 | ExpVar: 0.0
2020-09-06 21:51:32,005 Results for NN 24 [Capas: 2 Neuronas: 128 Funcion: relu Optimizer: adadelta, Dropout: 0.25] -> MAE: 0.85 | ExpVar: -0.0
2020-09-06 21:51:37,711 Results for NN 25 [Capas: 6 Neuronas: 64 Funcion: linear Optimizer: nadam, Dropout: 0] -> MAE: 0.97 | ExpVar: -0.02
2020-09-06 21:51:43,803 Results for NN 26 [Capas: 6 Neuronas: 64 Funcion: linear Optimizer: nadam, Dropout: 0.1] -> MAE: 0.86 | ExpVar: -0.02
2020-09-06 21:51:49,801 Results for NN 27 [Capas: 6 Neuronas: 64 Funcion: linear Optimizer: nadam, Dropout: 0.25] -> MAE: 0.96 | ExpVar: -0.02
2020-09-06 21:51:54,508 Results for NN 28 [Capas: 6 Neuronas: 64 Funcion: linear Optimizer: adadelta, Dropout: 0] -> MAE: 0.84 | ExpVar: 0.0
2020-09-06 21:51:59,669 Results for NN 29 [Capas: 6 Neuronas: 64 Funcion: linear Optimizer: adadelta, Dropout: 0.1] -> MAE: 0.84 | ExpVar: 0.0
2020-09-06 21:52:04,889 Results for NN 30 [Capas: 6 Neuronas: 64 Funcion: linear Optimizer: adadelta, Dropout: 0.25] -> MAE: 0.84 | ExpVar: 0.0
2020-09-06 21:52:10,549 Results for NN 31 [Capas: 6 Neuronas: 64 Funcion: relu Optimizer: nadam, Dropout: 0] -> MAE: 0.84 | ExpVar: 0.0
2020-09-06 21:52:16,749 Results for NN 32 [Capas: 6 Neuronas: 64 Funcion: relu Optimizer: nadam, Dropout: 0.1] -> MAE: 0.91 | ExpVar: 0.13
2020-09-06 21:52:22,779 Results for NN 33 [Capas: 6 Neuronas: 64 Funcion: relu Optimizer: nadam, Dropout: 0.25] -> MAE: 0.84 | ExpVar: 0.0
2020-09-06 21:52:27,574 Results for NN 34 [Capas: 6 Neuronas: 64 Funcion: relu Optimizer: adadelta, Dropout: 0] -> MAE: 0.84 | ExpVar: 0.0
2020-09-06 21:52:32,782 Results for NN 35 [Capas: 6 Neuronas: 64 Funcion: relu Optimizer: adadelta, Dropout: 0.1] -> MAE: 0.84 | ExpVar: 0.0
2020-09-06 21:52:40,136 Results for NN 36 [Capas: 6 Neuronas: 64 Funcion: relu Optimizer: adadelta, Dropout: 0.25] -> MAE: 0.84 | ExpVar: 0.0
2020-09-06 21:52:46,676 Results for NN 37 [Capas: 6 Neuronas: 128 Funcion: linear Optimizer: nadam, Dropout: 0] -> MAE: 1.0 | ExpVar: -0.04
2020-09-06 21:52:53,761 Results for NN 38 [Capas: 6 Neuronas: 128 Funcion: linear Optimizer: nadam, Dropout: 0.1] -> MAE: 1.02 | ExpVar: -0.02
2020-09-06 21:53:00,883 Results for NN 39 [Capas: 6 Neuronas: 128 Funcion: linear Optimizer: nadam, Dropout: 0.25] -> MAE: 1.03 | ExpVar: -0.07
2020-09-06 21:53:06,326 Results for NN 40 [Capas: 6 Neuronas: 128 Funcion: linear Optimizer: adadelta, Dropout: 0] -> MAE: 0.84 | ExpVar: 0.0
2020-09-06 21:53:12,352 Results for NN 41 [Capas: 6 Neuronas: 128 Funcion: linear Optimizer: adadelta, Dropout: 0.1] -> MAE: 0.84 | ExpVar: 0.01
2020-09-06 21:53:18,228 Results for NN 42 [Capas: 6 Neuronas: 128 Funcion: linear Optimizer: adadelta, Dropout: 0.25] -> MAE: 0.84 | ExpVar: 0.0
2020-09-06 21:53:24,692 Results for NN 43 [Capas: 6 Neuronas: 128 Funcion: relu Optimizer: nadam, Dropout: 0] -> MAE: 0.84 | ExpVar: 0.0
2020-09-06 21:53:31,606 Results for NN 44 [Capas: 6 Neuronas: 128 Funcion: relu Optimizer: nadam, Dropout: 0.1] -> MAE: 0.84 | ExpVar: 0.0
2020-09-06 21:53:38,370 Results for NN 45 [Capas: 6 Neuronas: 128 Funcion: relu Optimizer: nadam, Dropout: 0.25] -> MAE: 1.07 | ExpVar: 0.12
2020-09-06 21:53:43,684 Results for NN 46 [Capas: 6 Neuronas: 128 Funcion: relu Optimizer: adadelta, Dropout: 0] -> MAE: 0.84 | ExpVar: 0.0
2020-09-06 21:53:49,556 Results for NN 47 [Capas: 6 Neuronas: 128 Funcion: relu Optimizer: adadelta, Dropout: 0.1] -> MAE: 0.84 | ExpVar: 0.0
2020-09-06 21:53:55,410 Results for NN 48 [Capas: 6 Neuronas: 128 Funcion: relu Optimizer: adadelta, Dropout: 0.25] -> MAE: 0.84 | ExpVar: 0.0
2020-09-06 21:53:55,411 Best Model:
2020-09-06 21:53:55,412 Layers:2
2020-09-06 21:53:55,412 Neurons per Layer:64
2020-09-06 21:53:55,413 Activation f(x):linear
2020-09-06 21:53:55,413 Optimizer:adadelta
2020-09-06 21:53:55,414 Dropout:0.25
2020-09-06 21:54:02,979 Assets written to: C:\Users\Juani\OneDrive\Juani\Maestria\Tesis Clima\Modelos\G1\Modelo_G1_M01_Y2009-2019\NeuralNetwork\assets
